<?xml version="1.0" encoding="UTF-8"?>
<testsuites name="DetailPop-up-BothSideUrlBasedAndNormal" time="1599.487" tests="1" failures="1" errors="0">
   <testsuite name="DetailPop-up-BothSideUrlBasedAndNormal" tests="1" failures="1" errors="0" time="1599.487" skipped="0" timestamp="2022-02-14 12:28:42" hostname="intersoft-admin - intersoftadmin-desktop" id="Test Suites/DetailPop-up-BothSideUrlBasedAndNormal">
      <properties>
         <property name="deviceName" value=""/>
         <property name="devicePlatform" value=""/>
         <property name="logFolder" value="/home/intersoft-admin/Rattan/Bash/Training/Rattan/Final_testing/New_ActivityOverview/Reports/20220214_115757/DetailPop-up-BothSideUrlBasedAndNormal/20220214_115804"/>
         <property name="logFiles" value="/home/intersoft-admin/Rattan/Bash/Training/Rattan/Final_testing/New_ActivityOverview/Reports/20220214_115757/DetailPop-up-BothSideUrlBasedAndNormal/20220214_115804/execution0.log"/>
         <property name="attachments" value="/home/intersoft-admin/Rattan/Bash/Training/Rattan/Final_testing/New_ActivityOverview/Reports/20220214_115757/DetailPop-up-BothSideUrlBasedAndNormal/20220214_115804/1644821951537.png, /home/intersoft-admin/Rattan/Bash/Training/Rattan/Final_testing/New_ActivityOverview/Reports/20220214_115757/DetailPop-up-BothSideUrlBasedAndNormal/20220214_115804/1644821967093.png, /home/intersoft-admin/Rattan/Bash/Training/Rattan/Final_testing/New_ActivityOverview/Reports/20220214_115757/DetailPop-up-BothSideUrlBasedAndNormal/20220214_115804/1644821977542.png, /home/intersoft-admin/Rattan/Bash/Training/Rattan/Final_testing/New_ActivityOverview/Reports/20220214_115757/DetailPop-up-BothSideUrlBasedAndNormal/20220214_115804/1644822009095.png, /home/intersoft-admin/Rattan/Bash/Training/Rattan/Final_testing/New_ActivityOverview/Reports/20220214_115757/DetailPop-up-BothSideUrlBasedAndNormal/20220214_115804/1644822032487.png, /home/intersoft-admin/Rattan/Bash/Training/Rattan/Final_testing/New_ActivityOverview/Reports/20220214_115757/DetailPop-up-BothSideUrlBasedAndNormal/20220214_115804/1644822032882.png, /home/intersoft-admin/Rattan/Bash/Training/Rattan/Final_testing/New_ActivityOverview/Reports/20220214_115757/DetailPop-up-BothSideUrlBasedAndNormal/20220214_115804/1644822056309.png, /home/intersoft-admin/Rattan/Bash/Training/Rattan/Final_testing/New_ActivityOverview/Reports/20220214_115757/DetailPop-up-BothSideUrlBasedAndNormal/20220214_115804/1644822062737.png, /home/intersoft-admin/Rattan/Bash/Training/Rattan/Final_testing/New_ActivityOverview/Reports/20220214_115757/DetailPop-up-BothSideUrlBasedAndNormal/20220214_115804/1644822069096.png, /home/intersoft-admin/Rattan/Bash/Training/Rattan/Final_testing/New_ActivityOverview/Reports/20220214_115757/DetailPop-up-BothSideUrlBasedAndNormal/20220214_115804/1644822075586.png, /home/intersoft-admin/Rattan/Bash/Training/Rattan/Final_testing/New_ActivityOverview/Reports/20220214_115757/DetailPop-up-BothSideUrlBasedAndNormal/20220214_115804/1644822082021.png, /home/intersoft-admin/Rattan/Bash/Training/Rattan/Final_testing/New_ActivityOverview/Reports/20220214_115757/DetailPop-up-BothSideUrlBasedAndNormal/20220214_115804/1644822122133.png, /home/intersoft-admin/Rattan/Bash/Training/Rattan/Final_testing/New_ActivityOverview/Reports/20220214_115757/DetailPop-up-BothSideUrlBasedAndNormal/20220214_115804/1644822153829.png, /home/intersoft-admin/Rattan/Bash/Training/Rattan/Final_testing/New_ActivityOverview/Reports/20220214_115757/DetailPop-up-BothSideUrlBasedAndNormal/20220214_115804/1644822167113.png, /home/intersoft-admin/Rattan/Bash/Training/Rattan/Final_testing/New_ActivityOverview/Reports/20220214_115757/DetailPop-up-BothSideUrlBasedAndNormal/20220214_115804/1644822177118.png, /home/intersoft-admin/Rattan/Bash/Training/Rattan/Final_testing/New_ActivityOverview/Reports/20220214_115757/DetailPop-up-BothSideUrlBasedAndNormal/20220214_115804/1644822187149.png, /home/intersoft-admin/Rattan/Bash/Training/Rattan/Final_testing/New_ActivityOverview/Reports/20220214_115757/DetailPop-up-BothSideUrlBasedAndNormal/20220214_115804/1644822207461.png, /home/intersoft-admin/Rattan/Bash/Training/Rattan/Final_testing/New_ActivityOverview/Reports/20220214_115757/DetailPop-up-BothSideUrlBasedAndNormal/20220214_115804/1644822214450.png, /home/intersoft-admin/Rattan/Bash/Training/Rattan/Final_testing/New_ActivityOverview/Reports/20220214_115757/DetailPop-up-BothSideUrlBasedAndNormal/20220214_115804/1644822221488.png, /home/intersoft-admin/Rattan/Bash/Training/Rattan/Final_testing/New_ActivityOverview/Reports/20220214_115757/DetailPop-up-BothSideUrlBasedAndNormal/20220214_115804/1644822262217.png, /home/intersoft-admin/Rattan/Bash/Training/Rattan/Final_testing/New_ActivityOverview/Reports/20220214_115757/DetailPop-up-BothSideUrlBasedAndNormal/20220214_115804/1644822333310.png, /home/intersoft-admin/Rattan/Bash/Training/Rattan/Final_testing/New_ActivityOverview/Reports/20220214_115757/DetailPop-up-BothSideUrlBasedAndNormal/20220214_115804/1644822333581.png, /home/intersoft-admin/Rattan/Bash/Training/Rattan/Final_testing/New_ActivityOverview/Reports/20220214_115757/DetailPop-up-BothSideUrlBasedAndNormal/20220214_115804/1644822356947.png, /home/intersoft-admin/Rattan/Bash/Training/Rattan/Final_testing/New_ActivityOverview/Reports/20220214_115757/DetailPop-up-BothSideUrlBasedAndNormal/20220214_115804/1644822429320.png, /home/intersoft-admin/Rattan/Bash/Training/Rattan/Final_testing/New_ActivityOverview/Reports/20220214_115757/DetailPop-up-BothSideUrlBasedAndNormal/20220214_115804/1644822438232.png, /home/intersoft-admin/Rattan/Bash/Training/Rattan/Final_testing/New_ActivityOverview/Reports/20220214_115757/DetailPop-up-BothSideUrlBasedAndNormal/20220214_115804/1644822458492.png, /home/intersoft-admin/Rattan/Bash/Training/Rattan/Final_testing/New_ActivityOverview/Reports/20220214_115757/DetailPop-up-BothSideUrlBasedAndNormal/20220214_115804/1644822465460.png, /home/intersoft-admin/Rattan/Bash/Training/Rattan/Final_testing/New_ActivityOverview/Reports/20220214_115757/DetailPop-up-BothSideUrlBasedAndNormal/20220214_115804/1644822472432.png, /home/intersoft-admin/Rattan/Bash/Training/Rattan/Final_testing/New_ActivityOverview/Reports/20220214_115757/DetailPop-up-BothSideUrlBasedAndNormal/20220214_115804/1644822513025.png, /home/intersoft-admin/Rattan/Bash/Training/Rattan/Final_testing/New_ActivityOverview/Reports/20220214_115757/DetailPop-up-BothSideUrlBasedAndNormal/20220214_115804/1644822584094.png, /home/intersoft-admin/Rattan/Bash/Training/Rattan/Final_testing/New_ActivityOverview/Reports/20220214_115757/DetailPop-up-BothSideUrlBasedAndNormal/20220214_115804/1644822584360.png, /home/intersoft-admin/Rattan/Bash/Training/Rattan/Final_testing/New_ActivityOverview/Reports/20220214_115757/DetailPop-up-BothSideUrlBasedAndNormal/20220214_115804/1644822607720.png, /home/intersoft-admin/Rattan/Bash/Training/Rattan/Final_testing/New_ActivityOverview/Reports/20220214_115757/DetailPop-up-BothSideUrlBasedAndNormal/20220214_115804/1644822614103.png, /home/intersoft-admin/Rattan/Bash/Training/Rattan/Final_testing/New_ActivityOverview/Reports/20220214_115757/DetailPop-up-BothSideUrlBasedAndNormal/20220214_115804/1644822620421.png, /home/intersoft-admin/Rattan/Bash/Training/Rattan/Final_testing/New_ActivityOverview/Reports/20220214_115757/DetailPop-up-BothSideUrlBasedAndNormal/20220214_115804/1644822626781.png, /home/intersoft-admin/Rattan/Bash/Training/Rattan/Final_testing/New_ActivityOverview/Reports/20220214_115757/DetailPop-up-BothSideUrlBasedAndNormal/20220214_115804/1644822633174.png, /home/intersoft-admin/Rattan/Bash/Training/Rattan/Final_testing/New_ActivityOverview/Reports/20220214_115757/DetailPop-up-BothSideUrlBasedAndNormal/20220214_115804/1644822672954.png, /home/intersoft-admin/Rattan/Bash/Training/Rattan/Final_testing/New_ActivityOverview/Reports/20220214_115757/DetailPop-up-BothSideUrlBasedAndNormal/20220214_115804/1644822704390.png, /home/intersoft-admin/Rattan/Bash/Training/Rattan/Final_testing/New_ActivityOverview/Reports/20220214_115757/DetailPop-up-BothSideUrlBasedAndNormal/20220214_115804/1644822717671.png, /home/intersoft-admin/Rattan/Bash/Training/Rattan/Final_testing/New_ActivityOverview/Reports/20220214_115757/DetailPop-up-BothSideUrlBasedAndNormal/20220214_115804/1644822727752.png, /home/intersoft-admin/Rattan/Bash/Training/Rattan/Final_testing/New_ActivityOverview/Reports/20220214_115757/DetailPop-up-BothSideUrlBasedAndNormal/20220214_115804/1644822737727.png, /home/intersoft-admin/Rattan/Bash/Training/Rattan/Final_testing/New_ActivityOverview/Reports/20220214_115757/DetailPop-up-BothSideUrlBasedAndNormal/20220214_115804/1644822757831.png, /home/intersoft-admin/Rattan/Bash/Training/Rattan/Final_testing/New_ActivityOverview/Reports/20220214_115757/DetailPop-up-BothSideUrlBasedAndNormal/20220214_115804/1644822764787.png, /home/intersoft-admin/Rattan/Bash/Training/Rattan/Final_testing/New_ActivityOverview/Reports/20220214_115757/DetailPop-up-BothSideUrlBasedAndNormal/20220214_115804/1644822771757.png, /home/intersoft-admin/Rattan/Bash/Training/Rattan/Final_testing/New_ActivityOverview/Reports/20220214_115757/DetailPop-up-BothSideUrlBasedAndNormal/20220214_115804/1644822812400.png, /home/intersoft-admin/Rattan/Bash/Training/Rattan/Final_testing/New_ActivityOverview/Reports/20220214_115757/DetailPop-up-BothSideUrlBasedAndNormal/20220214_115804/1644822883490.png, /home/intersoft-admin/Rattan/Bash/Training/Rattan/Final_testing/New_ActivityOverview/Reports/20220214_115757/DetailPop-up-BothSideUrlBasedAndNormal/20220214_115804/1644822883756.png, /home/intersoft-admin/Rattan/Bash/Training/Rattan/Final_testing/New_ActivityOverview/Reports/20220214_115757/DetailPop-up-BothSideUrlBasedAndNormal/20220214_115804/1644822907124.png, /home/intersoft-admin/Rattan/Bash/Training/Rattan/Final_testing/New_ActivityOverview/Reports/20220214_115757/DetailPop-up-BothSideUrlBasedAndNormal/20220214_115804/1644822913478.png, /home/intersoft-admin/Rattan/Bash/Training/Rattan/Final_testing/New_ActivityOverview/Reports/20220214_115757/DetailPop-up-BothSideUrlBasedAndNormal/20220214_115804/1644822919811.png, /home/intersoft-admin/Rattan/Bash/Training/Rattan/Final_testing/New_ActivityOverview/Reports/20220214_115757/DetailPop-up-BothSideUrlBasedAndNormal/20220214_115804/1644822926245.png, /home/intersoft-admin/Rattan/Bash/Training/Rattan/Final_testing/New_ActivityOverview/Reports/20220214_115757/DetailPop-up-BothSideUrlBasedAndNormal/20220214_115804/1644822932609.png, /home/intersoft-admin/Rattan/Bash/Training/Rattan/Final_testing/New_ActivityOverview/Reports/20220214_115757/DetailPop-up-BothSideUrlBasedAndNormal/20220214_115804/1644822972365.png, /home/intersoft-admin/Rattan/Bash/Training/Rattan/Final_testing/New_ActivityOverview/Reports/20220214_115757/DetailPop-up-BothSideUrlBasedAndNormal/20220214_115804/1644823003777.png, /home/intersoft-admin/Rattan/Bash/Training/Rattan/Final_testing/New_ActivityOverview/Reports/20220214_115757/DetailPop-up-BothSideUrlBasedAndNormal/20220214_115804/1644823017046.png, /home/intersoft-admin/Rattan/Bash/Training/Rattan/Final_testing/New_ActivityOverview/Reports/20220214_115757/DetailPop-up-BothSideUrlBasedAndNormal/20220214_115804/1644823026949.png, /home/intersoft-admin/Rattan/Bash/Training/Rattan/Final_testing/New_ActivityOverview/Reports/20220214_115757/DetailPop-up-BothSideUrlBasedAndNormal/20220214_115804/1644823036964.png, /home/intersoft-admin/Rattan/Bash/Training/Rattan/Final_testing/New_ActivityOverview/Reports/20220214_115757/DetailPop-up-BothSideUrlBasedAndNormal/20220214_115804/1644823057131.png, /home/intersoft-admin/Rattan/Bash/Training/Rattan/Final_testing/New_ActivityOverview/Reports/20220214_115757/DetailPop-up-BothSideUrlBasedAndNormal/20220214_115804/1644823064116.png, /home/intersoft-admin/Rattan/Bash/Training/Rattan/Final_testing/New_ActivityOverview/Reports/20220214_115757/DetailPop-up-BothSideUrlBasedAndNormal/20220214_115804/1644823071121.png, /home/intersoft-admin/Rattan/Bash/Training/Rattan/Final_testing/New_ActivityOverview/Reports/20220214_115757/DetailPop-up-BothSideUrlBasedAndNormal/20220214_115804/1644823111806.png, /home/intersoft-admin/Rattan/Bash/Training/Rattan/Final_testing/New_ActivityOverview/Reports/20220214_115757/DetailPop-up-BothSideUrlBasedAndNormal/20220214_115804/1644823182912.png, /home/intersoft-admin/Rattan/Bash/Training/Rattan/Final_testing/New_ActivityOverview/Reports/20220214_115757/DetailPop-up-BothSideUrlBasedAndNormal/20220214_115804/1644823183207.png, /home/intersoft-admin/Rattan/Bash/Training/Rattan/Final_testing/New_ActivityOverview/Reports/20220214_115757/DetailPop-up-BothSideUrlBasedAndNormal/20220214_115804/1644823206545.png, /home/intersoft-admin/Rattan/Bash/Training/Rattan/Final_testing/New_ActivityOverview/Reports/20220214_115757/DetailPop-up-BothSideUrlBasedAndNormal/20220214_115804/1644823212925.png, /home/intersoft-admin/Rattan/Bash/Training/Rattan/Final_testing/New_ActivityOverview/Reports/20220214_115757/DetailPop-up-BothSideUrlBasedAndNormal/20220214_115804/1644823219235.png, /home/intersoft-admin/Rattan/Bash/Training/Rattan/Final_testing/New_ActivityOverview/Reports/20220214_115757/DetailPop-up-BothSideUrlBasedAndNormal/20220214_115804/1644823225634.png, /home/intersoft-admin/Rattan/Bash/Training/Rattan/Final_testing/New_ActivityOverview/Reports/20220214_115757/DetailPop-up-BothSideUrlBasedAndNormal/20220214_115804/1644823232022.png, /home/intersoft-admin/Rattan/Bash/Training/Rattan/Final_testing/New_ActivityOverview/Reports/20220214_115757/DetailPop-up-BothSideUrlBasedAndNormal/20220214_115804/1644823271812.png, /home/intersoft-admin/Rattan/Bash/Training/Rattan/Final_testing/New_ActivityOverview/Reports/20220214_115757/DetailPop-up-BothSideUrlBasedAndNormal/20220214_115804/1644823303233.png, /home/intersoft-admin/Rattan/Bash/Training/Rattan/Final_testing/New_ActivityOverview/Reports/20220214_115757/DetailPop-up-BothSideUrlBasedAndNormal/20220214_115804/1644823316511.png, /home/intersoft-admin/Rattan/Bash/Training/Rattan/Final_testing/New_ActivityOverview/Reports/20220214_115757/DetailPop-up-BothSideUrlBasedAndNormal/20220214_115804/1644823326839.png, /home/intersoft-admin/Rattan/Bash/Training/Rattan/Final_testing/New_ActivityOverview/Reports/20220214_115757/DetailPop-up-BothSideUrlBasedAndNormal/20220214_115804/1644823337131.png, /home/intersoft-admin/Rattan/Bash/Training/Rattan/Final_testing/New_ActivityOverview/Reports/20220214_115757/DetailPop-up-BothSideUrlBasedAndNormal/20220214_115804/1644823357418.png, /home/intersoft-admin/Rattan/Bash/Training/Rattan/Final_testing/New_ActivityOverview/Reports/20220214_115757/DetailPop-up-BothSideUrlBasedAndNormal/20220214_115804/1644823364370.png, /home/intersoft-admin/Rattan/Bash/Training/Rattan/Final_testing/New_ActivityOverview/Reports/20220214_115757/DetailPop-up-BothSideUrlBasedAndNormal/20220214_115804/1644823371345.png, /home/intersoft-admin/Rattan/Bash/Training/Rattan/Final_testing/New_ActivityOverview/Reports/20220214_115757/DetailPop-up-BothSideUrlBasedAndNormal/20220214_115804/1644823412251.png, /home/intersoft-admin/Rattan/Bash/Training/Rattan/Final_testing/New_ActivityOverview/Reports/20220214_115757/DetailPop-up-BothSideUrlBasedAndNormal/20220214_115804/1644823418982.png, /home/intersoft-admin/Rattan/Bash/Training/Rattan/Final_testing/New_ActivityOverview/Reports/20220214_115757/DetailPop-up-BothSideUrlBasedAndNormal/20220214_115804/1644823426022.png, /home/intersoft-admin/Rattan/Bash/Training/Rattan/Final_testing/New_ActivityOverview/Reports/20220214_115757/DetailPop-up-BothSideUrlBasedAndNormal/20220214_115804/1644823433032.png, /home/intersoft-admin/Rattan/Bash/Training/Rattan/Final_testing/New_ActivityOverview/Reports/20220214_115757/DetailPop-up-BothSideUrlBasedAndNormal/20220214_115804/1644823473724.png"/>
         <property name="hostName" value="intersoft-admin - intersoftadmin-desktop"/>
         <property name="os" value="Linux 64bit"/>
         <property name="katalonVersion" value="8.2.5.208"/>
         <property name="browser" value="Chrome 97.0.4692.99"/>
         <property name="hostAddress" value="127.0.1.1"/>
         <property name="sessionId" value="00ca7c06d79f9d86ba03c3784cf759d6"/>
         <property name="seleniumVersion" value="3.141.59"/>
         <property name="proxyInformation" value="ProxyInformation { proxyOption=NO_PROXY, proxyServerType=HTTP, username=, password=********, proxyServerAddress=, proxyServerPort=0, executionList=&quot;&quot;, isApplyToDesiredCapabilities=true }"/>
         <property name="platform" value="Linux"/>
      </properties>
      <testcase name="Test Cases/NewActivityOverview-LeftNavigation/ActivityOverview-OpenDetailPop-up" time="1599.24" classname="Test Cases/NewActivityOverview-LeftNavigation/ActivityOverview-OpenDetailPop-up" status="FAILED">
         <failure type="FAILED" message="Test Cases/NewActivityOverview-LeftNavigation/ActivityOverview-OpenDetailPop-up FAILED.
Reason:
com.kms.katalon.core.exception.StepFailedException: Unable to call Test Case 'Test Cases/StepToReUse/StepTOCopyURLAndAddAnotherTab' (Root cause: com.kms.katalon.core.exception.StepFailedException: Call Test Case 'Test Cases/StepToReUse/StepTOCopyURLAndAddAnotherTab' failed
	at com.kms.katalon.core.keyword.builtin.CallTestCaseKeyword$_callTestCase_closure1.doCall(CallTestCaseKeyword.groovy:63)
	at com.kms.katalon.core.keyword.builtin.CallTestCaseKeyword$_callTestCase_closure1.call(CallTestCaseKeyword.groovy)
	at com.kms.katalon.core.keyword.internal.KeywordMain.runKeyword(KeywordMain.groovy:74)
	at com.kms.katalon.core.keyword.builtin.CallTestCaseKeyword.callTestCase(CallTestCaseKeyword.groovy:81)
	at com.kms.katalon.core.keyword.builtin.CallTestCaseKeyword.execute(CallTestCaseKeyword.groovy:44)
	at com.kms.katalon.core.keyword.internal.KeywordExecutor.executeKeywordForPlatform(KeywordExecutor.groovy:74)
	at com.kms.katalon.core.keyword.BuiltinKeywords.callTestCase(BuiltinKeywords.groovy:334)
	at ActivityOverview-OpenDetailPop-up.run(ActivityOverview-OpenDetailPop-up:226)
	at com.kms.katalon.core.main.ScriptEngine.run(ScriptEngine.java:194)
	at com.kms.katalon.core.main.ScriptEngine.runScriptAsRawText(ScriptEngine.java:119)
	at com.kms.katalon.core.main.TestCaseExecutor.runScript(TestCaseExecutor.java:442)
	at com.kms.katalon.core.main.TestCaseExecutor.doExecute(TestCaseExecutor.java:433)
	at com.kms.katalon.core.main.TestCaseExecutor.processExecutionPhase(TestCaseExecutor.java:412)
	at com.kms.katalon.core.main.TestCaseExecutor.accessMainPhase(TestCaseExecutor.java:404)
	at com.kms.katalon.core.main.TestCaseExecutor.execute(TestCaseExecutor.java:281)
	at com.kms.katalon.core.main.TestSuiteExecutor.accessTestCaseMainPhase(TestSuiteExecutor.java:202)
	at com.kms.katalon.core.main.TestSuiteExecutor.accessTestSuiteMainPhase(TestSuiteExecutor.java:164)
	at com.kms.katalon.core.main.TestSuiteExecutor.execute(TestSuiteExecutor.java:105)
	at com.kms.katalon.core.main.TestCaseMain.startTestSuite(TestCaseMain.java:185)
	at com.kms.katalon.core.main.TestCaseMain$startTestSuite$0.call(Unknown Source)
	at TempTestSuite1644820084493.run(TempTestSuite1644820084493.groovy:36)
Caused by: com.kms.katalon.core.exception.StepFailedException: Unable to click on object 'Object Repository/Header/Preview/ClickOnPreviewIcon'
	at com.kms.katalon.core.webui.keyword.internal.WebUIKeywordMain.stepFailed(WebUIKeywordMain.groovy:64)
	at com.kms.katalon.core.webui.keyword.internal.WebUIKeywordMain.runKeyword(WebUIKeywordMain.groovy:26)
	at com.kms.katalon.core.webui.keyword.builtin.ClickKeyword.click(ClickKeyword.groovy:74)
	at com.kms.katalon.core.webui.keyword.builtin.ClickKeyword.execute(ClickKeyword.groovy:40)
	at com.kms.katalon.core.keyword.internal.KeywordExecutor.executeKeywordForPlatform(KeywordExecutor.groovy:74)
	at com.kms.katalon.core.webui.keyword.WebUiBuiltInKeywords.click(WebUiBuiltInKeywords.groovy:620)
	at com.kms.katalon.core.webui.keyword.WebUiBuiltInKeywords$click$2.call(Unknown Source)
	at StepTOCopyURLAndAddAnotherTab.run(StepTOCopyURLAndAddAnotherTab:29)
	at com.kms.katalon.core.main.ScriptEngine.run(ScriptEngine.java:194)
	at com.kms.katalon.core.main.ScriptEngine.runScriptAsRawText(ScriptEngine.java:119)
	at com.kms.katalon.core.main.TestCaseExecutor.runScript(TestCaseExecutor.java:442)
	at com.kms.katalon.core.main.TestCaseExecutor.doExecute(TestCaseExecutor.java:433)
	at com.kms.katalon.core.main.TestCaseExecutor.processExecutionPhase(TestCaseExecutor.java:412)
	at com.kms.katalon.core.main.TestCaseExecutor.accessMainPhase(TestCaseExecutor.java:404)
	at com.kms.katalon.core.main.TestCaseExecutor.execute(TestCaseExecutor.java:281)
	at com.kms.katalon.core.main.TestCaseMain.runTestCase(TestCaseMain.java:142)
	at com.kms.katalon.core.keyword.builtin.CallTestCaseKeyword$_callTestCase_closure1.doCall(CallTestCaseKeyword.groovy:59)
	... 20 more
Caused by: com.kms.katalon.core.webui.exception.WebElementNotFoundException: Web element with id: 'Object Repository/Header/Preview/ClickOnPreviewIcon' located by '//span[contains(text(),'Preview')]//parent::a' not found
	at com.kms.katalon.core.webui.common.WebUiCommonHelper.findWebElement(WebUiCommonHelper.java:1370)
	at com.kms.katalon.core.webui.keyword.internal.WebUIAbstractKeyword.findWebElement(WebUIAbstractKeyword.groovy:27)
	at com.kms.katalon.core.webui.keyword.builtin.ClickKeyword$_click_closure1.doCall(ClickKeyword.groovy:65)
	at com.kms.katalon.core.webui.keyword.builtin.ClickKeyword$_click_closure1.call(ClickKeyword.groovy)
	at com.kms.katalon.core.webui.keyword.internal.WebUIKeywordMain.runKeyword(WebUIKeywordMain.groovy:20)
	... 35 more
)
	at com.kms.katalon.core.keyword.internal.KeywordMain.stepFailed(KeywordMain.groovy:39)
	at com.kms.katalon.core.keyword.internal.KeywordMain.stepFailed(KeywordMain.groovy)
	at com.kms.katalon.core.keyword.internal.KeywordMain.runKeyword(KeywordMain.groovy:76)
	at com.kms.katalon.core.keyword.builtin.CallTestCaseKeyword.callTestCase(CallTestCaseKeyword.groovy:81)
	at com.kms.katalon.core.keyword.builtin.CallTestCaseKeyword.execute(CallTestCaseKeyword.groovy:44)
	at com.kms.katalon.core.keyword.internal.KeywordExecutor.executeKeywordForPlatform(KeywordExecutor.groovy:74)
	at com.kms.katalon.core.keyword.BuiltinKeywords.callTestCase(BuiltinKeywords.groovy:334)
	at ActivityOverview-OpenDetailPop-up.run(ActivityOverview-OpenDetailPop-up:226)
	at com.kms.katalon.core.main.ScriptEngine.run(ScriptEngine.java:194)
	at com.kms.katalon.core.main.ScriptEngine.runScriptAsRawText(ScriptEngine.java:119)
	at com.kms.katalon.core.main.TestCaseExecutor.runScript(TestCaseExecutor.java:442)
	at com.kms.katalon.core.main.TestCaseExecutor.doExecute(TestCaseExecutor.java:433)
	at com.kms.katalon.core.main.TestCaseExecutor.processExecutionPhase(TestCaseExecutor.java:412)
	at com.kms.katalon.core.main.TestCaseExecutor.accessMainPhase(TestCaseExecutor.java:404)
	at com.kms.katalon.core.main.TestCaseExecutor.execute(TestCaseExecutor.java:281)
	at com.kms.katalon.core.main.TestSuiteExecutor.accessTestCaseMainPhase(TestSuiteExecutor.java:202)
	at com.kms.katalon.core.main.TestSuiteExecutor.accessTestSuiteMainPhase(TestSuiteExecutor.java:164)
	at com.kms.katalon.core.main.TestSuiteExecutor.execute(TestSuiteExecutor.java:105)
	at com.kms.katalon.core.main.TestCaseMain.startTestSuite(TestCaseMain.java:185)
	at com.kms.katalon.core.main.TestCaseMain$startTestSuite$0.call(Unknown Source)
	at TempTestSuite1644820084493.run(TempTestSuite1644820084493.groovy:36)
Caused by: com.kms.katalon.core.exception.StepFailedException: Call Test Case 'Test Cases/StepToReUse/StepTOCopyURLAndAddAnotherTab' failed
	at com.kms.katalon.core.keyword.builtin.CallTestCaseKeyword$_callTestCase_closure1.doCall(CallTestCaseKeyword.groovy:63)
	at com.kms.katalon.core.keyword.builtin.CallTestCaseKeyword$_callTestCase_closure1.call(CallTestCaseKeyword.groovy)
	at com.kms.katalon.core.keyword.internal.KeywordMain.runKeyword(KeywordMain.groovy:74)
	... 18 more
Caused by: com.kms.katalon.core.exception.StepFailedException: Unable to click on object 'Object Repository/Header/Preview/ClickOnPreviewIcon'
	at com.kms.katalon.core.webui.keyword.internal.WebUIKeywordMain.stepFailed(WebUIKeywordMain.groovy:64)
	at com.kms.katalon.core.webui.keyword.internal.WebUIKeywordMain.runKeyword(WebUIKeywordMain.groovy:26)
	at com.kms.katalon.core.webui.keyword.builtin.ClickKeyword.click(ClickKeyword.groovy:74)
	at com.kms.katalon.core.webui.keyword.builtin.ClickKeyword.execute(ClickKeyword.groovy:40)
	at com.kms.katalon.core.keyword.internal.KeywordExecutor.executeKeywordForPlatform(KeywordExecutor.groovy:74)
	at com.kms.katalon.core.webui.keyword.WebUiBuiltInKeywords.click(WebUiBuiltInKeywords.groovy:620)
	at com.kms.katalon.core.webui.keyword.WebUiBuiltInKeywords$click$2.call(Unknown Source)
	at StepTOCopyURLAndAddAnotherTab.run(StepTOCopyURLAndAddAnotherTab:29)
	at com.kms.katalon.core.main.ScriptEngine.run(ScriptEngine.java:194)
	at com.kms.katalon.core.main.ScriptEngine.runScriptAsRawText(ScriptEngine.java:119)
	at com.kms.katalon.core.main.TestCaseExecutor.runScript(TestCaseExecutor.java:442)
	at com.kms.katalon.core.main.TestCaseExecutor.doExecute(TestCaseExecutor.java:433)
	at com.kms.katalon.core.main.TestCaseExecutor.processExecutionPhase(TestCaseExecutor.java:412)
	at com.kms.katalon.core.main.TestCaseExecutor.accessMainPhase(TestCaseExecutor.java:404)
	at com.kms.katalon.core.main.TestCaseExecutor.execute(TestCaseExecutor.java:281)
	at com.kms.katalon.core.main.TestCaseMain.runTestCase(TestCaseMain.java:142)
	at com.kms.katalon.core.keyword.builtin.CallTestCaseKeyword$_callTestCase_closure1.doCall(CallTestCaseKeyword.groovy:59)
	... 20 more
Caused by: com.kms.katalon.core.webui.exception.WebElementNotFoundException: Web element with id: 'Object Repository/Header/Preview/ClickOnPreviewIcon' located by '//span[contains(text(),'Preview')]//parent::a' not found
	at com.kms.katalon.core.webui.common.WebUiCommonHelper.findWebElement(WebUiCommonHelper.java:1370)
	at com.kms.katalon.core.webui.keyword.internal.WebUIAbstractKeyword.findWebElement(WebUIAbstractKeyword.groovy:27)
	at com.kms.katalon.core.webui.keyword.builtin.ClickKeyword$_click_closure1.doCall(ClickKeyword.groovy:65)
	at com.kms.katalon.core.webui.keyword.builtin.ClickKeyword$_click_closure1.call(ClickKeyword.groovy)
	at com.kms.katalon.core.webui.keyword.internal.WebUIKeywordMain.runKeyword(WebUIKeywordMain.groovy:20)
	... 35 more
"/>
         <system-out><![CDATA[2022-02-14 12:28:42 - [TEST_CASE][FAILED] - Test Cases/NewActivityOverview-LeftNavigation/ActivityOverview-OpenDetailPop-up: Test Cases/NewActivityOverview-LeftNavigation/ActivityOverview-OpenDetailPop-up FAILED.
Reason:
com.kms.katalon.core.exception.StepFailedException: Unable to call Test Case 'Test Cases/StepToReUse/StepTOCopyURLAndAddAnotherTab' (Root cause: com.kms.katalon.core.exception.StepFailedException: Call Test Case 'Test Cases/StepToReUse/StepTOCopyURLAndAddAnotherTab' failed
	at com.kms.katalon.core.keyword.builtin.CallTestCaseKeyword$_callTestCase_closure1.doCall(CallTestCaseKeyword.groovy:63)
	at com.kms.katalon.core.keyword.builtin.CallTestCaseKeyword$_callTestCase_closure1.call(CallTestCaseKeyword.groovy)
	at com.kms.katalon.core.keyword.internal.KeywordMain.runKeyword(KeywordMain.groovy:74)
	at com.kms.katalon.core.keyword.builtin.CallTestCaseKeyword.callTestCase(CallTestCaseKeyword.groovy:81)
	at com.kms.katalon.core.keyword.builtin.CallTestCaseKeyword.execute(CallTestCaseKeyword.groovy:44)
	at com.kms.katalon.core.keyword.internal.KeywordExecutor.executeKeywordForPlatform(KeywordExecutor.groovy:74)
	at com.kms.katalon.core.keyword.BuiltinKeywords.callTestCase(BuiltinKeywords.groovy:334)
	at ActivityOverview-OpenDetailPop-up.run(ActivityOverview-OpenDetailPop-up:226)
	at com.kms.katalon.core.main.ScriptEngine.run(ScriptEngine.java:194)
	at com.kms.katalon.core.main.ScriptEngine.runScriptAsRawText(ScriptEngine.java:119)
	at com.kms.katalon.core.main.TestCaseExecutor.runScript(TestCaseExecutor.java:442)
	at com.kms.katalon.core.main.TestCaseExecutor.doExecute(TestCaseExecutor.java:433)
	at com.kms.katalon.core.main.TestCaseExecutor.processExecutionPhase(TestCaseExecutor.java:412)
	at com.kms.katalon.core.main.TestCaseExecutor.accessMainPhase(TestCaseExecutor.java:404)
	at com.kms.katalon.core.main.TestCaseExecutor.execute(TestCaseExecutor.java:281)
	at com.kms.katalon.core.main.TestSuiteExecutor.accessTestCaseMainPhase(TestSuiteExecutor.java:202)
	at com.kms.katalon.core.main.TestSuiteExecutor.accessTestSuiteMainPhase(TestSuiteExecutor.java:164)
	at com.kms.katalon.core.main.TestSuiteExecutor.execute(TestSuiteExecutor.java:105)
	at com.kms.katalon.core.main.TestCaseMain.startTestSuite(TestCaseMain.java:185)
	at com.kms.katalon.core.main.TestCaseMain$startTestSuite$0.call(Unknown Source)
	at TempTestSuite1644820084493.run(TempTestSuite1644820084493.groovy:36)
Caused by: com.kms.katalon.core.exception.StepFailedException: Unable to click on object 'Object Repository/Header/Preview/ClickOnPreviewIcon'
	at com.kms.katalon.core.webui.keyword.internal.WebUIKeywordMain.stepFailed(WebUIKeywordMain.groovy:64)
	at com.kms.katalon.core.webui.keyword.internal.WebUIKeywordMain.runKeyword(WebUIKeywordMain.groovy:26)
	at com.kms.katalon.core.webui.keyword.builtin.ClickKeyword.click(ClickKeyword.groovy:74)
	at com.kms.katalon.core.webui.keyword.builtin.ClickKeyword.execute(ClickKeyword.groovy:40)
	at com.kms.katalon.core.keyword.internal.KeywordExecutor.executeKeywordForPlatform(KeywordExecutor.groovy:74)
	at com.kms.katalon.core.webui.keyword.WebUiBuiltInKeywords.click(WebUiBuiltInKeywords.groovy:620)
	at com.kms.katalon.core.webui.keyword.WebUiBuiltInKeywords$click$2.call(Unknown Source)
	at StepTOCopyURLAndAddAnotherTab.run(StepTOCopyURLAndAddAnotherTab:29)
	at com.kms.katalon.core.main.ScriptEngine.run(ScriptEngine.java:194)
	at com.kms.katalon.core.main.ScriptEngine.runScriptAsRawText(ScriptEngine.java:119)
	at com.kms.katalon.core.main.TestCaseExecutor.runScript(TestCaseExecutor.java:442)
	at com.kms.katalon.core.main.TestCaseExecutor.doExecute(TestCaseExecutor.java:433)
	at com.kms.katalon.core.main.TestCaseExecutor.processExecutionPhase(TestCaseExecutor.java:412)
	at com.kms.katalon.core.main.TestCaseExecutor.accessMainPhase(TestCaseExecutor.java:404)
	at com.kms.katalon.core.main.TestCaseExecutor.execute(TestCaseExecutor.java:281)
	at com.kms.katalon.core.main.TestCaseMain.runTestCase(TestCaseMain.java:142)
	at com.kms.katalon.core.keyword.builtin.CallTestCaseKeyword$_callTestCase_closure1.doCall(CallTestCaseKeyword.groovy:59)
	... 20 more
Caused by: com.kms.katalon.core.webui.exception.WebElementNotFoundException: Web element with id: 'Object Repository/Header/Preview/ClickOnPreviewIcon' located by '//span[contains(text(),'Preview')]//parent::a' not found
	at com.kms.katalon.core.webui.common.WebUiCommonHelper.findWebElement(WebUiCommonHelper.java:1370)
	at com.kms.katalon.core.webui.keyword.internal.WebUIAbstractKeyword.findWebElement(WebUIAbstractKeyword.groovy:27)
	at com.kms.katalon.core.webui.keyword.builtin.ClickKeyword$_click_closure1.doCall(ClickKeyword.groovy:65)
	at com.kms.katalon.core.webui.keyword.builtin.ClickKeyword$_click_closure1.call(ClickKeyword.groovy)
	at com.kms.katalon.core.webui.keyword.internal.WebUIKeywordMain.runKeyword(WebUIKeywordMain.groovy:20)
	... 35 more
)
	at com.kms.katalon.core.keyword.internal.KeywordMain.stepFailed(KeywordMain.groovy:39)
	at com.kms.katalon.core.keyword.internal.KeywordMain.stepFailed(KeywordMain.groovy)
	at com.kms.katalon.core.keyword.internal.KeywordMain.runKeyword(KeywordMain.groovy:76)
	at com.kms.katalon.core.keyword.builtin.CallTestCaseKeyword.callTestCase(CallTestCaseKeyword.groovy:81)
	at com.kms.katalon.core.keyword.builtin.CallTestCaseKeyword.execute(CallTestCaseKeyword.groovy:44)
	at com.kms.katalon.core.keyword.internal.KeywordExecutor.executeKeywordForPlatform(KeywordExecutor.groovy:74)
	at com.kms.katalon.core.keyword.BuiltinKeywords.callTestCase(BuiltinKeywords.groovy:334)
	at ActivityOverview-OpenDetailPop-up.run(ActivityOverview-OpenDetailPop-up:226)
	at com.kms.katalon.core.main.ScriptEngine.run(ScriptEngine.java:194)
	at com.kms.katalon.core.main.ScriptEngine.runScriptAsRawText(ScriptEngine.java:119)
	at com.kms.katalon.core.main.TestCaseExecutor.runScript(TestCaseExecutor.java:442)
	at com.kms.katalon.core.main.TestCaseExecutor.doExecute(TestCaseExecutor.java:433)
	at com.kms.katalon.core.main.TestCaseExecutor.processExecutionPhase(TestCaseExecutor.java:412)
	at com.kms.katalon.core.main.TestCaseExecutor.accessMainPhase(TestCaseExecutor.java:404)
	at com.kms.katalon.core.main.TestCaseExecutor.execute(TestCaseExecutor.java:281)
	at com.kms.katalon.core.main.TestSuiteExecutor.accessTestCaseMainPhase(TestSuiteExecutor.java:202)
	at com.kms.katalon.core.main.TestSuiteExecutor.accessTestSuiteMainPhase(TestSuiteExecutor.java:164)
	at com.kms.katalon.core.main.TestSuiteExecutor.execute(TestSuiteExecutor.java:105)
	at com.kms.katalon.core.main.TestCaseMain.startTestSuite(TestCaseMain.java:185)
	at com.kms.katalon.core.main.TestCaseMain$startTestSuite$0.call(Unknown Source)
	at TempTestSuite1644820084493.run(TempTestSuite1644820084493.groovy:36)
Caused by: com.kms.katalon.core.exception.StepFailedException: Call Test Case 'Test Cases/StepToReUse/StepTOCopyURLAndAddAnotherTab' failed
	at com.kms.katalon.core.keyword.builtin.CallTestCaseKeyword$_callTestCase_closure1.doCall(CallTestCaseKeyword.groovy:63)
	at com.kms.katalon.core.keyword.builtin.CallTestCaseKeyword$_callTestCase_closure1.call(CallTestCaseKeyword.groovy)
	at com.kms.katalon.core.keyword.internal.KeywordMain.runKeyword(KeywordMain.groovy:74)
	... 18 more
Caused by: com.kms.katalon.core.exception.StepFailedException: Unable to click on object 'Object Repository/Header/Preview/ClickOnPreviewIcon'
	at com.kms.katalon.core.webui.keyword.internal.WebUIKeywordMain.stepFailed(WebUIKeywordMain.groovy:64)
	at com.kms.katalon.core.webui.keyword.internal.WebUIKeywordMain.runKeyword(WebUIKeywordMain.groovy:26)
	at com.kms.katalon.core.webui.keyword.builtin.ClickKeyword.click(ClickKeyword.groovy:74)
	at com.kms.katalon.core.webui.keyword.builtin.ClickKeyword.execute(ClickKeyword.groovy:40)
	at com.kms.katalon.core.keyword.internal.KeywordExecutor.executeKeywordForPlatform(KeywordExecutor.groovy:74)
	at com.kms.katalon.core.webui.keyword.WebUiBuiltInKeywords.click(WebUiBuiltInKeywords.groovy:620)
	at com.kms.katalon.core.webui.keyword.WebUiBuiltInKeywords$click$2.call(Unknown Source)
	at StepTOCopyURLAndAddAnotherTab.run(StepTOCopyURLAndAddAnotherTab:29)
	at com.kms.katalon.core.main.ScriptEngine.run(ScriptEngine.java:194)
	at com.kms.katalon.core.main.ScriptEngine.runScriptAsRawText(ScriptEngine.java:119)
	at com.kms.katalon.core.main.TestCaseExecutor.runScript(TestCaseExecutor.java:442)
	at com.kms.katalon.core.main.TestCaseExecutor.doExecute(TestCaseExecutor.java:433)
	at com.kms.katalon.core.main.TestCaseExecutor.processExecutionPhase(TestCaseExecutor.java:412)
	at com.kms.katalon.core.main.TestCaseExecutor.accessMainPhase(TestCaseExecutor.java:404)
	at com.kms.katalon.core.main.TestCaseExecutor.execute(TestCaseExecutor.java:281)
	at com.kms.katalon.core.main.TestCaseMain.runTestCase(TestCaseMain.java:142)
	at com.kms.katalon.core.keyword.builtin.CallTestCaseKeyword$_callTestCase_closure1.doCall(CallTestCaseKeyword.groovy:59)
	... 20 more
Caused by: com.kms.katalon.core.webui.exception.WebElementNotFoundException: Web element with id: 'Object Repository/Header/Preview/ClickOnPreviewIcon' located by '//span[contains(text(),'Preview')]//parent::a' not found
	at com.kms.katalon.core.webui.common.WebUiCommonHelper.findWebElement(WebUiCommonHelper.java:1370)
	at com.kms.katalon.core.webui.keyword.internal.WebUIAbstractKeyword.findWebElement(WebUIAbstractKeyword.groovy:27)
	at com.kms.katalon.core.webui.keyword.builtin.ClickKeyword$_click_closure1.doCall(ClickKeyword.groovy:65)
	at com.kms.katalon.core.webui.keyword.builtin.ClickKeyword$_click_closure1.call(ClickKeyword.groovy)
	at com.kms.katalon.core.webui.keyword.internal.WebUIKeywordMain.runKeyword(WebUIKeywordMain.groovy:20)
	... 35 more


2022-02-14 12:28:43 - [TEST_STEP][PASSED] - callTestCase(findTestCase("LoginWithSuperAdmin/SuperAdmin-Login"), [:], STOP_ON_FAILURE): Call Test Case 'Test Cases/LoginWithSuperAdmin/SuperAdmin-Login' successfully

2022-02-14 12:28:43 - [TEST_CASE][PASSED] - Test Cases/LoginWithSuperAdmin/SuperAdmin-Login: Test Cases/LoginWithSuperAdmin/SuperAdmin-Login

2022-02-14 12:28:43 - [TEST_STEP][PASSED] - openBrowser(""): Browser is opened with url: ''

2022-02-14 12:28:43 - [MESSAGE][INFO] - Starting 'Chrome' driver

2022-02-14 12:28:43 - [MESSAGE][INFO] - Action delay is set to 3,000 milliseconds

2022-02-14 12:28:44 - [MESSAGE][PASSED] - Browser is opened with url: ''

2022-02-14 12:28:44 - [TEST_STEP][PASSED] - setViewPortSize(1920, 1080): Viewport is set to new size with width = 1920 and height = 1080

2022-02-14 12:28:44 - [MESSAGE][PASSED] - Viewport is set to new size with width = 1920 and height = 1080

2022-02-14 12:28:44 - [TEST_STEP][PASSED] - navigateToUrl(URL): Navigate to 'https://marketplacev1.test-prio.com' successfully

2022-02-14 12:28:51 - [MESSAGE][PASSED] - Navigate to 'https://marketplacev1.test-prio.com' successfully

2022-02-14 12:28:51 - [TEST_STEP][PASSED] - delay(3): Delayed 3 second(s)

2022-02-14 12:28:54 - [MESSAGE][PASSED] - Delayed 3 second(s)

2022-02-14 12:28:54 - [TEST_STEP][PASSED] - click(findTestObject("SuperAdmin/Login/input_Email_contact_email")): Object: 'Object Repository/SuperAdmin/Login/input_Email_contact_email' is clicked on

2022-02-14 12:28:58 - [MESSAGE][PASSED] - Object: 'Object Repository/SuperAdmin/Login/input_Email_contact_email' is clicked on

2022-02-14 12:28:58 - [TEST_STEP][PASSED] - setText(findTestObject("SuperAdmin/Login/input_Email_contact_email"), uname): Text 'superadmin@tippoint.com' is set on object 'Object Repository/SuperAdmin/Login/input_Email_contact_email'

2022-02-14 12:29:04 - [MESSAGE][PASSED] - Text 'superadmin@tippoint.com' is set on object 'Object Repository/SuperAdmin/Login/input_Email_contact_email'

2022-02-14 12:29:04 - [TEST_STEP][PASSED] - setEncryptedText(findTestObject("SuperAdmin/Login/input_Password_password"), Password): Text ****** has been set on object 'Object Repository/SuperAdmin/Login/input_Password_password'

2022-02-14 12:29:11 - [MESSAGE][PASSED] - Text ****** has been set on object 'Object Repository/SuperAdmin/Login/input_Password_password'

2022-02-14 12:29:11 - [TEST_STEP][PASSED] - takeScreenshot(): Taking screenshot successfully

2022-02-14 12:29:11 - [MESSAGE][PASSED] - Taking screenshot successfully
[[ATTACHMENT|/home/intersoft-admin/Rattan/Bash/Training/Rattan/Final_testing/New_ActivityOverview/Reports/20220214_115757/DetailPop-up-BothSideUrlBasedAndNormal/20220214_115804/1644821951537.png]]

2022-02-14 12:29:11 - [TEST_STEP][PASSED] - newpackage.clickUsingJS.clickUsingJS(findTestObject("SuperAdmin/Login/button_Sign in"), 5): newpackage.clickUsingJS.clickUsingJS is PASSED

2022-02-14 12:29:12 - [MESSAGE][PASSED] - newpackage.clickUsingJS.clickUsingJS is PASSED

2022-02-14 12:29:12 - [MESSAGE][PASSED] - Call Test Case 'Test Cases/LoginWithSuperAdmin/SuperAdmin-Login' successfully

2022-02-14 12:29:12 - [TEST_STEP][PASSED] - switchToDefaultContent(): null

2022-02-14 12:29:12 - [TEST_STEP][PASSED] - click(findTestObject("SuperAdminLeftNavigation/NewActivityOverview-LeftNavigation")): Object: 'Object Repository/SuperAdminLeftNavigation/NewActivityOverview-LeftNavigation' is clicked on

2022-02-14 12:29:26 - [MESSAGE][PASSED] - Object: 'Object Repository/SuperAdminLeftNavigation/NewActivityOverview-LeftNavigation' is clicked on

2022-02-14 12:29:26 - [TEST_STEP][PASSED] - takeScreenshot(): Taking screenshot successfully

2022-02-14 12:29:27 - [MESSAGE][PASSED] - Taking screenshot successfully
[[ATTACHMENT|/home/intersoft-admin/Rattan/Bash/Training/Rattan/Final_testing/New_ActivityOverview/Reports/20220214_115757/DetailPop-up-BothSideUrlBasedAndNormal/20220214_115804/1644821967093.png]]

2022-02-14 12:29:27 - [TEST_STEP][PASSED] - switchToFrame(findTestObject("Object Repository/Iframe/NewActivityOverviewIframe"), 5): null

2022-02-14 12:29:27 - [TEST_STEP][PASSED] - delay(10): Delayed 10 second(s)

2022-02-14 12:29:37 - [MESSAGE][PASSED] - Delayed 10 second(s)

2022-02-14 12:29:37 - [TEST_STEP][PASSED] - takeScreenshot(): Taking screenshot successfully

2022-02-14 12:29:37 - [MESSAGE][PASSED] - Taking screenshot successfully
[[ATTACHMENT|/home/intersoft-admin/Rattan/Bash/Training/Rattan/Final_testing/New_ActivityOverview/Reports/20220214_115757/DetailPop-up-BothSideUrlBasedAndNormal/20220214_115804/1644821977542.png]]

2022-02-14 12:29:37 - [TEST_STEP][PASSED] - sizeoflisting = findWebElements(findTestObject("ListingArea/ListingContainsData"), 5).size(): null

2022-02-14 12:29:37 - [TEST_STEP][PASSED] - println(sizeoflisting): null

2022-02-14 12:29:37 - [TEST_STEP][PASSED] - logInfo(Size of Order Listing: $sizeoflisting): Size of Order Listing: 11

2022-02-14 12:29:37 - [MESSAGE][INFO] - Size of Order Listing: 11

2022-02-14 12:29:37 - [TEST_STEP][FAILED] - if (sizeoflisting > 2): null

2022-02-14 12:29:37 - [TEST_STEP][PASSED] - logInfo("Orders Exist in Listing"): Orders Exist in Listing

2022-02-14 12:29:37 - [MESSAGE][INFO] - Orders Exist in Listing

2022-02-14 12:29:37 - [TEST_STEP][PASSED] - click(findTestObject("Object Repository/OrderPerPage/OrderPerPage_select")): Object: 'Object Repository/OrderPerPage/OrderPerPage_select' is clicked on

2022-02-14 12:29:40 - [MESSAGE][PASSED] - Object: 'Object Repository/OrderPerPage/OrderPerPage_select' is clicked on

2022-02-14 12:29:40 - [TEST_STEP][PASSED] - delay(5): Delayed 5 second(s)

2022-02-14 12:29:45 - [MESSAGE][PASSED] - Delayed 5 second(s)

2022-02-14 12:29:45 - [TEST_STEP][PASSED] - click(findTestObject("Object Repository/OrderPerPage/OrderPerPage-SelectOption")): Object: 'Object Repository/OrderPerPage/OrderPerPage-SelectOption' is clicked on

2022-02-14 12:29:49 - [MESSAGE][PASSED] - Object: 'Object Repository/OrderPerPage/OrderPerPage-SelectOption' is clicked on

2022-02-14 12:29:49 - [TEST_STEP][PASSED] - delay(20): Delayed 20 second(s)

2022-02-14 12:30:09 - [MESSAGE][PASSED] - Delayed 20 second(s)

2022-02-14 12:30:09 - [TEST_STEP][PASSED] - takeScreenshot(): Taking screenshot successfully

2022-02-14 12:30:09 - [MESSAGE][PASSED] - Taking screenshot successfully
[[ATTACHMENT|/home/intersoft-admin/Rattan/Bash/Training/Rattan/Final_testing/New_ActivityOverview/Reports/20220214_115757/DetailPop-up-BothSideUrlBasedAndNormal/20220214_115804/1644822009095.png]]

2022-02-14 12:30:09 - [TEST_STEP][PASSED] - SizeofPagination = getText(findTestObject("Object Repository/PaginationCOunt/PaginationCount")): Text of object 'Object Repository/PaginationCOunt/PaginationCount' is: '100'

2022-02-14 12:30:09 - [MESSAGE][PASSED] - Text of object 'Object Repository/PaginationCOunt/PaginationCount' is: '100'

2022-02-14 12:30:09 - [TEST_STEP][PASSED] - println(SizeofPagination): null

2022-02-14 12:30:09 - [TEST_STEP][PASSED] - paginationmaxcount = Integer.parseInt(SizeofPagination): null

2022-02-14 12:30:09 - [TEST_STEP][PASSED] - paginationmaxcount = pagination: null

2022-02-14 12:30:09 - [TEST_STEP][PASSED] - logInfo(Size of Pagination: $paginationmaxcount): Size of Pagination: 5

2022-02-14 12:30:09 - [MESSAGE][INFO] - Size of Pagination: 5

2022-02-14 12:30:09 - [TEST_STEP][PASSED] - totalrecords = 0: null

2022-02-14 12:30:09 - [TEST_STEP][FAILED] - for ([l = 1, l <= paginationmaxcount, (l++)]): null

2022-02-14 12:30:09 - [TEST_STEP][PASSED] - if (l <= 5): null

2022-02-14 12:30:09 - [TEST_STEP][PASSED] - paginationvalue = l: null

2022-02-14 12:30:09 - [TEST_STEP][PASSED] - if (l > 5): null

2022-02-14 12:30:09 - [TEST_STEP][PASSED] - logInfo(Size of Pagination: $paginationvalue): Size of Pagination: 1

2022-02-14 12:30:09 - [MESSAGE][INFO] - Size of Pagination: 1

2022-02-14 12:30:09 - [TEST_STEP][PASSED] - click(findTestObject("Object Repository/PaginationCOunt/ClickOnPagination", ["pagination":paginationvalue])): Object: 'Object Repository/PaginationCOunt/ClickOnPagination' is clicked on

2022-02-14 12:30:12 - [MESSAGE][PASSED] - Object: 'Object Repository/PaginationCOunt/ClickOnPagination' is clicked on

2022-02-14 12:30:12 - [TEST_STEP][PASSED] - delay(20): Delayed 20 second(s)

2022-02-14 12:30:32 - [MESSAGE][PASSED] - Delayed 20 second(s)

2022-02-14 12:30:32 - [TEST_STEP][PASSED] - takeScreenshot(): Taking screenshot successfully

2022-02-14 12:30:32 - [MESSAGE][PASSED] - Taking screenshot successfully
[[ATTACHMENT|/home/intersoft-admin/Rattan/Bash/Training/Rattan/Final_testing/New_ActivityOverview/Reports/20220214_115757/DetailPop-up-BothSideUrlBasedAndNormal/20220214_115804/1644822032487.png]]

2022-02-14 12:30:32 - [TEST_STEP][PASSED] - RecordsinListing = findWebElements(findTestObject("Object Repository/ListingArea/RecordsInListing"), 5).size(): null

2022-02-14 12:30:32 - [TEST_STEP][PASSED] - logInfo(Size of Active Bookings: $RecordsinListing): Size of Active Bookings: 100

2022-02-14 12:30:32 - [MESSAGE][INFO] - Size of Active Bookings: 100

2022-02-14 12:30:32 - [TEST_STEP][PASSED] - for ([refund = 1, refund < RecordsinListing, (refund++)]): Delayed 13 second(s)

2022-02-14 12:30:32 - [TEST_STEP][PASSED] - if (refund == 1): null

2022-02-14 12:30:32 - [TEST_STEP][PASSED] - refund = RecordsinListing: null

2022-02-14 12:30:32 - [TEST_STEP][PASSED] - refundvalue = refund: null

2022-02-14 12:30:32 - [TEST_STEP][PASSED] - logInfo(Size of refund booking: $refund): Size of refund booking: 100

2022-02-14 12:30:32 - [MESSAGE][INFO] - Size of refund booking: 100

2022-02-14 12:30:32 - [TEST_STEP][PASSED] - scrollToElement(findTestObject("Object Repository/ListingArea/ClickondetailPOp-up", ["position":refund]), 15): Scroll to object 'Object Repository/ListingArea/ClickondetailPOp-up' successfully

2022-02-14 12:30:32 - [MESSAGE][PASSED] - Scroll to object 'Object Repository/ListingArea/ClickondetailPOp-up' successfully

2022-02-14 12:30:32 - [TEST_STEP][PASSED] - takeScreenshot(): Taking screenshot successfully

2022-02-14 12:30:33 - [MESSAGE][PASSED] - Taking screenshot successfully
[[ATTACHMENT|/home/intersoft-admin/Rattan/Bash/Training/Rattan/Final_testing/New_ActivityOverview/Reports/20220214_115757/DetailPop-up-BothSideUrlBasedAndNormal/20220214_115804/1644822032882.png]]

2022-02-14 12:30:33 - [TEST_STEP][PASSED] - orderId = findWebElement(findTestObject("Object Repository/GetOrderID/GetOrderID", ["position":refund])).getAttribute("data-order_id"): null

2022-02-14 12:30:33 - [TEST_STEP][PASSED] - orderId = orderId: null

2022-02-14 12:30:33 - [TEST_STEP][PASSED] - logInfo(Order ID: $orderId): Order ID: 164464181177280

2022-02-14 12:30:33 - [MESSAGE][INFO] - Order ID: 164464181177280

2022-02-14 12:30:33 - [TEST_STEP][PASSED] - click(findTestObject("Object Repository/GetOrderID/GetOrderID", ["position":refund])): Object: 'Object Repository/GetOrderID/GetOrderID' is clicked on

2022-02-14 12:30:36 - [MESSAGE][PASSED] - Object: 'Object Repository/GetOrderID/GetOrderID' is clicked on

2022-02-14 12:30:36 - [TEST_STEP][PASSED] - delay(20): Delayed 20 second(s)

2022-02-14 12:30:56 - [MESSAGE][PASSED] - Delayed 20 second(s)

2022-02-14 12:30:56 - [TEST_STEP][PASSED] - takeScreenshot(): Taking screenshot successfully

2022-02-14 12:30:56 - [MESSAGE][PASSED] - Taking screenshot successfully
[[ATTACHMENT|/home/intersoft-admin/Rattan/Bash/Training/Rattan/Final_testing/New_ActivityOverview/Reports/20220214_115757/DetailPop-up-BothSideUrlBasedAndNormal/20220214_115804/1644822056309.png]]

2022-02-14 12:30:56 - [TEST_STEP][PASSED] - if (waitForElementPresent(findTestObject("Object Repository/DetailPop-up/ExpanSection/ProductInformationExpandedSection-Exist"), 10)): null

2022-02-14 12:30:56 - [MESSAGE][PASSED] - Object 'Object Repository/DetailPop-up/ExpanSection/ProductInformationExpandedSection-Exist' is present

2022-02-14 12:30:56 - [TEST_STEP][PASSED] - logInfo("Product Expanded Section Exist"): Product Expanded Section Exist

2022-02-14 12:30:56 - [MESSAGE][INFO] - Product Expanded Section Exist

2022-02-14 12:30:56 - [TEST_STEP][PASSED] - click(findTestObject("DetailPop-up/ExpanSection/ProductInformationExpandedSection -Exist- ClickOnExpandedView")): Object: 'Object Repository/DetailPop-up/ExpanSection/ProductInformationExpandedSection -Exist- ClickOnExpandedView' is clicked on

2022-02-14 12:30:59 - [MESSAGE][PASSED] - Object: 'Object Repository/DetailPop-up/ExpanSection/ProductInformationExpandedSection -Exist- ClickOnExpandedView' is clicked on

2022-02-14 12:30:59 - [TEST_STEP][PASSED] - delay(3): Delayed 3 second(s)

2022-02-14 12:31:02 - [MESSAGE][PASSED] - Delayed 3 second(s)

2022-02-14 12:31:02 - [TEST_STEP][PASSED] - takeScreenshot(): Taking screenshot successfully

2022-02-14 12:31:02 - [MESSAGE][PASSED] - Taking screenshot successfully
[[ATTACHMENT|/home/intersoft-admin/Rattan/Bash/Training/Rattan/Final_testing/New_ActivityOverview/Reports/20220214_115757/DetailPop-up-BothSideUrlBasedAndNormal/20220214_115804/1644822062737.png]]

2022-02-14 12:31:02 - [TEST_STEP][PASSED] - bookingsize = findWebElements(findTestObject("Object Repository/DetailPop-up/ExpanSection/ProductSectionLength"), 5).size(): null

2022-02-14 12:31:02 - [TEST_STEP][PASSED] - logInfo(Size of Bookings on Product detail Pop-up: $bookingsize): Size of Bookings on Product detail Pop-up: 1

2022-02-14 12:31:02 - [MESSAGE][INFO] - Size of Bookings on Product detail Pop-up: 1

2022-02-14 12:31:02 - [TEST_STEP][PASSED] - for ([looping = 1, looping <= bookingsize, (looping++)]): null

2022-02-14 12:31:02 - [TEST_STEP][PASSED] - click(findTestObject("Object Repository/DetailPop-up/ExpanSection/ExpandProductSection", ["position":looping])): Object: 'Object Repository/DetailPop-up/ExpanSection/ExpandProductSection' is clicked on

2022-02-14 12:31:06 - [MESSAGE][PASSED] - Object: 'Object Repository/DetailPop-up/ExpanSection/ExpandProductSection' is clicked on

2022-02-14 12:31:06 - [TEST_STEP][PASSED] - delay(3): Delayed 3 second(s)

2022-02-14 12:31:09 - [MESSAGE][PASSED] - Delayed 3 second(s)

2022-02-14 12:31:09 - [TEST_STEP][PASSED] - takeScreenshot(): Taking screenshot successfully

2022-02-14 12:31:09 - [MESSAGE][PASSED] - Taking screenshot successfully
[[ATTACHMENT|/home/intersoft-admin/Rattan/Bash/Training/Rattan/Final_testing/New_ActivityOverview/Reports/20220214_115757/DetailPop-up-BothSideUrlBasedAndNormal/20220214_115804/1644822069096.png]]

2022-02-14 12:31:09 - [TEST_STEP][PASSED] - if (waitForElementVisible(findTestObject("Object Repository/DetailPop-up/InformationSection/Details", ["position":"1", "position2":"1"]), 15) == true): null

2022-02-14 12:31:09 - [MESSAGE][PASSED] - Object 'Object Repository/DetailPop-up/InformationSection/Details' is visible

2022-02-14 12:31:09 - [TEST_STEP][PASSED] - click(findTestObject("Object Repository/DetailPop-up/InformationSection/Details", ["position":"1", "position2":"1"])): Object: 'Object Repository/DetailPop-up/InformationSection/Details' is clicked on

2022-02-14 12:31:12 - [MESSAGE][PASSED] - Object: 'Object Repository/DetailPop-up/InformationSection/Details' is clicked on

2022-02-14 12:31:12 - [TEST_STEP][PASSED] - delay(3): Delayed 3 second(s)

2022-02-14 12:31:15 - [MESSAGE][PASSED] - Delayed 3 second(s)

2022-02-14 12:31:15 - [TEST_STEP][PASSED] - takeScreenshot(): Taking screenshot successfully

2022-02-14 12:31:15 - [MESSAGE][PASSED] - Taking screenshot successfully
[[ATTACHMENT|/home/intersoft-admin/Rattan/Bash/Training/Rattan/Final_testing/New_ActivityOverview/Reports/20220214_115757/DetailPop-up-BothSideUrlBasedAndNormal/20220214_115804/1644822075586.png]]

2022-02-14 12:31:15 - [TEST_STEP][PASSED] - if (waitForElementVisible(findTestObject("Object Repository/DetailPop-up/InformationSection/Details", ["position":"1", "position2":"2"]), 15) == true): null

2022-02-14 12:31:15 - [MESSAGE][PASSED] - Object 'Object Repository/DetailPop-up/InformationSection/Details' is visible

2022-02-14 12:31:15 - [TEST_STEP][PASSED] - click(findTestObject("Object Repository/DetailPop-up/InformationSection/Details", ["position":"1", "position2":"2"])): Object: 'Object Repository/DetailPop-up/InformationSection/Details' is clicked on

2022-02-14 12:31:19 - [MESSAGE][PASSED] - Object: 'Object Repository/DetailPop-up/InformationSection/Details' is clicked on

2022-02-14 12:31:19 - [TEST_STEP][PASSED] - delay(3): Delayed 3 second(s)

2022-02-14 12:31:22 - [MESSAGE][PASSED] - Delayed 3 second(s)

2022-02-14 12:31:22 - [TEST_STEP][PASSED] - takeScreenshot(): Taking screenshot successfully

2022-02-14 12:31:22 - [MESSAGE][PASSED] - Taking screenshot successfully
[[ATTACHMENT|/home/intersoft-admin/Rattan/Bash/Training/Rattan/Final_testing/New_ActivityOverview/Reports/20220214_115757/DetailPop-up-BothSideUrlBasedAndNormal/20220214_115804/1644822082021.png]]

2022-02-14 12:31:22 - [TEST_STEP][PASSED] - if (waitForElementVisible(findTestObject("Object Repository/DetailPop-up/InformationSection/Details", ["position":"1", "position2":"3"]), 15) == true): Object 'Object Repository/DetailPop-up/InformationSection/Details' is not visible after 15 second(s)

2022-02-14 12:31:37 - [MESSAGE][WARNING] - Object 'Object Repository/DetailPop-up/InformationSection/Details' is not visible after 15 second(s)

2022-02-14 12:31:37 - [TEST_STEP][PASSED] - if (waitForElementVisible(findTestObject("Object Repository/DetailPop-up/InformationSection/Details", ["position":"1", "position2":"5"]), 15) == true): Web element with id: 'Object Repository/DetailPop-up/InformationSection/Details' located by '(//div[@class='order-detail-left']//li[@class='order-list confirm hash-link-parent active'])[1]//ul[@class='tabs custom-tabs']//li[5]//a' not found

2022-02-14 12:31:53 - [MESSAGE][INFO] - Unable to find the element located by 'By.xpath: (//div[@class='order-detail-left']//li[@class='order-list confirm hash-link-parent active'])[1]//ul[@class='tabs custom-tabs']//li[5]//a'. Please recheck the objects properties to make sure the desired element is located. 

2022-02-14 12:31:53 - [MESSAGE][WARNING] - [SELF-HEALING] Failed to find element with id 'Object Repository/DetailPop-up/InformationSection/Details'. Try using Self-healing.

2022-02-14 12:31:54 - [MESSAGE][INFO] - [SELF-HEALING] No working XPath is found.

2022-02-14 12:31:55 - [MESSAGE][INFO] - Unable to find the element located by 'By.xpath: '. Please recheck the objects properties to make sure the desired element is located. 

2022-02-14 12:31:55 - [MESSAGE][WARNING] - [SELF-HEALING] Cannot find elements when the selector is null

2022-02-14 12:31:55 - [MESSAGE][WARNING] - Web element with id: 'Object Repository/DetailPop-up/InformationSection/Details' located by '(//div[@class='order-detail-left']//li[@class='order-list confirm hash-link-parent active'])[1]//ul[@class='tabs custom-tabs']//li[5]//a' not found

2022-02-14 12:31:55 - [TEST_STEP][PASSED] - if (waitForElementVisible(findTestObject("Object Repository/DetailPop-up/InformationSection/Details", ["position":"1", "position2":"4"]), 15) == true): null

2022-02-14 12:31:55 - [MESSAGE][PASSED] - Object 'Object Repository/DetailPop-up/InformationSection/Details' is visible

2022-02-14 12:31:55 - [TEST_STEP][PASSED] - click(findTestObject("Object Repository/DetailPop-up/InformationSection/Details", ["position":"1", "position2":"4"])): Object: 'Object Repository/DetailPop-up/InformationSection/Details' is clicked on

2022-02-14 12:31:59 - [MESSAGE][PASSED] - Object: 'Object Repository/DetailPop-up/InformationSection/Details' is clicked on

2022-02-14 12:31:59 - [TEST_STEP][PASSED] - delay(3): Delayed 3 second(s)

2022-02-14 12:32:02 - [MESSAGE][PASSED] - Delayed 3 second(s)

2022-02-14 12:32:02 - [TEST_STEP][PASSED] - takeScreenshot(): Taking screenshot successfully

2022-02-14 12:32:02 - [MESSAGE][PASSED] - Taking screenshot successfully
[[ATTACHMENT|/home/intersoft-admin/Rattan/Bash/Training/Rattan/Final_testing/New_ActivityOverview/Reports/20220214_115757/DetailPop-up-BothSideUrlBasedAndNormal/20220214_115804/1644822122133.png]]

2022-02-14 12:32:02 - [TEST_STEP][PASSED] - if (waitForElementClickable(findTestObject("Object Repository/DetailPop-up/ExpanSection/SubProductList-ClickOnExpandView", ["position":"1"]), 15)): Web element with id: 'Object Repository/DetailPop-up/ExpanSection/SubProductList-ClickOnExpandView' located by '(//div[@class='order-detail-left']//li[@class='order-list order-sub-list confirm hash-link-parent']//i[contains(text(),'expand_more')])[1]' not found

2022-02-14 12:32:18 - [MESSAGE][INFO] - Unable to find the element located by 'By.xpath: (//div[@class='order-detail-left']//li[@class='order-list order-sub-list confirm hash-link-parent']//i[contains(text(),'expand_more')])[1]'. Please recheck the objects properties to make sure the desired element is located. 

2022-02-14 12:32:18 - [MESSAGE][WARNING] - [SELF-HEALING] Failed to find element with id 'Object Repository/DetailPop-up/ExpanSection/SubProductList-ClickOnExpandView'. Try using Self-healing.

2022-02-14 12:32:19 - [MESSAGE][INFO] - [SELF-HEALING] No working XPath is found.

2022-02-14 12:32:20 - [MESSAGE][INFO] - Unable to find the element located by 'By.xpath: '. Please recheck the objects properties to make sure the desired element is located. 

2022-02-14 12:32:20 - [MESSAGE][WARNING] - [SELF-HEALING] Cannot find elements when the selector is null

2022-02-14 12:32:20 - [MESSAGE][WARNING] - Web element with id: 'Object Repository/DetailPop-up/ExpanSection/SubProductList-ClickOnExpandView' located by '(//div[@class='order-detail-left']//li[@class='order-list order-sub-list confirm hash-link-parent']//i[contains(text(),'expand_more')])[1]' not found

2022-02-14 12:32:20 - [TEST_STEP][PASSED] - callTestCase(findTestCase("Test Cases/StepToReUse/StepTOCopyURLAndAddAnotherTab"), [:], CONTINUE_ON_FAILURE): Call Test Case 'Test Cases/StepToReUse/StepTOCopyURLAndAddAnotherTab' successfully

2022-02-14 12:32:20 - [TEST_CASE][PASSED] - Test Cases/StepToReUse/StepTOCopyURLAndAddAnotherTab: Test Cases/StepToReUse/StepTOCopyURLAndAddAnotherTab

2022-02-14 12:32:20 - [TEST_STEP][PASSED] - click(findTestObject("Object Repository/Header/Preview/ClickOnPreviewIcon")): Object: 'Object Repository/Header/Preview/ClickOnPreviewIcon' is clicked on

2022-02-14 12:32:23 - [MESSAGE][PASSED] - Object: 'Object Repository/Header/Preview/ClickOnPreviewIcon' is clicked on

2022-02-14 12:32:23 - [TEST_STEP][PASSED] - delay(10): Delayed 10 second(s)

2022-02-14 12:32:33 - [MESSAGE][PASSED] - Delayed 10 second(s)

2022-02-14 12:32:33 - [TEST_STEP][PASSED] - takeScreenshot(): Taking screenshot successfully

2022-02-14 12:32:33 - [MESSAGE][PASSED] - Taking screenshot successfully
[[ATTACHMENT|/home/intersoft-admin/Rattan/Bash/Training/Rattan/Final_testing/New_ActivityOverview/Reports/20220214_115757/DetailPop-up-BothSideUrlBasedAndNormal/20220214_115804/1644822153829.png]]

2022-02-14 12:32:33 - [TEST_STEP][PASSED] - click(findTestObject("Object Repository/Header/Preview/PrintVoucher")): Object: 'Object Repository/Header/Preview/PrintVoucher' is clicked on

2022-02-14 12:32:37 - [MESSAGE][PASSED] - Object: 'Object Repository/Header/Preview/PrintVoucher' is clicked on

2022-02-14 12:32:37 - [TEST_STEP][PASSED] - delay(10): Delayed 10 second(s)

2022-02-14 12:32:47 - [MESSAGE][PASSED] - Delayed 10 second(s)

2022-02-14 12:32:47 - [TEST_STEP][PASSED] - takeScreenshot(): Taking screenshot successfully

2022-02-14 12:32:47 - [MESSAGE][PASSED] - Taking screenshot successfully
[[ATTACHMENT|/home/intersoft-admin/Rattan/Bash/Training/Rattan/Final_testing/New_ActivityOverview/Reports/20220214_115757/DetailPop-up-BothSideUrlBasedAndNormal/20220214_115804/1644822167113.png]]

2022-02-14 12:32:47 - [TEST_STEP][PASSED] - UrlToClick = findWebElement(findTestObject("Object Repository/Header/CopyUrl/CopyUrl")).getAttribute("data-href_url"): null

2022-02-14 12:32:47 - [TEST_STEP][PASSED] - println(UrlToClick): null

2022-02-14 12:32:47 - [TEST_STEP][PASSED] - ActivityUrl = UrlToClick: null

2022-02-14 12:32:47 - [TEST_STEP][PASSED] - switchToWindowIndex(1): Switched to window with index: '1'

2022-02-14 12:32:47 - [MESSAGE][PASSED] - Switched to window with index: '1'

2022-02-14 12:32:47 - [TEST_STEP][PASSED] - delay(5): Delayed 5 second(s)

2022-02-14 12:32:52 - [MESSAGE][PASSED] - Delayed 5 second(s)

2022-02-14 12:32:52 - [TEST_STEP][PASSED] - navigateToUrl(ActivityUrl): Navigate to 'https://activity.test-prio.com/orders/164464181177280' successfully

2022-02-14 12:32:56 - [MESSAGE][PASSED] - Navigate to 'https://activity.test-prio.com/orders/164464181177280' successfully

2022-02-14 12:32:56 - [TEST_STEP][PASSED] - takeScreenshot(): Taking screenshot successfully

2022-02-14 12:32:57 - [MESSAGE][PASSED] - Taking screenshot successfully
[[ATTACHMENT|/home/intersoft-admin/Rattan/Bash/Training/Rattan/Final_testing/New_ActivityOverview/Reports/20220214_115757/DetailPop-up-BothSideUrlBasedAndNormal/20220214_115804/1644822177118.png]]

2022-02-14 12:32:57 - [TEST_STEP][PASSED] - switchToDefaultContent(): null

2022-02-14 12:32:57 - [MESSAGE][PASSED] - Call Test Case 'Test Cases/StepToReUse/StepTOCopyURLAndAddAnotherTab' successfully

2022-02-14 12:32:57 - [TEST_STEP][PASSED] - callTestCase(findTestCase("Test Cases/NewActivityOverview-LeftNavigation/ActivityOverview-OpenDetailPop-up - CopiedURL"), [:], CONTINUE_ON_FAILURE): Call Test Case 'Test Cases/NewActivityOverview-LeftNavigation/ActivityOverview-OpenDetailPop-up - CopiedURL' successfully

2022-02-14 12:32:57 - [TEST_CASE][PASSED] - Test Cases/NewActivityOverview-LeftNavigation/ActivityOverview-OpenDetailPop-up - CopiedURL: Test Cases/NewActivityOverview-LeftNavigation/ActivityOverview-OpenDetailPop-up - CopiedURL

2022-02-14 12:32:57 - [TEST_STEP][PASSED] - switchToWindowIndex(1): Switched to window with index: '1'

2022-02-14 12:32:57 - [MESSAGE][PASSED] - Switched to window with index: '1'

2022-02-14 12:32:57 - [TEST_STEP][PASSED] - delay(5): Delayed 5 second(s)

2022-02-14 12:33:02 - [MESSAGE][PASSED] - Delayed 5 second(s)

2022-02-14 12:33:02 - [TEST_STEP][PASSED] - navigateToUrl(ActivityUrl): Navigate to 'https://activity.test-prio.com/orders/164464181177280' successfully

2022-02-14 12:33:06 - [MESSAGE][PASSED] - Navigate to 'https://activity.test-prio.com/orders/164464181177280' successfully

2022-02-14 12:33:06 - [TEST_STEP][PASSED] - takeScreenshot(): Taking screenshot successfully

2022-02-14 12:33:07 - [MESSAGE][PASSED] - Taking screenshot successfully
[[ATTACHMENT|/home/intersoft-admin/Rattan/Bash/Training/Rattan/Final_testing/New_ActivityOverview/Reports/20220214_115757/DetailPop-up-BothSideUrlBasedAndNormal/20220214_115804/1644822187149.png]]

2022-02-14 12:33:07 - [TEST_STEP][PASSED] - switchToDefaultContent(): null

2022-02-14 12:33:07 - [TEST_STEP][PASSED] - if (waitForElementPresent(findTestObject("Object Repository/DetailPop-up/ExpanSection/ProductInformationExpandedSection-Exist"), 10)): Object 'Object Repository/DetailPop-up/ExpanSection/ProductInformationExpandedSection-Exist' is not present after 10 second(s)

2022-02-14 12:33:18 - [MESSAGE][INFO] - Unable to find the element located by 'By.xpath: //div[@class='order-detail-left']//li[@class='order-list confirm hash-link-parent active']'. Please recheck the objects properties to make sure the desired element is located. 

2022-02-14 12:33:18 - [MESSAGE][WARNING] - [SELF-HEALING] Failed to find element with id 'Object Repository/DetailPop-up/ExpanSection/ProductInformationExpandedSection-Exist'. Try using Self-healing.

2022-02-14 12:33:19 - [MESSAGE][INFO] - [SELF-HEALING] No working XPath is found.

2022-02-14 12:33:20 - [MESSAGE][INFO] - Unable to find the element located by 'By.xpath: '. Please recheck the objects properties to make sure the desired element is located. 

2022-02-14 12:33:20 - [MESSAGE][WARNING] - [SELF-HEALING] Cannot find elements when the selector is null

2022-02-14 12:33:20 - [MESSAGE][WARNING] - Object 'Object Repository/DetailPop-up/ExpanSection/ProductInformationExpandedSection-Exist' is not present after 10 second(s)

2022-02-14 12:33:20 - [TEST_STEP][PASSED] - bookingsize = findWebElements(findTestObject("Object Repository/DetailPop-up/ExpanSection/ProductSectionLength"), 5).size(): null

2022-02-14 12:33:20 - [TEST_STEP][PASSED] - logInfo(Size of Bookings on Product detail Pop-up: $bookingsize): Size of Bookings on Product detail Pop-up: 1

2022-02-14 12:33:20 - [MESSAGE][INFO] - Size of Bookings on Product detail Pop-up: 1

2022-02-14 12:33:20 - [TEST_STEP][PASSED] - for ([looping = 1, looping <= bookingsize, (looping++)]): null

2022-02-14 12:33:20 - [TEST_STEP][PASSED] - click(findTestObject("Object Repository/DetailPop-up/ExpanSection/ExpandProductSection", ["position":looping])): Object: 'Object Repository/DetailPop-up/ExpanSection/ExpandProductSection' is clicked on

2022-02-14 12:33:24 - [MESSAGE][PASSED] - Object: 'Object Repository/DetailPop-up/ExpanSection/ExpandProductSection' is clicked on

2022-02-14 12:33:24 - [TEST_STEP][PASSED] - delay(3): Delayed 3 second(s)

2022-02-14 12:33:27 - [MESSAGE][PASSED] - Delayed 3 second(s)

2022-02-14 12:33:27 - [TEST_STEP][PASSED] - takeScreenshot(): Taking screenshot successfully

2022-02-14 12:33:27 - [MESSAGE][PASSED] - Taking screenshot successfully
[[ATTACHMENT|/home/intersoft-admin/Rattan/Bash/Training/Rattan/Final_testing/New_ActivityOverview/Reports/20220214_115757/DetailPop-up-BothSideUrlBasedAndNormal/20220214_115804/1644822207461.png]]

2022-02-14 12:33:27 - [TEST_STEP][PASSED] - if (waitForElementVisible(findTestObject("Object Repository/DetailPop-up/InformationSection/Details", ["position":"1", "position2":"1"]), 15) == true): null

2022-02-14 12:33:27 - [MESSAGE][PASSED] - Object 'Object Repository/DetailPop-up/InformationSection/Details' is visible

2022-02-14 12:33:27 - [TEST_STEP][PASSED] - click(findTestObject("Object Repository/DetailPop-up/InformationSection/Details", ["position":"1", "position2":"1"])): Object: 'Object Repository/DetailPop-up/InformationSection/Details' is clicked on

2022-02-14 12:33:31 - [MESSAGE][PASSED] - Object: 'Object Repository/DetailPop-up/InformationSection/Details' is clicked on

2022-02-14 12:33:31 - [TEST_STEP][PASSED] - delay(3): Delayed 3 second(s)

2022-02-14 12:33:34 - [MESSAGE][PASSED] - Delayed 3 second(s)

2022-02-14 12:33:34 - [TEST_STEP][PASSED] - takeScreenshot(): Taking screenshot successfully

2022-02-14 12:33:34 - [MESSAGE][PASSED] - Taking screenshot successfully
[[ATTACHMENT|/home/intersoft-admin/Rattan/Bash/Training/Rattan/Final_testing/New_ActivityOverview/Reports/20220214_115757/DetailPop-up-BothSideUrlBasedAndNormal/20220214_115804/1644822214450.png]]

2022-02-14 12:33:34 - [TEST_STEP][PASSED] - if (waitForElementVisible(findTestObject("Object Repository/DetailPop-up/InformationSection/Details", ["position":"1", "position2":"2"]), 15) == true): null

2022-02-14 12:33:34 - [MESSAGE][PASSED] - Object 'Object Repository/DetailPop-up/InformationSection/Details' is visible

2022-02-14 12:33:34 - [TEST_STEP][PASSED] - click(findTestObject("Object Repository/DetailPop-up/InformationSection/Details", ["position":"1", "position2":"2"])): Object: 'Object Repository/DetailPop-up/InformationSection/Details' is clicked on

2022-02-14 12:33:38 - [MESSAGE][PASSED] - Object: 'Object Repository/DetailPop-up/InformationSection/Details' is clicked on

2022-02-14 12:33:38 - [TEST_STEP][PASSED] - delay(3): Delayed 3 second(s)

2022-02-14 12:33:41 - [MESSAGE][PASSED] - Delayed 3 second(s)

2022-02-14 12:33:41 - [TEST_STEP][PASSED] - takeScreenshot(): Taking screenshot successfully

2022-02-14 12:33:41 - [MESSAGE][PASSED] - Taking screenshot successfully
[[ATTACHMENT|/home/intersoft-admin/Rattan/Bash/Training/Rattan/Final_testing/New_ActivityOverview/Reports/20220214_115757/DetailPop-up-BothSideUrlBasedAndNormal/20220214_115804/1644822221488.png]]

2022-02-14 12:33:41 - [TEST_STEP][PASSED] - if (waitForElementVisible(findTestObject("Object Repository/DetailPop-up/InformationSection/Details", ["position":"1", "position2":"3"]), 15) == true): Object 'Object Repository/DetailPop-up/InformationSection/Details' is not visible after 15 second(s)

2022-02-14 12:33:57 - [MESSAGE][WARNING] - Object 'Object Repository/DetailPop-up/InformationSection/Details' is not visible after 15 second(s)

2022-02-14 12:33:57 - [TEST_STEP][PASSED] - if (waitForElementVisible(findTestObject("Object Repository/DetailPop-up/InformationSection/Details", ["position":"1", "position2":"5"]), 15) == true): Web element with id: 'Object Repository/DetailPop-up/InformationSection/Details' located by '(//div[@class='order-detail-left']//li[@class='order-list confirm hash-link-parent active'])[1]//ul[@class='tabs custom-tabs']//li[5]//a' not found

2022-02-14 12:34:13 - [MESSAGE][INFO] - Unable to find the element located by 'By.xpath: (//div[@class='order-detail-left']//li[@class='order-list confirm hash-link-parent active'])[1]//ul[@class='tabs custom-tabs']//li[5]//a'. Please recheck the objects properties to make sure the desired element is located. 

2022-02-14 12:34:13 - [MESSAGE][WARNING] - [SELF-HEALING] Failed to find element with id 'Object Repository/DetailPop-up/InformationSection/Details'. Try using Self-healing.

2022-02-14 12:34:14 - [MESSAGE][INFO] - [SELF-HEALING] No working XPath is found.

2022-02-14 12:34:15 - [MESSAGE][INFO] - Unable to find the element located by 'By.xpath: '. Please recheck the objects properties to make sure the desired element is located. 

2022-02-14 12:34:15 - [MESSAGE][WARNING] - [SELF-HEALING] Cannot find elements when the selector is null

2022-02-14 12:34:15 - [MESSAGE][WARNING] - Web element with id: 'Object Repository/DetailPop-up/InformationSection/Details' located by '(//div[@class='order-detail-left']//li[@class='order-list confirm hash-link-parent active'])[1]//ul[@class='tabs custom-tabs']//li[5]//a' not found

2022-02-14 12:34:15 - [TEST_STEP][PASSED] - if (waitForElementVisible(findTestObject("Object Repository/DetailPop-up/InformationSection/Details", ["position":"1", "position2":"4"]), 15) == true): null

2022-02-14 12:34:15 - [MESSAGE][PASSED] - Object 'Object Repository/DetailPop-up/InformationSection/Details' is visible

2022-02-14 12:34:15 - [TEST_STEP][PASSED] - click(findTestObject("Object Repository/DetailPop-up/InformationSection/Details", ["position":"1", "position2":"4"])): Object: 'Object Repository/DetailPop-up/InformationSection/Details' is clicked on

2022-02-14 12:34:18 - [MESSAGE][PASSED] - Object: 'Object Repository/DetailPop-up/InformationSection/Details' is clicked on

2022-02-14 12:34:18 - [TEST_STEP][PASSED] - delay(3): Delayed 3 second(s)

2022-02-14 12:34:22 - [MESSAGE][PASSED] - Delayed 3 second(s)

2022-02-14 12:34:22 - [TEST_STEP][PASSED] - takeScreenshot(): Taking screenshot successfully

2022-02-14 12:34:22 - [MESSAGE][PASSED] - Taking screenshot successfully
[[ATTACHMENT|/home/intersoft-admin/Rattan/Bash/Training/Rattan/Final_testing/New_ActivityOverview/Reports/20220214_115757/DetailPop-up-BothSideUrlBasedAndNormal/20220214_115804/1644822262217.png]]

2022-02-14 12:34:22 - [TEST_STEP][PASSED] - if (waitForElementClickable(findTestObject("Object Repository/DetailPop-up/ExpanSection/SubProductList-ClickOnExpandView", ["position":"1"]), 15)): Web element with id: 'Object Repository/DetailPop-up/ExpanSection/SubProductList-ClickOnExpandView' located by '(//div[@class='order-detail-left']//li[@class='order-list order-sub-list confirm hash-link-parent']//i[contains(text(),'expand_more')])[1]' not found

2022-02-14 12:34:38 - [MESSAGE][INFO] - Unable to find the element located by 'By.xpath: (//div[@class='order-detail-left']//li[@class='order-list order-sub-list confirm hash-link-parent']//i[contains(text(),'expand_more')])[1]'. Please recheck the objects properties to make sure the desired element is located. 

2022-02-14 12:34:38 - [MESSAGE][WARNING] - [SELF-HEALING] Failed to find element with id 'Object Repository/DetailPop-up/ExpanSection/SubProductList-ClickOnExpandView'. Try using Self-healing.

2022-02-14 12:34:39 - [MESSAGE][INFO] - [SELF-HEALING] No working XPath is found.

2022-02-14 12:34:40 - [MESSAGE][INFO] - Unable to find the element located by 'By.xpath: '. Please recheck the objects properties to make sure the desired element is located. 

2022-02-14 12:34:40 - [MESSAGE][WARNING] - [SELF-HEALING] Cannot find elements when the selector is null

2022-02-14 12:34:40 - [MESSAGE][WARNING] - Web element with id: 'Object Repository/DetailPop-up/ExpanSection/SubProductList-ClickOnExpandView' located by '(//div[@class='order-detail-left']//li[@class='order-list order-sub-list confirm hash-link-parent']//i[contains(text(),'expand_more')])[1]' not found

2022-02-14 12:34:40 - [MESSAGE][PASSED] - Call Test Case 'Test Cases/NewActivityOverview-LeftNavigation/ActivityOverview-OpenDetailPop-up - CopiedURL' successfully

2022-02-14 12:34:40 - [TEST_STEP][PASSED] - switchToWindowIndex(0): Switched to window with index: '0'

2022-02-14 12:34:40 - [MESSAGE][PASSED] - Switched to window with index: '0'

2022-02-14 12:34:40 - [TEST_STEP][PASSED] - delay(13): Delayed 13 second(s)

2022-02-14 12:34:53 - [MESSAGE][PASSED] - Delayed 13 second(s)

2022-02-14 12:34:53 - [TEST_STEP][PASSED] - switchToFrame(findTestObject("Object Repository/Iframe/NewActivityOverviewIframe"), 5): null

2022-02-14 12:34:53 - [TEST_STEP][PASSED] - click(findTestObject("Object Repository/DetailPop-up/Backbutton/BackButtonToListing")): Object: 'Object Repository/DetailPop-up/Backbutton/BackButtonToListing' is clicked on

2022-02-14 12:34:57 - [MESSAGE][PASSED] - Object: 'Object Repository/DetailPop-up/Backbutton/BackButtonToListing' is clicked on

2022-02-14 12:34:57 - [TEST_STEP][PASSED] - delay(13): Delayed 13 second(s)

2022-02-14 12:35:10 - [MESSAGE][PASSED] - Delayed 13 second(s)

2022-02-14 12:35:10 - [TEST_STEP][PASSED] - if (l <= 5): null

2022-02-14 12:35:10 - [TEST_STEP][PASSED] - paginationvalue = l: null

2022-02-14 12:35:10 - [TEST_STEP][PASSED] - if (l > 5): null

2022-02-14 12:35:10 - [TEST_STEP][PASSED] - logInfo(Size of Pagination: $paginationvalue): Size of Pagination: 2

2022-02-14 12:35:10 - [MESSAGE][INFO] - Size of Pagination: 2

2022-02-14 12:35:10 - [TEST_STEP][PASSED] - click(findTestObject("Object Repository/PaginationCOunt/ClickOnPagination", ["pagination":paginationvalue])): Object: 'Object Repository/PaginationCOunt/ClickOnPagination' is clicked on

2022-02-14 12:35:13 - [MESSAGE][PASSED] - Object: 'Object Repository/PaginationCOunt/ClickOnPagination' is clicked on

2022-02-14 12:35:13 - [TEST_STEP][PASSED] - delay(20): Delayed 20 second(s)

2022-02-14 12:35:33 - [MESSAGE][PASSED] - Delayed 20 second(s)

2022-02-14 12:35:33 - [TEST_STEP][PASSED] - takeScreenshot(): Taking screenshot successfully

2022-02-14 12:35:33 - [MESSAGE][PASSED] - Taking screenshot successfully
[[ATTACHMENT|/home/intersoft-admin/Rattan/Bash/Training/Rattan/Final_testing/New_ActivityOverview/Reports/20220214_115757/DetailPop-up-BothSideUrlBasedAndNormal/20220214_115804/1644822333310.png]]

2022-02-14 12:35:33 - [TEST_STEP][PASSED] - RecordsinListing = findWebElements(findTestObject("Object Repository/ListingArea/RecordsInListing"), 5).size(): null

2022-02-14 12:35:33 - [TEST_STEP][PASSED] - logInfo(Size of Active Bookings: $RecordsinListing): Size of Active Bookings: 100

2022-02-14 12:35:33 - [MESSAGE][INFO] - Size of Active Bookings: 100

2022-02-14 12:35:33 - [TEST_STEP][FAILED] - for ([refund = 1, refund < RecordsinListing, (refund++)]): null

2022-02-14 12:35:33 - [TEST_STEP][PASSED] - if (refund == 1): null

2022-02-14 12:35:33 - [TEST_STEP][PASSED] - refund = RecordsinListing: null

2022-02-14 12:35:33 - [TEST_STEP][PASSED] - refundvalue = refund: null

2022-02-14 12:35:33 - [TEST_STEP][PASSED] - logInfo(Size of refund booking: $refund): Size of refund booking: 100

2022-02-14 12:35:33 - [MESSAGE][INFO] - Size of refund booking: 100

2022-02-14 12:35:33 - [TEST_STEP][PASSED] - scrollToElement(findTestObject("Object Repository/ListingArea/ClickondetailPOp-up", ["position":refund]), 15): Scroll to object 'Object Repository/ListingArea/ClickondetailPOp-up' successfully

2022-02-14 12:35:33 - [MESSAGE][PASSED] - Scroll to object 'Object Repository/ListingArea/ClickondetailPOp-up' successfully

2022-02-14 12:35:33 - [TEST_STEP][PASSED] - takeScreenshot(): Taking screenshot successfully

2022-02-14 12:35:33 - [MESSAGE][PASSED] - Taking screenshot successfully
[[ATTACHMENT|/home/intersoft-admin/Rattan/Bash/Training/Rattan/Final_testing/New_ActivityOverview/Reports/20220214_115757/DetailPop-up-BothSideUrlBasedAndNormal/20220214_115804/1644822333581.png]]

2022-02-14 12:35:33 - [TEST_STEP][PASSED] - orderId = findWebElement(findTestObject("Object Repository/GetOrderID/GetOrderID", ["position":refund])).getAttribute("data-order_id"): null

2022-02-14 12:35:33 - [TEST_STEP][PASSED] - orderId = orderId: null

2022-02-14 12:35:33 - [TEST_STEP][PASSED] - logInfo(Order ID: $orderId): Order ID: 164448803269169

2022-02-14 12:35:33 - [MESSAGE][INFO] - Order ID: 164448803269169

2022-02-14 12:35:33 - [TEST_STEP][PASSED] - click(findTestObject("Object Repository/GetOrderID/GetOrderID", ["position":refund])): Object: 'Object Repository/GetOrderID/GetOrderID' is clicked on

2022-02-14 12:35:36 - [MESSAGE][PASSED] - Object: 'Object Repository/GetOrderID/GetOrderID' is clicked on

2022-02-14 12:35:36 - [TEST_STEP][PASSED] - delay(20): Delayed 20 second(s)

2022-02-14 12:35:56 - [MESSAGE][PASSED] - Delayed 20 second(s)

2022-02-14 12:35:56 - [TEST_STEP][PASSED] - takeScreenshot(): Taking screenshot successfully

2022-02-14 12:35:57 - [MESSAGE][PASSED] - Taking screenshot successfully
[[ATTACHMENT|/home/intersoft-admin/Rattan/Bash/Training/Rattan/Final_testing/New_ActivityOverview/Reports/20220214_115757/DetailPop-up-BothSideUrlBasedAndNormal/20220214_115804/1644822356947.png]]

2022-02-14 12:35:57 - [TEST_STEP][PASSED] - if (waitForElementPresent(findTestObject("Object Repository/DetailPop-up/ExpanSection/ProductInformationExpandedSection-Exist"), 10)): Object 'Object Repository/DetailPop-up/ExpanSection/ProductInformationExpandedSection-Exist' is not present after 10 second(s)

2022-02-14 12:36:08 - [MESSAGE][INFO] - Unable to find the element located by 'By.xpath: //div[@class='order-detail-left']//li[@class='order-list confirm hash-link-parent active']'. Please recheck the objects properties to make sure the desired element is located. 

2022-02-14 12:36:08 - [MESSAGE][WARNING] - [SELF-HEALING] Failed to find element with id 'Object Repository/DetailPop-up/ExpanSection/ProductInformationExpandedSection-Exist'. Try using Self-healing.

2022-02-14 12:36:09 - [MESSAGE][INFO] - [SELF-HEALING] No working XPath is found.

2022-02-14 12:36:10 - [MESSAGE][INFO] - Unable to find the element located by 'By.xpath: '. Please recheck the objects properties to make sure the desired element is located. 

2022-02-14 12:36:10 - [MESSAGE][WARNING] - [SELF-HEALING] Cannot find elements when the selector is null

2022-02-14 12:36:10 - [MESSAGE][WARNING] - Object 'Object Repository/DetailPop-up/ExpanSection/ProductInformationExpandedSection-Exist' is not present after 10 second(s)

2022-02-14 12:36:10 - [TEST_STEP][PASSED] - bookingsize = findWebElements(findTestObject("Object Repository/DetailPop-up/ExpanSection/ProductSectionLength"), 5).size(): [SELF-HEALING] Cannot find elements when the selector is null

2022-02-14 12:36:16 - [MESSAGE][INFO] - Unable to find the element located by 'By.xpath: //div[@class='order-detail-left']//li[@class='order-list confirm hash-link-parent']'. Please recheck the objects properties to make sure the desired element is located. 

2022-02-14 12:36:16 - [MESSAGE][WARNING] - [SELF-HEALING] Failed to find element with id 'Object Repository/DetailPop-up/ExpanSection/ProductSectionLength'. Try using Self-healing.

2022-02-14 12:36:17 - [MESSAGE][INFO] - [SELF-HEALING] No working XPath is found.

2022-02-14 12:36:18 - [MESSAGE][INFO] - Unable to find the element located by 'By.xpath: '. Please recheck the objects properties to make sure the desired element is located. 

2022-02-14 12:36:18 - [MESSAGE][WARNING] - [SELF-HEALING] Cannot find elements when the selector is null

2022-02-14 12:36:18 - [TEST_STEP][PASSED] - logInfo(Size of Bookings on Product detail Pop-up: $bookingsize): Size of Bookings on Product detail Pop-up: 0

2022-02-14 12:36:18 - [MESSAGE][INFO] - Size of Bookings on Product detail Pop-up: 0

2022-02-14 12:36:18 - [TEST_STEP][PASSED] - for ([looping = 1, looping <= bookingsize, (looping++)]): null

2022-02-14 12:36:18 - [TEST_STEP][PASSED] - if (waitForElementClickable(findTestObject("Object Repository/DetailPop-up/ExpanSection/SubProductList-ClickOnExpandView", ["position":"1"]), 15)): Web element with id: 'Object Repository/DetailPop-up/ExpanSection/SubProductList-ClickOnExpandView' located by '(//div[@class='order-detail-left']//li[@class='order-list order-sub-list confirm hash-link-parent']//i[contains(text(),'expand_more')])[1]' not found

2022-02-14 12:36:34 - [MESSAGE][INFO] - Unable to find the element located by 'By.xpath: (//div[@class='order-detail-left']//li[@class='order-list order-sub-list confirm hash-link-parent']//i[contains(text(),'expand_more')])[1]'. Please recheck the objects properties to make sure the desired element is located. 

2022-02-14 12:36:34 - [MESSAGE][WARNING] - [SELF-HEALING] Failed to find element with id 'Object Repository/DetailPop-up/ExpanSection/SubProductList-ClickOnExpandView'. Try using Self-healing.

2022-02-14 12:36:35 - [MESSAGE][INFO] - [SELF-HEALING] No working XPath is found.

2022-02-14 12:36:36 - [MESSAGE][INFO] - Unable to find the element located by 'By.xpath: '. Please recheck the objects properties to make sure the desired element is located. 

2022-02-14 12:36:36 - [MESSAGE][WARNING] - [SELF-HEALING] Cannot find elements when the selector is null

2022-02-14 12:36:36 - [MESSAGE][WARNING] - Web element with id: 'Object Repository/DetailPop-up/ExpanSection/SubProductList-ClickOnExpandView' located by '(//div[@class='order-detail-left']//li[@class='order-list order-sub-list confirm hash-link-parent']//i[contains(text(),'expand_more')])[1]' not found

2022-02-14 12:36:36 - [TEST_STEP][FAILED] - callTestCase(findTestCase("Test Cases/StepToReUse/StepTOCopyURLAndAddAnotherTab"), [:], CONTINUE_ON_FAILURE): Unable to call Test Case 'Test Cases/StepToReUse/StepTOCopyURLAndAddAnotherTab' (Root cause: com.kms.katalon.core.exception.StepFailedException: Call Test Case 'Test Cases/StepToReUse/StepTOCopyURLAndAddAnotherTab' failed
	at com.kms.katalon.core.keyword.builtin.CallTestCaseKeyword$_callTestCase_closure1.doCall(CallTestCaseKeyword.groovy:63)
	at com.kms.katalon.core.keyword.builtin.CallTestCaseKeyword$_callTestCase_closure1.call(CallTestCaseKeyword.groovy)
	at com.kms.katalon.core.keyword.internal.KeywordMain.runKeyword(KeywordMain.groovy:74)
	at com.kms.katalon.core.keyword.builtin.CallTestCaseKeyword.callTestCase(CallTestCaseKeyword.groovy:81)
	at com.kms.katalon.core.keyword.builtin.CallTestCaseKeyword.execute(CallTestCaseKeyword.groovy:44)
	at com.kms.katalon.core.keyword.internal.KeywordExecutor.executeKeywordForPlatform(KeywordExecutor.groovy:74)
	at com.kms.katalon.core.keyword.BuiltinKeywords.callTestCase(BuiltinKeywords.groovy:334)
	at ActivityOverview-OpenDetailPop-up.run(ActivityOverview-OpenDetailPop-up:226)
	at com.kms.katalon.core.main.ScriptEngine.run(ScriptEngine.java:194)
	at com.kms.katalon.core.main.ScriptEngine.runScriptAsRawText(ScriptEngine.java:119)
	at com.kms.katalon.core.main.TestCaseExecutor.runScript(TestCaseExecutor.java:442)
	at com.kms.katalon.core.main.TestCaseExecutor.doExecute(TestCaseExecutor.java:433)
	at com.kms.katalon.core.main.TestCaseExecutor.processExecutionPhase(TestCaseExecutor.java:412)
	at com.kms.katalon.core.main.TestCaseExecutor.accessMainPhase(TestCaseExecutor.java:404)
	at com.kms.katalon.core.main.TestCaseExecutor.execute(TestCaseExecutor.java:281)
	at com.kms.katalon.core.main.TestSuiteExecutor.accessTestCaseMainPhase(TestSuiteExecutor.java:202)
	at com.kms.katalon.core.main.TestSuiteExecutor.accessTestSuiteMainPhase(TestSuiteExecutor.java:164)
	at com.kms.katalon.core.main.TestSuiteExecutor.execute(TestSuiteExecutor.java:105)
	at com.kms.katalon.core.main.TestCaseMain.startTestSuite(TestCaseMain.java:185)
	at com.kms.katalon.core.main.TestCaseMain$startTestSuite$0.call(Unknown Source)
	at TempTestSuite1644820084493.run(TempTestSuite1644820084493.groovy:36)
Caused by: com.kms.katalon.core.exception.StepFailedException: Unable to click on object 'Object Repository/Header/Preview/ClickOnPreviewIcon'
	at com.kms.katalon.core.webui.keyword.internal.WebUIKeywordMain.stepFailed(WebUIKeywordMain.groovy:64)
	at com.kms.katalon.core.webui.keyword.internal.WebUIKeywordMain.runKeyword(WebUIKeywordMain.groovy:26)
	at com.kms.katalon.core.webui.keyword.builtin.ClickKeyword.click(ClickKeyword.groovy:74)
	at com.kms.katalon.core.webui.keyword.builtin.ClickKeyword.execute(ClickKeyword.groovy:40)
	at com.kms.katalon.core.keyword.internal.KeywordExecutor.executeKeywordForPlatform(KeywordExecutor.groovy:74)
	at com.kms.katalon.core.webui.keyword.WebUiBuiltInKeywords.click(WebUiBuiltInKeywords.groovy:620)
	at com.kms.katalon.core.webui.keyword.WebUiBuiltInKeywords$click$2.call(Unknown Source)
	at StepTOCopyURLAndAddAnotherTab.run(StepTOCopyURLAndAddAnotherTab:29)
	at com.kms.katalon.core.main.ScriptEngine.run(ScriptEngine.java:194)
	at com.kms.katalon.core.main.ScriptEngine.runScriptAsRawText(ScriptEngine.java:119)
	at com.kms.katalon.core.main.TestCaseExecutor.runScript(TestCaseExecutor.java:442)
	at com.kms.katalon.core.main.TestCaseExecutor.doExecute(TestCaseExecutor.java:433)
	at com.kms.katalon.core.main.TestCaseExecutor.processExecutionPhase(TestCaseExecutor.java:412)
	at com.kms.katalon.core.main.TestCaseExecutor.accessMainPhase(TestCaseExecutor.java:404)
	at com.kms.katalon.core.main.TestCaseExecutor.execute(TestCaseExecutor.java:281)
	at com.kms.katalon.core.main.TestCaseMain.runTestCase(TestCaseMain.java:142)
	at com.kms.katalon.core.keyword.builtin.CallTestCaseKeyword$_callTestCase_closure1.doCall(CallTestCaseKeyword.groovy:59)
	... 20 more
Caused by: com.kms.katalon.core.webui.exception.WebElementNotFoundException: Web element with id: 'Object Repository/Header/Preview/ClickOnPreviewIcon' located by '//span[contains(text(),'Preview')]//parent::a' not found
	at com.kms.katalon.core.webui.common.WebUiCommonHelper.findWebElement(WebUiCommonHelper.java:1370)
	at com.kms.katalon.core.webui.keyword.internal.WebUIAbstractKeyword.findWebElement(WebUIAbstractKeyword.groovy:27)
	at com.kms.katalon.core.webui.keyword.builtin.ClickKeyword$_click_closure1.doCall(ClickKeyword.groovy:65)
	at com.kms.katalon.core.webui.keyword.builtin.ClickKeyword$_click_closure1.call(ClickKeyword.groovy)
	at com.kms.katalon.core.webui.keyword.internal.WebUIKeywordMain.runKeyword(WebUIKeywordMain.groovy:20)
	... 35 more
)

2022-02-14 12:36:36 - [TEST_CASE][FAILED] - Test Cases/StepToReUse/StepTOCopyURLAndAddAnotherTab: Test Cases/StepToReUse/StepTOCopyURLAndAddAnotherTab FAILED.
Reason:
com.kms.katalon.core.exception.StepFailedException: Unable to click on object 'Object Repository/Header/Preview/ClickOnPreviewIcon'
	at com.kms.katalon.core.webui.keyword.internal.WebUIKeywordMain.stepFailed(WebUIKeywordMain.groovy:64)
	at com.kms.katalon.core.webui.keyword.internal.WebUIKeywordMain.runKeyword(WebUIKeywordMain.groovy:26)
	at com.kms.katalon.core.webui.keyword.builtin.ClickKeyword.click(ClickKeyword.groovy:74)
	at com.kms.katalon.core.webui.keyword.builtin.ClickKeyword.execute(ClickKeyword.groovy:40)
	at com.kms.katalon.core.keyword.internal.KeywordExecutor.executeKeywordForPlatform(KeywordExecutor.groovy:74)
	at com.kms.katalon.core.webui.keyword.WebUiBuiltInKeywords.click(WebUiBuiltInKeywords.groovy:620)
	at com.kms.katalon.core.webui.keyword.WebUiBuiltInKeywords$click$2.call(Unknown Source)
	at StepTOCopyURLAndAddAnotherTab.run(StepTOCopyURLAndAddAnotherTab:29)
	at com.kms.katalon.core.main.ScriptEngine.run(ScriptEngine.java:194)
	at com.kms.katalon.core.main.ScriptEngine.runScriptAsRawText(ScriptEngine.java:119)
	at com.kms.katalon.core.main.TestCaseExecutor.runScript(TestCaseExecutor.java:442)
	at com.kms.katalon.core.main.TestCaseExecutor.doExecute(TestCaseExecutor.java:433)
	at com.kms.katalon.core.main.TestCaseExecutor.processExecutionPhase(TestCaseExecutor.java:412)
	at com.kms.katalon.core.main.TestCaseExecutor.accessMainPhase(TestCaseExecutor.java:404)
	at com.kms.katalon.core.main.TestCaseExecutor.execute(TestCaseExecutor.java:281)
	at com.kms.katalon.core.main.TestCaseMain.runTestCase(TestCaseMain.java:142)
	at com.kms.katalon.core.keyword.builtin.CallTestCaseKeyword$_callTestCase_closure1.doCall(CallTestCaseKeyword.groovy:59)
	at com.kms.katalon.core.keyword.builtin.CallTestCaseKeyword$_callTestCase_closure1.call(CallTestCaseKeyword.groovy)
	at com.kms.katalon.core.keyword.internal.KeywordMain.runKeyword(KeywordMain.groovy:74)
	at com.kms.katalon.core.keyword.builtin.CallTestCaseKeyword.callTestCase(CallTestCaseKeyword.groovy:81)
	at com.kms.katalon.core.keyword.builtin.CallTestCaseKeyword.execute(CallTestCaseKeyword.groovy:44)
	at com.kms.katalon.core.keyword.internal.KeywordExecutor.executeKeywordForPlatform(KeywordExecutor.groovy:74)
	at com.kms.katalon.core.keyword.BuiltinKeywords.callTestCase(BuiltinKeywords.groovy:334)
	at ActivityOverview-OpenDetailPop-up.run(ActivityOverview-OpenDetailPop-up:226)
	at com.kms.katalon.core.main.ScriptEngine.run(ScriptEngine.java:194)
	at com.kms.katalon.core.main.ScriptEngine.runScriptAsRawText(ScriptEngine.java:119)
	at com.kms.katalon.core.main.TestCaseExecutor.runScript(TestCaseExecutor.java:442)
	at com.kms.katalon.core.main.TestCaseExecutor.doExecute(TestCaseExecutor.java:433)
	at com.kms.katalon.core.main.TestCaseExecutor.processExecutionPhase(TestCaseExecutor.java:412)
	at com.kms.katalon.core.main.TestCaseExecutor.accessMainPhase(TestCaseExecutor.java:404)
	at com.kms.katalon.core.main.TestCaseExecutor.execute(TestCaseExecutor.java:281)
	at com.kms.katalon.core.main.TestSuiteExecutor.accessTestCaseMainPhase(TestSuiteExecutor.java:202)
	at com.kms.katalon.core.main.TestSuiteExecutor.accessTestSuiteMainPhase(TestSuiteExecutor.java:164)
	at com.kms.katalon.core.main.TestSuiteExecutor.execute(TestSuiteExecutor.java:105)
	at com.kms.katalon.core.main.TestCaseMain.startTestSuite(TestCaseMain.java:185)
	at com.kms.katalon.core.main.TestCaseMain$startTestSuite$0.call(Unknown Source)
	at TempTestSuite1644820084493.run(TempTestSuite1644820084493.groovy:36)
Caused by: com.kms.katalon.core.webui.exception.WebElementNotFoundException: Web element with id: 'Object Repository/Header/Preview/ClickOnPreviewIcon' located by '//span[contains(text(),'Preview')]//parent::a' not found
	at com.kms.katalon.core.webui.common.WebUiCommonHelper.findWebElement(WebUiCommonHelper.java:1370)
	at com.kms.katalon.core.webui.keyword.internal.WebUIAbstractKeyword.findWebElement(WebUIAbstractKeyword.groovy:27)
	at com.kms.katalon.core.webui.keyword.builtin.ClickKeyword$_click_closure1.doCall(ClickKeyword.groovy:65)
	at com.kms.katalon.core.webui.keyword.builtin.ClickKeyword$_click_closure1.call(ClickKeyword.groovy)
	at com.kms.katalon.core.webui.keyword.internal.WebUIKeywordMain.runKeyword(WebUIKeywordMain.groovy:20)
	... 35 more


2022-02-14 12:36:36 - [TEST_STEP][FAILED] - click(findTestObject("Object Repository/Header/Preview/ClickOnPreviewIcon")): Unable to click on object 'Object Repository/Header/Preview/ClickOnPreviewIcon' (Root cause: com.kms.katalon.core.exception.StepFailedException: Unable to click on object 'Object Repository/Header/Preview/ClickOnPreviewIcon'
	at com.kms.katalon.core.webui.keyword.internal.WebUIKeywordMain.stepFailed(WebUIKeywordMain.groovy:64)
	at com.kms.katalon.core.webui.keyword.internal.WebUIKeywordMain.runKeyword(WebUIKeywordMain.groovy:26)
	at com.kms.katalon.core.webui.keyword.builtin.ClickKeyword.click(ClickKeyword.groovy:74)
	at com.kms.katalon.core.webui.keyword.builtin.ClickKeyword.execute(ClickKeyword.groovy:40)
	at com.kms.katalon.core.keyword.internal.KeywordExecutor.executeKeywordForPlatform(KeywordExecutor.groovy:74)
	at com.kms.katalon.core.webui.keyword.WebUiBuiltInKeywords.click(WebUiBuiltInKeywords.groovy:620)
	at com.kms.katalon.core.webui.keyword.WebUiBuiltInKeywords$click$2.call(Unknown Source)
	at StepTOCopyURLAndAddAnotherTab.run(StepTOCopyURLAndAddAnotherTab:29)
	at com.kms.katalon.core.main.ScriptEngine.run(ScriptEngine.java:194)
	at com.kms.katalon.core.main.ScriptEngine.runScriptAsRawText(ScriptEngine.java:119)
	at com.kms.katalon.core.main.TestCaseExecutor.runScript(TestCaseExecutor.java:442)
	at com.kms.katalon.core.main.TestCaseExecutor.doExecute(TestCaseExecutor.java:433)
	at com.kms.katalon.core.main.TestCaseExecutor.processExecutionPhase(TestCaseExecutor.java:412)
	at com.kms.katalon.core.main.TestCaseExecutor.accessMainPhase(TestCaseExecutor.java:404)
	at com.kms.katalon.core.main.TestCaseExecutor.execute(TestCaseExecutor.java:281)
	at com.kms.katalon.core.main.TestCaseMain.runTestCase(TestCaseMain.java:142)
	at com.kms.katalon.core.keyword.builtin.CallTestCaseKeyword$_callTestCase_closure1.doCall(CallTestCaseKeyword.groovy:59)
	at com.kms.katalon.core.keyword.builtin.CallTestCaseKeyword$_callTestCase_closure1.call(CallTestCaseKeyword.groovy)
	at com.kms.katalon.core.keyword.internal.KeywordMain.runKeyword(KeywordMain.groovy:74)
	at com.kms.katalon.core.keyword.builtin.CallTestCaseKeyword.callTestCase(CallTestCaseKeyword.groovy:81)
	at com.kms.katalon.core.keyword.builtin.CallTestCaseKeyword.execute(CallTestCaseKeyword.groovy:44)
	at com.kms.katalon.core.keyword.internal.KeywordExecutor.executeKeywordForPlatform(KeywordExecutor.groovy:74)
	at com.kms.katalon.core.keyword.BuiltinKeywords.callTestCase(BuiltinKeywords.groovy:334)
	at ActivityOverview-OpenDetailPop-up.run(ActivityOverview-OpenDetailPop-up:226)
	at com.kms.katalon.core.main.ScriptEngine.run(ScriptEngine.java:194)
	at com.kms.katalon.core.main.ScriptEngine.runScriptAsRawText(ScriptEngine.java:119)
	at com.kms.katalon.core.main.TestCaseExecutor.runScript(TestCaseExecutor.java:442)
	at com.kms.katalon.core.main.TestCaseExecutor.doExecute(TestCaseExecutor.java:433)
	at com.kms.katalon.core.main.TestCaseExecutor.processExecutionPhase(TestCaseExecutor.java:412)
	at com.kms.katalon.core.main.TestCaseExecutor.accessMainPhase(TestCaseExecutor.java:404)
	at com.kms.katalon.core.main.TestCaseExecutor.execute(TestCaseExecutor.java:281)
	at com.kms.katalon.core.main.TestSuiteExecutor.accessTestCaseMainPhase(TestSuiteExecutor.java:202)
	at com.kms.katalon.core.main.TestSuiteExecutor.accessTestSuiteMainPhase(TestSuiteExecutor.java:164)
	at com.kms.katalon.core.main.TestSuiteExecutor.execute(TestSuiteExecutor.java:105)
	at com.kms.katalon.core.main.TestCaseMain.startTestSuite(TestCaseMain.java:185)
	at com.kms.katalon.core.main.TestCaseMain$startTestSuite$0.call(Unknown Source)
	at TempTestSuite1644820084493.run(TempTestSuite1644820084493.groovy:36)
Caused by: com.kms.katalon.core.webui.exception.WebElementNotFoundException: Web element with id: 'Object Repository/Header/Preview/ClickOnPreviewIcon' located by '//span[contains(text(),'Preview')]//parent::a' not found
	at com.kms.katalon.core.webui.common.WebUiCommonHelper.findWebElement(WebUiCommonHelper.java:1370)
	at com.kms.katalon.core.webui.keyword.internal.WebUIAbstractKeyword.findWebElement(WebUIAbstractKeyword.groovy:27)
	at com.kms.katalon.core.webui.keyword.builtin.ClickKeyword$_click_closure1.doCall(ClickKeyword.groovy:65)
	at com.kms.katalon.core.webui.keyword.builtin.ClickKeyword$_click_closure1.call(ClickKeyword.groovy)
	at com.kms.katalon.core.webui.keyword.internal.WebUIKeywordMain.runKeyword(WebUIKeywordMain.groovy:20)
	at com.kms.katalon.core.webui.keyword.builtin.ClickKeyword.click(ClickKeyword.groovy:74)
	at com.kms.katalon.core.webui.keyword.builtin.ClickKeyword.execute(ClickKeyword.groovy:40)
	at com.kms.katalon.core.keyword.internal.KeywordExecutor.executeKeywordForPlatform(KeywordExecutor.groovy:74)
	at com.kms.katalon.core.webui.keyword.WebUiBuiltInKeywords.click(WebUiBuiltInKeywords.groovy:620)
	at com.kms.katalon.core.webui.keyword.WebUiBuiltInKeywords$click$2.call(Unknown Source)
	at Script1644422514682.run(Script1644422514682.groovy:29)
	at com.kms.katalon.core.main.ScriptEngine.run(ScriptEngine.java:194)
	at com.kms.katalon.core.main.ScriptEngine.runScriptAsRawText(ScriptEngine.java:119)
	at com.kms.katalon.core.main.TestCaseExecutor.runScript(TestCaseExecutor.java:442)
	at com.kms.katalon.core.main.TestCaseExecutor.doExecute(TestCaseExecutor.java:433)
	at com.kms.katalon.core.main.TestCaseExecutor.processExecutionPhase(TestCaseExecutor.java:412)
	at com.kms.katalon.core.main.TestCaseExecutor.accessMainPhase(TestCaseExecutor.java:404)
	at com.kms.katalon.core.main.TestCaseExecutor.execute(TestCaseExecutor.java:281)
	at com.kms.katalon.core.main.TestCaseMain.runTestCase(TestCaseMain.java:142)
	at com.kms.katalon.core.keyword.builtin.CallTestCaseKeyword$_callTestCase_closure1.doCall(CallTestCaseKeyword.groovy:59)
	at com.kms.katalon.core.keyword.builtin.CallTestCaseKeyword$_callTestCase_closure1.call(CallTestCaseKeyword.groovy)
	at com.kms.katalon.core.keyword.internal.KeywordMain.runKeyword(KeywordMain.groovy:74)
	at com.kms.katalon.core.keyword.builtin.CallTestCaseKeyword.callTestCase(CallTestCaseKeyword.groovy:81)
	at com.kms.katalon.core.keyword.builtin.CallTestCaseKeyword.execute(CallTestCaseKeyword.groovy:44)
	at com.kms.katalon.core.keyword.internal.KeywordExecutor.executeKeywordForPlatform(KeywordExecutor.groovy:74)
	at com.kms.katalon.core.keyword.BuiltinKeywords.callTestCase(BuiltinKeywords.groovy:334)
	at Script1643703980676.run(Script1643703980676.groovy:226)
	... 13 more
)

2022-02-14 12:37:07 - [MESSAGE][INFO] - Unable to find the element located by 'By.xpath: //span[contains(text(),'Preview')]//parent::a'. Please recheck the objects properties to make sure the desired element is located. 

2022-02-14 12:37:07 - [MESSAGE][WARNING] - [SELF-HEALING] Failed to find element with id 'Object Repository/Header/Preview/ClickOnPreviewIcon'. Try using Self-healing.

2022-02-14 12:37:08 - [MESSAGE][INFO] - [SELF-HEALING] No working XPath is found.

2022-02-14 12:37:09 - [MESSAGE][INFO] - Unable to find the element located by 'By.xpath: '. Please recheck the objects properties to make sure the desired element is located. 

2022-02-14 12:37:09 - [MESSAGE][WARNING] - [SELF-HEALING] Cannot find elements when the selector is null

2022-02-14 12:37:09 - [MESSAGE][FAILED] - Unable to click on object 'Object Repository/Header/Preview/ClickOnPreviewIcon' (Root cause: com.kms.katalon.core.exception.StepFailedException: Unable to click on object 'Object Repository/Header/Preview/ClickOnPreviewIcon'
	at com.kms.katalon.core.webui.keyword.internal.WebUIKeywordMain.stepFailed(WebUIKeywordMain.groovy:64)
	at com.kms.katalon.core.webui.keyword.internal.WebUIKeywordMain.runKeyword(WebUIKeywordMain.groovy:26)
	at com.kms.katalon.core.webui.keyword.builtin.ClickKeyword.click(ClickKeyword.groovy:74)
	at com.kms.katalon.core.webui.keyword.builtin.ClickKeyword.execute(ClickKeyword.groovy:40)
	at com.kms.katalon.core.keyword.internal.KeywordExecutor.executeKeywordForPlatform(KeywordExecutor.groovy:74)
	at com.kms.katalon.core.webui.keyword.WebUiBuiltInKeywords.click(WebUiBuiltInKeywords.groovy:620)
	at com.kms.katalon.core.webui.keyword.WebUiBuiltInKeywords$click$2.call(Unknown Source)
	at StepTOCopyURLAndAddAnotherTab.run(StepTOCopyURLAndAddAnotherTab:29)
	at com.kms.katalon.core.main.ScriptEngine.run(ScriptEngine.java:194)
	at com.kms.katalon.core.main.ScriptEngine.runScriptAsRawText(ScriptEngine.java:119)
	at com.kms.katalon.core.main.TestCaseExecutor.runScript(TestCaseExecutor.java:442)
	at com.kms.katalon.core.main.TestCaseExecutor.doExecute(TestCaseExecutor.java:433)
	at com.kms.katalon.core.main.TestCaseExecutor.processExecutionPhase(TestCaseExecutor.java:412)
	at com.kms.katalon.core.main.TestCaseExecutor.accessMainPhase(TestCaseExecutor.java:404)
	at com.kms.katalon.core.main.TestCaseExecutor.execute(TestCaseExecutor.java:281)
	at com.kms.katalon.core.main.TestCaseMain.runTestCase(TestCaseMain.java:142)
	at com.kms.katalon.core.keyword.builtin.CallTestCaseKeyword$_callTestCase_closure1.doCall(CallTestCaseKeyword.groovy:59)
	at com.kms.katalon.core.keyword.builtin.CallTestCaseKeyword$_callTestCase_closure1.call(CallTestCaseKeyword.groovy)
	at com.kms.katalon.core.keyword.internal.KeywordMain.runKeyword(KeywordMain.groovy:74)
	at com.kms.katalon.core.keyword.builtin.CallTestCaseKeyword.callTestCase(CallTestCaseKeyword.groovy:81)
	at com.kms.katalon.core.keyword.builtin.CallTestCaseKeyword.execute(CallTestCaseKeyword.groovy:44)
	at com.kms.katalon.core.keyword.internal.KeywordExecutor.executeKeywordForPlatform(KeywordExecutor.groovy:74)
	at com.kms.katalon.core.keyword.BuiltinKeywords.callTestCase(BuiltinKeywords.groovy:334)
	at ActivityOverview-OpenDetailPop-up.run(ActivityOverview-OpenDetailPop-up:226)
	at com.kms.katalon.core.main.ScriptEngine.run(ScriptEngine.java:194)
	at com.kms.katalon.core.main.ScriptEngine.runScriptAsRawText(ScriptEngine.java:119)
	at com.kms.katalon.core.main.TestCaseExecutor.runScript(TestCaseExecutor.java:442)
	at com.kms.katalon.core.main.TestCaseExecutor.doExecute(TestCaseExecutor.java:433)
	at com.kms.katalon.core.main.TestCaseExecutor.processExecutionPhase(TestCaseExecutor.java:412)
	at com.kms.katalon.core.main.TestCaseExecutor.accessMainPhase(TestCaseExecutor.java:404)
	at com.kms.katalon.core.main.TestCaseExecutor.execute(TestCaseExecutor.java:281)
	at com.kms.katalon.core.main.TestSuiteExecutor.accessTestCaseMainPhase(TestSuiteExecutor.java:202)
	at com.kms.katalon.core.main.TestSuiteExecutor.accessTestSuiteMainPhase(TestSuiteExecutor.java:164)
	at com.kms.katalon.core.main.TestSuiteExecutor.execute(TestSuiteExecutor.java:105)
	at com.kms.katalon.core.main.TestCaseMain.startTestSuite(TestCaseMain.java:185)
	at com.kms.katalon.core.main.TestCaseMain$startTestSuite$0.call(Unknown Source)
	at TempTestSuite1644820084493.run(TempTestSuite1644820084493.groovy:36)
Caused by: com.kms.katalon.core.webui.exception.WebElementNotFoundException: Web element with id: 'Object Repository/Header/Preview/ClickOnPreviewIcon' located by '//span[contains(text(),'Preview')]//parent::a' not found
	at com.kms.katalon.core.webui.common.WebUiCommonHelper.findWebElement(WebUiCommonHelper.java:1370)
	at com.kms.katalon.core.webui.keyword.internal.WebUIAbstractKeyword.findWebElement(WebUIAbstractKeyword.groovy:27)
	at com.kms.katalon.core.webui.keyword.builtin.ClickKeyword$_click_closure1.doCall(ClickKeyword.groovy:65)
	at com.kms.katalon.core.webui.keyword.builtin.ClickKeyword$_click_closure1.call(ClickKeyword.groovy)
	at com.kms.katalon.core.webui.keyword.internal.WebUIKeywordMain.runKeyword(WebUIKeywordMain.groovy:20)
	at com.kms.katalon.core.webui.keyword.builtin.ClickKeyword.click(ClickKeyword.groovy:74)
	at com.kms.katalon.core.webui.keyword.builtin.ClickKeyword.execute(ClickKeyword.groovy:40)
	at com.kms.katalon.core.keyword.internal.KeywordExecutor.executeKeywordForPlatform(KeywordExecutor.groovy:74)
	at com.kms.katalon.core.webui.keyword.WebUiBuiltInKeywords.click(WebUiBuiltInKeywords.groovy:620)
	at com.kms.katalon.core.webui.keyword.WebUiBuiltInKeywords$click$2.call(Unknown Source)
	at Script1644422514682.run(Script1644422514682.groovy:29)
	at com.kms.katalon.core.main.ScriptEngine.run(ScriptEngine.java:194)
	at com.kms.katalon.core.main.ScriptEngine.runScriptAsRawText(ScriptEngine.java:119)
	at com.kms.katalon.core.main.TestCaseExecutor.runScript(TestCaseExecutor.java:442)
	at com.kms.katalon.core.main.TestCaseExecutor.doExecute(TestCaseExecutor.java:433)
	at com.kms.katalon.core.main.TestCaseExecutor.processExecutionPhase(TestCaseExecutor.java:412)
	at com.kms.katalon.core.main.TestCaseExecutor.accessMainPhase(TestCaseExecutor.java:404)
	at com.kms.katalon.core.main.TestCaseExecutor.execute(TestCaseExecutor.java:281)
	at com.kms.katalon.core.main.TestCaseMain.runTestCase(TestCaseMain.java:142)
	at com.kms.katalon.core.keyword.builtin.CallTestCaseKeyword$_callTestCase_closure1.doCall(CallTestCaseKeyword.groovy:59)
	at com.kms.katalon.core.keyword.builtin.CallTestCaseKeyword$_callTestCase_closure1.call(CallTestCaseKeyword.groovy)
	at com.kms.katalon.core.keyword.internal.KeywordMain.runKeyword(KeywordMain.groovy:74)
	at com.kms.katalon.core.keyword.builtin.CallTestCaseKeyword.callTestCase(CallTestCaseKeyword.groovy:81)
	at com.kms.katalon.core.keyword.builtin.CallTestCaseKeyword.execute(CallTestCaseKeyword.groovy:44)
	at com.kms.katalon.core.keyword.internal.KeywordExecutor.executeKeywordForPlatform(KeywordExecutor.groovy:74)
	at com.kms.katalon.core.keyword.BuiltinKeywords.callTestCase(BuiltinKeywords.groovy:334)
	at Script1643703980676.run(Script1643703980676.groovy:226)
	... 13 more
)
[[ATTACHMENT|/home/intersoft-admin/Rattan/Bash/Training/Rattan/Final_testing/New_ActivityOverview/Reports/20220214_115757/DetailPop-up-BothSideUrlBasedAndNormal/20220214_115804/1644822429320.png]]

2022-02-14 12:37:09 - [MESSAGE][FAILED] - Unable to call Test Case 'Test Cases/StepToReUse/StepTOCopyURLAndAddAnotherTab' (Root cause: com.kms.katalon.core.exception.StepFailedException: Call Test Case 'Test Cases/StepToReUse/StepTOCopyURLAndAddAnotherTab' failed
	at com.kms.katalon.core.keyword.builtin.CallTestCaseKeyword$_callTestCase_closure1.doCall(CallTestCaseKeyword.groovy:63)
	at com.kms.katalon.core.keyword.builtin.CallTestCaseKeyword$_callTestCase_closure1.call(CallTestCaseKeyword.groovy)
	at com.kms.katalon.core.keyword.internal.KeywordMain.runKeyword(KeywordMain.groovy:74)
	at com.kms.katalon.core.keyword.builtin.CallTestCaseKeyword.callTestCase(CallTestCaseKeyword.groovy:81)
	at com.kms.katalon.core.keyword.builtin.CallTestCaseKeyword.execute(CallTestCaseKeyword.groovy:44)
	at com.kms.katalon.core.keyword.internal.KeywordExecutor.executeKeywordForPlatform(KeywordExecutor.groovy:74)
	at com.kms.katalon.core.keyword.BuiltinKeywords.callTestCase(BuiltinKeywords.groovy:334)
	at ActivityOverview-OpenDetailPop-up.run(ActivityOverview-OpenDetailPop-up:226)
	at com.kms.katalon.core.main.ScriptEngine.run(ScriptEngine.java:194)
	at com.kms.katalon.core.main.ScriptEngine.runScriptAsRawText(ScriptEngine.java:119)
	at com.kms.katalon.core.main.TestCaseExecutor.runScript(TestCaseExecutor.java:442)
	at com.kms.katalon.core.main.TestCaseExecutor.doExecute(TestCaseExecutor.java:433)
	at com.kms.katalon.core.main.TestCaseExecutor.processExecutionPhase(TestCaseExecutor.java:412)
	at com.kms.katalon.core.main.TestCaseExecutor.accessMainPhase(TestCaseExecutor.java:404)
	at com.kms.katalon.core.main.TestCaseExecutor.execute(TestCaseExecutor.java:281)
	at com.kms.katalon.core.main.TestSuiteExecutor.accessTestCaseMainPhase(TestSuiteExecutor.java:202)
	at com.kms.katalon.core.main.TestSuiteExecutor.accessTestSuiteMainPhase(TestSuiteExecutor.java:164)
	at com.kms.katalon.core.main.TestSuiteExecutor.execute(TestSuiteExecutor.java:105)
	at com.kms.katalon.core.main.TestCaseMain.startTestSuite(TestCaseMain.java:185)
	at com.kms.katalon.core.main.TestCaseMain$startTestSuite$0.call(Unknown Source)
	at TempTestSuite1644820084493.run(TempTestSuite1644820084493.groovy:36)
Caused by: com.kms.katalon.core.exception.StepFailedException: Unable to click on object 'Object Repository/Header/Preview/ClickOnPreviewIcon'
	at com.kms.katalon.core.webui.keyword.internal.WebUIKeywordMain.stepFailed(WebUIKeywordMain.groovy:64)
	at com.kms.katalon.core.webui.keyword.internal.WebUIKeywordMain.runKeyword(WebUIKeywordMain.groovy:26)
	at com.kms.katalon.core.webui.keyword.builtin.ClickKeyword.click(ClickKeyword.groovy:74)
	at com.kms.katalon.core.webui.keyword.builtin.ClickKeyword.execute(ClickKeyword.groovy:40)
	at com.kms.katalon.core.keyword.internal.KeywordExecutor.executeKeywordForPlatform(KeywordExecutor.groovy:74)
	at com.kms.katalon.core.webui.keyword.WebUiBuiltInKeywords.click(WebUiBuiltInKeywords.groovy:620)
	at com.kms.katalon.core.webui.keyword.WebUiBuiltInKeywords$click$2.call(Unknown Source)
	at StepTOCopyURLAndAddAnotherTab.run(StepTOCopyURLAndAddAnotherTab:29)
	at com.kms.katalon.core.main.ScriptEngine.run(ScriptEngine.java:194)
	at com.kms.katalon.core.main.ScriptEngine.runScriptAsRawText(ScriptEngine.java:119)
	at com.kms.katalon.core.main.TestCaseExecutor.runScript(TestCaseExecutor.java:442)
	at com.kms.katalon.core.main.TestCaseExecutor.doExecute(TestCaseExecutor.java:433)
	at com.kms.katalon.core.main.TestCaseExecutor.processExecutionPhase(TestCaseExecutor.java:412)
	at com.kms.katalon.core.main.TestCaseExecutor.accessMainPhase(TestCaseExecutor.java:404)
	at com.kms.katalon.core.main.TestCaseExecutor.execute(TestCaseExecutor.java:281)
	at com.kms.katalon.core.main.TestCaseMain.runTestCase(TestCaseMain.java:142)
	at com.kms.katalon.core.keyword.builtin.CallTestCaseKeyword$_callTestCase_closure1.doCall(CallTestCaseKeyword.groovy:59)
	... 20 more
Caused by: com.kms.katalon.core.webui.exception.WebElementNotFoundException: Web element with id: 'Object Repository/Header/Preview/ClickOnPreviewIcon' located by '//span[contains(text(),'Preview')]//parent::a' not found
	at com.kms.katalon.core.webui.common.WebUiCommonHelper.findWebElement(WebUiCommonHelper.java:1370)
	at com.kms.katalon.core.webui.keyword.internal.WebUIAbstractKeyword.findWebElement(WebUIAbstractKeyword.groovy:27)
	at com.kms.katalon.core.webui.keyword.builtin.ClickKeyword$_click_closure1.doCall(ClickKeyword.groovy:65)
	at com.kms.katalon.core.webui.keyword.builtin.ClickKeyword$_click_closure1.call(ClickKeyword.groovy)
	at com.kms.katalon.core.webui.keyword.internal.WebUIKeywordMain.runKeyword(WebUIKeywordMain.groovy:20)
	... 35 more
)

2022-02-14 12:37:09 - [TEST_STEP][PASSED] - callTestCase(findTestCase("Test Cases/NewActivityOverview-LeftNavigation/ActivityOverview-OpenDetailPop-up - CopiedURL"), [:], CONTINUE_ON_FAILURE): Call Test Case 'Test Cases/NewActivityOverview-LeftNavigation/ActivityOverview-OpenDetailPop-up - CopiedURL' successfully

2022-02-14 12:37:09 - [TEST_CASE][PASSED] - Test Cases/NewActivityOverview-LeftNavigation/ActivityOverview-OpenDetailPop-up - CopiedURL: Test Cases/NewActivityOverview-LeftNavigation/ActivityOverview-OpenDetailPop-up - CopiedURL

2022-02-14 12:37:09 - [TEST_STEP][PASSED] - switchToWindowIndex(1): Switched to window with index: '1'

2022-02-14 12:37:09 - [MESSAGE][PASSED] - Switched to window with index: '1'

2022-02-14 12:37:09 - [TEST_STEP][PASSED] - delay(5): Delayed 5 second(s)

2022-02-14 12:37:14 - [MESSAGE][PASSED] - Delayed 5 second(s)

2022-02-14 12:37:14 - [TEST_STEP][PASSED] - navigateToUrl(ActivityUrl): Navigate to 'https://activity.test-prio.com/orders/164464181177280' successfully

2022-02-14 12:37:17 - [MESSAGE][PASSED] - Navigate to 'https://activity.test-prio.com/orders/164464181177280' successfully

2022-02-14 12:37:17 - [TEST_STEP][PASSED] - takeScreenshot(): Taking screenshot successfully

2022-02-14 12:37:18 - [MESSAGE][PASSED] - Taking screenshot successfully
[[ATTACHMENT|/home/intersoft-admin/Rattan/Bash/Training/Rattan/Final_testing/New_ActivityOverview/Reports/20220214_115757/DetailPop-up-BothSideUrlBasedAndNormal/20220214_115804/1644822438232.png]]

2022-02-14 12:37:18 - [TEST_STEP][PASSED] - switchToDefaultContent(): null

2022-02-14 12:37:18 - [TEST_STEP][PASSED] - if (waitForElementPresent(findTestObject("Object Repository/DetailPop-up/ExpanSection/ProductInformationExpandedSection-Exist"), 10)): Object 'Object Repository/DetailPop-up/ExpanSection/ProductInformationExpandedSection-Exist' is not present after 10 second(s)

2022-02-14 12:37:29 - [MESSAGE][INFO] - Unable to find the element located by 'By.xpath: //div[@class='order-detail-left']//li[@class='order-list confirm hash-link-parent active']'. Please recheck the objects properties to make sure the desired element is located. 

2022-02-14 12:37:29 - [MESSAGE][WARNING] - [SELF-HEALING] Failed to find element with id 'Object Repository/DetailPop-up/ExpanSection/ProductInformationExpandedSection-Exist'. Try using Self-healing.

2022-02-14 12:37:30 - [MESSAGE][INFO] - [SELF-HEALING] No working XPath is found.

2022-02-14 12:37:31 - [MESSAGE][INFO] - Unable to find the element located by 'By.xpath: '. Please recheck the objects properties to make sure the desired element is located. 

2022-02-14 12:37:31 - [MESSAGE][WARNING] - [SELF-HEALING] Cannot find elements when the selector is null

2022-02-14 12:37:31 - [MESSAGE][WARNING] - Object 'Object Repository/DetailPop-up/ExpanSection/ProductInformationExpandedSection-Exist' is not present after 10 second(s)

2022-02-14 12:37:31 - [TEST_STEP][PASSED] - bookingsize = findWebElements(findTestObject("Object Repository/DetailPop-up/ExpanSection/ProductSectionLength"), 5).size(): null

2022-02-14 12:37:31 - [TEST_STEP][PASSED] - logInfo(Size of Bookings on Product detail Pop-up: $bookingsize): Size of Bookings on Product detail Pop-up: 1

2022-02-14 12:37:31 - [MESSAGE][INFO] - Size of Bookings on Product detail Pop-up: 1

2022-02-14 12:37:31 - [TEST_STEP][PASSED] - for ([looping = 1, looping <= bookingsize, (looping++)]): null

2022-02-14 12:37:31 - [TEST_STEP][PASSED] - click(findTestObject("Object Repository/DetailPop-up/ExpanSection/ExpandProductSection", ["position":looping])): Object: 'Object Repository/DetailPop-up/ExpanSection/ExpandProductSection' is clicked on

2022-02-14 12:37:35 - [MESSAGE][PASSED] - Object: 'Object Repository/DetailPop-up/ExpanSection/ExpandProductSection' is clicked on

2022-02-14 12:37:35 - [TEST_STEP][PASSED] - delay(3): Delayed 3 second(s)

2022-02-14 12:37:38 - [MESSAGE][PASSED] - Delayed 3 second(s)

2022-02-14 12:37:38 - [TEST_STEP][PASSED] - takeScreenshot(): Taking screenshot successfully

2022-02-14 12:37:38 - [MESSAGE][PASSED] - Taking screenshot successfully
[[ATTACHMENT|/home/intersoft-admin/Rattan/Bash/Training/Rattan/Final_testing/New_ActivityOverview/Reports/20220214_115757/DetailPop-up-BothSideUrlBasedAndNormal/20220214_115804/1644822458492.png]]

2022-02-14 12:37:38 - [TEST_STEP][PASSED] - if (waitForElementVisible(findTestObject("Object Repository/DetailPop-up/InformationSection/Details", ["position":"1", "position2":"1"]), 15) == true): null

2022-02-14 12:37:38 - [MESSAGE][PASSED] - Object 'Object Repository/DetailPop-up/InformationSection/Details' is visible

2022-02-14 12:37:38 - [TEST_STEP][PASSED] - click(findTestObject("Object Repository/DetailPop-up/InformationSection/Details", ["position":"1", "position2":"1"])): Object: 'Object Repository/DetailPop-up/InformationSection/Details' is clicked on

2022-02-14 12:37:42 - [MESSAGE][PASSED] - Object: 'Object Repository/DetailPop-up/InformationSection/Details' is clicked on

2022-02-14 12:37:42 - [TEST_STEP][PASSED] - delay(3): Delayed 3 second(s)

2022-02-14 12:37:45 - [MESSAGE][PASSED] - Delayed 3 second(s)

2022-02-14 12:37:45 - [TEST_STEP][PASSED] - takeScreenshot(): Taking screenshot successfully

2022-02-14 12:37:45 - [MESSAGE][PASSED] - Taking screenshot successfully
[[ATTACHMENT|/home/intersoft-admin/Rattan/Bash/Training/Rattan/Final_testing/New_ActivityOverview/Reports/20220214_115757/DetailPop-up-BothSideUrlBasedAndNormal/20220214_115804/1644822465460.png]]

2022-02-14 12:37:45 - [TEST_STEP][PASSED] - if (waitForElementVisible(findTestObject("Object Repository/DetailPop-up/InformationSection/Details", ["position":"1", "position2":"2"]), 15) == true): null

2022-02-14 12:37:45 - [MESSAGE][PASSED] - Object 'Object Repository/DetailPop-up/InformationSection/Details' is visible

2022-02-14 12:37:45 - [TEST_STEP][PASSED] - click(findTestObject("Object Repository/DetailPop-up/InformationSection/Details", ["position":"1", "position2":"2"])): Object: 'Object Repository/DetailPop-up/InformationSection/Details' is clicked on

2022-02-14 12:37:49 - [MESSAGE][PASSED] - Object: 'Object Repository/DetailPop-up/InformationSection/Details' is clicked on

2022-02-14 12:37:49 - [TEST_STEP][PASSED] - delay(3): Delayed 3 second(s)

2022-02-14 12:37:52 - [MESSAGE][PASSED] - Delayed 3 second(s)

2022-02-14 12:37:52 - [TEST_STEP][PASSED] - takeScreenshot(): Taking screenshot successfully

2022-02-14 12:37:52 - [MESSAGE][PASSED] - Taking screenshot successfully
[[ATTACHMENT|/home/intersoft-admin/Rattan/Bash/Training/Rattan/Final_testing/New_ActivityOverview/Reports/20220214_115757/DetailPop-up-BothSideUrlBasedAndNormal/20220214_115804/1644822472432.png]]

2022-02-14 12:37:52 - [TEST_STEP][PASSED] - if (waitForElementVisible(findTestObject("Object Repository/DetailPop-up/InformationSection/Details", ["position":"1", "position2":"3"]), 15) == true): Object 'Object Repository/DetailPop-up/InformationSection/Details' is not visible after 15 second(s)

2022-02-14 12:38:08 - [MESSAGE][WARNING] - Object 'Object Repository/DetailPop-up/InformationSection/Details' is not visible after 15 second(s)

2022-02-14 12:38:08 - [TEST_STEP][PASSED] - if (waitForElementVisible(findTestObject("Object Repository/DetailPop-up/InformationSection/Details", ["position":"1", "position2":"5"]), 15) == true): Web element with id: 'Object Repository/DetailPop-up/InformationSection/Details' located by '(//div[@class='order-detail-left']//li[@class='order-list confirm hash-link-parent active'])[1]//ul[@class='tabs custom-tabs']//li[5]//a' not found

2022-02-14 12:38:24 - [MESSAGE][INFO] - Unable to find the element located by 'By.xpath: (//div[@class='order-detail-left']//li[@class='order-list confirm hash-link-parent active'])[1]//ul[@class='tabs custom-tabs']//li[5]//a'. Please recheck the objects properties to make sure the desired element is located. 

2022-02-14 12:38:24 - [MESSAGE][WARNING] - [SELF-HEALING] Failed to find element with id 'Object Repository/DetailPop-up/InformationSection/Details'. Try using Self-healing.

2022-02-14 12:38:25 - [MESSAGE][INFO] - [SELF-HEALING] No working XPath is found.

2022-02-14 12:38:26 - [MESSAGE][INFO] - Unable to find the element located by 'By.xpath: '. Please recheck the objects properties to make sure the desired element is located. 

2022-02-14 12:38:26 - [MESSAGE][WARNING] - [SELF-HEALING] Cannot find elements when the selector is null

2022-02-14 12:38:26 - [MESSAGE][WARNING] - Web element with id: 'Object Repository/DetailPop-up/InformationSection/Details' located by '(//div[@class='order-detail-left']//li[@class='order-list confirm hash-link-parent active'])[1]//ul[@class='tabs custom-tabs']//li[5]//a' not found

2022-02-14 12:38:26 - [TEST_STEP][PASSED] - if (waitForElementVisible(findTestObject("Object Repository/DetailPop-up/InformationSection/Details", ["position":"1", "position2":"4"]), 15) == true): null

2022-02-14 12:38:26 - [MESSAGE][PASSED] - Object 'Object Repository/DetailPop-up/InformationSection/Details' is visible

2022-02-14 12:38:26 - [TEST_STEP][PASSED] - click(findTestObject("Object Repository/DetailPop-up/InformationSection/Details", ["position":"1", "position2":"4"])): Object: 'Object Repository/DetailPop-up/InformationSection/Details' is clicked on

2022-02-14 12:38:29 - [MESSAGE][PASSED] - Object: 'Object Repository/DetailPop-up/InformationSection/Details' is clicked on

2022-02-14 12:38:29 - [TEST_STEP][PASSED] - delay(3): Delayed 3 second(s)

2022-02-14 12:38:32 - [MESSAGE][PASSED] - Delayed 3 second(s)

2022-02-14 12:38:32 - [TEST_STEP][PASSED] - takeScreenshot(): Taking screenshot successfully

2022-02-14 12:38:33 - [MESSAGE][PASSED] - Taking screenshot successfully
[[ATTACHMENT|/home/intersoft-admin/Rattan/Bash/Training/Rattan/Final_testing/New_ActivityOverview/Reports/20220214_115757/DetailPop-up-BothSideUrlBasedAndNormal/20220214_115804/1644822513025.png]]

2022-02-14 12:38:33 - [TEST_STEP][PASSED] - if (waitForElementClickable(findTestObject("Object Repository/DetailPop-up/ExpanSection/SubProductList-ClickOnExpandView", ["position":"1"]), 15)): Web element with id: 'Object Repository/DetailPop-up/ExpanSection/SubProductList-ClickOnExpandView' located by '(//div[@class='order-detail-left']//li[@class='order-list order-sub-list confirm hash-link-parent']//i[contains(text(),'expand_more')])[1]' not found

2022-02-14 12:38:49 - [MESSAGE][INFO] - Unable to find the element located by 'By.xpath: (//div[@class='order-detail-left']//li[@class='order-list order-sub-list confirm hash-link-parent']//i[contains(text(),'expand_more')])[1]'. Please recheck the objects properties to make sure the desired element is located. 

2022-02-14 12:38:49 - [MESSAGE][WARNING] - [SELF-HEALING] Failed to find element with id 'Object Repository/DetailPop-up/ExpanSection/SubProductList-ClickOnExpandView'. Try using Self-healing.

2022-02-14 12:38:50 - [MESSAGE][INFO] - [SELF-HEALING] No working XPath is found.

2022-02-14 12:38:51 - [MESSAGE][INFO] - Unable to find the element located by 'By.xpath: '. Please recheck the objects properties to make sure the desired element is located. 

2022-02-14 12:38:51 - [MESSAGE][WARNING] - [SELF-HEALING] Cannot find elements when the selector is null

2022-02-14 12:38:51 - [MESSAGE][WARNING] - Web element with id: 'Object Repository/DetailPop-up/ExpanSection/SubProductList-ClickOnExpandView' located by '(//div[@class='order-detail-left']//li[@class='order-list order-sub-list confirm hash-link-parent']//i[contains(text(),'expand_more')])[1]' not found

2022-02-14 12:38:51 - [MESSAGE][PASSED] - Call Test Case 'Test Cases/NewActivityOverview-LeftNavigation/ActivityOverview-OpenDetailPop-up - CopiedURL' successfully

2022-02-14 12:38:51 - [TEST_STEP][PASSED] - switchToWindowIndex(0): Switched to window with index: '0'

2022-02-14 12:38:51 - [MESSAGE][PASSED] - Switched to window with index: '0'

2022-02-14 12:38:51 - [TEST_STEP][PASSED] - delay(13): Delayed 13 second(s)

2022-02-14 12:39:04 - [MESSAGE][PASSED] - Delayed 13 second(s)

2022-02-14 12:39:04 - [TEST_STEP][PASSED] - switchToFrame(findTestObject("Object Repository/Iframe/NewActivityOverviewIframe"), 5): null

2022-02-14 12:39:04 - [TEST_STEP][PASSED] - click(findTestObject("Object Repository/DetailPop-up/Backbutton/BackButtonToListing")): Object: 'Object Repository/DetailPop-up/Backbutton/BackButtonToListing' is clicked on

2022-02-14 12:39:07 - [MESSAGE][PASSED] - Object: 'Object Repository/DetailPop-up/Backbutton/BackButtonToListing' is clicked on

2022-02-14 12:39:07 - [TEST_STEP][PASSED] - delay(13): Delayed 13 second(s)

2022-02-14 12:39:20 - [MESSAGE][PASSED] - Delayed 13 second(s)

2022-02-14 12:39:20 - [TEST_STEP][PASSED] - if (l <= 5): null

2022-02-14 12:39:20 - [TEST_STEP][PASSED] - paginationvalue = l: null

2022-02-14 12:39:20 - [TEST_STEP][PASSED] - if (l > 5): null

2022-02-14 12:39:20 - [TEST_STEP][PASSED] - logInfo(Size of Pagination: $paginationvalue): Size of Pagination: 3

2022-02-14 12:39:20 - [MESSAGE][INFO] - Size of Pagination: 3

2022-02-14 12:39:20 - [TEST_STEP][PASSED] - click(findTestObject("Object Repository/PaginationCOunt/ClickOnPagination", ["pagination":paginationvalue])): Object: 'Object Repository/PaginationCOunt/ClickOnPagination' is clicked on

2022-02-14 12:39:24 - [MESSAGE][PASSED] - Object: 'Object Repository/PaginationCOunt/ClickOnPagination' is clicked on

2022-02-14 12:39:24 - [TEST_STEP][PASSED] - delay(20): Delayed 20 second(s)

2022-02-14 12:39:44 - [MESSAGE][PASSED] - Delayed 20 second(s)

2022-02-14 12:39:44 - [TEST_STEP][PASSED] - takeScreenshot(): Taking screenshot successfully

2022-02-14 12:39:44 - [MESSAGE][PASSED] - Taking screenshot successfully
[[ATTACHMENT|/home/intersoft-admin/Rattan/Bash/Training/Rattan/Final_testing/New_ActivityOverview/Reports/20220214_115757/DetailPop-up-BothSideUrlBasedAndNormal/20220214_115804/1644822584094.png]]

2022-02-14 12:39:44 - [TEST_STEP][PASSED] - RecordsinListing = findWebElements(findTestObject("Object Repository/ListingArea/RecordsInListing"), 5).size(): null

2022-02-14 12:39:44 - [TEST_STEP][PASSED] - logInfo(Size of Active Bookings: $RecordsinListing): Size of Active Bookings: 100

2022-02-14 12:39:44 - [MESSAGE][INFO] - Size of Active Bookings: 100

2022-02-14 12:39:44 - [TEST_STEP][PASSED] - for ([refund = 1, refund < RecordsinListing, (refund++)]): Delayed 13 second(s)

2022-02-14 12:39:44 - [TEST_STEP][PASSED] - if (refund == 1): null

2022-02-14 12:39:44 - [TEST_STEP][PASSED] - refund = RecordsinListing: null

2022-02-14 12:39:44 - [TEST_STEP][PASSED] - refundvalue = refund: null

2022-02-14 12:39:44 - [TEST_STEP][PASSED] - logInfo(Size of refund booking: $refund): Size of refund booking: 100

2022-02-14 12:39:44 - [MESSAGE][INFO] - Size of refund booking: 100

2022-02-14 12:39:44 - [TEST_STEP][PASSED] - scrollToElement(findTestObject("Object Repository/ListingArea/ClickondetailPOp-up", ["position":refund]), 15): Scroll to object 'Object Repository/ListingArea/ClickondetailPOp-up' successfully

2022-02-14 12:39:44 - [MESSAGE][PASSED] - Scroll to object 'Object Repository/ListingArea/ClickondetailPOp-up' successfully

2022-02-14 12:39:44 - [TEST_STEP][PASSED] - takeScreenshot(): Taking screenshot successfully

2022-02-14 12:39:44 - [MESSAGE][PASSED] - Taking screenshot successfully
[[ATTACHMENT|/home/intersoft-admin/Rattan/Bash/Training/Rattan/Final_testing/New_ActivityOverview/Reports/20220214_115757/DetailPop-up-BothSideUrlBasedAndNormal/20220214_115804/1644822584360.png]]

2022-02-14 12:39:44 - [TEST_STEP][PASSED] - orderId = findWebElement(findTestObject("Object Repository/GetOrderID/GetOrderID", ["position":refund])).getAttribute("data-order_id"): null

2022-02-14 12:39:44 - [TEST_STEP][PASSED] - orderId = orderId: null

2022-02-14 12:39:44 - [TEST_STEP][PASSED] - logInfo(Order ID: $orderId): Order ID: 164440205807642

2022-02-14 12:39:44 - [MESSAGE][INFO] - Order ID: 164440205807642

2022-02-14 12:39:44 - [TEST_STEP][PASSED] - click(findTestObject("Object Repository/GetOrderID/GetOrderID", ["position":refund])): Object: 'Object Repository/GetOrderID/GetOrderID' is clicked on

2022-02-14 12:39:47 - [MESSAGE][PASSED] - Object: 'Object Repository/GetOrderID/GetOrderID' is clicked on

2022-02-14 12:39:47 - [TEST_STEP][PASSED] - delay(20): Delayed 20 second(s)

2022-02-14 12:40:07 - [MESSAGE][PASSED] - Delayed 20 second(s)

2022-02-14 12:40:07 - [TEST_STEP][PASSED] - takeScreenshot(): Taking screenshot successfully

2022-02-14 12:40:07 - [MESSAGE][PASSED] - Taking screenshot successfully
[[ATTACHMENT|/home/intersoft-admin/Rattan/Bash/Training/Rattan/Final_testing/New_ActivityOverview/Reports/20220214_115757/DetailPop-up-BothSideUrlBasedAndNormal/20220214_115804/1644822607720.png]]

2022-02-14 12:40:07 - [TEST_STEP][PASSED] - if (waitForElementPresent(findTestObject("Object Repository/DetailPop-up/ExpanSection/ProductInformationExpandedSection-Exist"), 10)): null

2022-02-14 12:40:07 - [MESSAGE][PASSED] - Object 'Object Repository/DetailPop-up/ExpanSection/ProductInformationExpandedSection-Exist' is present

2022-02-14 12:40:07 - [TEST_STEP][PASSED] - logInfo("Product Expanded Section Exist"): Product Expanded Section Exist

2022-02-14 12:40:07 - [MESSAGE][INFO] - Product Expanded Section Exist

2022-02-14 12:40:07 - [TEST_STEP][PASSED] - click(findTestObject("DetailPop-up/ExpanSection/ProductInformationExpandedSection -Exist- ClickOnExpandedView")): Object: 'Object Repository/DetailPop-up/ExpanSection/ProductInformationExpandedSection -Exist- ClickOnExpandedView' is clicked on

2022-02-14 12:40:11 - [MESSAGE][PASSED] - Object: 'Object Repository/DetailPop-up/ExpanSection/ProductInformationExpandedSection -Exist- ClickOnExpandedView' is clicked on

2022-02-14 12:40:11 - [TEST_STEP][PASSED] - delay(3): Delayed 3 second(s)

2022-02-14 12:40:14 - [MESSAGE][PASSED] - Delayed 3 second(s)

2022-02-14 12:40:14 - [TEST_STEP][PASSED] - takeScreenshot(): Taking screenshot successfully

2022-02-14 12:40:14 - [MESSAGE][PASSED] - Taking screenshot successfully
[[ATTACHMENT|/home/intersoft-admin/Rattan/Bash/Training/Rattan/Final_testing/New_ActivityOverview/Reports/20220214_115757/DetailPop-up-BothSideUrlBasedAndNormal/20220214_115804/1644822614103.png]]

2022-02-14 12:40:14 - [TEST_STEP][PASSED] - bookingsize = findWebElements(findTestObject("Object Repository/DetailPop-up/ExpanSection/ProductSectionLength"), 5).size(): null

2022-02-14 12:40:14 - [TEST_STEP][PASSED] - logInfo(Size of Bookings on Product detail Pop-up: $bookingsize): Size of Bookings on Product detail Pop-up: 1

2022-02-14 12:40:14 - [MESSAGE][INFO] - Size of Bookings on Product detail Pop-up: 1

2022-02-14 12:40:14 - [TEST_STEP][PASSED] - for ([looping = 1, looping <= bookingsize, (looping++)]): null

2022-02-14 12:40:14 - [TEST_STEP][PASSED] - click(findTestObject("Object Repository/DetailPop-up/ExpanSection/ExpandProductSection", ["position":looping])): Object: 'Object Repository/DetailPop-up/ExpanSection/ExpandProductSection' is clicked on

2022-02-14 12:40:17 - [MESSAGE][PASSED] - Object: 'Object Repository/DetailPop-up/ExpanSection/ExpandProductSection' is clicked on

2022-02-14 12:40:17 - [TEST_STEP][PASSED] - delay(3): Delayed 3 second(s)

2022-02-14 12:40:20 - [MESSAGE][PASSED] - Delayed 3 second(s)

2022-02-14 12:40:20 - [TEST_STEP][PASSED] - takeScreenshot(): Taking screenshot successfully

2022-02-14 12:40:20 - [MESSAGE][PASSED] - Taking screenshot successfully
[[ATTACHMENT|/home/intersoft-admin/Rattan/Bash/Training/Rattan/Final_testing/New_ActivityOverview/Reports/20220214_115757/DetailPop-up-BothSideUrlBasedAndNormal/20220214_115804/1644822620421.png]]

2022-02-14 12:40:20 - [TEST_STEP][PASSED] - if (waitForElementVisible(findTestObject("Object Repository/DetailPop-up/InformationSection/Details", ["position":"1", "position2":"1"]), 15) == true): null

2022-02-14 12:40:20 - [MESSAGE][PASSED] - Object 'Object Repository/DetailPop-up/InformationSection/Details' is visible

2022-02-14 12:40:20 - [TEST_STEP][PASSED] - click(findTestObject("Object Repository/DetailPop-up/InformationSection/Details", ["position":"1", "position2":"1"])): Object: 'Object Repository/DetailPop-up/InformationSection/Details' is clicked on

2022-02-14 12:40:23 - [MESSAGE][PASSED] - Object: 'Object Repository/DetailPop-up/InformationSection/Details' is clicked on

2022-02-14 12:40:23 - [TEST_STEP][PASSED] - delay(3): Delayed 3 second(s)

2022-02-14 12:40:26 - [MESSAGE][PASSED] - Delayed 3 second(s)

2022-02-14 12:40:26 - [TEST_STEP][PASSED] - takeScreenshot(): Taking screenshot successfully

2022-02-14 12:40:26 - [MESSAGE][PASSED] - Taking screenshot successfully
[[ATTACHMENT|/home/intersoft-admin/Rattan/Bash/Training/Rattan/Final_testing/New_ActivityOverview/Reports/20220214_115757/DetailPop-up-BothSideUrlBasedAndNormal/20220214_115804/1644822626781.png]]

2022-02-14 12:40:26 - [TEST_STEP][PASSED] - if (waitForElementVisible(findTestObject("Object Repository/DetailPop-up/InformationSection/Details", ["position":"1", "position2":"2"]), 15) == true): null

2022-02-14 12:40:26 - [MESSAGE][PASSED] - Object 'Object Repository/DetailPop-up/InformationSection/Details' is visible

2022-02-14 12:40:26 - [TEST_STEP][PASSED] - click(findTestObject("Object Repository/DetailPop-up/InformationSection/Details", ["position":"1", "position2":"2"])): Object: 'Object Repository/DetailPop-up/InformationSection/Details' is clicked on

2022-02-14 12:40:30 - [MESSAGE][PASSED] - Object: 'Object Repository/DetailPop-up/InformationSection/Details' is clicked on

2022-02-14 12:40:30 - [TEST_STEP][PASSED] - delay(3): Delayed 3 second(s)

2022-02-14 12:40:33 - [MESSAGE][PASSED] - Delayed 3 second(s)

2022-02-14 12:40:33 - [TEST_STEP][PASSED] - takeScreenshot(): Taking screenshot successfully

2022-02-14 12:40:33 - [MESSAGE][PASSED] - Taking screenshot successfully
[[ATTACHMENT|/home/intersoft-admin/Rattan/Bash/Training/Rattan/Final_testing/New_ActivityOverview/Reports/20220214_115757/DetailPop-up-BothSideUrlBasedAndNormal/20220214_115804/1644822633174.png]]

2022-02-14 12:40:33 - [TEST_STEP][PASSED] - if (waitForElementVisible(findTestObject("Object Repository/DetailPop-up/InformationSection/Details", ["position":"1", "position2":"3"]), 15) == true): Object 'Object Repository/DetailPop-up/InformationSection/Details' is not visible after 15 second(s)

2022-02-14 12:40:48 - [MESSAGE][WARNING] - Object 'Object Repository/DetailPop-up/InformationSection/Details' is not visible after 15 second(s)

2022-02-14 12:40:48 - [TEST_STEP][PASSED] - if (waitForElementVisible(findTestObject("Object Repository/DetailPop-up/InformationSection/Details", ["position":"1", "position2":"5"]), 15) == true): Web element with id: 'Object Repository/DetailPop-up/InformationSection/Details' located by '(//div[@class='order-detail-left']//li[@class='order-list confirm hash-link-parent active'])[1]//ul[@class='tabs custom-tabs']//li[5]//a' not found

2022-02-14 12:41:04 - [MESSAGE][INFO] - Unable to find the element located by 'By.xpath: (//div[@class='order-detail-left']//li[@class='order-list confirm hash-link-parent active'])[1]//ul[@class='tabs custom-tabs']//li[5]//a'. Please recheck the objects properties to make sure the desired element is located. 

2022-02-14 12:41:04 - [MESSAGE][WARNING] - [SELF-HEALING] Failed to find element with id 'Object Repository/DetailPop-up/InformationSection/Details'. Try using Self-healing.

2022-02-14 12:41:05 - [MESSAGE][INFO] - [SELF-HEALING] No working XPath is found.

2022-02-14 12:41:06 - [MESSAGE][INFO] - Unable to find the element located by 'By.xpath: '. Please recheck the objects properties to make sure the desired element is located. 

2022-02-14 12:41:06 - [MESSAGE][WARNING] - [SELF-HEALING] Cannot find elements when the selector is null

2022-02-14 12:41:06 - [MESSAGE][WARNING] - Web element with id: 'Object Repository/DetailPop-up/InformationSection/Details' located by '(//div[@class='order-detail-left']//li[@class='order-list confirm hash-link-parent active'])[1]//ul[@class='tabs custom-tabs']//li[5]//a' not found

2022-02-14 12:41:06 - [TEST_STEP][PASSED] - if (waitForElementVisible(findTestObject("Object Repository/DetailPop-up/InformationSection/Details", ["position":"1", "position2":"4"]), 15) == true): null

2022-02-14 12:41:06 - [MESSAGE][PASSED] - Object 'Object Repository/DetailPop-up/InformationSection/Details' is visible

2022-02-14 12:41:06 - [TEST_STEP][PASSED] - click(findTestObject("Object Repository/DetailPop-up/InformationSection/Details", ["position":"1", "position2":"4"])): Object: 'Object Repository/DetailPop-up/InformationSection/Details' is clicked on

2022-02-14 12:41:09 - [MESSAGE][PASSED] - Object: 'Object Repository/DetailPop-up/InformationSection/Details' is clicked on

2022-02-14 12:41:09 - [TEST_STEP][PASSED] - delay(3): Delayed 3 second(s)

2022-02-14 12:41:12 - [MESSAGE][PASSED] - Delayed 3 second(s)

2022-02-14 12:41:12 - [TEST_STEP][PASSED] - takeScreenshot(): Taking screenshot successfully

2022-02-14 12:41:13 - [MESSAGE][PASSED] - Taking screenshot successfully
[[ATTACHMENT|/home/intersoft-admin/Rattan/Bash/Training/Rattan/Final_testing/New_ActivityOverview/Reports/20220214_115757/DetailPop-up-BothSideUrlBasedAndNormal/20220214_115804/1644822672954.png]]

2022-02-14 12:41:13 - [TEST_STEP][PASSED] - if (waitForElementClickable(findTestObject("Object Repository/DetailPop-up/ExpanSection/SubProductList-ClickOnExpandView", ["position":"1"]), 15)): Web element with id: 'Object Repository/DetailPop-up/ExpanSection/SubProductList-ClickOnExpandView' located by '(//div[@class='order-detail-left']//li[@class='order-list order-sub-list confirm hash-link-parent']//i[contains(text(),'expand_more')])[1]' not found

2022-02-14 12:41:29 - [MESSAGE][INFO] - Unable to find the element located by 'By.xpath: (//div[@class='order-detail-left']//li[@class='order-list order-sub-list confirm hash-link-parent']//i[contains(text(),'expand_more')])[1]'. Please recheck the objects properties to make sure the desired element is located. 

2022-02-14 12:41:29 - [MESSAGE][WARNING] - [SELF-HEALING] Failed to find element with id 'Object Repository/DetailPop-up/ExpanSection/SubProductList-ClickOnExpandView'. Try using Self-healing.

2022-02-14 12:41:30 - [MESSAGE][INFO] - [SELF-HEALING] No working XPath is found.

2022-02-14 12:41:31 - [MESSAGE][INFO] - Unable to find the element located by 'By.xpath: '. Please recheck the objects properties to make sure the desired element is located. 

2022-02-14 12:41:31 - [MESSAGE][WARNING] - [SELF-HEALING] Cannot find elements when the selector is null

2022-02-14 12:41:31 - [MESSAGE][WARNING] - Web element with id: 'Object Repository/DetailPop-up/ExpanSection/SubProductList-ClickOnExpandView' located by '(//div[@class='order-detail-left']//li[@class='order-list order-sub-list confirm hash-link-parent']//i[contains(text(),'expand_more')])[1]' not found

2022-02-14 12:41:31 - [TEST_STEP][PASSED] - callTestCase(findTestCase("Test Cases/StepToReUse/StepTOCopyURLAndAddAnotherTab"), [:], CONTINUE_ON_FAILURE): Call Test Case 'Test Cases/StepToReUse/StepTOCopyURLAndAddAnotherTab' successfully

2022-02-14 12:41:31 - [TEST_CASE][PASSED] - Test Cases/StepToReUse/StepTOCopyURLAndAddAnotherTab: Test Cases/StepToReUse/StepTOCopyURLAndAddAnotherTab

2022-02-14 12:41:31 - [TEST_STEP][PASSED] - click(findTestObject("Object Repository/Header/Preview/ClickOnPreviewIcon")): Object: 'Object Repository/Header/Preview/ClickOnPreviewIcon' is clicked on

2022-02-14 12:41:34 - [MESSAGE][PASSED] - Object: 'Object Repository/Header/Preview/ClickOnPreviewIcon' is clicked on

2022-02-14 12:41:34 - [TEST_STEP][PASSED] - delay(10): Delayed 10 second(s)

2022-02-14 12:41:44 - [MESSAGE][PASSED] - Delayed 10 second(s)

2022-02-14 12:41:44 - [TEST_STEP][PASSED] - takeScreenshot(): Taking screenshot successfully

2022-02-14 12:41:44 - [MESSAGE][PASSED] - Taking screenshot successfully
[[ATTACHMENT|/home/intersoft-admin/Rattan/Bash/Training/Rattan/Final_testing/New_ActivityOverview/Reports/20220214_115757/DetailPop-up-BothSideUrlBasedAndNormal/20220214_115804/1644822704390.png]]

2022-02-14 12:41:44 - [TEST_STEP][PASSED] - click(findTestObject("Object Repository/Header/Preview/PrintVoucher")): Object: 'Object Repository/Header/Preview/PrintVoucher' is clicked on

2022-02-14 12:41:47 - [MESSAGE][PASSED] - Object: 'Object Repository/Header/Preview/PrintVoucher' is clicked on

2022-02-14 12:41:47 - [TEST_STEP][PASSED] - delay(10): Delayed 10 second(s)

2022-02-14 12:41:57 - [MESSAGE][PASSED] - Delayed 10 second(s)

2022-02-14 12:41:57 - [TEST_STEP][PASSED] - takeScreenshot(): Taking screenshot successfully

2022-02-14 12:41:57 - [MESSAGE][PASSED] - Taking screenshot successfully
[[ATTACHMENT|/home/intersoft-admin/Rattan/Bash/Training/Rattan/Final_testing/New_ActivityOverview/Reports/20220214_115757/DetailPop-up-BothSideUrlBasedAndNormal/20220214_115804/1644822717671.png]]

2022-02-14 12:41:57 - [TEST_STEP][PASSED] - UrlToClick = findWebElement(findTestObject("Object Repository/Header/CopyUrl/CopyUrl")).getAttribute("data-href_url"): null

2022-02-14 12:41:57 - [TEST_STEP][PASSED] - println(UrlToClick): null

2022-02-14 12:41:57 - [TEST_STEP][PASSED] - ActivityUrl = UrlToClick: null

2022-02-14 12:41:57 - [TEST_STEP][PASSED] - switchToWindowIndex(1): Switched to window with index: '1'

2022-02-14 12:41:57 - [MESSAGE][PASSED] - Switched to window with index: '1'

2022-02-14 12:41:57 - [TEST_STEP][PASSED] - delay(5): Delayed 5 second(s)

2022-02-14 12:42:02 - [MESSAGE][PASSED] - Delayed 5 second(s)

2022-02-14 12:42:02 - [TEST_STEP][PASSED] - navigateToUrl(ActivityUrl): Navigate to 'https://activity.test-prio.com/orders/164440205807642' successfully

2022-02-14 12:42:07 - [MESSAGE][PASSED] - Navigate to 'https://activity.test-prio.com/orders/164440205807642' successfully

2022-02-14 12:42:07 - [TEST_STEP][PASSED] - takeScreenshot(): Taking screenshot successfully

2022-02-14 12:42:07 - [MESSAGE][PASSED] - Taking screenshot successfully
[[ATTACHMENT|/home/intersoft-admin/Rattan/Bash/Training/Rattan/Final_testing/New_ActivityOverview/Reports/20220214_115757/DetailPop-up-BothSideUrlBasedAndNormal/20220214_115804/1644822727752.png]]

2022-02-14 12:42:07 - [TEST_STEP][PASSED] - switchToDefaultContent(): null

2022-02-14 12:42:07 - [MESSAGE][PASSED] - Call Test Case 'Test Cases/StepToReUse/StepTOCopyURLAndAddAnotherTab' successfully

2022-02-14 12:42:07 - [TEST_STEP][PASSED] - callTestCase(findTestCase("Test Cases/NewActivityOverview-LeftNavigation/ActivityOverview-OpenDetailPop-up - CopiedURL"), [:], CONTINUE_ON_FAILURE): Call Test Case 'Test Cases/NewActivityOverview-LeftNavigation/ActivityOverview-OpenDetailPop-up - CopiedURL' successfully

2022-02-14 12:42:07 - [TEST_CASE][PASSED] - Test Cases/NewActivityOverview-LeftNavigation/ActivityOverview-OpenDetailPop-up - CopiedURL: Test Cases/NewActivityOverview-LeftNavigation/ActivityOverview-OpenDetailPop-up - CopiedURL

2022-02-14 12:42:07 - [TEST_STEP][PASSED] - switchToWindowIndex(1): Switched to window with index: '1'

2022-02-14 12:42:07 - [MESSAGE][PASSED] - Switched to window with index: '1'

2022-02-14 12:42:07 - [TEST_STEP][PASSED] - delay(5): Delayed 5 second(s)

2022-02-14 12:42:13 - [MESSAGE][PASSED] - Delayed 5 second(s)

2022-02-14 12:42:13 - [TEST_STEP][PASSED] - navigateToUrl(ActivityUrl): Navigate to 'https://activity.test-prio.com/orders/164440205807642' successfully

2022-02-14 12:42:17 - [MESSAGE][PASSED] - Navigate to 'https://activity.test-prio.com/orders/164440205807642' successfully

2022-02-14 12:42:17 - [TEST_STEP][PASSED] - takeScreenshot(): Taking screenshot successfully

2022-02-14 12:42:17 - [MESSAGE][PASSED] - Taking screenshot successfully
[[ATTACHMENT|/home/intersoft-admin/Rattan/Bash/Training/Rattan/Final_testing/New_ActivityOverview/Reports/20220214_115757/DetailPop-up-BothSideUrlBasedAndNormal/20220214_115804/1644822737727.png]]

2022-02-14 12:42:17 - [TEST_STEP][PASSED] - switchToDefaultContent(): null

2022-02-14 12:42:17 - [TEST_STEP][PASSED] - if (waitForElementPresent(findTestObject("Object Repository/DetailPop-up/ExpanSection/ProductInformationExpandedSection-Exist"), 10)): Object 'Object Repository/DetailPop-up/ExpanSection/ProductInformationExpandedSection-Exist' is not present after 10 second(s)

2022-02-14 12:42:28 - [MESSAGE][INFO] - Unable to find the element located by 'By.xpath: //div[@class='order-detail-left']//li[@class='order-list confirm hash-link-parent active']'. Please recheck the objects properties to make sure the desired element is located. 

2022-02-14 12:42:28 - [MESSAGE][WARNING] - [SELF-HEALING] Failed to find element with id 'Object Repository/DetailPop-up/ExpanSection/ProductInformationExpandedSection-Exist'. Try using Self-healing.

2022-02-14 12:42:29 - [MESSAGE][INFO] - [SELF-HEALING] No working XPath is found.

2022-02-14 12:42:31 - [MESSAGE][INFO] - Unable to find the element located by 'By.xpath: '. Please recheck the objects properties to make sure the desired element is located. 

2022-02-14 12:42:31 - [MESSAGE][WARNING] - [SELF-HEALING] Cannot find elements when the selector is null

2022-02-14 12:42:31 - [MESSAGE][WARNING] - Object 'Object Repository/DetailPop-up/ExpanSection/ProductInformationExpandedSection-Exist' is not present after 10 second(s)

2022-02-14 12:42:31 - [TEST_STEP][PASSED] - bookingsize = findWebElements(findTestObject("Object Repository/DetailPop-up/ExpanSection/ProductSectionLength"), 5).size(): null

2022-02-14 12:42:31 - [TEST_STEP][PASSED] - logInfo(Size of Bookings on Product detail Pop-up: $bookingsize): Size of Bookings on Product detail Pop-up: 1

2022-02-14 12:42:31 - [MESSAGE][INFO] - Size of Bookings on Product detail Pop-up: 1

2022-02-14 12:42:31 - [TEST_STEP][PASSED] - for ([looping = 1, looping <= bookingsize, (looping++)]): null

2022-02-14 12:42:31 - [TEST_STEP][PASSED] - click(findTestObject("Object Repository/DetailPop-up/ExpanSection/ExpandProductSection", ["position":looping])): Object: 'Object Repository/DetailPop-up/ExpanSection/ExpandProductSection' is clicked on

2022-02-14 12:42:34 - [MESSAGE][PASSED] - Object: 'Object Repository/DetailPop-up/ExpanSection/ExpandProductSection' is clicked on

2022-02-14 12:42:34 - [TEST_STEP][PASSED] - delay(3): Delayed 3 second(s)

2022-02-14 12:42:37 - [MESSAGE][PASSED] - Delayed 3 second(s)

2022-02-14 12:42:37 - [TEST_STEP][PASSED] - takeScreenshot(): Taking screenshot successfully

2022-02-14 12:42:37 - [MESSAGE][PASSED] - Taking screenshot successfully
[[ATTACHMENT|/home/intersoft-admin/Rattan/Bash/Training/Rattan/Final_testing/New_ActivityOverview/Reports/20220214_115757/DetailPop-up-BothSideUrlBasedAndNormal/20220214_115804/1644822757831.png]]

2022-02-14 12:42:37 - [TEST_STEP][PASSED] - if (waitForElementVisible(findTestObject("Object Repository/DetailPop-up/InformationSection/Details", ["position":"1", "position2":"1"]), 15) == true): null

2022-02-14 12:42:38 - [MESSAGE][PASSED] - Object 'Object Repository/DetailPop-up/InformationSection/Details' is visible

2022-02-14 12:42:38 - [TEST_STEP][PASSED] - click(findTestObject("Object Repository/DetailPop-up/InformationSection/Details", ["position":"1", "position2":"1"])): Object: 'Object Repository/DetailPop-up/InformationSection/Details' is clicked on

2022-02-14 12:42:41 - [MESSAGE][PASSED] - Object: 'Object Repository/DetailPop-up/InformationSection/Details' is clicked on

2022-02-14 12:42:41 - [TEST_STEP][PASSED] - delay(3): Delayed 3 second(s)

2022-02-14 12:42:44 - [MESSAGE][PASSED] - Delayed 3 second(s)

2022-02-14 12:42:44 - [TEST_STEP][PASSED] - takeScreenshot(): Taking screenshot successfully

2022-02-14 12:42:44 - [MESSAGE][PASSED] - Taking screenshot successfully
[[ATTACHMENT|/home/intersoft-admin/Rattan/Bash/Training/Rattan/Final_testing/New_ActivityOverview/Reports/20220214_115757/DetailPop-up-BothSideUrlBasedAndNormal/20220214_115804/1644822764787.png]]

2022-02-14 12:42:44 - [TEST_STEP][PASSED] - if (waitForElementVisible(findTestObject("Object Repository/DetailPop-up/InformationSection/Details", ["position":"1", "position2":"2"]), 15) == true): null

2022-02-14 12:42:45 - [MESSAGE][PASSED] - Object 'Object Repository/DetailPop-up/InformationSection/Details' is visible

2022-02-14 12:42:45 - [TEST_STEP][PASSED] - click(findTestObject("Object Repository/DetailPop-up/InformationSection/Details", ["position":"1", "position2":"2"])): Object: 'Object Repository/DetailPop-up/InformationSection/Details' is clicked on

2022-02-14 12:42:48 - [MESSAGE][PASSED] - Object: 'Object Repository/DetailPop-up/InformationSection/Details' is clicked on

2022-02-14 12:42:48 - [TEST_STEP][PASSED] - delay(3): Delayed 3 second(s)

2022-02-14 12:42:51 - [MESSAGE][PASSED] - Delayed 3 second(s)

2022-02-14 12:42:51 - [TEST_STEP][PASSED] - takeScreenshot(): Taking screenshot successfully

2022-02-14 12:42:51 - [MESSAGE][PASSED] - Taking screenshot successfully
[[ATTACHMENT|/home/intersoft-admin/Rattan/Bash/Training/Rattan/Final_testing/New_ActivityOverview/Reports/20220214_115757/DetailPop-up-BothSideUrlBasedAndNormal/20220214_115804/1644822771757.png]]

2022-02-14 12:42:51 - [TEST_STEP][PASSED] - if (waitForElementVisible(findTestObject("Object Repository/DetailPop-up/InformationSection/Details", ["position":"1", "position2":"3"]), 15) == true): Object 'Object Repository/DetailPop-up/InformationSection/Details' is not visible after 15 second(s)

2022-02-14 12:43:07 - [MESSAGE][WARNING] - Object 'Object Repository/DetailPop-up/InformationSection/Details' is not visible after 15 second(s)

2022-02-14 12:43:07 - [TEST_STEP][PASSED] - if (waitForElementVisible(findTestObject("Object Repository/DetailPop-up/InformationSection/Details", ["position":"1", "position2":"5"]), 15) == true): Web element with id: 'Object Repository/DetailPop-up/InformationSection/Details' located by '(//div[@class='order-detail-left']//li[@class='order-list confirm hash-link-parent active'])[1]//ul[@class='tabs custom-tabs']//li[5]//a' not found

2022-02-14 12:43:23 - [MESSAGE][INFO] - Unable to find the element located by 'By.xpath: (//div[@class='order-detail-left']//li[@class='order-list confirm hash-link-parent active'])[1]//ul[@class='tabs custom-tabs']//li[5]//a'. Please recheck the objects properties to make sure the desired element is located. 

2022-02-14 12:43:23 - [MESSAGE][WARNING] - [SELF-HEALING] Failed to find element with id 'Object Repository/DetailPop-up/InformationSection/Details'. Try using Self-healing.

2022-02-14 12:43:24 - [MESSAGE][INFO] - [SELF-HEALING] No working XPath is found.

2022-02-14 12:43:25 - [MESSAGE][INFO] - Unable to find the element located by 'By.xpath: '. Please recheck the objects properties to make sure the desired element is located. 

2022-02-14 12:43:25 - [MESSAGE][WARNING] - [SELF-HEALING] Cannot find elements when the selector is null

2022-02-14 12:43:25 - [MESSAGE][WARNING] - Web element with id: 'Object Repository/DetailPop-up/InformationSection/Details' located by '(//div[@class='order-detail-left']//li[@class='order-list confirm hash-link-parent active'])[1]//ul[@class='tabs custom-tabs']//li[5]//a' not found

2022-02-14 12:43:25 - [TEST_STEP][PASSED] - if (waitForElementVisible(findTestObject("Object Repository/DetailPop-up/InformationSection/Details", ["position":"1", "position2":"4"]), 15) == true): null

2022-02-14 12:43:25 - [MESSAGE][PASSED] - Object 'Object Repository/DetailPop-up/InformationSection/Details' is visible

2022-02-14 12:43:25 - [TEST_STEP][PASSED] - click(findTestObject("Object Repository/DetailPop-up/InformationSection/Details", ["position":"1", "position2":"4"])): Object: 'Object Repository/DetailPop-up/InformationSection/Details' is clicked on

2022-02-14 12:43:29 - [MESSAGE][PASSED] - Object: 'Object Repository/DetailPop-up/InformationSection/Details' is clicked on

2022-02-14 12:43:29 - [TEST_STEP][PASSED] - delay(3): Delayed 3 second(s)

2022-02-14 12:43:32 - [MESSAGE][PASSED] - Delayed 3 second(s)

2022-02-14 12:43:32 - [TEST_STEP][PASSED] - takeScreenshot(): Taking screenshot successfully

2022-02-14 12:43:32 - [MESSAGE][PASSED] - Taking screenshot successfully
[[ATTACHMENT|/home/intersoft-admin/Rattan/Bash/Training/Rattan/Final_testing/New_ActivityOverview/Reports/20220214_115757/DetailPop-up-BothSideUrlBasedAndNormal/20220214_115804/1644822812400.png]]

2022-02-14 12:43:32 - [TEST_STEP][PASSED] - if (waitForElementClickable(findTestObject("Object Repository/DetailPop-up/ExpanSection/SubProductList-ClickOnExpandView", ["position":"1"]), 15)): Web element with id: 'Object Repository/DetailPop-up/ExpanSection/SubProductList-ClickOnExpandView' located by '(//div[@class='order-detail-left']//li[@class='order-list order-sub-list confirm hash-link-parent']//i[contains(text(),'expand_more')])[1]' not found

2022-02-14 12:43:48 - [MESSAGE][INFO] - Unable to find the element located by 'By.xpath: (//div[@class='order-detail-left']//li[@class='order-list order-sub-list confirm hash-link-parent']//i[contains(text(),'expand_more')])[1]'. Please recheck the objects properties to make sure the desired element is located. 

2022-02-14 12:43:48 - [MESSAGE][WARNING] - [SELF-HEALING] Failed to find element with id 'Object Repository/DetailPop-up/ExpanSection/SubProductList-ClickOnExpandView'. Try using Self-healing.

2022-02-14 12:43:49 - [MESSAGE][INFO] - [SELF-HEALING] No working XPath is found.

2022-02-14 12:43:50 - [MESSAGE][INFO] - Unable to find the element located by 'By.xpath: '. Please recheck the objects properties to make sure the desired element is located. 

2022-02-14 12:43:50 - [MESSAGE][WARNING] - [SELF-HEALING] Cannot find elements when the selector is null

2022-02-14 12:43:50 - [MESSAGE][WARNING] - Web element with id: 'Object Repository/DetailPop-up/ExpanSection/SubProductList-ClickOnExpandView' located by '(//div[@class='order-detail-left']//li[@class='order-list order-sub-list confirm hash-link-parent']//i[contains(text(),'expand_more')])[1]' not found

2022-02-14 12:43:50 - [MESSAGE][PASSED] - Call Test Case 'Test Cases/NewActivityOverview-LeftNavigation/ActivityOverview-OpenDetailPop-up - CopiedURL' successfully

2022-02-14 12:43:50 - [TEST_STEP][PASSED] - switchToWindowIndex(0): Switched to window with index: '0'

2022-02-14 12:43:50 - [MESSAGE][PASSED] - Switched to window with index: '0'

2022-02-14 12:43:50 - [TEST_STEP][PASSED] - delay(13): Delayed 13 second(s)

2022-02-14 12:44:03 - [MESSAGE][PASSED] - Delayed 13 second(s)

2022-02-14 12:44:03 - [TEST_STEP][PASSED] - switchToFrame(findTestObject("Object Repository/Iframe/NewActivityOverviewIframe"), 5): null

2022-02-14 12:44:03 - [TEST_STEP][PASSED] - click(findTestObject("Object Repository/DetailPop-up/Backbutton/BackButtonToListing")): Object: 'Object Repository/DetailPop-up/Backbutton/BackButtonToListing' is clicked on

2022-02-14 12:44:07 - [MESSAGE][PASSED] - Object: 'Object Repository/DetailPop-up/Backbutton/BackButtonToListing' is clicked on

2022-02-14 12:44:07 - [TEST_STEP][PASSED] - delay(13): Delayed 13 second(s)

2022-02-14 12:44:20 - [MESSAGE][PASSED] - Delayed 13 second(s)

2022-02-14 12:44:20 - [TEST_STEP][PASSED] - if (l <= 5): null

2022-02-14 12:44:20 - [TEST_STEP][PASSED] - paginationvalue = l: null

2022-02-14 12:44:20 - [TEST_STEP][PASSED] - if (l > 5): null

2022-02-14 12:44:20 - [TEST_STEP][PASSED] - logInfo(Size of Pagination: $paginationvalue): Size of Pagination: 4

2022-02-14 12:44:20 - [MESSAGE][INFO] - Size of Pagination: 4

2022-02-14 12:44:20 - [TEST_STEP][PASSED] - click(findTestObject("Object Repository/PaginationCOunt/ClickOnPagination", ["pagination":paginationvalue])): Object: 'Object Repository/PaginationCOunt/ClickOnPagination' is clicked on

2022-02-14 12:44:23 - [MESSAGE][PASSED] - Object: 'Object Repository/PaginationCOunt/ClickOnPagination' is clicked on

2022-02-14 12:44:23 - [TEST_STEP][PASSED] - delay(20): Delayed 20 second(s)

2022-02-14 12:44:43 - [MESSAGE][PASSED] - Delayed 20 second(s)

2022-02-14 12:44:43 - [TEST_STEP][PASSED] - takeScreenshot(): Taking screenshot successfully

2022-02-14 12:44:43 - [MESSAGE][PASSED] - Taking screenshot successfully
[[ATTACHMENT|/home/intersoft-admin/Rattan/Bash/Training/Rattan/Final_testing/New_ActivityOverview/Reports/20220214_115757/DetailPop-up-BothSideUrlBasedAndNormal/20220214_115804/1644822883490.png]]

2022-02-14 12:44:43 - [TEST_STEP][PASSED] - RecordsinListing = findWebElements(findTestObject("Object Repository/ListingArea/RecordsInListing"), 5).size(): null

2022-02-14 12:44:43 - [TEST_STEP][PASSED] - logInfo(Size of Active Bookings: $RecordsinListing): Size of Active Bookings: 100

2022-02-14 12:44:43 - [MESSAGE][INFO] - Size of Active Bookings: 100

2022-02-14 12:44:43 - [TEST_STEP][PASSED] - for ([refund = 1, refund < RecordsinListing, (refund++)]): Delayed 13 second(s)

2022-02-14 12:44:43 - [TEST_STEP][PASSED] - if (refund == 1): null

2022-02-14 12:44:43 - [TEST_STEP][PASSED] - refund = RecordsinListing: null

2022-02-14 12:44:43 - [TEST_STEP][PASSED] - refundvalue = refund: null

2022-02-14 12:44:43 - [TEST_STEP][PASSED] - logInfo(Size of refund booking: $refund): Size of refund booking: 100

2022-02-14 12:44:43 - [MESSAGE][INFO] - Size of refund booking: 100

2022-02-14 12:44:43 - [TEST_STEP][PASSED] - scrollToElement(findTestObject("Object Repository/ListingArea/ClickondetailPOp-up", ["position":refund]), 15): Scroll to object 'Object Repository/ListingArea/ClickondetailPOp-up' successfully

2022-02-14 12:44:43 - [MESSAGE][PASSED] - Scroll to object 'Object Repository/ListingArea/ClickondetailPOp-up' successfully

2022-02-14 12:44:43 - [TEST_STEP][PASSED] - takeScreenshot(): Taking screenshot successfully

2022-02-14 12:44:43 - [MESSAGE][PASSED] - Taking screenshot successfully
[[ATTACHMENT|/home/intersoft-admin/Rattan/Bash/Training/Rattan/Final_testing/New_ActivityOverview/Reports/20220214_115757/DetailPop-up-BothSideUrlBasedAndNormal/20220214_115804/1644822883756.png]]

2022-02-14 12:44:43 - [TEST_STEP][PASSED] - orderId = findWebElement(findTestObject("Object Repository/GetOrderID/GetOrderID", ["position":refund])).getAttribute("data-order_id"): null

2022-02-14 12:44:43 - [TEST_STEP][PASSED] - orderId = orderId: null

2022-02-14 12:44:43 - [TEST_STEP][PASSED] - logInfo(Order ID: $orderId): Order ID: 164431448897728

2022-02-14 12:44:43 - [MESSAGE][INFO] - Order ID: 164431448897728

2022-02-14 12:44:43 - [TEST_STEP][PASSED] - click(findTestObject("Object Repository/GetOrderID/GetOrderID", ["position":refund])): Object: 'Object Repository/GetOrderID/GetOrderID' is clicked on

2022-02-14 12:44:47 - [MESSAGE][PASSED] - Object: 'Object Repository/GetOrderID/GetOrderID' is clicked on

2022-02-14 12:44:47 - [TEST_STEP][PASSED] - delay(20): Delayed 20 second(s)

2022-02-14 12:45:07 - [MESSAGE][PASSED] - Delayed 20 second(s)

2022-02-14 12:45:07 - [TEST_STEP][PASSED] - takeScreenshot(): Taking screenshot successfully

2022-02-14 12:45:07 - [MESSAGE][PASSED] - Taking screenshot successfully
[[ATTACHMENT|/home/intersoft-admin/Rattan/Bash/Training/Rattan/Final_testing/New_ActivityOverview/Reports/20220214_115757/DetailPop-up-BothSideUrlBasedAndNormal/20220214_115804/1644822907124.png]]

2022-02-14 12:45:07 - [TEST_STEP][PASSED] - if (waitForElementPresent(findTestObject("Object Repository/DetailPop-up/ExpanSection/ProductInformationExpandedSection-Exist"), 10)): null

2022-02-14 12:45:07 - [MESSAGE][PASSED] - Object 'Object Repository/DetailPop-up/ExpanSection/ProductInformationExpandedSection-Exist' is present

2022-02-14 12:45:07 - [TEST_STEP][PASSED] - logInfo("Product Expanded Section Exist"): Product Expanded Section Exist

2022-02-14 12:45:07 - [MESSAGE][INFO] - Product Expanded Section Exist

2022-02-14 12:45:07 - [TEST_STEP][PASSED] - click(findTestObject("DetailPop-up/ExpanSection/ProductInformationExpandedSection -Exist- ClickOnExpandedView")): Object: 'Object Repository/DetailPop-up/ExpanSection/ProductInformationExpandedSection -Exist- ClickOnExpandedView' is clicked on

2022-02-14 12:45:10 - [MESSAGE][PASSED] - Object: 'Object Repository/DetailPop-up/ExpanSection/ProductInformationExpandedSection -Exist- ClickOnExpandedView' is clicked on

2022-02-14 12:45:10 - [TEST_STEP][PASSED] - delay(3): Delayed 3 second(s)

2022-02-14 12:45:13 - [MESSAGE][PASSED] - Delayed 3 second(s)

2022-02-14 12:45:13 - [TEST_STEP][PASSED] - takeScreenshot(): Taking screenshot successfully

2022-02-14 12:45:13 - [MESSAGE][PASSED] - Taking screenshot successfully
[[ATTACHMENT|/home/intersoft-admin/Rattan/Bash/Training/Rattan/Final_testing/New_ActivityOverview/Reports/20220214_115757/DetailPop-up-BothSideUrlBasedAndNormal/20220214_115804/1644822913478.png]]

2022-02-14 12:45:13 - [TEST_STEP][PASSED] - bookingsize = findWebElements(findTestObject("Object Repository/DetailPop-up/ExpanSection/ProductSectionLength"), 5).size(): null

2022-02-14 12:45:13 - [TEST_STEP][PASSED] - logInfo(Size of Bookings on Product detail Pop-up: $bookingsize): Size of Bookings on Product detail Pop-up: 1

2022-02-14 12:45:13 - [MESSAGE][INFO] - Size of Bookings on Product detail Pop-up: 1

2022-02-14 12:45:13 - [TEST_STEP][PASSED] - for ([looping = 1, looping <= bookingsize, (looping++)]): null

2022-02-14 12:45:13 - [TEST_STEP][PASSED] - click(findTestObject("Object Repository/DetailPop-up/ExpanSection/ExpandProductSection", ["position":looping])): Object: 'Object Repository/DetailPop-up/ExpanSection/ExpandProductSection' is clicked on

2022-02-14 12:45:16 - [MESSAGE][PASSED] - Object: 'Object Repository/DetailPop-up/ExpanSection/ExpandProductSection' is clicked on

2022-02-14 12:45:16 - [TEST_STEP][PASSED] - delay(3): Delayed 3 second(s)

2022-02-14 12:45:19 - [MESSAGE][PASSED] - Delayed 3 second(s)

2022-02-14 12:45:19 - [TEST_STEP][PASSED] - takeScreenshot(): Taking screenshot successfully

2022-02-14 12:45:19 - [MESSAGE][PASSED] - Taking screenshot successfully
[[ATTACHMENT|/home/intersoft-admin/Rattan/Bash/Training/Rattan/Final_testing/New_ActivityOverview/Reports/20220214_115757/DetailPop-up-BothSideUrlBasedAndNormal/20220214_115804/1644822919811.png]]

2022-02-14 12:45:19 - [TEST_STEP][PASSED] - if (waitForElementVisible(findTestObject("Object Repository/DetailPop-up/InformationSection/Details", ["position":"1", "position2":"1"]), 15) == true): null

2022-02-14 12:45:20 - [MESSAGE][PASSED] - Object 'Object Repository/DetailPop-up/InformationSection/Details' is visible

2022-02-14 12:45:20 - [TEST_STEP][PASSED] - click(findTestObject("Object Repository/DetailPop-up/InformationSection/Details", ["position":"1", "position2":"1"])): Object: 'Object Repository/DetailPop-up/InformationSection/Details' is clicked on

2022-02-14 12:45:23 - [MESSAGE][PASSED] - Object: 'Object Repository/DetailPop-up/InformationSection/Details' is clicked on

2022-02-14 12:45:23 - [TEST_STEP][PASSED] - delay(3): Delayed 3 second(s)

2022-02-14 12:45:26 - [MESSAGE][PASSED] - Delayed 3 second(s)

2022-02-14 12:45:26 - [TEST_STEP][PASSED] - takeScreenshot(): Taking screenshot successfully

2022-02-14 12:45:26 - [MESSAGE][PASSED] - Taking screenshot successfully
[[ATTACHMENT|/home/intersoft-admin/Rattan/Bash/Training/Rattan/Final_testing/New_ActivityOverview/Reports/20220214_115757/DetailPop-up-BothSideUrlBasedAndNormal/20220214_115804/1644822926245.png]]

2022-02-14 12:45:26 - [TEST_STEP][PASSED] - if (waitForElementVisible(findTestObject("Object Repository/DetailPop-up/InformationSection/Details", ["position":"1", "position2":"2"]), 15) == true): null

2022-02-14 12:45:26 - [MESSAGE][PASSED] - Object 'Object Repository/DetailPop-up/InformationSection/Details' is visible

2022-02-14 12:45:26 - [TEST_STEP][PASSED] - click(findTestObject("Object Repository/DetailPop-up/InformationSection/Details", ["position":"1", "position2":"2"])): Object: 'Object Repository/DetailPop-up/InformationSection/Details' is clicked on

2022-02-14 12:45:29 - [MESSAGE][PASSED] - Object: 'Object Repository/DetailPop-up/InformationSection/Details' is clicked on

2022-02-14 12:45:29 - [TEST_STEP][PASSED] - delay(3): Delayed 3 second(s)

2022-02-14 12:45:32 - [MESSAGE][PASSED] - Delayed 3 second(s)

2022-02-14 12:45:32 - [TEST_STEP][PASSED] - takeScreenshot(): Taking screenshot successfully

2022-02-14 12:45:32 - [MESSAGE][PASSED] - Taking screenshot successfully
[[ATTACHMENT|/home/intersoft-admin/Rattan/Bash/Training/Rattan/Final_testing/New_ActivityOverview/Reports/20220214_115757/DetailPop-up-BothSideUrlBasedAndNormal/20220214_115804/1644822932609.png]]

2022-02-14 12:45:32 - [TEST_STEP][PASSED] - if (waitForElementVisible(findTestObject("Object Repository/DetailPop-up/InformationSection/Details", ["position":"1", "position2":"3"]), 15) == true): Object 'Object Repository/DetailPop-up/InformationSection/Details' is not visible after 15 second(s)

2022-02-14 12:45:48 - [MESSAGE][WARNING] - Object 'Object Repository/DetailPop-up/InformationSection/Details' is not visible after 15 second(s)

2022-02-14 12:45:48 - [TEST_STEP][PASSED] - if (waitForElementVisible(findTestObject("Object Repository/DetailPop-up/InformationSection/Details", ["position":"1", "position2":"5"]), 15) == true): Web element with id: 'Object Repository/DetailPop-up/InformationSection/Details' located by '(//div[@class='order-detail-left']//li[@class='order-list confirm hash-link-parent active'])[1]//ul[@class='tabs custom-tabs']//li[5]//a' not found

2022-02-14 12:46:04 - [MESSAGE][INFO] - Unable to find the element located by 'By.xpath: (//div[@class='order-detail-left']//li[@class='order-list confirm hash-link-parent active'])[1]//ul[@class='tabs custom-tabs']//li[5]//a'. Please recheck the objects properties to make sure the desired element is located. 

2022-02-14 12:46:04 - [MESSAGE][WARNING] - [SELF-HEALING] Failed to find element with id 'Object Repository/DetailPop-up/InformationSection/Details'. Try using Self-healing.

2022-02-14 12:46:05 - [MESSAGE][INFO] - [SELF-HEALING] No working XPath is found.

2022-02-14 12:46:06 - [MESSAGE][INFO] - Unable to find the element located by 'By.xpath: '. Please recheck the objects properties to make sure the desired element is located. 

2022-02-14 12:46:06 - [MESSAGE][WARNING] - [SELF-HEALING] Cannot find elements when the selector is null

2022-02-14 12:46:06 - [MESSAGE][WARNING] - Web element with id: 'Object Repository/DetailPop-up/InformationSection/Details' located by '(//div[@class='order-detail-left']//li[@class='order-list confirm hash-link-parent active'])[1]//ul[@class='tabs custom-tabs']//li[5]//a' not found

2022-02-14 12:46:06 - [TEST_STEP][PASSED] - if (waitForElementVisible(findTestObject("Object Repository/DetailPop-up/InformationSection/Details", ["position":"1", "position2":"4"]), 15) == true): null

2022-02-14 12:46:06 - [MESSAGE][PASSED] - Object 'Object Repository/DetailPop-up/InformationSection/Details' is visible

2022-02-14 12:46:06 - [TEST_STEP][PASSED] - click(findTestObject("Object Repository/DetailPop-up/InformationSection/Details", ["position":"1", "position2":"4"])): Object: 'Object Repository/DetailPop-up/InformationSection/Details' is clicked on

2022-02-14 12:46:09 - [MESSAGE][PASSED] - Object: 'Object Repository/DetailPop-up/InformationSection/Details' is clicked on

2022-02-14 12:46:09 - [TEST_STEP][PASSED] - delay(3): Delayed 3 second(s)

2022-02-14 12:46:12 - [MESSAGE][PASSED] - Delayed 3 second(s)

2022-02-14 12:46:12 - [TEST_STEP][PASSED] - takeScreenshot(): Taking screenshot successfully

2022-02-14 12:46:12 - [MESSAGE][PASSED] - Taking screenshot successfully
[[ATTACHMENT|/home/intersoft-admin/Rattan/Bash/Training/Rattan/Final_testing/New_ActivityOverview/Reports/20220214_115757/DetailPop-up-BothSideUrlBasedAndNormal/20220214_115804/1644822972365.png]]

2022-02-14 12:46:12 - [TEST_STEP][PASSED] - if (waitForElementClickable(findTestObject("Object Repository/DetailPop-up/ExpanSection/SubProductList-ClickOnExpandView", ["position":"1"]), 15)): Web element with id: 'Object Repository/DetailPop-up/ExpanSection/SubProductList-ClickOnExpandView' located by '(//div[@class='order-detail-left']//li[@class='order-list order-sub-list confirm hash-link-parent']//i[contains(text(),'expand_more')])[1]' not found

2022-02-14 12:46:28 - [MESSAGE][INFO] - Unable to find the element located by 'By.xpath: (//div[@class='order-detail-left']//li[@class='order-list order-sub-list confirm hash-link-parent']//i[contains(text(),'expand_more')])[1]'. Please recheck the objects properties to make sure the desired element is located. 

2022-02-14 12:46:28 - [MESSAGE][WARNING] - [SELF-HEALING] Failed to find element with id 'Object Repository/DetailPop-up/ExpanSection/SubProductList-ClickOnExpandView'. Try using Self-healing.

2022-02-14 12:46:29 - [MESSAGE][INFO] - [SELF-HEALING] No working XPath is found.

2022-02-14 12:46:30 - [MESSAGE][INFO] - Unable to find the element located by 'By.xpath: '. Please recheck the objects properties to make sure the desired element is located. 

2022-02-14 12:46:30 - [MESSAGE][WARNING] - [SELF-HEALING] Cannot find elements when the selector is null

2022-02-14 12:46:30 - [MESSAGE][WARNING] - Web element with id: 'Object Repository/DetailPop-up/ExpanSection/SubProductList-ClickOnExpandView' located by '(//div[@class='order-detail-left']//li[@class='order-list order-sub-list confirm hash-link-parent']//i[contains(text(),'expand_more')])[1]' not found

2022-02-14 12:46:30 - [TEST_STEP][PASSED] - callTestCase(findTestCase("Test Cases/StepToReUse/StepTOCopyURLAndAddAnotherTab"), [:], CONTINUE_ON_FAILURE): Call Test Case 'Test Cases/StepToReUse/StepTOCopyURLAndAddAnotherTab' successfully

2022-02-14 12:46:30 - [TEST_CASE][PASSED] - Test Cases/StepToReUse/StepTOCopyURLAndAddAnotherTab: Test Cases/StepToReUse/StepTOCopyURLAndAddAnotherTab

2022-02-14 12:46:30 - [TEST_STEP][PASSED] - click(findTestObject("Object Repository/Header/Preview/ClickOnPreviewIcon")): Object: 'Object Repository/Header/Preview/ClickOnPreviewIcon' is clicked on

2022-02-14 12:46:33 - [MESSAGE][PASSED] - Object: 'Object Repository/Header/Preview/ClickOnPreviewIcon' is clicked on

2022-02-14 12:46:33 - [TEST_STEP][PASSED] - delay(10): Delayed 10 second(s)

2022-02-14 12:46:43 - [MESSAGE][PASSED] - Delayed 10 second(s)

2022-02-14 12:46:43 - [TEST_STEP][PASSED] - takeScreenshot(): Taking screenshot successfully

2022-02-14 12:46:43 - [MESSAGE][PASSED] - Taking screenshot successfully
[[ATTACHMENT|/home/intersoft-admin/Rattan/Bash/Training/Rattan/Final_testing/New_ActivityOverview/Reports/20220214_115757/DetailPop-up-BothSideUrlBasedAndNormal/20220214_115804/1644823003777.png]]

2022-02-14 12:46:43 - [TEST_STEP][PASSED] - click(findTestObject("Object Repository/Header/Preview/PrintVoucher")): Object: 'Object Repository/Header/Preview/PrintVoucher' is clicked on

2022-02-14 12:46:47 - [MESSAGE][PASSED] - Object: 'Object Repository/Header/Preview/PrintVoucher' is clicked on

2022-02-14 12:46:47 - [TEST_STEP][PASSED] - delay(10): Delayed 10 second(s)

2022-02-14 12:46:57 - [MESSAGE][PASSED] - Delayed 10 second(s)

2022-02-14 12:46:57 - [TEST_STEP][PASSED] - takeScreenshot(): Taking screenshot successfully

2022-02-14 12:46:57 - [MESSAGE][PASSED] - Taking screenshot successfully
[[ATTACHMENT|/home/intersoft-admin/Rattan/Bash/Training/Rattan/Final_testing/New_ActivityOverview/Reports/20220214_115757/DetailPop-up-BothSideUrlBasedAndNormal/20220214_115804/1644823017046.png]]

2022-02-14 12:46:57 - [TEST_STEP][PASSED] - UrlToClick = findWebElement(findTestObject("Object Repository/Header/CopyUrl/CopyUrl")).getAttribute("data-href_url"): null

2022-02-14 12:46:57 - [TEST_STEP][PASSED] - println(UrlToClick): null

2022-02-14 12:46:57 - [TEST_STEP][PASSED] - ActivityUrl = UrlToClick: null

2022-02-14 12:46:57 - [TEST_STEP][PASSED] - switchToWindowIndex(1): Switched to window with index: '1'

2022-02-14 12:46:57 - [MESSAGE][PASSED] - Switched to window with index: '1'

2022-02-14 12:46:57 - [TEST_STEP][PASSED] - delay(5): Delayed 5 second(s)

2022-02-14 12:47:02 - [MESSAGE][PASSED] - Delayed 5 second(s)

2022-02-14 12:47:02 - [TEST_STEP][PASSED] - navigateToUrl(ActivityUrl): Navigate to 'https://activity.test-prio.com/orders/164431448897728' successfully

2022-02-14 12:47:06 - [MESSAGE][PASSED] - Navigate to 'https://activity.test-prio.com/orders/164431448897728' successfully

2022-02-14 12:47:06 - [TEST_STEP][PASSED] - takeScreenshot(): Taking screenshot successfully

2022-02-14 12:47:07 - [MESSAGE][PASSED] - Taking screenshot successfully
[[ATTACHMENT|/home/intersoft-admin/Rattan/Bash/Training/Rattan/Final_testing/New_ActivityOverview/Reports/20220214_115757/DetailPop-up-BothSideUrlBasedAndNormal/20220214_115804/1644823026949.png]]

2022-02-14 12:47:07 - [TEST_STEP][PASSED] - switchToDefaultContent(): null

2022-02-14 12:47:07 - [MESSAGE][PASSED] - Call Test Case 'Test Cases/StepToReUse/StepTOCopyURLAndAddAnotherTab' successfully

2022-02-14 12:47:07 - [TEST_STEP][PASSED] - callTestCase(findTestCase("Test Cases/NewActivityOverview-LeftNavigation/ActivityOverview-OpenDetailPop-up - CopiedURL"), [:], CONTINUE_ON_FAILURE): Call Test Case 'Test Cases/NewActivityOverview-LeftNavigation/ActivityOverview-OpenDetailPop-up - CopiedURL' successfully

2022-02-14 12:47:07 - [TEST_CASE][PASSED] - Test Cases/NewActivityOverview-LeftNavigation/ActivityOverview-OpenDetailPop-up - CopiedURL: Test Cases/NewActivityOverview-LeftNavigation/ActivityOverview-OpenDetailPop-up - CopiedURL

2022-02-14 12:47:07 - [TEST_STEP][PASSED] - switchToWindowIndex(1): Switched to window with index: '1'

2022-02-14 12:47:07 - [MESSAGE][PASSED] - Switched to window with index: '1'

2022-02-14 12:47:07 - [TEST_STEP][PASSED] - delay(5): Delayed 5 second(s)

2022-02-14 12:47:12 - [MESSAGE][PASSED] - Delayed 5 second(s)

2022-02-14 12:47:12 - [TEST_STEP][PASSED] - navigateToUrl(ActivityUrl): Navigate to 'https://activity.test-prio.com/orders/164431448897728' successfully

2022-02-14 12:47:16 - [MESSAGE][PASSED] - Navigate to 'https://activity.test-prio.com/orders/164431448897728' successfully

2022-02-14 12:47:16 - [TEST_STEP][PASSED] - takeScreenshot(): Taking screenshot successfully

2022-02-14 12:47:17 - [MESSAGE][PASSED] - Taking screenshot successfully
[[ATTACHMENT|/home/intersoft-admin/Rattan/Bash/Training/Rattan/Final_testing/New_ActivityOverview/Reports/20220214_115757/DetailPop-up-BothSideUrlBasedAndNormal/20220214_115804/1644823036964.png]]

2022-02-14 12:47:17 - [TEST_STEP][PASSED] - switchToDefaultContent(): null

2022-02-14 12:47:17 - [TEST_STEP][PASSED] - if (waitForElementPresent(findTestObject("Object Repository/DetailPop-up/ExpanSection/ProductInformationExpandedSection-Exist"), 10)): Object 'Object Repository/DetailPop-up/ExpanSection/ProductInformationExpandedSection-Exist' is not present after 10 second(s)

2022-02-14 12:47:28 - [MESSAGE][INFO] - Unable to find the element located by 'By.xpath: //div[@class='order-detail-left']//li[@class='order-list confirm hash-link-parent active']'. Please recheck the objects properties to make sure the desired element is located. 

2022-02-14 12:47:28 - [MESSAGE][WARNING] - [SELF-HEALING] Failed to find element with id 'Object Repository/DetailPop-up/ExpanSection/ProductInformationExpandedSection-Exist'. Try using Self-healing.

2022-02-14 12:47:29 - [MESSAGE][INFO] - [SELF-HEALING] No working XPath is found.

2022-02-14 12:47:30 - [MESSAGE][INFO] - Unable to find the element located by 'By.xpath: '. Please recheck the objects properties to make sure the desired element is located. 

2022-02-14 12:47:30 - [MESSAGE][WARNING] - [SELF-HEALING] Cannot find elements when the selector is null

2022-02-14 12:47:30 - [MESSAGE][WARNING] - Object 'Object Repository/DetailPop-up/ExpanSection/ProductInformationExpandedSection-Exist' is not present after 10 second(s)

2022-02-14 12:47:30 - [TEST_STEP][PASSED] - bookingsize = findWebElements(findTestObject("Object Repository/DetailPop-up/ExpanSection/ProductSectionLength"), 5).size(): null

2022-02-14 12:47:30 - [TEST_STEP][PASSED] - logInfo(Size of Bookings on Product detail Pop-up: $bookingsize): Size of Bookings on Product detail Pop-up: 1

2022-02-14 12:47:30 - [MESSAGE][INFO] - Size of Bookings on Product detail Pop-up: 1

2022-02-14 12:47:30 - [TEST_STEP][PASSED] - for ([looping = 1, looping <= bookingsize, (looping++)]): null

2022-02-14 12:47:30 - [TEST_STEP][PASSED] - click(findTestObject("Object Repository/DetailPop-up/ExpanSection/ExpandProductSection", ["position":looping])): Object: 'Object Repository/DetailPop-up/ExpanSection/ExpandProductSection' is clicked on

2022-02-14 12:47:33 - [MESSAGE][PASSED] - Object: 'Object Repository/DetailPop-up/ExpanSection/ExpandProductSection' is clicked on

2022-02-14 12:47:33 - [TEST_STEP][PASSED] - delay(3): Delayed 3 second(s)

2022-02-14 12:47:36 - [MESSAGE][PASSED] - Delayed 3 second(s)

2022-02-14 12:47:36 - [TEST_STEP][PASSED] - takeScreenshot(): Taking screenshot successfully

2022-02-14 12:47:37 - [MESSAGE][PASSED] - Taking screenshot successfully
[[ATTACHMENT|/home/intersoft-admin/Rattan/Bash/Training/Rattan/Final_testing/New_ActivityOverview/Reports/20220214_115757/DetailPop-up-BothSideUrlBasedAndNormal/20220214_115804/1644823057131.png]]

2022-02-14 12:47:37 - [TEST_STEP][PASSED] - if (waitForElementVisible(findTestObject("Object Repository/DetailPop-up/InformationSection/Details", ["position":"1", "position2":"1"]), 15) == true): null

2022-02-14 12:47:37 - [MESSAGE][PASSED] - Object 'Object Repository/DetailPop-up/InformationSection/Details' is visible

2022-02-14 12:47:37 - [TEST_STEP][PASSED] - click(findTestObject("Object Repository/DetailPop-up/InformationSection/Details", ["position":"1", "position2":"1"])): Object: 'Object Repository/DetailPop-up/InformationSection/Details' is clicked on

2022-02-14 12:47:40 - [MESSAGE][PASSED] - Object: 'Object Repository/DetailPop-up/InformationSection/Details' is clicked on

2022-02-14 12:47:40 - [TEST_STEP][PASSED] - delay(3): Delayed 3 second(s)

2022-02-14 12:47:43 - [MESSAGE][PASSED] - Delayed 3 second(s)

2022-02-14 12:47:43 - [TEST_STEP][PASSED] - takeScreenshot(): Taking screenshot successfully

2022-02-14 12:47:44 - [MESSAGE][PASSED] - Taking screenshot successfully
[[ATTACHMENT|/home/intersoft-admin/Rattan/Bash/Training/Rattan/Final_testing/New_ActivityOverview/Reports/20220214_115757/DetailPop-up-BothSideUrlBasedAndNormal/20220214_115804/1644823064116.png]]

2022-02-14 12:47:44 - [TEST_STEP][PASSED] - if (waitForElementVisible(findTestObject("Object Repository/DetailPop-up/InformationSection/Details", ["position":"1", "position2":"2"]), 15) == true): null

2022-02-14 12:47:44 - [MESSAGE][PASSED] - Object 'Object Repository/DetailPop-up/InformationSection/Details' is visible

2022-02-14 12:47:44 - [TEST_STEP][PASSED] - click(findTestObject("Object Repository/DetailPop-up/InformationSection/Details", ["position":"1", "position2":"2"])): Object: 'Object Repository/DetailPop-up/InformationSection/Details' is clicked on

2022-02-14 12:47:47 - [MESSAGE][PASSED] - Object: 'Object Repository/DetailPop-up/InformationSection/Details' is clicked on

2022-02-14 12:47:47 - [TEST_STEP][PASSED] - delay(3): Delayed 3 second(s)

2022-02-14 12:47:50 - [MESSAGE][PASSED] - Delayed 3 second(s)

2022-02-14 12:47:50 - [TEST_STEP][PASSED] - takeScreenshot(): Taking screenshot successfully

2022-02-14 12:47:51 - [MESSAGE][PASSED] - Taking screenshot successfully
[[ATTACHMENT|/home/intersoft-admin/Rattan/Bash/Training/Rattan/Final_testing/New_ActivityOverview/Reports/20220214_115757/DetailPop-up-BothSideUrlBasedAndNormal/20220214_115804/1644823071121.png]]

2022-02-14 12:47:51 - [TEST_STEP][PASSED] - if (waitForElementVisible(findTestObject("Object Repository/DetailPop-up/InformationSection/Details", ["position":"1", "position2":"3"]), 15) == true): Object 'Object Repository/DetailPop-up/InformationSection/Details' is not visible after 15 second(s)

2022-02-14 12:48:06 - [MESSAGE][WARNING] - Object 'Object Repository/DetailPop-up/InformationSection/Details' is not visible after 15 second(s)

2022-02-14 12:48:06 - [TEST_STEP][PASSED] - if (waitForElementVisible(findTestObject("Object Repository/DetailPop-up/InformationSection/Details", ["position":"1", "position2":"5"]), 15) == true): Web element with id: 'Object Repository/DetailPop-up/InformationSection/Details' located by '(//div[@class='order-detail-left']//li[@class='order-list confirm hash-link-parent active'])[1]//ul[@class='tabs custom-tabs']//li[5]//a' not found

2022-02-14 12:48:22 - [MESSAGE][INFO] - Unable to find the element located by 'By.xpath: (//div[@class='order-detail-left']//li[@class='order-list confirm hash-link-parent active'])[1]//ul[@class='tabs custom-tabs']//li[5]//a'. Please recheck the objects properties to make sure the desired element is located. 

2022-02-14 12:48:22 - [MESSAGE][WARNING] - [SELF-HEALING] Failed to find element with id 'Object Repository/DetailPop-up/InformationSection/Details'. Try using Self-healing.

2022-02-14 12:48:23 - [MESSAGE][INFO] - [SELF-HEALING] No working XPath is found.

2022-02-14 12:48:24 - [MESSAGE][INFO] - Unable to find the element located by 'By.xpath: '. Please recheck the objects properties to make sure the desired element is located. 

2022-02-14 12:48:24 - [MESSAGE][WARNING] - [SELF-HEALING] Cannot find elements when the selector is null

2022-02-14 12:48:24 - [MESSAGE][WARNING] - Web element with id: 'Object Repository/DetailPop-up/InformationSection/Details' located by '(//div[@class='order-detail-left']//li[@class='order-list confirm hash-link-parent active'])[1]//ul[@class='tabs custom-tabs']//li[5]//a' not found

2022-02-14 12:48:24 - [TEST_STEP][PASSED] - if (waitForElementVisible(findTestObject("Object Repository/DetailPop-up/InformationSection/Details", ["position":"1", "position2":"4"]), 15) == true): null

2022-02-14 12:48:25 - [MESSAGE][PASSED] - Object 'Object Repository/DetailPop-up/InformationSection/Details' is visible

2022-02-14 12:48:25 - [TEST_STEP][PASSED] - click(findTestObject("Object Repository/DetailPop-up/InformationSection/Details", ["position":"1", "position2":"4"])): Object: 'Object Repository/DetailPop-up/InformationSection/Details' is clicked on

2022-02-14 12:48:28 - [MESSAGE][PASSED] - Object: 'Object Repository/DetailPop-up/InformationSection/Details' is clicked on

2022-02-14 12:48:28 - [TEST_STEP][PASSED] - delay(3): Delayed 3 second(s)

2022-02-14 12:48:31 - [MESSAGE][PASSED] - Delayed 3 second(s)

2022-02-14 12:48:31 - [TEST_STEP][PASSED] - takeScreenshot(): Taking screenshot successfully

2022-02-14 12:48:31 - [MESSAGE][PASSED] - Taking screenshot successfully
[[ATTACHMENT|/home/intersoft-admin/Rattan/Bash/Training/Rattan/Final_testing/New_ActivityOverview/Reports/20220214_115757/DetailPop-up-BothSideUrlBasedAndNormal/20220214_115804/1644823111806.png]]

2022-02-14 12:48:31 - [TEST_STEP][PASSED] - if (waitForElementClickable(findTestObject("Object Repository/DetailPop-up/ExpanSection/SubProductList-ClickOnExpandView", ["position":"1"]), 15)): Web element with id: 'Object Repository/DetailPop-up/ExpanSection/SubProductList-ClickOnExpandView' located by '(//div[@class='order-detail-left']//li[@class='order-list order-sub-list confirm hash-link-parent']//i[contains(text(),'expand_more')])[1]' not found

2022-02-14 12:48:48 - [MESSAGE][INFO] - Unable to find the element located by 'By.xpath: (//div[@class='order-detail-left']//li[@class='order-list order-sub-list confirm hash-link-parent']//i[contains(text(),'expand_more')])[1]'. Please recheck the objects properties to make sure the desired element is located. 

2022-02-14 12:48:48 - [MESSAGE][WARNING] - [SELF-HEALING] Failed to find element with id 'Object Repository/DetailPop-up/ExpanSection/SubProductList-ClickOnExpandView'. Try using Self-healing.

2022-02-14 12:48:49 - [MESSAGE][INFO] - [SELF-HEALING] No working XPath is found.

2022-02-14 12:48:50 - [MESSAGE][INFO] - Unable to find the element located by 'By.xpath: '. Please recheck the objects properties to make sure the desired element is located. 

2022-02-14 12:48:50 - [MESSAGE][WARNING] - [SELF-HEALING] Cannot find elements when the selector is null

2022-02-14 12:48:50 - [MESSAGE][WARNING] - Web element with id: 'Object Repository/DetailPop-up/ExpanSection/SubProductList-ClickOnExpandView' located by '(//div[@class='order-detail-left']//li[@class='order-list order-sub-list confirm hash-link-parent']//i[contains(text(),'expand_more')])[1]' not found

2022-02-14 12:48:50 - [MESSAGE][PASSED] - Call Test Case 'Test Cases/NewActivityOverview-LeftNavigation/ActivityOverview-OpenDetailPop-up - CopiedURL' successfully

2022-02-14 12:48:50 - [TEST_STEP][PASSED] - switchToWindowIndex(0): Switched to window with index: '0'

2022-02-14 12:48:50 - [MESSAGE][PASSED] - Switched to window with index: '0'

2022-02-14 12:48:50 - [TEST_STEP][PASSED] - delay(13): Delayed 13 second(s)

2022-02-14 12:49:03 - [MESSAGE][PASSED] - Delayed 13 second(s)

2022-02-14 12:49:03 - [TEST_STEP][PASSED] - switchToFrame(findTestObject("Object Repository/Iframe/NewActivityOverviewIframe"), 5): null

2022-02-14 12:49:03 - [TEST_STEP][PASSED] - click(findTestObject("Object Repository/DetailPop-up/Backbutton/BackButtonToListing")): Object: 'Object Repository/DetailPop-up/Backbutton/BackButtonToListing' is clicked on

2022-02-14 12:49:06 - [MESSAGE][PASSED] - Object: 'Object Repository/DetailPop-up/Backbutton/BackButtonToListing' is clicked on

2022-02-14 12:49:06 - [TEST_STEP][PASSED] - delay(13): Delayed 13 second(s)

2022-02-14 12:49:19 - [MESSAGE][PASSED] - Delayed 13 second(s)

2022-02-14 12:49:19 - [TEST_STEP][PASSED] - if (l <= 5): null

2022-02-14 12:49:19 - [TEST_STEP][PASSED] - paginationvalue = l: null

2022-02-14 12:49:19 - [TEST_STEP][PASSED] - if (l > 5): null

2022-02-14 12:49:19 - [TEST_STEP][PASSED] - logInfo(Size of Pagination: $paginationvalue): Size of Pagination: 5

2022-02-14 12:49:19 - [MESSAGE][INFO] - Size of Pagination: 5

2022-02-14 12:49:19 - [TEST_STEP][PASSED] - click(findTestObject("Object Repository/PaginationCOunt/ClickOnPagination", ["pagination":paginationvalue])): Object: 'Object Repository/PaginationCOunt/ClickOnPagination' is clicked on

2022-02-14 12:49:22 - [MESSAGE][PASSED] - Object: 'Object Repository/PaginationCOunt/ClickOnPagination' is clicked on

2022-02-14 12:49:22 - [TEST_STEP][PASSED] - delay(20): Delayed 20 second(s)

2022-02-14 12:49:42 - [MESSAGE][PASSED] - Delayed 20 second(s)

2022-02-14 12:49:42 - [TEST_STEP][PASSED] - takeScreenshot(): Taking screenshot successfully

2022-02-14 12:49:43 - [MESSAGE][PASSED] - Taking screenshot successfully
[[ATTACHMENT|/home/intersoft-admin/Rattan/Bash/Training/Rattan/Final_testing/New_ActivityOverview/Reports/20220214_115757/DetailPop-up-BothSideUrlBasedAndNormal/20220214_115804/1644823182912.png]]

2022-02-14 12:49:43 - [TEST_STEP][PASSED] - RecordsinListing = findWebElements(findTestObject("Object Repository/ListingArea/RecordsInListing"), 5).size(): null

2022-02-14 12:49:43 - [TEST_STEP][PASSED] - logInfo(Size of Active Bookings: $RecordsinListing): Size of Active Bookings: 100

2022-02-14 12:49:43 - [MESSAGE][INFO] - Size of Active Bookings: 100

2022-02-14 12:49:43 - [TEST_STEP][PASSED] - for ([refund = 1, refund < RecordsinListing, (refund++)]): Delayed 13 second(s)

2022-02-14 12:49:43 - [TEST_STEP][PASSED] - if (refund == 1): null

2022-02-14 12:49:43 - [TEST_STEP][PASSED] - refund = RecordsinListing: null

2022-02-14 12:49:43 - [TEST_STEP][PASSED] - refundvalue = refund: null

2022-02-14 12:49:43 - [TEST_STEP][PASSED] - logInfo(Size of refund booking: $refund): Size of refund booking: 100

2022-02-14 12:49:43 - [MESSAGE][INFO] - Size of refund booking: 100

2022-02-14 12:49:43 - [TEST_STEP][PASSED] - scrollToElement(findTestObject("Object Repository/ListingArea/ClickondetailPOp-up", ["position":refund]), 15): Scroll to object 'Object Repository/ListingArea/ClickondetailPOp-up' successfully

2022-02-14 12:49:43 - [MESSAGE][PASSED] - Scroll to object 'Object Repository/ListingArea/ClickondetailPOp-up' successfully

2022-02-14 12:49:43 - [TEST_STEP][PASSED] - takeScreenshot(): Taking screenshot successfully

2022-02-14 12:49:43 - [MESSAGE][PASSED] - Taking screenshot successfully
[[ATTACHMENT|/home/intersoft-admin/Rattan/Bash/Training/Rattan/Final_testing/New_ActivityOverview/Reports/20220214_115757/DetailPop-up-BothSideUrlBasedAndNormal/20220214_115804/1644823183207.png]]

2022-02-14 12:49:43 - [TEST_STEP][PASSED] - orderId = findWebElement(findTestObject("Object Repository/GetOrderID/GetOrderID", ["position":refund])).getAttribute("data-order_id"): null

2022-02-14 12:49:43 - [TEST_STEP][PASSED] - orderId = orderId: null

2022-02-14 12:49:43 - [TEST_STEP][PASSED] - logInfo(Order ID: $orderId): Order ID: 164422085052951

2022-02-14 12:49:43 - [MESSAGE][INFO] - Order ID: 164422085052951

2022-02-14 12:49:43 - [TEST_STEP][PASSED] - click(findTestObject("Object Repository/GetOrderID/GetOrderID", ["position":refund])): Object: 'Object Repository/GetOrderID/GetOrderID' is clicked on

2022-02-14 12:49:46 - [MESSAGE][PASSED] - Object: 'Object Repository/GetOrderID/GetOrderID' is clicked on

2022-02-14 12:49:46 - [TEST_STEP][PASSED] - delay(20): Delayed 20 second(s)

2022-02-14 12:50:06 - [MESSAGE][PASSED] - Delayed 20 second(s)

2022-02-14 12:50:06 - [TEST_STEP][PASSED] - takeScreenshot(): Taking screenshot successfully

2022-02-14 12:50:06 - [MESSAGE][PASSED] - Taking screenshot successfully
[[ATTACHMENT|/home/intersoft-admin/Rattan/Bash/Training/Rattan/Final_testing/New_ActivityOverview/Reports/20220214_115757/DetailPop-up-BothSideUrlBasedAndNormal/20220214_115804/1644823206545.png]]

2022-02-14 12:50:06 - [TEST_STEP][PASSED] - if (waitForElementPresent(findTestObject("Object Repository/DetailPop-up/ExpanSection/ProductInformationExpandedSection-Exist"), 10)): null

2022-02-14 12:50:06 - [MESSAGE][PASSED] - Object 'Object Repository/DetailPop-up/ExpanSection/ProductInformationExpandedSection-Exist' is present

2022-02-14 12:50:06 - [TEST_STEP][PASSED] - logInfo("Product Expanded Section Exist"): Product Expanded Section Exist

2022-02-14 12:50:06 - [MESSAGE][INFO] - Product Expanded Section Exist

2022-02-14 12:50:06 - [TEST_STEP][PASSED] - click(findTestObject("DetailPop-up/ExpanSection/ProductInformationExpandedSection -Exist- ClickOnExpandedView")): Object: 'Object Repository/DetailPop-up/ExpanSection/ProductInformationExpandedSection -Exist- ClickOnExpandedView' is clicked on

2022-02-14 12:50:09 - [MESSAGE][PASSED] - Object: 'Object Repository/DetailPop-up/ExpanSection/ProductInformationExpandedSection -Exist- ClickOnExpandedView' is clicked on

2022-02-14 12:50:09 - [TEST_STEP][PASSED] - delay(3): Delayed 3 second(s)

2022-02-14 12:50:12 - [MESSAGE][PASSED] - Delayed 3 second(s)

2022-02-14 12:50:12 - [TEST_STEP][PASSED] - takeScreenshot(): Taking screenshot successfully

2022-02-14 12:50:13 - [MESSAGE][PASSED] - Taking screenshot successfully
[[ATTACHMENT|/home/intersoft-admin/Rattan/Bash/Training/Rattan/Final_testing/New_ActivityOverview/Reports/20220214_115757/DetailPop-up-BothSideUrlBasedAndNormal/20220214_115804/1644823212925.png]]

2022-02-14 12:50:13 - [TEST_STEP][PASSED] - bookingsize = findWebElements(findTestObject("Object Repository/DetailPop-up/ExpanSection/ProductSectionLength"), 5).size(): null

2022-02-14 12:50:13 - [TEST_STEP][PASSED] - logInfo(Size of Bookings on Product detail Pop-up: $bookingsize): Size of Bookings on Product detail Pop-up: 1

2022-02-14 12:50:13 - [MESSAGE][INFO] - Size of Bookings on Product detail Pop-up: 1

2022-02-14 12:50:13 - [TEST_STEP][PASSED] - for ([looping = 1, looping <= bookingsize, (looping++)]): null

2022-02-14 12:50:13 - [TEST_STEP][PASSED] - click(findTestObject("Object Repository/DetailPop-up/ExpanSection/ExpandProductSection", ["position":looping])): Object: 'Object Repository/DetailPop-up/ExpanSection/ExpandProductSection' is clicked on

2022-02-14 12:50:16 - [MESSAGE][PASSED] - Object: 'Object Repository/DetailPop-up/ExpanSection/ExpandProductSection' is clicked on

2022-02-14 12:50:16 - [TEST_STEP][PASSED] - delay(3): Delayed 3 second(s)

2022-02-14 12:50:19 - [MESSAGE][PASSED] - Delayed 3 second(s)

2022-02-14 12:50:19 - [TEST_STEP][PASSED] - takeScreenshot(): Taking screenshot successfully

2022-02-14 12:50:19 - [MESSAGE][PASSED] - Taking screenshot successfully
[[ATTACHMENT|/home/intersoft-admin/Rattan/Bash/Training/Rattan/Final_testing/New_ActivityOverview/Reports/20220214_115757/DetailPop-up-BothSideUrlBasedAndNormal/20220214_115804/1644823219235.png]]

2022-02-14 12:50:19 - [TEST_STEP][PASSED] - if (waitForElementVisible(findTestObject("Object Repository/DetailPop-up/InformationSection/Details", ["position":"1", "position2":"1"]), 15) == true): null

2022-02-14 12:50:19 - [MESSAGE][PASSED] - Object 'Object Repository/DetailPop-up/InformationSection/Details' is visible

2022-02-14 12:50:19 - [TEST_STEP][PASSED] - click(findTestObject("Object Repository/DetailPop-up/InformationSection/Details", ["position":"1", "position2":"1"])): Object: 'Object Repository/DetailPop-up/InformationSection/Details' is clicked on

2022-02-14 12:50:22 - [MESSAGE][PASSED] - Object: 'Object Repository/DetailPop-up/InformationSection/Details' is clicked on

2022-02-14 12:50:22 - [TEST_STEP][PASSED] - delay(3): Delayed 3 second(s)

2022-02-14 12:50:25 - [MESSAGE][PASSED] - Delayed 3 second(s)

2022-02-14 12:50:25 - [TEST_STEP][PASSED] - takeScreenshot(): Taking screenshot successfully

2022-02-14 12:50:25 - [MESSAGE][PASSED] - Taking screenshot successfully
[[ATTACHMENT|/home/intersoft-admin/Rattan/Bash/Training/Rattan/Final_testing/New_ActivityOverview/Reports/20220214_115757/DetailPop-up-BothSideUrlBasedAndNormal/20220214_115804/1644823225634.png]]

2022-02-14 12:50:25 - [TEST_STEP][PASSED] - if (waitForElementVisible(findTestObject("Object Repository/DetailPop-up/InformationSection/Details", ["position":"1", "position2":"2"]), 15) == true): null

2022-02-14 12:50:25 - [MESSAGE][PASSED] - Object 'Object Repository/DetailPop-up/InformationSection/Details' is visible

2022-02-14 12:50:25 - [TEST_STEP][PASSED] - click(findTestObject("Object Repository/DetailPop-up/InformationSection/Details", ["position":"1", "position2":"2"])): Object: 'Object Repository/DetailPop-up/InformationSection/Details' is clicked on

2022-02-14 12:50:29 - [MESSAGE][PASSED] - Object: 'Object Repository/DetailPop-up/InformationSection/Details' is clicked on

2022-02-14 12:50:29 - [TEST_STEP][PASSED] - delay(3): Delayed 3 second(s)

2022-02-14 12:50:32 - [MESSAGE][PASSED] - Delayed 3 second(s)

2022-02-14 12:50:32 - [TEST_STEP][PASSED] - takeScreenshot(): Taking screenshot successfully

2022-02-14 12:50:32 - [MESSAGE][PASSED] - Taking screenshot successfully
[[ATTACHMENT|/home/intersoft-admin/Rattan/Bash/Training/Rattan/Final_testing/New_ActivityOverview/Reports/20220214_115757/DetailPop-up-BothSideUrlBasedAndNormal/20220214_115804/1644823232022.png]]

2022-02-14 12:50:32 - [TEST_STEP][PASSED] - if (waitForElementVisible(findTestObject("Object Repository/DetailPop-up/InformationSection/Details", ["position":"1", "position2":"3"]), 15) == true): Object 'Object Repository/DetailPop-up/InformationSection/Details' is not visible after 15 second(s)

2022-02-14 12:50:47 - [MESSAGE][WARNING] - Object 'Object Repository/DetailPop-up/InformationSection/Details' is not visible after 15 second(s)

2022-02-14 12:50:47 - [TEST_STEP][PASSED] - if (waitForElementVisible(findTestObject("Object Repository/DetailPop-up/InformationSection/Details", ["position":"1", "position2":"5"]), 15) == true): Web element with id: 'Object Repository/DetailPop-up/InformationSection/Details' located by '(//div[@class='order-detail-left']//li[@class='order-list confirm hash-link-parent active'])[1]//ul[@class='tabs custom-tabs']//li[5]//a' not found

2022-02-14 12:51:03 - [MESSAGE][INFO] - Unable to find the element located by 'By.xpath: (//div[@class='order-detail-left']//li[@class='order-list confirm hash-link-parent active'])[1]//ul[@class='tabs custom-tabs']//li[5]//a'. Please recheck the objects properties to make sure the desired element is located. 

2022-02-14 12:51:03 - [MESSAGE][WARNING] - [SELF-HEALING] Failed to find element with id 'Object Repository/DetailPop-up/InformationSection/Details'. Try using Self-healing.

2022-02-14 12:51:04 - [MESSAGE][INFO] - [SELF-HEALING] No working XPath is found.

2022-02-14 12:51:05 - [MESSAGE][INFO] - Unable to find the element located by 'By.xpath: '. Please recheck the objects properties to make sure the desired element is located. 

2022-02-14 12:51:05 - [MESSAGE][WARNING] - [SELF-HEALING] Cannot find elements when the selector is null

2022-02-14 12:51:05 - [MESSAGE][WARNING] - Web element with id: 'Object Repository/DetailPop-up/InformationSection/Details' located by '(//div[@class='order-detail-left']//li[@class='order-list confirm hash-link-parent active'])[1]//ul[@class='tabs custom-tabs']//li[5]//a' not found

2022-02-14 12:51:05 - [TEST_STEP][PASSED] - if (waitForElementVisible(findTestObject("Object Repository/DetailPop-up/InformationSection/Details", ["position":"1", "position2":"4"]), 15) == true): null

2022-02-14 12:51:05 - [MESSAGE][PASSED] - Object 'Object Repository/DetailPop-up/InformationSection/Details' is visible

2022-02-14 12:51:05 - [TEST_STEP][PASSED] - click(findTestObject("Object Repository/DetailPop-up/InformationSection/Details", ["position":"1", "position2":"4"])): Object: 'Object Repository/DetailPop-up/InformationSection/Details' is clicked on

2022-02-14 12:51:08 - [MESSAGE][PASSED] - Object: 'Object Repository/DetailPop-up/InformationSection/Details' is clicked on

2022-02-14 12:51:08 - [TEST_STEP][PASSED] - delay(3): Delayed 3 second(s)

2022-02-14 12:51:11 - [MESSAGE][PASSED] - Delayed 3 second(s)

2022-02-14 12:51:11 - [TEST_STEP][PASSED] - takeScreenshot(): Taking screenshot successfully

2022-02-14 12:51:11 - [MESSAGE][PASSED] - Taking screenshot successfully
[[ATTACHMENT|/home/intersoft-admin/Rattan/Bash/Training/Rattan/Final_testing/New_ActivityOverview/Reports/20220214_115757/DetailPop-up-BothSideUrlBasedAndNormal/20220214_115804/1644823271812.png]]

2022-02-14 12:51:11 - [TEST_STEP][PASSED] - if (waitForElementClickable(findTestObject("Object Repository/DetailPop-up/ExpanSection/SubProductList-ClickOnExpandView", ["position":"1"]), 15)): Web element with id: 'Object Repository/DetailPop-up/ExpanSection/SubProductList-ClickOnExpandView' located by '(//div[@class='order-detail-left']//li[@class='order-list order-sub-list confirm hash-link-parent']//i[contains(text(),'expand_more')])[1]' not found

2022-02-14 12:51:27 - [MESSAGE][INFO] - Unable to find the element located by 'By.xpath: (//div[@class='order-detail-left']//li[@class='order-list order-sub-list confirm hash-link-parent']//i[contains(text(),'expand_more')])[1]'. Please recheck the objects properties to make sure the desired element is located. 

2022-02-14 12:51:27 - [MESSAGE][WARNING] - [SELF-HEALING] Failed to find element with id 'Object Repository/DetailPop-up/ExpanSection/SubProductList-ClickOnExpandView'. Try using Self-healing.

2022-02-14 12:51:28 - [MESSAGE][INFO] - [SELF-HEALING] No working XPath is found.

2022-02-14 12:51:29 - [MESSAGE][INFO] - Unable to find the element located by 'By.xpath: '. Please recheck the objects properties to make sure the desired element is located. 

2022-02-14 12:51:29 - [MESSAGE][WARNING] - [SELF-HEALING] Cannot find elements when the selector is null

2022-02-14 12:51:29 - [MESSAGE][WARNING] - Web element with id: 'Object Repository/DetailPop-up/ExpanSection/SubProductList-ClickOnExpandView' located by '(//div[@class='order-detail-left']//li[@class='order-list order-sub-list confirm hash-link-parent']//i[contains(text(),'expand_more')])[1]' not found

2022-02-14 12:51:29 - [TEST_STEP][PASSED] - callTestCase(findTestCase("Test Cases/StepToReUse/StepTOCopyURLAndAddAnotherTab"), [:], CONTINUE_ON_FAILURE): Call Test Case 'Test Cases/StepToReUse/StepTOCopyURLAndAddAnotherTab' successfully

2022-02-14 12:51:30 - [TEST_CASE][PASSED] - Test Cases/StepToReUse/StepTOCopyURLAndAddAnotherTab: Test Cases/StepToReUse/StepTOCopyURLAndAddAnotherTab

2022-02-14 12:51:30 - [TEST_STEP][PASSED] - click(findTestObject("Object Repository/Header/Preview/ClickOnPreviewIcon")): Object: 'Object Repository/Header/Preview/ClickOnPreviewIcon' is clicked on

2022-02-14 12:51:33 - [MESSAGE][PASSED] - Object: 'Object Repository/Header/Preview/ClickOnPreviewIcon' is clicked on

2022-02-14 12:51:33 - [TEST_STEP][PASSED] - delay(10): Delayed 10 second(s)

2022-02-14 12:51:43 - [MESSAGE][PASSED] - Delayed 10 second(s)

2022-02-14 12:51:43 - [TEST_STEP][PASSED] - takeScreenshot(): Taking screenshot successfully

2022-02-14 12:51:43 - [MESSAGE][PASSED] - Taking screenshot successfully
[[ATTACHMENT|/home/intersoft-admin/Rattan/Bash/Training/Rattan/Final_testing/New_ActivityOverview/Reports/20220214_115757/DetailPop-up-BothSideUrlBasedAndNormal/20220214_115804/1644823303233.png]]

2022-02-14 12:51:43 - [TEST_STEP][PASSED] - click(findTestObject("Object Repository/Header/Preview/PrintVoucher")): Object: 'Object Repository/Header/Preview/PrintVoucher' is clicked on

2022-02-14 12:51:46 - [MESSAGE][PASSED] - Object: 'Object Repository/Header/Preview/PrintVoucher' is clicked on

2022-02-14 12:51:46 - [TEST_STEP][PASSED] - delay(10): Delayed 10 second(s)

2022-02-14 12:51:56 - [MESSAGE][PASSED] - Delayed 10 second(s)

2022-02-14 12:51:56 - [TEST_STEP][PASSED] - takeScreenshot(): Taking screenshot successfully

2022-02-14 12:51:56 - [MESSAGE][PASSED] - Taking screenshot successfully
[[ATTACHMENT|/home/intersoft-admin/Rattan/Bash/Training/Rattan/Final_testing/New_ActivityOverview/Reports/20220214_115757/DetailPop-up-BothSideUrlBasedAndNormal/20220214_115804/1644823316511.png]]

2022-02-14 12:51:56 - [TEST_STEP][PASSED] - UrlToClick = findWebElement(findTestObject("Object Repository/Header/CopyUrl/CopyUrl")).getAttribute("data-href_url"): null

2022-02-14 12:51:56 - [TEST_STEP][PASSED] - println(UrlToClick): null

2022-02-14 12:51:56 - [TEST_STEP][PASSED] - ActivityUrl = UrlToClick: null

2022-02-14 12:51:56 - [TEST_STEP][PASSED] - switchToWindowIndex(1): Switched to window with index: '1'

2022-02-14 12:51:56 - [MESSAGE][PASSED] - Switched to window with index: '1'

2022-02-14 12:51:56 - [TEST_STEP][PASSED] - delay(5): Delayed 5 second(s)

2022-02-14 12:52:01 - [MESSAGE][PASSED] - Delayed 5 second(s)

2022-02-14 12:52:01 - [TEST_STEP][PASSED] - navigateToUrl(ActivityUrl): Navigate to 'https://activity.test-prio.com/orders/164422085052951' successfully

2022-02-14 12:52:05 - [MESSAGE][PASSED] - Navigate to 'https://activity.test-prio.com/orders/164422085052951' successfully

2022-02-14 12:52:05 - [TEST_STEP][PASSED] - takeScreenshot(): Taking screenshot successfully

2022-02-14 12:52:06 - [MESSAGE][PASSED] - Taking screenshot successfully
[[ATTACHMENT|/home/intersoft-admin/Rattan/Bash/Training/Rattan/Final_testing/New_ActivityOverview/Reports/20220214_115757/DetailPop-up-BothSideUrlBasedAndNormal/20220214_115804/1644823326839.png]]

2022-02-14 12:52:06 - [TEST_STEP][PASSED] - switchToDefaultContent(): null

2022-02-14 12:52:06 - [MESSAGE][PASSED] - Call Test Case 'Test Cases/StepToReUse/StepTOCopyURLAndAddAnotherTab' successfully

2022-02-14 12:52:06 - [TEST_STEP][PASSED] - callTestCase(findTestCase("Test Cases/NewActivityOverview-LeftNavigation/ActivityOverview-OpenDetailPop-up - CopiedURL"), [:], CONTINUE_ON_FAILURE): Call Test Case 'Test Cases/NewActivityOverview-LeftNavigation/ActivityOverview-OpenDetailPop-up - CopiedURL' successfully

2022-02-14 12:52:07 - [TEST_CASE][PASSED] - Test Cases/NewActivityOverview-LeftNavigation/ActivityOverview-OpenDetailPop-up - CopiedURL: Test Cases/NewActivityOverview-LeftNavigation/ActivityOverview-OpenDetailPop-up - CopiedURL

2022-02-14 12:52:07 - [TEST_STEP][PASSED] - switchToWindowIndex(1): Switched to window with index: '1'

2022-02-14 12:52:07 - [MESSAGE][PASSED] - Switched to window with index: '1'

2022-02-14 12:52:07 - [TEST_STEP][PASSED] - delay(5): Delayed 5 second(s)

2022-02-14 12:52:12 - [MESSAGE][PASSED] - Delayed 5 second(s)

2022-02-14 12:52:12 - [TEST_STEP][PASSED] - navigateToUrl(ActivityUrl): Navigate to 'https://activity.test-prio.com/orders/164422085052951' successfully

2022-02-14 12:52:16 - [MESSAGE][PASSED] - Navigate to 'https://activity.test-prio.com/orders/164422085052951' successfully

2022-02-14 12:52:16 - [TEST_STEP][PASSED] - takeScreenshot(): Taking screenshot successfully

2022-02-14 12:52:17 - [MESSAGE][PASSED] - Taking screenshot successfully
[[ATTACHMENT|/home/intersoft-admin/Rattan/Bash/Training/Rattan/Final_testing/New_ActivityOverview/Reports/20220214_115757/DetailPop-up-BothSideUrlBasedAndNormal/20220214_115804/1644823337131.png]]

2022-02-14 12:52:17 - [TEST_STEP][PASSED] - switchToDefaultContent(): null

2022-02-14 12:52:17 - [TEST_STEP][PASSED] - if (waitForElementPresent(findTestObject("Object Repository/DetailPop-up/ExpanSection/ProductInformationExpandedSection-Exist"), 10)): Object 'Object Repository/DetailPop-up/ExpanSection/ProductInformationExpandedSection-Exist' is not present after 10 second(s)

2022-02-14 12:52:28 - [MESSAGE][INFO] - Unable to find the element located by 'By.xpath: //div[@class='order-detail-left']//li[@class='order-list confirm hash-link-parent active']'. Please recheck the objects properties to make sure the desired element is located. 

2022-02-14 12:52:28 - [MESSAGE][WARNING] - [SELF-HEALING] Failed to find element with id 'Object Repository/DetailPop-up/ExpanSection/ProductInformationExpandedSection-Exist'. Try using Self-healing.

2022-02-14 12:52:29 - [MESSAGE][INFO] - [SELF-HEALING] No working XPath is found.

2022-02-14 12:52:30 - [MESSAGE][INFO] - Unable to find the element located by 'By.xpath: '. Please recheck the objects properties to make sure the desired element is located. 

2022-02-14 12:52:30 - [MESSAGE][WARNING] - [SELF-HEALING] Cannot find elements when the selector is null

2022-02-14 12:52:30 - [MESSAGE][WARNING] - Object 'Object Repository/DetailPop-up/ExpanSection/ProductInformationExpandedSection-Exist' is not present after 10 second(s)

2022-02-14 12:52:30 - [TEST_STEP][PASSED] - bookingsize = findWebElements(findTestObject("Object Repository/DetailPop-up/ExpanSection/ProductSectionLength"), 5).size(): null

2022-02-14 12:52:30 - [TEST_STEP][PASSED] - logInfo(Size of Bookings on Product detail Pop-up: $bookingsize): Size of Bookings on Product detail Pop-up: 2

2022-02-14 12:52:30 - [MESSAGE][INFO] - Size of Bookings on Product detail Pop-up: 2

2022-02-14 12:52:30 - [TEST_STEP][PASSED] - for ([looping = 1, looping <= bookingsize, (looping++)]): null

2022-02-14 12:52:30 - [TEST_STEP][PASSED] - click(findTestObject("Object Repository/DetailPop-up/ExpanSection/ExpandProductSection", ["position":looping])): Object: 'Object Repository/DetailPop-up/ExpanSection/ExpandProductSection' is clicked on

2022-02-14 12:52:34 - [MESSAGE][PASSED] - Object: 'Object Repository/DetailPop-up/ExpanSection/ExpandProductSection' is clicked on

2022-02-14 12:52:34 - [TEST_STEP][PASSED] - delay(3): Delayed 3 second(s)

2022-02-14 12:52:37 - [MESSAGE][PASSED] - Delayed 3 second(s)

2022-02-14 12:52:37 - [TEST_STEP][PASSED] - takeScreenshot(): Taking screenshot successfully

2022-02-14 12:52:37 - [MESSAGE][PASSED] - Taking screenshot successfully
[[ATTACHMENT|/home/intersoft-admin/Rattan/Bash/Training/Rattan/Final_testing/New_ActivityOverview/Reports/20220214_115757/DetailPop-up-BothSideUrlBasedAndNormal/20220214_115804/1644823357418.png]]

2022-02-14 12:52:37 - [TEST_STEP][PASSED] - if (waitForElementVisible(findTestObject("Object Repository/DetailPop-up/InformationSection/Details", ["position":"1", "position2":"1"]), 15) == true): null

2022-02-14 12:52:37 - [MESSAGE][PASSED] - Object 'Object Repository/DetailPop-up/InformationSection/Details' is visible

2022-02-14 12:52:37 - [TEST_STEP][PASSED] - click(findTestObject("Object Repository/DetailPop-up/InformationSection/Details", ["position":"1", "position2":"1"])): Object: 'Object Repository/DetailPop-up/InformationSection/Details' is clicked on

2022-02-14 12:52:41 - [MESSAGE][PASSED] - Object: 'Object Repository/DetailPop-up/InformationSection/Details' is clicked on

2022-02-14 12:52:41 - [TEST_STEP][PASSED] - delay(3): Delayed 3 second(s)

2022-02-14 12:52:44 - [MESSAGE][PASSED] - Delayed 3 second(s)

2022-02-14 12:52:44 - [TEST_STEP][PASSED] - takeScreenshot(): Taking screenshot successfully

2022-02-14 12:52:44 - [MESSAGE][PASSED] - Taking screenshot successfully
[[ATTACHMENT|/home/intersoft-admin/Rattan/Bash/Training/Rattan/Final_testing/New_ActivityOverview/Reports/20220214_115757/DetailPop-up-BothSideUrlBasedAndNormal/20220214_115804/1644823364370.png]]

2022-02-14 12:52:44 - [TEST_STEP][PASSED] - if (waitForElementVisible(findTestObject("Object Repository/DetailPop-up/InformationSection/Details", ["position":"1", "position2":"2"]), 15) == true): null

2022-02-14 12:52:44 - [MESSAGE][PASSED] - Object 'Object Repository/DetailPop-up/InformationSection/Details' is visible

2022-02-14 12:52:44 - [TEST_STEP][PASSED] - click(findTestObject("Object Repository/DetailPop-up/InformationSection/Details", ["position":"1", "position2":"2"])): Object: 'Object Repository/DetailPop-up/InformationSection/Details' is clicked on

2022-02-14 12:52:48 - [MESSAGE][PASSED] - Object: 'Object Repository/DetailPop-up/InformationSection/Details' is clicked on

2022-02-14 12:52:48 - [TEST_STEP][PASSED] - delay(3): Delayed 3 second(s)

2022-02-14 12:52:51 - [MESSAGE][PASSED] - Delayed 3 second(s)

2022-02-14 12:52:51 - [TEST_STEP][PASSED] - takeScreenshot(): Taking screenshot successfully

2022-02-14 12:52:51 - [MESSAGE][PASSED] - Taking screenshot successfully
[[ATTACHMENT|/home/intersoft-admin/Rattan/Bash/Training/Rattan/Final_testing/New_ActivityOverview/Reports/20220214_115757/DetailPop-up-BothSideUrlBasedAndNormal/20220214_115804/1644823371345.png]]

2022-02-14 12:52:51 - [TEST_STEP][PASSED] - if (waitForElementVisible(findTestObject("Object Repository/DetailPop-up/InformationSection/Details", ["position":"1", "position2":"3"]), 15) == true): Object 'Object Repository/DetailPop-up/InformationSection/Details' is not visible after 15 second(s)

2022-02-14 12:53:06 - [MESSAGE][WARNING] - Object 'Object Repository/DetailPop-up/InformationSection/Details' is not visible after 15 second(s)

2022-02-14 12:53:06 - [TEST_STEP][PASSED] - if (waitForElementVisible(findTestObject("Object Repository/DetailPop-up/InformationSection/Details", ["position":"1", "position2":"5"]), 15) == true): Web element with id: 'Object Repository/DetailPop-up/InformationSection/Details' located by '(//div[@class='order-detail-left']//li[@class='order-list confirm hash-link-parent active'])[1]//ul[@class='tabs custom-tabs']//li[5]//a' not found

2022-02-14 12:53:23 - [MESSAGE][INFO] - Unable to find the element located by 'By.xpath: (//div[@class='order-detail-left']//li[@class='order-list confirm hash-link-parent active'])[1]//ul[@class='tabs custom-tabs']//li[5]//a'. Please recheck the objects properties to make sure the desired element is located. 

2022-02-14 12:53:23 - [MESSAGE][WARNING] - [SELF-HEALING] Failed to find element with id 'Object Repository/DetailPop-up/InformationSection/Details'. Try using Self-healing.

2022-02-14 12:53:24 - [MESSAGE][INFO] - [SELF-HEALING] No working XPath is found.

2022-02-14 12:53:25 - [MESSAGE][INFO] - Unable to find the element located by 'By.xpath: '. Please recheck the objects properties to make sure the desired element is located. 

2022-02-14 12:53:25 - [MESSAGE][WARNING] - [SELF-HEALING] Cannot find elements when the selector is null

2022-02-14 12:53:25 - [MESSAGE][WARNING] - Web element with id: 'Object Repository/DetailPop-up/InformationSection/Details' located by '(//div[@class='order-detail-left']//li[@class='order-list confirm hash-link-parent active'])[1]//ul[@class='tabs custom-tabs']//li[5]//a' not found

2022-02-14 12:53:25 - [TEST_STEP][PASSED] - if (waitForElementVisible(findTestObject("Object Repository/DetailPop-up/InformationSection/Details", ["position":"1", "position2":"4"]), 15) == true): null

2022-02-14 12:53:25 - [MESSAGE][PASSED] - Object 'Object Repository/DetailPop-up/InformationSection/Details' is visible

2022-02-14 12:53:25 - [TEST_STEP][PASSED] - click(findTestObject("Object Repository/DetailPop-up/InformationSection/Details", ["position":"1", "position2":"4"])): Object: 'Object Repository/DetailPop-up/InformationSection/Details' is clicked on

2022-02-14 12:53:29 - [MESSAGE][PASSED] - Object: 'Object Repository/DetailPop-up/InformationSection/Details' is clicked on

2022-02-14 12:53:29 - [TEST_STEP][PASSED] - delay(3): Delayed 3 second(s)

2022-02-14 12:53:32 - [MESSAGE][PASSED] - Delayed 3 second(s)

2022-02-14 12:53:32 - [TEST_STEP][PASSED] - takeScreenshot(): Taking screenshot successfully

2022-02-14 12:53:32 - [MESSAGE][PASSED] - Taking screenshot successfully
[[ATTACHMENT|/home/intersoft-admin/Rattan/Bash/Training/Rattan/Final_testing/New_ActivityOverview/Reports/20220214_115757/DetailPop-up-BothSideUrlBasedAndNormal/20220214_115804/1644823412251.png]]

2022-02-14 12:53:32 - [TEST_STEP][PASSED] - click(findTestObject("Object Repository/DetailPop-up/ExpanSection/ExpandProductSection", ["position":looping])): Object: 'Object Repository/DetailPop-up/ExpanSection/ExpandProductSection' is clicked on

2022-02-14 12:53:35 - [MESSAGE][PASSED] - Object: 'Object Repository/DetailPop-up/ExpanSection/ExpandProductSection' is clicked on

2022-02-14 12:53:35 - [TEST_STEP][PASSED] - delay(3): Delayed 3 second(s)

2022-02-14 12:53:38 - [MESSAGE][PASSED] - Delayed 3 second(s)

2022-02-14 12:53:38 - [TEST_STEP][PASSED] - takeScreenshot(): Taking screenshot successfully

2022-02-14 12:53:39 - [MESSAGE][PASSED] - Taking screenshot successfully
[[ATTACHMENT|/home/intersoft-admin/Rattan/Bash/Training/Rattan/Final_testing/New_ActivityOverview/Reports/20220214_115757/DetailPop-up-BothSideUrlBasedAndNormal/20220214_115804/1644823418982.png]]

2022-02-14 12:53:39 - [TEST_STEP][PASSED] - if (waitForElementVisible(findTestObject("Object Repository/DetailPop-up/InformationSection/Details", ["position":"1", "position2":"1"]), 15) == true): null

2022-02-14 12:53:39 - [MESSAGE][PASSED] - Object 'Object Repository/DetailPop-up/InformationSection/Details' is visible

2022-02-14 12:53:39 - [TEST_STEP][PASSED] - click(findTestObject("Object Repository/DetailPop-up/InformationSection/Details", ["position":"1", "position2":"1"])): Object: 'Object Repository/DetailPop-up/InformationSection/Details' is clicked on

2022-02-14 12:53:42 - [MESSAGE][PASSED] - Object: 'Object Repository/DetailPop-up/InformationSection/Details' is clicked on

2022-02-14 12:53:42 - [TEST_STEP][PASSED] - delay(3): Delayed 3 second(s)

2022-02-14 12:53:45 - [MESSAGE][PASSED] - Delayed 3 second(s)

2022-02-14 12:53:45 - [TEST_STEP][PASSED] - takeScreenshot(): Taking screenshot successfully

2022-02-14 12:53:46 - [MESSAGE][PASSED] - Taking screenshot successfully
[[ATTACHMENT|/home/intersoft-admin/Rattan/Bash/Training/Rattan/Final_testing/New_ActivityOverview/Reports/20220214_115757/DetailPop-up-BothSideUrlBasedAndNormal/20220214_115804/1644823426022.png]]

2022-02-14 12:53:46 - [TEST_STEP][PASSED] - if (waitForElementVisible(findTestObject("Object Repository/DetailPop-up/InformationSection/Details", ["position":"1", "position2":"2"]), 15) == true): null

2022-02-14 12:53:46 - [MESSAGE][PASSED] - Object 'Object Repository/DetailPop-up/InformationSection/Details' is visible

2022-02-14 12:53:46 - [TEST_STEP][PASSED] - click(findTestObject("Object Repository/DetailPop-up/InformationSection/Details", ["position":"1", "position2":"2"])): Object: 'Object Repository/DetailPop-up/InformationSection/Details' is clicked on

2022-02-14 12:53:49 - [MESSAGE][PASSED] - Object: 'Object Repository/DetailPop-up/InformationSection/Details' is clicked on

2022-02-14 12:53:49 - [TEST_STEP][PASSED] - delay(3): Delayed 3 second(s)

2022-02-14 12:53:52 - [MESSAGE][PASSED] - Delayed 3 second(s)

2022-02-14 12:53:52 - [TEST_STEP][PASSED] - takeScreenshot(): Taking screenshot successfully

2022-02-14 12:53:53 - [MESSAGE][PASSED] - Taking screenshot successfully
[[ATTACHMENT|/home/intersoft-admin/Rattan/Bash/Training/Rattan/Final_testing/New_ActivityOverview/Reports/20220214_115757/DetailPop-up-BothSideUrlBasedAndNormal/20220214_115804/1644823433032.png]]

2022-02-14 12:53:53 - [TEST_STEP][PASSED] - if (waitForElementVisible(findTestObject("Object Repository/DetailPop-up/InformationSection/Details", ["position":"1", "position2":"3"]), 15) == true): Object 'Object Repository/DetailPop-up/InformationSection/Details' is not visible after 15 second(s)

2022-02-14 12:54:08 - [MESSAGE][WARNING] - Object 'Object Repository/DetailPop-up/InformationSection/Details' is not visible after 15 second(s)

2022-02-14 12:54:08 - [TEST_STEP][PASSED] - if (waitForElementVisible(findTestObject("Object Repository/DetailPop-up/InformationSection/Details", ["position":"1", "position2":"5"]), 15) == true): Web element with id: 'Object Repository/DetailPop-up/InformationSection/Details' located by '(//div[@class='order-detail-left']//li[@class='order-list confirm hash-link-parent active'])[1]//ul[@class='tabs custom-tabs']//li[5]//a' not found

2022-02-14 12:54:24 - [MESSAGE][INFO] - Unable to find the element located by 'By.xpath: (//div[@class='order-detail-left']//li[@class='order-list confirm hash-link-parent active'])[1]//ul[@class='tabs custom-tabs']//li[5]//a'. Please recheck the objects properties to make sure the desired element is located. 

2022-02-14 12:54:24 - [MESSAGE][WARNING] - [SELF-HEALING] Failed to find element with id 'Object Repository/DetailPop-up/InformationSection/Details'. Try using Self-healing.

2022-02-14 12:54:25 - [MESSAGE][INFO] - [SELF-HEALING] No working XPath is found.

2022-02-14 12:54:26 - [MESSAGE][INFO] - Unable to find the element located by 'By.xpath: '. Please recheck the objects properties to make sure the desired element is located. 

2022-02-14 12:54:26 - [MESSAGE][WARNING] - [SELF-HEALING] Cannot find elements when the selector is null

2022-02-14 12:54:26 - [MESSAGE][WARNING] - Web element with id: 'Object Repository/DetailPop-up/InformationSection/Details' located by '(//div[@class='order-detail-left']//li[@class='order-list confirm hash-link-parent active'])[1]//ul[@class='tabs custom-tabs']//li[5]//a' not found

2022-02-14 12:54:26 - [TEST_STEP][PASSED] - if (waitForElementVisible(findTestObject("Object Repository/DetailPop-up/InformationSection/Details", ["position":"1", "position2":"4"]), 15) == true): null

2022-02-14 12:54:27 - [MESSAGE][PASSED] - Object 'Object Repository/DetailPop-up/InformationSection/Details' is visible

2022-02-14 12:54:27 - [TEST_STEP][PASSED] - click(findTestObject("Object Repository/DetailPop-up/InformationSection/Details", ["position":"1", "position2":"4"])): Object: 'Object Repository/DetailPop-up/InformationSection/Details' is clicked on

2022-02-14 12:54:30 - [MESSAGE][PASSED] - Object: 'Object Repository/DetailPop-up/InformationSection/Details' is clicked on

2022-02-14 12:54:30 - [TEST_STEP][PASSED] - delay(3): Delayed 3 second(s)

2022-02-14 12:54:33 - [MESSAGE][PASSED] - Delayed 3 second(s)

2022-02-14 12:54:33 - [TEST_STEP][PASSED] - takeScreenshot(): Taking screenshot successfully

2022-02-14 12:54:33 - [MESSAGE][PASSED] - Taking screenshot successfully
[[ATTACHMENT|/home/intersoft-admin/Rattan/Bash/Training/Rattan/Final_testing/New_ActivityOverview/Reports/20220214_115757/DetailPop-up-BothSideUrlBasedAndNormal/20220214_115804/1644823473724.png]]

2022-02-14 12:54:33 - [TEST_STEP][PASSED] - if (waitForElementClickable(findTestObject("Object Repository/DetailPop-up/ExpanSection/SubProductList-ClickOnExpandView", ["position":"1"]), 15)): Web element with id: 'Object Repository/DetailPop-up/ExpanSection/SubProductList-ClickOnExpandView' located by '(//div[@class='order-detail-left']//li[@class='order-list order-sub-list confirm hash-link-parent']//i[contains(text(),'expand_more')])[1]' not found

2022-02-14 12:54:49 - [MESSAGE][INFO] - Unable to find the element located by 'By.xpath: (//div[@class='order-detail-left']//li[@class='order-list order-sub-list confirm hash-link-parent']//i[contains(text(),'expand_more')])[1]'. Please recheck the objects properties to make sure the desired element is located. 

2022-02-14 12:54:49 - [MESSAGE][WARNING] - [SELF-HEALING] Failed to find element with id 'Object Repository/DetailPop-up/ExpanSection/SubProductList-ClickOnExpandView'. Try using Self-healing.

2022-02-14 12:54:50 - [MESSAGE][INFO] - [SELF-HEALING] No working XPath is found.

2022-02-14 12:54:52 - [MESSAGE][INFO] - Unable to find the element located by 'By.xpath: '. Please recheck the objects properties to make sure the desired element is located. 

2022-02-14 12:54:52 - [MESSAGE][WARNING] - [SELF-HEALING] Cannot find elements when the selector is null

2022-02-14 12:54:52 - [MESSAGE][WARNING] - Web element with id: 'Object Repository/DetailPop-up/ExpanSection/SubProductList-ClickOnExpandView' located by '(//div[@class='order-detail-left']//li[@class='order-list order-sub-list confirm hash-link-parent']//i[contains(text(),'expand_more')])[1]' not found

2022-02-14 12:54:52 - [MESSAGE][PASSED] - Call Test Case 'Test Cases/NewActivityOverview-LeftNavigation/ActivityOverview-OpenDetailPop-up - CopiedURL' successfully

2022-02-14 12:54:52 - [TEST_STEP][PASSED] - switchToWindowIndex(0): Switched to window with index: '0'

2022-02-14 12:54:52 - [MESSAGE][PASSED] - Switched to window with index: '0'

2022-02-14 12:54:52 - [TEST_STEP][PASSED] - delay(13): Delayed 13 second(s)

2022-02-14 12:55:05 - [MESSAGE][PASSED] - Delayed 13 second(s)

2022-02-14 12:55:05 - [TEST_STEP][PASSED] - switchToFrame(findTestObject("Object Repository/Iframe/NewActivityOverviewIframe"), 5): null

2022-02-14 12:55:05 - [TEST_STEP][PASSED] - click(findTestObject("Object Repository/DetailPop-up/Backbutton/BackButtonToListing")): Object: 'Object Repository/DetailPop-up/Backbutton/BackButtonToListing' is clicked on

2022-02-14 12:55:08 - [MESSAGE][PASSED] - Object: 'Object Repository/DetailPop-up/Backbutton/BackButtonToListing' is clicked on

2022-02-14 12:55:08 - [TEST_STEP][PASSED] - delay(13): Delayed 13 second(s)

2022-02-14 12:55:21 - [MESSAGE][PASSED] - Delayed 13 second(s)

2022-02-14 12:55:21 - [TEST_STEP][PASSED] - if (sizeoflisting < 2): null]]></system-out>
         <system-err><![CDATA[2022-02-14 12:28:42 - [TEST_CASE][FAILED] - Test Cases/NewActivityOverview-LeftNavigation/ActivityOverview-OpenDetailPop-up: Test Cases/NewActivityOverview-LeftNavigation/ActivityOverview-OpenDetailPop-up FAILED.
Reason:
com.kms.katalon.core.exception.StepFailedException: Unable to call Test Case 'Test Cases/StepToReUse/StepTOCopyURLAndAddAnotherTab' (Root cause: com.kms.katalon.core.exception.StepFailedException: Call Test Case 'Test Cases/StepToReUse/StepTOCopyURLAndAddAnotherTab' failed
	at com.kms.katalon.core.keyword.builtin.CallTestCaseKeyword$_callTestCase_closure1.doCall(CallTestCaseKeyword.groovy:63)
	at com.kms.katalon.core.keyword.builtin.CallTestCaseKeyword$_callTestCase_closure1.call(CallTestCaseKeyword.groovy)
	at com.kms.katalon.core.keyword.internal.KeywordMain.runKeyword(KeywordMain.groovy:74)
	at com.kms.katalon.core.keyword.builtin.CallTestCaseKeyword.callTestCase(CallTestCaseKeyword.groovy:81)
	at com.kms.katalon.core.keyword.builtin.CallTestCaseKeyword.execute(CallTestCaseKeyword.groovy:44)
	at com.kms.katalon.core.keyword.internal.KeywordExecutor.executeKeywordForPlatform(KeywordExecutor.groovy:74)
	at com.kms.katalon.core.keyword.BuiltinKeywords.callTestCase(BuiltinKeywords.groovy:334)
	at ActivityOverview-OpenDetailPop-up.run(ActivityOverview-OpenDetailPop-up:226)
	at com.kms.katalon.core.main.ScriptEngine.run(ScriptEngine.java:194)
	at com.kms.katalon.core.main.ScriptEngine.runScriptAsRawText(ScriptEngine.java:119)
	at com.kms.katalon.core.main.TestCaseExecutor.runScript(TestCaseExecutor.java:442)
	at com.kms.katalon.core.main.TestCaseExecutor.doExecute(TestCaseExecutor.java:433)
	at com.kms.katalon.core.main.TestCaseExecutor.processExecutionPhase(TestCaseExecutor.java:412)
	at com.kms.katalon.core.main.TestCaseExecutor.accessMainPhase(TestCaseExecutor.java:404)
	at com.kms.katalon.core.main.TestCaseExecutor.execute(TestCaseExecutor.java:281)
	at com.kms.katalon.core.main.TestSuiteExecutor.accessTestCaseMainPhase(TestSuiteExecutor.java:202)
	at com.kms.katalon.core.main.TestSuiteExecutor.accessTestSuiteMainPhase(TestSuiteExecutor.java:164)
	at com.kms.katalon.core.main.TestSuiteExecutor.execute(TestSuiteExecutor.java:105)
	at com.kms.katalon.core.main.TestCaseMain.startTestSuite(TestCaseMain.java:185)
	at com.kms.katalon.core.main.TestCaseMain$startTestSuite$0.call(Unknown Source)
	at TempTestSuite1644820084493.run(TempTestSuite1644820084493.groovy:36)
Caused by: com.kms.katalon.core.exception.StepFailedException: Unable to click on object 'Object Repository/Header/Preview/ClickOnPreviewIcon'
	at com.kms.katalon.core.webui.keyword.internal.WebUIKeywordMain.stepFailed(WebUIKeywordMain.groovy:64)
	at com.kms.katalon.core.webui.keyword.internal.WebUIKeywordMain.runKeyword(WebUIKeywordMain.groovy:26)
	at com.kms.katalon.core.webui.keyword.builtin.ClickKeyword.click(ClickKeyword.groovy:74)
	at com.kms.katalon.core.webui.keyword.builtin.ClickKeyword.execute(ClickKeyword.groovy:40)
	at com.kms.katalon.core.keyword.internal.KeywordExecutor.executeKeywordForPlatform(KeywordExecutor.groovy:74)
	at com.kms.katalon.core.webui.keyword.WebUiBuiltInKeywords.click(WebUiBuiltInKeywords.groovy:620)
	at com.kms.katalon.core.webui.keyword.WebUiBuiltInKeywords$click$2.call(Unknown Source)
	at StepTOCopyURLAndAddAnotherTab.run(StepTOCopyURLAndAddAnotherTab:29)
	at com.kms.katalon.core.main.ScriptEngine.run(ScriptEngine.java:194)
	at com.kms.katalon.core.main.ScriptEngine.runScriptAsRawText(ScriptEngine.java:119)
	at com.kms.katalon.core.main.TestCaseExecutor.runScript(TestCaseExecutor.java:442)
	at com.kms.katalon.core.main.TestCaseExecutor.doExecute(TestCaseExecutor.java:433)
	at com.kms.katalon.core.main.TestCaseExecutor.processExecutionPhase(TestCaseExecutor.java:412)
	at com.kms.katalon.core.main.TestCaseExecutor.accessMainPhase(TestCaseExecutor.java:404)
	at com.kms.katalon.core.main.TestCaseExecutor.execute(TestCaseExecutor.java:281)
	at com.kms.katalon.core.main.TestCaseMain.runTestCase(TestCaseMain.java:142)
	at com.kms.katalon.core.keyword.builtin.CallTestCaseKeyword$_callTestCase_closure1.doCall(CallTestCaseKeyword.groovy:59)
	... 20 more
Caused by: com.kms.katalon.core.webui.exception.WebElementNotFoundException: Web element with id: 'Object Repository/Header/Preview/ClickOnPreviewIcon' located by '//span[contains(text(),'Preview')]//parent::a' not found
	at com.kms.katalon.core.webui.common.WebUiCommonHelper.findWebElement(WebUiCommonHelper.java:1370)
	at com.kms.katalon.core.webui.keyword.internal.WebUIAbstractKeyword.findWebElement(WebUIAbstractKeyword.groovy:27)
	at com.kms.katalon.core.webui.keyword.builtin.ClickKeyword$_click_closure1.doCall(ClickKeyword.groovy:65)
	at com.kms.katalon.core.webui.keyword.builtin.ClickKeyword$_click_closure1.call(ClickKeyword.groovy)
	at com.kms.katalon.core.webui.keyword.internal.WebUIKeywordMain.runKeyword(WebUIKeywordMain.groovy:20)
	... 35 more
)
	at com.kms.katalon.core.keyword.internal.KeywordMain.stepFailed(KeywordMain.groovy:39)
	at com.kms.katalon.core.keyword.internal.KeywordMain.stepFailed(KeywordMain.groovy)
	at com.kms.katalon.core.keyword.internal.KeywordMain.runKeyword(KeywordMain.groovy:76)
	at com.kms.katalon.core.keyword.builtin.CallTestCaseKeyword.callTestCase(CallTestCaseKeyword.groovy:81)
	at com.kms.katalon.core.keyword.builtin.CallTestCaseKeyword.execute(CallTestCaseKeyword.groovy:44)
	at com.kms.katalon.core.keyword.internal.KeywordExecutor.executeKeywordForPlatform(KeywordExecutor.groovy:74)
	at com.kms.katalon.core.keyword.BuiltinKeywords.callTestCase(BuiltinKeywords.groovy:334)
	at ActivityOverview-OpenDetailPop-up.run(ActivityOverview-OpenDetailPop-up:226)
	at com.kms.katalon.core.main.ScriptEngine.run(ScriptEngine.java:194)
	at com.kms.katalon.core.main.ScriptEngine.runScriptAsRawText(ScriptEngine.java:119)
	at com.kms.katalon.core.main.TestCaseExecutor.runScript(TestCaseExecutor.java:442)
	at com.kms.katalon.core.main.TestCaseExecutor.doExecute(TestCaseExecutor.java:433)
	at com.kms.katalon.core.main.TestCaseExecutor.processExecutionPhase(TestCaseExecutor.java:412)
	at com.kms.katalon.core.main.TestCaseExecutor.accessMainPhase(TestCaseExecutor.java:404)
	at com.kms.katalon.core.main.TestCaseExecutor.execute(TestCaseExecutor.java:281)
	at com.kms.katalon.core.main.TestSuiteExecutor.accessTestCaseMainPhase(TestSuiteExecutor.java:202)
	at com.kms.katalon.core.main.TestSuiteExecutor.accessTestSuiteMainPhase(TestSuiteExecutor.java:164)
	at com.kms.katalon.core.main.TestSuiteExecutor.execute(TestSuiteExecutor.java:105)
	at com.kms.katalon.core.main.TestCaseMain.startTestSuite(TestCaseMain.java:185)
	at com.kms.katalon.core.main.TestCaseMain$startTestSuite$0.call(Unknown Source)
	at TempTestSuite1644820084493.run(TempTestSuite1644820084493.groovy:36)
Caused by: com.kms.katalon.core.exception.StepFailedException: Call Test Case 'Test Cases/StepToReUse/StepTOCopyURLAndAddAnotherTab' failed
	at com.kms.katalon.core.keyword.builtin.CallTestCaseKeyword$_callTestCase_closure1.doCall(CallTestCaseKeyword.groovy:63)
	at com.kms.katalon.core.keyword.builtin.CallTestCaseKeyword$_callTestCase_closure1.call(CallTestCaseKeyword.groovy)
	at com.kms.katalon.core.keyword.internal.KeywordMain.runKeyword(KeywordMain.groovy:74)
	... 18 more
Caused by: com.kms.katalon.core.exception.StepFailedException: Unable to click on object 'Object Repository/Header/Preview/ClickOnPreviewIcon'
	at com.kms.katalon.core.webui.keyword.internal.WebUIKeywordMain.stepFailed(WebUIKeywordMain.groovy:64)
	at com.kms.katalon.core.webui.keyword.internal.WebUIKeywordMain.runKeyword(WebUIKeywordMain.groovy:26)
	at com.kms.katalon.core.webui.keyword.builtin.ClickKeyword.click(ClickKeyword.groovy:74)
	at com.kms.katalon.core.webui.keyword.builtin.ClickKeyword.execute(ClickKeyword.groovy:40)
	at com.kms.katalon.core.keyword.internal.KeywordExecutor.executeKeywordForPlatform(KeywordExecutor.groovy:74)
	at com.kms.katalon.core.webui.keyword.WebUiBuiltInKeywords.click(WebUiBuiltInKeywords.groovy:620)
	at com.kms.katalon.core.webui.keyword.WebUiBuiltInKeywords$click$2.call(Unknown Source)
	at StepTOCopyURLAndAddAnotherTab.run(StepTOCopyURLAndAddAnotherTab:29)
	at com.kms.katalon.core.main.ScriptEngine.run(ScriptEngine.java:194)
	at com.kms.katalon.core.main.ScriptEngine.runScriptAsRawText(ScriptEngine.java:119)
	at com.kms.katalon.core.main.TestCaseExecutor.runScript(TestCaseExecutor.java:442)
	at com.kms.katalon.core.main.TestCaseExecutor.doExecute(TestCaseExecutor.java:433)
	at com.kms.katalon.core.main.TestCaseExecutor.processExecutionPhase(TestCaseExecutor.java:412)
	at com.kms.katalon.core.main.TestCaseExecutor.accessMainPhase(TestCaseExecutor.java:404)
	at com.kms.katalon.core.main.TestCaseExecutor.execute(TestCaseExecutor.java:281)
	at com.kms.katalon.core.main.TestCaseMain.runTestCase(TestCaseMain.java:142)
	at com.kms.katalon.core.keyword.builtin.CallTestCaseKeyword$_callTestCase_closure1.doCall(CallTestCaseKeyword.groovy:59)
	... 20 more
Caused by: com.kms.katalon.core.webui.exception.WebElementNotFoundException: Web element with id: 'Object Repository/Header/Preview/ClickOnPreviewIcon' located by '//span[contains(text(),'Preview')]//parent::a' not found
	at com.kms.katalon.core.webui.common.WebUiCommonHelper.findWebElement(WebUiCommonHelper.java:1370)
	at com.kms.katalon.core.webui.keyword.internal.WebUIAbstractKeyword.findWebElement(WebUIAbstractKeyword.groovy:27)
	at com.kms.katalon.core.webui.keyword.builtin.ClickKeyword$_click_closure1.doCall(ClickKeyword.groovy:65)
	at com.kms.katalon.core.webui.keyword.builtin.ClickKeyword$_click_closure1.call(ClickKeyword.groovy)
	at com.kms.katalon.core.webui.keyword.internal.WebUIKeywordMain.runKeyword(WebUIKeywordMain.groovy:20)
	... 35 more]]></system-err>
      </testcase>
      <system-out><![CDATA[2022-02-14 12:28:42 - [TEST_SUITE][FAILED] - DetailPop-up-BothSideUrlBasedAndNormal: Test Cases/NewActivityOverview-LeftNavigation/ActivityOverview-OpenDetailPop-up FAILED.
Reason:
com.kms.katalon.core.exception.StepFailedException: Unable to call Test Case 'Test Cases/StepToReUse/StepTOCopyURLAndAddAnotherTab' (Root cause: com.kms.katalon.core.exception.StepFailedException: Call Test Case 'Test Cases/StepToReUse/StepTOCopyURLAndAddAnotherTab' failed
	at com.kms.katalon.core.keyword.builtin.CallTestCaseKeyword$_callTestCase_closure1.doCall(CallTestCaseKeyword.groovy:63)
	at com.kms.katalon.core.keyword.builtin.CallTestCaseKeyword$_callTestCase_closure1.call(CallTestCaseKeyword.groovy)
	at com.kms.katalon.core.keyword.internal.KeywordMain.runKeyword(KeywordMain.groovy:74)
	at com.kms.katalon.core.keyword.builtin.CallTestCaseKeyword.callTestCase(CallTestCaseKeyword.groovy:81)
	at com.kms.katalon.core.keyword.builtin.CallTestCaseKeyword.execute(CallTestCaseKeyword.groovy:44)
	at com.kms.katalon.core.keyword.internal.KeywordExecutor.executeKeywordForPlatform(KeywordExecutor.groovy:74)
	at com.kms.katalon.core.keyword.BuiltinKeywords.callTestCase(BuiltinKeywords.groovy:334)
	at ActivityOverview-OpenDetailPop-up.run(ActivityOverview-OpenDetailPop-up:226)
	at com.kms.katalon.core.main.ScriptEngine.run(ScriptEngine.java:194)
	at com.kms.katalon.core.main.ScriptEngine.runScriptAsRawText(ScriptEngine.java:119)
	at com.kms.katalon.core.main.TestCaseExecutor.runScript(TestCaseExecutor.java:442)
	at com.kms.katalon.core.main.TestCaseExecutor.doExecute(TestCaseExecutor.java:433)
	at com.kms.katalon.core.main.TestCaseExecutor.processExecutionPhase(TestCaseExecutor.java:412)
	at com.kms.katalon.core.main.TestCaseExecutor.accessMainPhase(TestCaseExecutor.java:404)
	at com.kms.katalon.core.main.TestCaseExecutor.execute(TestCaseExecutor.java:281)
	at com.kms.katalon.core.main.TestSuiteExecutor.accessTestCaseMainPhase(TestSuiteExecutor.java:202)
	at com.kms.katalon.core.main.TestSuiteExecutor.accessTestSuiteMainPhase(TestSuiteExecutor.java:164)
	at com.kms.katalon.core.main.TestSuiteExecutor.execute(TestSuiteExecutor.java:105)
	at com.kms.katalon.core.main.TestCaseMain.startTestSuite(TestCaseMain.java:185)
	at com.kms.katalon.core.main.TestCaseMain$startTestSuite$0.call(Unknown Source)
	at TempTestSuite1644820084493.run(TempTestSuite1644820084493.groovy:36)
Caused by: com.kms.katalon.core.exception.StepFailedException: Unable to click on object 'Object Repository/Header/Preview/ClickOnPreviewIcon'
	at com.kms.katalon.core.webui.keyword.internal.WebUIKeywordMain.stepFailed(WebUIKeywordMain.groovy:64)
	at com.kms.katalon.core.webui.keyword.internal.WebUIKeywordMain.runKeyword(WebUIKeywordMain.groovy:26)
	at com.kms.katalon.core.webui.keyword.builtin.ClickKeyword.click(ClickKeyword.groovy:74)
	at com.kms.katalon.core.webui.keyword.builtin.ClickKeyword.execute(ClickKeyword.groovy:40)
	at com.kms.katalon.core.keyword.internal.KeywordExecutor.executeKeywordForPlatform(KeywordExecutor.groovy:74)
	at com.kms.katalon.core.webui.keyword.WebUiBuiltInKeywords.click(WebUiBuiltInKeywords.groovy:620)
	at com.kms.katalon.core.webui.keyword.WebUiBuiltInKeywords$click$2.call(Unknown Source)
	at StepTOCopyURLAndAddAnotherTab.run(StepTOCopyURLAndAddAnotherTab:29)
	at com.kms.katalon.core.main.ScriptEngine.run(ScriptEngine.java:194)
	at com.kms.katalon.core.main.ScriptEngine.runScriptAsRawText(ScriptEngine.java:119)
	at com.kms.katalon.core.main.TestCaseExecutor.runScript(TestCaseExecutor.java:442)
	at com.kms.katalon.core.main.TestCaseExecutor.doExecute(TestCaseExecutor.java:433)
	at com.kms.katalon.core.main.TestCaseExecutor.processExecutionPhase(TestCaseExecutor.java:412)
	at com.kms.katalon.core.main.TestCaseExecutor.accessMainPhase(TestCaseExecutor.java:404)
	at com.kms.katalon.core.main.TestCaseExecutor.execute(TestCaseExecutor.java:281)
	at com.kms.katalon.core.main.TestCaseMain.runTestCase(TestCaseMain.java:142)
	at com.kms.katalon.core.keyword.builtin.CallTestCaseKeyword$_callTestCase_closure1.doCall(CallTestCaseKeyword.groovy:59)
	... 20 more
Caused by: com.kms.katalon.core.webui.exception.WebElementNotFoundException: Web element with id: 'Object Repository/Header/Preview/ClickOnPreviewIcon' located by '//span[contains(text(),'Preview')]//parent::a' not found
	at com.kms.katalon.core.webui.common.WebUiCommonHelper.findWebElement(WebUiCommonHelper.java:1370)
	at com.kms.katalon.core.webui.keyword.internal.WebUIAbstractKeyword.findWebElement(WebUIAbstractKeyword.groovy:27)
	at com.kms.katalon.core.webui.keyword.builtin.ClickKeyword$_click_closure1.doCall(ClickKeyword.groovy:65)
	at com.kms.katalon.core.webui.keyword.builtin.ClickKeyword$_click_closure1.call(ClickKeyword.groovy)
	at com.kms.katalon.core.webui.keyword.internal.WebUIKeywordMain.runKeyword(WebUIKeywordMain.groovy:20)
	... 35 more
)
	at com.kms.katalon.core.keyword.internal.KeywordMain.stepFailed(KeywordMain.groovy:39)
	at com.kms.katalon.core.keyword.internal.KeywordMain.stepFailed(KeywordMain.groovy)
	at com.kms.katalon.core.keyword.internal.KeywordMain.runKeyword(KeywordMain.groovy:76)
	at com.kms.katalon.core.keyword.builtin.CallTestCaseKeyword.callTestCase(CallTestCaseKeyword.groovy:81)
	at com.kms.katalon.core.keyword.builtin.CallTestCaseKeyword.execute(CallTestCaseKeyword.groovy:44)
	at com.kms.katalon.core.keyword.internal.KeywordExecutor.executeKeywordForPlatform(KeywordExecutor.groovy:74)
	at com.kms.katalon.core.keyword.BuiltinKeywords.callTestCase(BuiltinKeywords.groovy:334)
	at ActivityOverview-OpenDetailPop-up.run(ActivityOverview-OpenDetailPop-up:226)
	at com.kms.katalon.core.main.ScriptEngine.run(ScriptEngine.java:194)
	at com.kms.katalon.core.main.ScriptEngine.runScriptAsRawText(ScriptEngine.java:119)
	at com.kms.katalon.core.main.TestCaseExecutor.runScript(TestCaseExecutor.java:442)
	at com.kms.katalon.core.main.TestCaseExecutor.doExecute(TestCaseExecutor.java:433)
	at com.kms.katalon.core.main.TestCaseExecutor.processExecutionPhase(TestCaseExecutor.java:412)
	at com.kms.katalon.core.main.TestCaseExecutor.accessMainPhase(TestCaseExecutor.java:404)
	at com.kms.katalon.core.main.TestCaseExecutor.execute(TestCaseExecutor.java:281)
	at com.kms.katalon.core.main.TestSuiteExecutor.accessTestCaseMainPhase(TestSuiteExecutor.java:202)
	at com.kms.katalon.core.main.TestSuiteExecutor.accessTestSuiteMainPhase(TestSuiteExecutor.java:164)
	at com.kms.katalon.core.main.TestSuiteExecutor.execute(TestSuiteExecutor.java:105)
	at com.kms.katalon.core.main.TestCaseMain.startTestSuite(TestCaseMain.java:185)
	at com.kms.katalon.core.main.TestCaseMain$startTestSuite$0.call(Unknown Source)
	at TempTestSuite1644820084493.run(TempTestSuite1644820084493.groovy:36)
Caused by: com.kms.katalon.core.exception.StepFailedException: Call Test Case 'Test Cases/StepToReUse/StepTOCopyURLAndAddAnotherTab' failed
	at com.kms.katalon.core.keyword.builtin.CallTestCaseKeyword$_callTestCase_closure1.doCall(CallTestCaseKeyword.groovy:63)
	at com.kms.katalon.core.keyword.builtin.CallTestCaseKeyword$_callTestCase_closure1.call(CallTestCaseKeyword.groovy)
	at com.kms.katalon.core.keyword.internal.KeywordMain.runKeyword(KeywordMain.groovy:74)
	... 18 more
Caused by: com.kms.katalon.core.exception.StepFailedException: Unable to click on object 'Object Repository/Header/Preview/ClickOnPreviewIcon'
	at com.kms.katalon.core.webui.keyword.internal.WebUIKeywordMain.stepFailed(WebUIKeywordMain.groovy:64)
	at com.kms.katalon.core.webui.keyword.internal.WebUIKeywordMain.runKeyword(WebUIKeywordMain.groovy:26)
	at com.kms.katalon.core.webui.keyword.builtin.ClickKeyword.click(ClickKeyword.groovy:74)
	at com.kms.katalon.core.webui.keyword.builtin.ClickKeyword.execute(ClickKeyword.groovy:40)
	at com.kms.katalon.core.keyword.internal.KeywordExecutor.executeKeywordForPlatform(KeywordExecutor.groovy:74)
	at com.kms.katalon.core.webui.keyword.WebUiBuiltInKeywords.click(WebUiBuiltInKeywords.groovy:620)
	at com.kms.katalon.core.webui.keyword.WebUiBuiltInKeywords$click$2.call(Unknown Source)
	at StepTOCopyURLAndAddAnotherTab.run(StepTOCopyURLAndAddAnotherTab:29)
	at com.kms.katalon.core.main.ScriptEngine.run(ScriptEngine.java:194)
	at com.kms.katalon.core.main.ScriptEngine.runScriptAsRawText(ScriptEngine.java:119)
	at com.kms.katalon.core.main.TestCaseExecutor.runScript(TestCaseExecutor.java:442)
	at com.kms.katalon.core.main.TestCaseExecutor.doExecute(TestCaseExecutor.java:433)
	at com.kms.katalon.core.main.TestCaseExecutor.processExecutionPhase(TestCaseExecutor.java:412)
	at com.kms.katalon.core.main.TestCaseExecutor.accessMainPhase(TestCaseExecutor.java:404)
	at com.kms.katalon.core.main.TestCaseExecutor.execute(TestCaseExecutor.java:281)
	at com.kms.katalon.core.main.TestCaseMain.runTestCase(TestCaseMain.java:142)
	at com.kms.katalon.core.keyword.builtin.CallTestCaseKeyword$_callTestCase_closure1.doCall(CallTestCaseKeyword.groovy:59)
	... 20 more
Caused by: com.kms.katalon.core.webui.exception.WebElementNotFoundException: Web element with id: 'Object Repository/Header/Preview/ClickOnPreviewIcon' located by '//span[contains(text(),'Preview')]//parent::a' not found
	at com.kms.katalon.core.webui.common.WebUiCommonHelper.findWebElement(WebUiCommonHelper.java:1370)
	at com.kms.katalon.core.webui.keyword.internal.WebUIAbstractKeyword.findWebElement(WebUIAbstractKeyword.groovy:27)
	at com.kms.katalon.core.webui.keyword.builtin.ClickKeyword$_click_closure1.doCall(ClickKeyword.groovy:65)
	at com.kms.katalon.core.webui.keyword.builtin.ClickKeyword$_click_closure1.call(ClickKeyword.groovy)
	at com.kms.katalon.core.webui.keyword.internal.WebUIKeywordMain.runKeyword(WebUIKeywordMain.groovy:20)
	... 35 more]]></system-out>
      <system-err><![CDATA[2022-02-14 12:28:42 - [TEST_SUITE][FAILED] - DetailPop-up-BothSideUrlBasedAndNormal: Test Cases/NewActivityOverview-LeftNavigation/ActivityOverview-OpenDetailPop-up FAILED.
Reason:
com.kms.katalon.core.exception.StepFailedException: Unable to call Test Case 'Test Cases/StepToReUse/StepTOCopyURLAndAddAnotherTab' (Root cause: com.kms.katalon.core.exception.StepFailedException: Call Test Case 'Test Cases/StepToReUse/StepTOCopyURLAndAddAnotherTab' failed
	at com.kms.katalon.core.keyword.builtin.CallTestCaseKeyword$_callTestCase_closure1.doCall(CallTestCaseKeyword.groovy:63)
	at com.kms.katalon.core.keyword.builtin.CallTestCaseKeyword$_callTestCase_closure1.call(CallTestCaseKeyword.groovy)
	at com.kms.katalon.core.keyword.internal.KeywordMain.runKeyword(KeywordMain.groovy:74)
	at com.kms.katalon.core.keyword.builtin.CallTestCaseKeyword.callTestCase(CallTestCaseKeyword.groovy:81)
	at com.kms.katalon.core.keyword.builtin.CallTestCaseKeyword.execute(CallTestCaseKeyword.groovy:44)
	at com.kms.katalon.core.keyword.internal.KeywordExecutor.executeKeywordForPlatform(KeywordExecutor.groovy:74)
	at com.kms.katalon.core.keyword.BuiltinKeywords.callTestCase(BuiltinKeywords.groovy:334)
	at ActivityOverview-OpenDetailPop-up.run(ActivityOverview-OpenDetailPop-up:226)
	at com.kms.katalon.core.main.ScriptEngine.run(ScriptEngine.java:194)
	at com.kms.katalon.core.main.ScriptEngine.runScriptAsRawText(ScriptEngine.java:119)
	at com.kms.katalon.core.main.TestCaseExecutor.runScript(TestCaseExecutor.java:442)
	at com.kms.katalon.core.main.TestCaseExecutor.doExecute(TestCaseExecutor.java:433)
	at com.kms.katalon.core.main.TestCaseExecutor.processExecutionPhase(TestCaseExecutor.java:412)
	at com.kms.katalon.core.main.TestCaseExecutor.accessMainPhase(TestCaseExecutor.java:404)
	at com.kms.katalon.core.main.TestCaseExecutor.execute(TestCaseExecutor.java:281)
	at com.kms.katalon.core.main.TestSuiteExecutor.accessTestCaseMainPhase(TestSuiteExecutor.java:202)
	at com.kms.katalon.core.main.TestSuiteExecutor.accessTestSuiteMainPhase(TestSuiteExecutor.java:164)
	at com.kms.katalon.core.main.TestSuiteExecutor.execute(TestSuiteExecutor.java:105)
	at com.kms.katalon.core.main.TestCaseMain.startTestSuite(TestCaseMain.java:185)
	at com.kms.katalon.core.main.TestCaseMain$startTestSuite$0.call(Unknown Source)
	at TempTestSuite1644820084493.run(TempTestSuite1644820084493.groovy:36)
Caused by: com.kms.katalon.core.exception.StepFailedException: Unable to click on object 'Object Repository/Header/Preview/ClickOnPreviewIcon'
	at com.kms.katalon.core.webui.keyword.internal.WebUIKeywordMain.stepFailed(WebUIKeywordMain.groovy:64)
	at com.kms.katalon.core.webui.keyword.internal.WebUIKeywordMain.runKeyword(WebUIKeywordMain.groovy:26)
	at com.kms.katalon.core.webui.keyword.builtin.ClickKeyword.click(ClickKeyword.groovy:74)
	at com.kms.katalon.core.webui.keyword.builtin.ClickKeyword.execute(ClickKeyword.groovy:40)
	at com.kms.katalon.core.keyword.internal.KeywordExecutor.executeKeywordForPlatform(KeywordExecutor.groovy:74)
	at com.kms.katalon.core.webui.keyword.WebUiBuiltInKeywords.click(WebUiBuiltInKeywords.groovy:620)
	at com.kms.katalon.core.webui.keyword.WebUiBuiltInKeywords$click$2.call(Unknown Source)
	at StepTOCopyURLAndAddAnotherTab.run(StepTOCopyURLAndAddAnotherTab:29)
	at com.kms.katalon.core.main.ScriptEngine.run(ScriptEngine.java:194)
	at com.kms.katalon.core.main.ScriptEngine.runScriptAsRawText(ScriptEngine.java:119)
	at com.kms.katalon.core.main.TestCaseExecutor.runScript(TestCaseExecutor.java:442)
	at com.kms.katalon.core.main.TestCaseExecutor.doExecute(TestCaseExecutor.java:433)
	at com.kms.katalon.core.main.TestCaseExecutor.processExecutionPhase(TestCaseExecutor.java:412)
	at com.kms.katalon.core.main.TestCaseExecutor.accessMainPhase(TestCaseExecutor.java:404)
	at com.kms.katalon.core.main.TestCaseExecutor.execute(TestCaseExecutor.java:281)
	at com.kms.katalon.core.main.TestCaseMain.runTestCase(TestCaseMain.java:142)
	at com.kms.katalon.core.keyword.builtin.CallTestCaseKeyword$_callTestCase_closure1.doCall(CallTestCaseKeyword.groovy:59)
	... 20 more
Caused by: com.kms.katalon.core.webui.exception.WebElementNotFoundException: Web element with id: 'Object Repository/Header/Preview/ClickOnPreviewIcon' located by '//span[contains(text(),'Preview')]//parent::a' not found
	at com.kms.katalon.core.webui.common.WebUiCommonHelper.findWebElement(WebUiCommonHelper.java:1370)
	at com.kms.katalon.core.webui.keyword.internal.WebUIAbstractKeyword.findWebElement(WebUIAbstractKeyword.groovy:27)
	at com.kms.katalon.core.webui.keyword.builtin.ClickKeyword$_click_closure1.doCall(ClickKeyword.groovy:65)
	at com.kms.katalon.core.webui.keyword.builtin.ClickKeyword$_click_closure1.call(ClickKeyword.groovy)
	at com.kms.katalon.core.webui.keyword.internal.WebUIKeywordMain.runKeyword(WebUIKeywordMain.groovy:20)
	... 35 more
)
	at com.kms.katalon.core.keyword.internal.KeywordMain.stepFailed(KeywordMain.groovy:39)
	at com.kms.katalon.core.keyword.internal.KeywordMain.stepFailed(KeywordMain.groovy)
	at com.kms.katalon.core.keyword.internal.KeywordMain.runKeyword(KeywordMain.groovy:76)
	at com.kms.katalon.core.keyword.builtin.CallTestCaseKeyword.callTestCase(CallTestCaseKeyword.groovy:81)
	at com.kms.katalon.core.keyword.builtin.CallTestCaseKeyword.execute(CallTestCaseKeyword.groovy:44)
	at com.kms.katalon.core.keyword.internal.KeywordExecutor.executeKeywordForPlatform(KeywordExecutor.groovy:74)
	at com.kms.katalon.core.keyword.BuiltinKeywords.callTestCase(BuiltinKeywords.groovy:334)
	at ActivityOverview-OpenDetailPop-up.run(ActivityOverview-OpenDetailPop-up:226)
	at com.kms.katalon.core.main.ScriptEngine.run(ScriptEngine.java:194)
	at com.kms.katalon.core.main.ScriptEngine.runScriptAsRawText(ScriptEngine.java:119)
	at com.kms.katalon.core.main.TestCaseExecutor.runScript(TestCaseExecutor.java:442)
	at com.kms.katalon.core.main.TestCaseExecutor.doExecute(TestCaseExecutor.java:433)
	at com.kms.katalon.core.main.TestCaseExecutor.processExecutionPhase(TestCaseExecutor.java:412)
	at com.kms.katalon.core.main.TestCaseExecutor.accessMainPhase(TestCaseExecutor.java:404)
	at com.kms.katalon.core.main.TestCaseExecutor.execute(TestCaseExecutor.java:281)
	at com.kms.katalon.core.main.TestSuiteExecutor.accessTestCaseMainPhase(TestSuiteExecutor.java:202)
	at com.kms.katalon.core.main.TestSuiteExecutor.accessTestSuiteMainPhase(TestSuiteExecutor.java:164)
	at com.kms.katalon.core.main.TestSuiteExecutor.execute(TestSuiteExecutor.java:105)
	at com.kms.katalon.core.main.TestCaseMain.startTestSuite(TestCaseMain.java:185)
	at com.kms.katalon.core.main.TestCaseMain$startTestSuite$0.call(Unknown Source)
	at TempTestSuite1644820084493.run(TempTestSuite1644820084493.groovy:36)
Caused by: com.kms.katalon.core.exception.StepFailedException: Call Test Case 'Test Cases/StepToReUse/StepTOCopyURLAndAddAnotherTab' failed
	at com.kms.katalon.core.keyword.builtin.CallTestCaseKeyword$_callTestCase_closure1.doCall(CallTestCaseKeyword.groovy:63)
	at com.kms.katalon.core.keyword.builtin.CallTestCaseKeyword$_callTestCase_closure1.call(CallTestCaseKeyword.groovy)
	at com.kms.katalon.core.keyword.internal.KeywordMain.runKeyword(KeywordMain.groovy:74)
	... 18 more
Caused by: com.kms.katalon.core.exception.StepFailedException: Unable to click on object 'Object Repository/Header/Preview/ClickOnPreviewIcon'
	at com.kms.katalon.core.webui.keyword.internal.WebUIKeywordMain.stepFailed(WebUIKeywordMain.groovy:64)
	at com.kms.katalon.core.webui.keyword.internal.WebUIKeywordMain.runKeyword(WebUIKeywordMain.groovy:26)
	at com.kms.katalon.core.webui.keyword.builtin.ClickKeyword.click(ClickKeyword.groovy:74)
	at com.kms.katalon.core.webui.keyword.builtin.ClickKeyword.execute(ClickKeyword.groovy:40)
	at com.kms.katalon.core.keyword.internal.KeywordExecutor.executeKeywordForPlatform(KeywordExecutor.groovy:74)
	at com.kms.katalon.core.webui.keyword.WebUiBuiltInKeywords.click(WebUiBuiltInKeywords.groovy:620)
	at com.kms.katalon.core.webui.keyword.WebUiBuiltInKeywords$click$2.call(Unknown Source)
	at StepTOCopyURLAndAddAnotherTab.run(StepTOCopyURLAndAddAnotherTab:29)
	at com.kms.katalon.core.main.ScriptEngine.run(ScriptEngine.java:194)
	at com.kms.katalon.core.main.ScriptEngine.runScriptAsRawText(ScriptEngine.java:119)
	at com.kms.katalon.core.main.TestCaseExecutor.runScript(TestCaseExecutor.java:442)
	at com.kms.katalon.core.main.TestCaseExecutor.doExecute(TestCaseExecutor.java:433)
	at com.kms.katalon.core.main.TestCaseExecutor.processExecutionPhase(TestCaseExecutor.java:412)
	at com.kms.katalon.core.main.TestCaseExecutor.accessMainPhase(TestCaseExecutor.java:404)
	at com.kms.katalon.core.main.TestCaseExecutor.execute(TestCaseExecutor.java:281)
	at com.kms.katalon.core.main.TestCaseMain.runTestCase(TestCaseMain.java:142)
	at com.kms.katalon.core.keyword.builtin.CallTestCaseKeyword$_callTestCase_closure1.doCall(CallTestCaseKeyword.groovy:59)
	... 20 more
Caused by: com.kms.katalon.core.webui.exception.WebElementNotFoundException: Web element with id: 'Object Repository/Header/Preview/ClickOnPreviewIcon' located by '//span[contains(text(),'Preview')]//parent::a' not found
	at com.kms.katalon.core.webui.common.WebUiCommonHelper.findWebElement(WebUiCommonHelper.java:1370)
	at com.kms.katalon.core.webui.keyword.internal.WebUIAbstractKeyword.findWebElement(WebUIAbstractKeyword.groovy:27)
	at com.kms.katalon.core.webui.keyword.builtin.ClickKeyword$_click_closure1.doCall(ClickKeyword.groovy:65)
	at com.kms.katalon.core.webui.keyword.builtin.ClickKeyword$_click_closure1.call(ClickKeyword.groovy)
	at com.kms.katalon.core.webui.keyword.internal.WebUIKeywordMain.runKeyword(WebUIKeywordMain.groovy:20)
	... 35 more]]></system-err>
   </testsuite>
</testsuites>
