<?xml version="1.0" encoding="UTF-8" standalone="no"?>
<!DOCTYPE log SYSTEM "logger.dtd">
<log>
<record>
  <date>2022-02-26T11:52:11</date>
  <millis>1645876331125</millis>
  <sequence>0</sequence>
  <level>START</level>
  <class>com.kms.katalon.core.logging.XmlKeywordLogger</class>
  <method>startSuite</method>
  <thread>1</thread>
  <message>Start Test Suite : Test Suites/CancelAndRefundMultipleBookings</message>
  <nestedLevel>0</nestedLevel>
  <escapedJava>false</escapedJava>
  <property name="rerunTestFailImmediately">true</property>
  <property name="retryCount">0</property>
  <property name="name">CancelAndRefundMultipleBookings</property>
  <property name="description">Here We can refund on basis of multiple booking exist on page 1</property>
  <property name="id">Test Suites/CancelAndRefundMultipleBookings</property>
</record>
<record>
  <date>2022-02-26T11:52:11</date>
  <millis>1645876331138</millis>
  <sequence>1</sequence>
  <level>RUN_DATA</level>
  <class>com.kms.katalon.core.logging.XmlKeywordLogger</class>
  <method>logMessage</method>
  <thread>1</thread>
  <message>hostName = root - bab3ec907815</message>
  <nestedLevel>0</nestedLevel>
  <escapedJava>false</escapedJava>
  <property name="hostName">root - bab3ec907815</property>
</record>
<record>
  <date>2022-02-26T11:52:11</date>
  <millis>1645876331139</millis>
  <sequence>2</sequence>
  <level>RUN_DATA</level>
  <class>com.kms.katalon.core.logging.XmlKeywordLogger</class>
  <method>logMessage</method>
  <thread>1</thread>
  <message>os = Linux 64bit</message>
  <nestedLevel>0</nestedLevel>
  <escapedJava>false</escapedJava>
  <property name="os">Linux 64bit</property>
</record>
<record>
  <date>2022-02-26T11:52:11</date>
  <millis>1645876331139</millis>
  <sequence>3</sequence>
  <level>RUN_DATA</level>
  <class>com.kms.katalon.core.logging.XmlKeywordLogger</class>
  <method>logMessage</method>
  <thread>1</thread>
  <message>hostAddress = 172.17.0.2</message>
  <nestedLevel>0</nestedLevel>
  <escapedJava>false</escapedJava>
  <property name="hostAddress">172.17.0.2</property>
</record>
<record>
  <date>2022-02-26T11:52:11</date>
  <millis>1645876331140</millis>
  <sequence>4</sequence>
  <level>RUN_DATA</level>
  <class>com.kms.katalon.core.logging.XmlKeywordLogger</class>
  <method>logMessage</method>
  <thread>1</thread>
  <message>katalonVersion = 8.2.5.208</message>
  <nestedLevel>0</nestedLevel>
  <escapedJava>false</escapedJava>
  <property name="katalonVersion">8.2.5.208</property>
</record>
<record>
  <date>2022-02-26T11:52:11</date>
  <millis>1645876331336</millis>
  <sequence>5</sequence>
  <level>START</level>
  <class>com.kms.katalon.core.logging.XmlKeywordLogger</class>
  <method>startTest</method>
  <thread>1</thread>
  <message>Start Test Case : Test Cases/NewActivityOverview-LeftNavigation/ActivityOverview-CancelBooking-GetOrderIDAndRefund</message>
  <nestedLevel>1</nestedLevel>
  <escapedJava>false</escapedJava>
  <property name="remainingRetryCount">0</property>
  <property name="name">Test Cases/NewActivityOverview-LeftNavigation/ActivityOverview-CancelBooking-GetOrderIDAndRefund</property>
  <property name="description">Redirect to New Activity Overview</property>
  <property name="id">Test Cases/NewActivityOverview-LeftNavigation/ActivityOverview-CancelBooking-GetOrderIDAndRefund</property>
  <property name="source">\tmp\katalon_execute\project\Test Cases\NewActivityOverview-LeftNavigation\ActivityOverview-CancelBooking-GetOrderIDAndRefund.tc</property>
  <property name="tag"></property>
  <property name="isOptional">false</property>
  <property name="currentRetryCount">0</property>
</record>
<record>
  <date>2022-02-26T11:52:11</date>
  <millis>1645876331397</millis>
  <sequence>7</sequence>
  <level>INFO</level>
  <class>com.kms.katalon.core.logging.XmlKeywordLogger</class>
  <method>logMessage</method>
  <thread>1</thread>
  <message>(Default) searchtext1 = test</message>
  <nestedLevel>1</nestedLevel>
  <escapedJava>false</escapedJava>
</record>
<record>
  <date>2022-02-26T11:52:11</date>
  <millis>1645876331406</millis>
  <sequence>8</sequence>
  <level>INFO</level>
  <class>com.kms.katalon.core.logging.XmlKeywordLogger</class>
  <method>logMessage</method>
  <thread>1</thread>
  <message>(Default) searchtext2 = rattan</message>
  <nestedLevel>1</nestedLevel>
  <escapedJava>false</escapedJava>
</record>
<record>
  <date>2022-02-26T11:52:11</date>
  <millis>1645876331426</millis>
  <sequence>9</sequence>
  <level>INFO</level>
  <class>com.kms.katalon.core.logging.XmlKeywordLogger</class>
  <method>logMessage</method>
  <thread>1</thread>
  <message>(Default) searchtext3 = 453354r</message>
  <nestedLevel>1</nestedLevel>
  <escapedJava>false</escapedJava>
</record>
<record>
  <date>2022-02-26T11:52:11</date>
  <millis>1645876331436</millis>
  <sequence>10</sequence>
  <level>INFO</level>
  <class>com.kms.katalon.core.logging.XmlKeywordLogger</class>
  <method>logMessage</method>
  <thread>1</thread>
  <message>(Default) paginationvalue = </message>
  <nestedLevel>1</nestedLevel>
  <escapedJava>false</escapedJava>
</record>
<record>
  <date>2022-02-26T11:52:11</date>
  <millis>1645876331701</millis>
  <sequence>11</sequence>
  <level>START</level>
  <class>com.kms.katalon.core.logging.XmlKeywordLogger</class>
  <method>startKeyword</method>
  <thread>1</thread>
  <message>Start action : callTestCase(findTestCase(&amp;quot;LoginWithSuperAdmin/SuperAdmin-Login&amp;quot;), [:], STOP_ON_FAILURE)</message>
  <nestedLevel>1</nestedLevel>
  <escapedJava>false</escapedJava>
  <property name="startLine">26</property>
  <property name="stepIndex">1</property>
</record>
<record>
  <date>2022-02-26T11:52:11</date>
  <millis>1645876331812</millis>
  <sequence>14</sequence>
  <level>START</level>
  <class>com.kms.katalon.core.logging.XmlKeywordLogger</class>
  <method>startTest</method>
  <thread>1</thread>
  <message>Start Test Case : Test Cases/LoginWithSuperAdmin/SuperAdmin-Login</message>
  <nestedLevel>2</nestedLevel>
  <escapedJava>false</escapedJava>
  <property name="name">Test Cases/LoginWithSuperAdmin/SuperAdmin-Login</property>
  <property name="description">Redirections to Supplier all Left Navigations</property>
  <property name="id">Test Cases/LoginWithSuperAdmin/SuperAdmin-Login</property>
  <property name="source">\tmp\katalon_execute\project\Test Cases\LoginWithSuperAdmin\SuperAdmin-Login.tc</property>
  <property name="tag">Redirections</property>
  <property name="isOptional">false</property>
</record>
<record>
  <date>2022-02-26T11:52:11</date>
  <millis>1645876331922</millis>
  <sequence>16</sequence>
  <level>START</level>
  <class>com.kms.katalon.core.logging.XmlKeywordLogger</class>
  <method>startKeyword</method>
  <thread>1</thread>
  <message>Start action : openBrowser(&amp;quot;&amp;quot;)</message>
  <nestedLevel>1</nestedLevel>
  <escapedJava>false</escapedJava>
  <property name="startLine">20</property>
  <property name="stepIndex">1</property>
</record>
<record>
  <date>2022-02-26T11:52:12</date>
  <millis>1645876332165</millis>
  <sequence>18</sequence>
  <level>INFO</level>
  <class>com.kms.katalon.core.logging.XmlKeywordLogger</class>
  <method>logMessage</method>
  <thread>1</thread>
  <message>Starting &amp;apos;Chrome&amp;apos; driver</message>
  <nestedLevel>2</nestedLevel>
  <escapedJava>false</escapedJava>
</record>
<record>
  <date>2022-02-26T11:52:12</date>
  <millis>1645876332193</millis>
  <sequence>20</sequence>
  <level>INFO</level>
  <class>com.kms.katalon.core.logging.XmlKeywordLogger</class>
  <method>logMessage</method>
  <thread>1</thread>
  <message>Action delay is set to 3,000 milliseconds</message>
  <nestedLevel>2</nestedLevel>
  <escapedJava>false</escapedJava>
</record>
<record>
  <date>2022-02-26T11:52:13</date>
  <millis>1645876333066</millis>
  <sequence>24</sequence>
  <level>FAILED</level>
  <class>com.kms.katalon.core.logging.XmlKeywordLogger</class>
  <method>logMessage</method>
  <thread>1</thread>
  <message>Unable to open browser with url: &amp;apos;&amp;apos; (Root cause: com.kms.katalon.core.exception.StepFailedException: Unable to open browser with url: &amp;apos;&amp;apos;
	at com.kms.katalon.core.webui.keyword.internal.WebUIKeywordMain.stepFailed(WebUIKeywordMain.groovy:64)
	at com.kms.katalon.core.webui.keyword.internal.WebUIKeywordMain.runKeyword(WebUIKeywordMain.groovy:26)
	at com.kms.katalon.core.webui.keyword.builtin.OpenBrowserKeyword.openBrowser(OpenBrowserKeyword.groovy:81)
	at com.kms.katalon.core.webui.keyword.builtin.OpenBrowserKeyword.execute(OpenBrowserKeyword.groovy:67)
	at com.kms.katalon.core.keyword.internal.KeywordExecutor.executeKeywordForPlatform(KeywordExecutor.groovy:74)
	at com.kms.katalon.core.webui.keyword.WebUiBuiltInKeywords.openBrowser(WebUiBuiltInKeywords.groovy:64)
	at com.kms.katalon.core.webui.keyword.WebUiBuiltInKeywords$openBrowser.call(Unknown Source)
	at SuperAdmin-Login.run(SuperAdmin-Login:20)
	at com.kms.katalon.core.main.ScriptEngine.run(ScriptEngine.java:194)
	at com.kms.katalon.core.main.ScriptEngine.runScriptAsRawText(ScriptEngine.java:119)
	at com.kms.katalon.core.main.TestCaseExecutor.runScript(TestCaseExecutor.java:442)
	at com.kms.katalon.core.main.TestCaseExecutor.doExecute(TestCaseExecutor.java:433)
	at com.kms.katalon.core.main.TestCaseExecutor.processExecutionPhase(TestCaseExecutor.java:412)
	at com.kms.katalon.core.main.TestCaseExecutor.accessMainPhase(TestCaseExecutor.java:404)
	at com.kms.katalon.core.main.TestCaseExecutor.execute(TestCaseExecutor.java:281)
	at com.kms.katalon.core.main.TestCaseMain.runTestCase(TestCaseMain.java:142)
	at com.kms.katalon.core.keyword.builtin.CallTestCaseKeyword$_callTestCase_closure1.doCall(CallTestCaseKeyword.groovy:59)
	at com.kms.katalon.core.keyword.builtin.CallTestCaseKeyword$_callTestCase_closure1.call(CallTestCaseKeyword.groovy)
	at com.kms.katalon.core.keyword.internal.KeywordMain.runKeyword(KeywordMain.groovy:74)
	at com.kms.katalon.core.keyword.builtin.CallTestCaseKeyword.callTestCase(CallTestCaseKeyword.groovy:81)
	at com.kms.katalon.core.keyword.builtin.CallTestCaseKeyword.execute(CallTestCaseKeyword.groovy:44)
	at com.kms.katalon.core.keyword.internal.KeywordExecutor.executeKeywordForPlatform(KeywordExecutor.groovy:74)
	at com.kms.katalon.core.keyword.BuiltinKeywords.callTestCase(BuiltinKeywords.groovy:334)
	at ActivityOverview-CancelBooking-GetOrderIDAndRefund.run(ActivityOverview-CancelBooking-GetOrderIDAndRefund:26)
	at com.kms.katalon.core.main.ScriptEngine.run(ScriptEngine.java:194)
	at com.kms.katalon.core.main.ScriptEngine.runScriptAsRawText(ScriptEngine.java:119)
	at com.kms.katalon.core.main.TestCaseExecutor.runScript(TestCaseExecutor.java:442)
	at com.kms.katalon.core.main.TestCaseExecutor.doExecute(TestCaseExecutor.java:433)
	at com.kms.katalon.core.main.TestCaseExecutor.processExecutionPhase(TestCaseExecutor.java:412)
	at com.kms.katalon.core.main.TestCaseExecutor.accessMainPhase(TestCaseExecutor.java:404)
	at com.kms.katalon.core.main.TestCaseExecutor.execute(TestCaseExecutor.java:281)
	at com.kms.katalon.core.main.TestSuiteExecutor.accessTestCaseMainPhase(TestSuiteExecutor.java:202)
	at com.kms.katalon.core.main.TestSuiteExecutor.accessTestSuiteMainPhase(TestSuiteExecutor.java:164)
	at com.kms.katalon.core.main.TestSuiteExecutor.execute(TestSuiteExecutor.java:105)
	at com.kms.katalon.core.main.TestCaseMain.startTestSuite(TestCaseMain.java:185)
	at com.kms.katalon.core.main.TestCaseMain$startTestSuite$0.call(Unknown Source)
	at TempTestSuite1645876247106.run(TempTestSuite1645876247106.groovy:36)
Caused by: org.openqa.selenium.SessionNotCreatedException: session not created
from disconnected: Unable to receive message from renderer
  (Session info: chrome=97.0.4692.99)
Build info: version: &amp;apos;3.141.59&amp;apos;, revision: &amp;apos;e82be7d358&amp;apos;, time: &amp;apos;2018-11-14T08:25:53&amp;apos;
System info: host: &amp;apos;bab3ec907815&amp;apos;, ip: &amp;apos;172.17.0.2&amp;apos;, os.name: &amp;apos;Linux&amp;apos;, os.arch: &amp;apos;amd64&amp;apos;, os.version: &amp;apos;5.4.0-99-generic&amp;apos;, java.version: &amp;apos;1.8.0_292&amp;apos;
Driver info: driver.version: CChromeDriver
remote stacktrace: #0 0x5629855aff23 &amp;lt;unknown&amp;gt;
#1 0x56298507a838 &amp;lt;unknown&amp;gt;
#2 0x5629850662c1 &amp;lt;unknown&amp;gt;
#3 0x562985065003 &amp;lt;unknown&amp;gt;
#4 0x562985065353 &amp;lt;unknown&amp;gt;
#5 0x562985064981 &amp;lt;unknown&amp;gt;
#6 0x562985073f10 &amp;lt;unknown&amp;gt;
#7 0x562985064923 &amp;lt;unknown&amp;gt;
#8 0x562985065c99 &amp;lt;unknown&amp;gt;
#9 0x562985065003 &amp;lt;unknown&amp;gt;
#10 0x562985065353 &amp;lt;unknown&amp;gt;
#11 0x562985064981 &amp;lt;unknown&amp;gt;
#12 0x5629850717cd &amp;lt;unknown&amp;gt;
#13 0x562985064923 &amp;lt;unknown&amp;gt;
#14 0x562985065c99 &amp;lt;unknown&amp;gt;
#15 0x562985065003 &amp;lt;unknown&amp;gt;
#16 0x562985065353 &amp;lt;unknown&amp;gt;
#17 0x562985064981 &amp;lt;unknown&amp;gt;
#18 0x56298506d10b &amp;lt;unknown&amp;gt;
#19 0x562985064923 &amp;lt;unknown&amp;gt;
#20 0x562985065c99 &amp;lt;unknown&amp;gt;
#21 0x562985065003 &amp;lt;unknown&amp;gt;
#22 0x562985065353 &amp;lt;unknown&amp;gt;
#23 0x562985064981 &amp;lt;unknown&amp;gt;
#24 0x56298506c13a &amp;lt;unknown&amp;gt;
#25 0x562985064923 &amp;lt;unknown&amp;gt;
#26 0x562985065c99 &amp;lt;unknown&amp;gt;
#27 0x562985065003 &amp;lt;unknown&amp;gt;
#28 0x562985065353 &amp;lt;unknown&amp;gt;
#29 0x562985064981 &amp;lt;unknown&amp;gt;
#30 0x56298505f5aa &amp;lt;unknown&amp;gt;
#31 0x562985064923 &amp;lt;unknown&amp;gt;
#32 0x56298506483b &amp;lt;unknown&amp;gt;
#33 0x5629850642c0 &amp;lt;unknown&amp;gt;
#34 0x56298507bc32 &amp;lt;unknown&amp;gt;
#35 0x5629850d5354 &amp;lt;unknown&amp;gt;
#36 0x5629850ce073 &amp;lt;unknown&amp;gt;
#37 0x5629850a3bca &amp;lt;unknown&amp;gt;
#38 0x5629850a4c95 &amp;lt;unknown&amp;gt;
#39 0x5629855df73d &amp;lt;unknown&amp;gt;
#40 0x5629855f5a40 &amp;lt;unknown&amp;gt;
#41 0x5629855e1435 &amp;lt;unknown&amp;gt;
#42 0x5629855f6465 &amp;lt;unknown&amp;gt;
#43 0x5629855d4e6f &amp;lt;unknown&amp;gt;
#44 0x5629856112d8 &amp;lt;unknown&amp;gt;
#45 0x562985611458 &amp;lt;unknown&amp;gt;
#46 0x56298562c1fd &amp;lt;unknown&amp;gt;
#47 0x7fed7a1ea6ba &amp;lt;unknown&amp;gt;

	at org.openqa.selenium.remote.W3CHandshakeResponse.lambda$errorHandler$0(W3CHandshakeResponse.java:62)
	at org.openqa.selenium.remote.HandshakeResponse.lambda$getResponseFunction$0(HandshakeResponse.java:30)
	at org.openqa.selenium.remote.ProtocolHandshake.lambda$createSession$0(ProtocolHandshake.java:126)
	at org.openqa.selenium.remote.ProtocolHandshake.createSession(ProtocolHandshake.java:128)
	at org.openqa.selenium.remote.ProtocolHandshake.createSession(ProtocolHandshake.java:74)
	at org.openqa.selenium.remote.HttpCommandExecutor.execute(HttpCommandExecutor.java:136)
	at org.openqa.selenium.remote.service.DriverCommandExecutor.execute(DriverCommandExecutor.java:83)
	at org.openqa.selenium.remote.RemoteWebDriver.execute(RemoteWebDriver.java:552)
	at com.kms.katalon.selenium.driver.CChromeDriver.execute(CChromeDriver.java:19)
	at org.openqa.selenium.remote.RemoteWebDriver.startSession(RemoteWebDriver.java:213)
	at org.openqa.selenium.remote.RemoteWebDriver.&amp;lt;init&amp;gt;(RemoteWebDriver.java:131)
	at org.openqa.selenium.chrome.ChromeDriver.&amp;lt;init&amp;gt;(ChromeDriver.java:181)
	at org.openqa.selenium.chrome.ChromeDriver.&amp;lt;init&amp;gt;(ChromeDriver.java:147)
	at com.kms.katalon.selenium.driver.CChromeDriver.&amp;lt;init&amp;gt;(CChromeDriver.java:13)
	at com.kms.katalon.core.webui.driver.DriverFactory.createNewChromeDriver(DriverFactory.java:433)
	at com.kms.katalon.core.webui.driver.DriverFactory.startNewBrowser(DriverFactory.java:366)
	at com.kms.katalon.core.webui.driver.DriverFactory.openWebDriver(DriverFactory.java:253)
	at com.kms.katalon.core.webui.keyword.builtin.OpenBrowserKeyword$_openBrowser_closure1.doCall(OpenBrowserKeyword.groovy:74)
	at com.kms.katalon.core.webui.keyword.builtin.OpenBrowserKeyword$_openBrowser_closure1.call(OpenBrowserKeyword.groovy)
	at com.kms.katalon.core.webui.keyword.internal.WebUIKeywordMain.runKeyword(WebUIKeywordMain.groovy:20)
	at com.kms.katalon.core.webui.keyword.builtin.OpenBrowserKeyword.openBrowser(OpenBrowserKeyword.groovy:81)
	at com.kms.katalon.core.webui.keyword.builtin.OpenBrowserKeyword.execute(OpenBrowserKeyword.groovy:67)
	at com.kms.katalon.core.keyword.internal.KeywordExecutor.executeKeywordForPlatform(KeywordExecutor.groovy:74)
	at com.kms.katalon.core.webui.keyword.WebUiBuiltInKeywords.openBrowser(WebUiBuiltInKeywords.groovy:64)
	at com.kms.katalon.core.webui.keyword.WebUiBuiltInKeywords$openBrowser.call(Unknown Source)
	at Script1639296279617.run(Script1639296279617.groovy:20)
	at com.kms.katalon.core.main.ScriptEngine.run(ScriptEngine.java:194)
	at com.kms.katalon.core.main.ScriptEngine.runScriptAsRawText(ScriptEngine.java:119)
	at com.kms.katalon.core.main.TestCaseExecutor.runScript(TestCaseExecutor.java:442)
	at com.kms.katalon.core.main.TestCaseExecutor.doExecute(TestCaseExecutor.java:433)
	at com.kms.katalon.core.main.TestCaseExecutor.processExecutionPhase(TestCaseExecutor.java:412)
	at com.kms.katalon.core.main.TestCaseExecutor.accessMainPhase(TestCaseExecutor.java:404)
	at com.kms.katalon.core.main.TestCaseExecutor.execute(TestCaseExecutor.java:281)
	at com.kms.katalon.core.main.TestCaseMain.runTestCase(TestCaseMain.java:142)
	at com.kms.katalon.core.keyword.builtin.CallTestCaseKeyword$_callTestCase_closure1.doCall(CallTestCaseKeyword.groovy:59)
	at com.kms.katalon.core.keyword.builtin.CallTestCaseKeyword$_callTestCase_closure1.call(CallTestCaseKeyword.groovy)
	at com.kms.katalon.core.keyword.internal.KeywordMain.runKeyword(KeywordMain.groovy:74)
	at com.kms.katalon.core.keyword.builtin.CallTestCaseKeyword.callTestCase(CallTestCaseKeyword.groovy:81)
	at com.kms.katalon.core.keyword.builtin.CallTestCaseKeyword.execute(CallTestCaseKeyword.groovy:44)
	at com.kms.katalon.core.keyword.internal.KeywordExecutor.executeKeywordForPlatform(KeywordExecutor.groovy:74)
	at com.kms.katalon.core.keyword.BuiltinKeywords.callTestCase(BuiltinKeywords.groovy:334)
	at Script1644433210441.run(Script1644433210441.groovy:26)
	... 13 more
)</message>
  <nestedLevel>2</nestedLevel>
  <escapedJava>false</escapedJava>
  <property name="failed.exception.class">org.openqa.selenium.SessionNotCreatedException</property>
  <property name="failed.exception.stacktrace">org.openqa.selenium.SessionNotCreatedException: session not created
from disconnected: Unable to receive message from renderer
  (Session info: chrome=97.0.4692.99)
Build info: version: &apos;3.141.59&apos;, revision: &apos;e82be7d358&apos;, time: &apos;2018-11-14T08:25:53&apos;
System info: host: &apos;bab3ec907815&apos;, ip: &apos;172.17.0.2&apos;, os.name: &apos;Linux&apos;, os.arch: &apos;amd64&apos;, os.version: &apos;5.4.0-99-generic&apos;, java.version: &apos;1.8.0_292&apos;
Driver info: driver.version: CChromeDriver
remote stacktrace: #0 0x5629855aff23 &lt;unknown&gt;
#1 0x56298507a838 &lt;unknown&gt;
#2 0x5629850662c1 &lt;unknown&gt;
#3 0x562985065003 &lt;unknown&gt;
#4 0x562985065353 &lt;unknown&gt;
#5 0x562985064981 &lt;unknown&gt;
#6 0x562985073f10 &lt;unknown&gt;
#7 0x562985064923 &lt;unknown&gt;
#8 0x562985065c99 &lt;unknown&gt;
#9 0x562985065003 &lt;unknown&gt;
#10 0x562985065353 &lt;unknown&gt;
#11 0x562985064981 &lt;unknown&gt;
#12 0x5629850717cd &lt;unknown&gt;
#13 0x562985064923 &lt;unknown&gt;
#14 0x562985065c99 &lt;unknown&gt;
#15 0x562985065003 &lt;unknown&gt;
#16 0x562985065353 &lt;unknown&gt;
#17 0x562985064981 &lt;unknown&gt;
#18 0x56298506d10b &lt;unknown&gt;
#19 0x562985064923 &lt;unknown&gt;
#20 0x562985065c99 &lt;unknown&gt;
#21 0x562985065003 &lt;unknown&gt;
#22 0x562985065353 &lt;unknown&gt;
#23 0x562985064981 &lt;unknown&gt;
#24 0x56298506c13a &lt;unknown&gt;
#25 0x562985064923 &lt;unknown&gt;
#26 0x562985065c99 &lt;unknown&gt;
#27 0x562985065003 &lt;unknown&gt;
#28 0x562985065353 &lt;unknown&gt;
#29 0x562985064981 &lt;unknown&gt;
#30 0x56298505f5aa &lt;unknown&gt;
#31 0x562985064923 &lt;unknown&gt;
#32 0x56298506483b &lt;unknown&gt;
#33 0x5629850642c0 &lt;unknown&gt;
#34 0x56298507bc32 &lt;unknown&gt;
#35 0x5629850d5354 &lt;unknown&gt;
#36 0x5629850ce073 &lt;unknown&gt;
#37 0x5629850a3bca &lt;unknown&gt;
#38 0x5629850a4c95 &lt;unknown&gt;
#39 0x5629855df73d &lt;unknown&gt;
#40 0x5629855f5a40 &lt;unknown&gt;
#41 0x5629855e1435 &lt;unknown&gt;
#42 0x5629855f6465 &lt;unknown&gt;
#43 0x5629855d4e6f &lt;unknown&gt;
#44 0x5629856112d8 &lt;unknown&gt;
#45 0x562985611458 &lt;unknown&gt;
#46 0x56298562c1fd &lt;unknown&gt;
#47 0x7fed7a1ea6ba &lt;unknown&gt;

	at org.openqa.selenium.remote.W3CHandshakeResponse.lambda$errorHandler$0(W3CHandshakeResponse.java:62)
	at org.openqa.selenium.remote.HandshakeResponse.lambda$getResponseFunction$0(HandshakeResponse.java:30)
	at org.openqa.selenium.remote.ProtocolHandshake.lambda$createSession$0(ProtocolHandshake.java:126)
	at org.openqa.selenium.remote.ProtocolHandshake.createSession(ProtocolHandshake.java:128)
	at org.openqa.selenium.remote.ProtocolHandshake.createSession(ProtocolHandshake.java:74)
	at org.openqa.selenium.remote.HttpCommandExecutor.execute(HttpCommandExecutor.java:136)
	at org.openqa.selenium.remote.service.DriverCommandExecutor.execute(DriverCommandExecutor.java:83)
	at org.openqa.selenium.remote.RemoteWebDriver.execute(RemoteWebDriver.java:552)
	at com.kms.katalon.selenium.driver.CChromeDriver.execute(CChromeDriver.java:19)
	at org.openqa.selenium.remote.RemoteWebDriver.startSession(RemoteWebDriver.java:213)
	at org.openqa.selenium.remote.RemoteWebDriver.&lt;init&gt;(RemoteWebDriver.java:131)
	at org.openqa.selenium.chrome.ChromeDriver.&lt;init&gt;(ChromeDriver.java:181)
	at org.openqa.selenium.chrome.ChromeDriver.&lt;init&gt;(ChromeDriver.java:147)
	at com.kms.katalon.selenium.driver.CChromeDriver.&lt;init&gt;(CChromeDriver.java:13)
	at com.kms.katalon.core.webui.driver.DriverFactory.createNewChromeDriver(DriverFactory.java:433)
	at com.kms.katalon.core.webui.driver.DriverFactory.startNewBrowser(DriverFactory.java:366)
	at com.kms.katalon.core.webui.driver.DriverFactory.openWebDriver(DriverFactory.java:253)
	at com.kms.katalon.core.webui.keyword.builtin.OpenBrowserKeyword$_openBrowser_closure1.doCall(OpenBrowserKeyword.groovy:74)
	at com.kms.katalon.core.webui.keyword.builtin.OpenBrowserKeyword$_openBrowser_closure1.call(OpenBrowserKeyword.groovy)
	at com.kms.katalon.core.webui.keyword.internal.WebUIKeywordMain.runKeyword(WebUIKeywordMain.groovy:20)
	at com.kms.katalon.core.webui.keyword.builtin.OpenBrowserKeyword.openBrowser(OpenBrowserKeyword.groovy:81)
	at com.kms.katalon.core.webui.keyword.builtin.OpenBrowserKeyword.execute(OpenBrowserKeyword.groovy:67)
	at com.kms.katalon.core.keyword.internal.KeywordExecutor.executeKeywordForPlatform(KeywordExecutor.groovy:74)
	at com.kms.katalon.core.webui.keyword.WebUiBuiltInKeywords.openBrowser(WebUiBuiltInKeywords.groovy:64)
	at com.kms.katalon.core.webui.keyword.WebUiBuiltInKeywords$openBrowser.call(Unknown Source)
	at SuperAdmin-Login.run(SuperAdmin-Login:20)
	at com.kms.katalon.core.main.ScriptEngine.run(ScriptEngine.java:194)
	at com.kms.katalon.core.main.ScriptEngine.runScriptAsRawText(ScriptEngine.java:119)
	at com.kms.katalon.core.main.TestCaseExecutor.runScript(TestCaseExecutor.java:442)
	at com.kms.katalon.core.main.TestCaseExecutor.doExecute(TestCaseExecutor.java:433)
	at com.kms.katalon.core.main.TestCaseExecutor.processExecutionPhase(TestCaseExecutor.java:412)
	at com.kms.katalon.core.main.TestCaseExecutor.accessMainPhase(TestCaseExecutor.java:404)
	at com.kms.katalon.core.main.TestCaseExecutor.execute(TestCaseExecutor.java:281)
	at com.kms.katalon.core.main.TestCaseMain.runTestCase(TestCaseMain.java:142)
	at com.kms.katalon.core.keyword.builtin.CallTestCaseKeyword$_callTestCase_closure1.doCall(CallTestCaseKeyword.groovy:59)
	at com.kms.katalon.core.keyword.builtin.CallTestCaseKeyword$_callTestCase_closure1.call(CallTestCaseKeyword.groovy)
	at com.kms.katalon.core.keyword.internal.KeywordMain.runKeyword(KeywordMain.groovy:74)
	at com.kms.katalon.core.keyword.builtin.CallTestCaseKeyword.callTestCase(CallTestCaseKeyword.groovy:81)
	at com.kms.katalon.core.keyword.builtin.CallTestCaseKeyword.execute(CallTestCaseKeyword.groovy:44)
	at com.kms.katalon.core.keyword.internal.KeywordExecutor.executeKeywordForPlatform(KeywordExecutor.groovy:74)
	at com.kms.katalon.core.keyword.BuiltinKeywords.callTestCase(BuiltinKeywords.groovy:334)
	at ActivityOverview-CancelBooking-GetOrderIDAndRefund.run(ActivityOverview-CancelBooking-GetOrderIDAndRefund:26)
	at com.kms.katalon.core.main.ScriptEngine.run(ScriptEngine.java:194)
	at com.kms.katalon.core.main.ScriptEngine.runScriptAsRawText(ScriptEngine.java:119)
	at com.kms.katalon.core.main.TestCaseExecutor.runScript(TestCaseExecutor.java:442)
	at com.kms.katalon.core.main.TestCaseExecutor.doExecute(TestCaseExecutor.java:433)
	at com.kms.katalon.core.main.TestCaseExecutor.processExecutionPhase(TestCaseExecutor.java:412)
	at com.kms.katalon.core.main.TestCaseExecutor.accessMainPhase(TestCaseExecutor.java:404)
	at com.kms.katalon.core.main.TestCaseExecutor.execute(TestCaseExecutor.java:281)
	at com.kms.katalon.core.main.TestSuiteExecutor.accessTestCaseMainPhase(TestSuiteExecutor.java:202)
	at com.kms.katalon.core.main.TestSuiteExecutor.accessTestSuiteMainPhase(TestSuiteExecutor.java:164)
	at com.kms.katalon.core.main.TestSuiteExecutor.execute(TestSuiteExecutor.java:105)
	at com.kms.katalon.core.main.TestCaseMain.startTestSuite(TestCaseMain.java:185)
	at com.kms.katalon.core.main.TestCaseMain$startTestSuite$0.call(Unknown Source)
	at TempTestSuite1645876247106.run(TempTestSuite1645876247106.groovy:36)
</property>
  <property name="failed.exception.message">session not created
from disconnected: Unable to receive message from renderer
  (Session info: chrome=97.0.4692.99)
Build info: version: &apos;3.141.59&apos;, revision: &apos;e82be7d358&apos;, time: &apos;2018-11-14T08:25:53&apos;
System info: host: &apos;bab3ec907815&apos;, ip: &apos;172.17.0.2&apos;, os.name: &apos;Linux&apos;, os.arch: &apos;amd64&apos;, os.version: &apos;5.4.0-99-generic&apos;, java.version: &apos;1.8.0_292&apos;
Driver info: driver.version: CChromeDriver
remote stacktrace: #0 0x5629855aff23 &lt;unknown&gt;
#1 0x56298507a838 &lt;unknown&gt;
#2 0x5629850662c1 &lt;unknown&gt;
#3 0x562985065003 &lt;unknown&gt;
#4 0x562985065353 &lt;unknown&gt;
#5 0x562985064981 &lt;unknown&gt;
#6 0x562985073f10 &lt;unknown&gt;
#7 0x562985064923 &lt;unknown&gt;
#8 0x562985065c99 &lt;unknown&gt;
#9 0x562985065003 &lt;unknown&gt;
#10 0x562985065353 &lt;unknown&gt;
#11 0x562985064981 &lt;unknown&gt;
#12 0x5629850717cd &lt;unknown&gt;
#13 0x562985064923 &lt;unknown&gt;
#14 0x562985065c99 &lt;unknown&gt;
#15 0x562985065003 &lt;unknown&gt;
#16 0x562985065353 &lt;unknown&gt;
#17 0x562985064981 &lt;unknown&gt;
#18 0x56298506d10b &lt;unknown&gt;
#19 0x562985064923 &lt;unknown&gt;
#20 0x562985065c99 &lt;unknown&gt;
#21 0x562985065003 &lt;unknown&gt;
#22 0x562985065353 &lt;unknown&gt;
#23 0x562985064981 &lt;unknown&gt;
#24 0x56298506c13a &lt;unknown&gt;
#25 0x562985064923 &lt;unknown&gt;
#26 0x562985065c99 &lt;unknown&gt;
#27 0x562985065003 &lt;unknown&gt;
#28 0x562985065353 &lt;unknown&gt;
#29 0x562985064981 &lt;unknown&gt;
#30 0x56298505f5aa &lt;unknown&gt;
#31 0x562985064923 &lt;unknown&gt;
#32 0x56298506483b &lt;unknown&gt;
#33 0x5629850642c0 &lt;unknown&gt;
#34 0x56298507bc32 &lt;unknown&gt;
#35 0x5629850d5354 &lt;unknown&gt;
#36 0x5629850ce073 &lt;unknown&gt;
#37 0x5629850a3bca &lt;unknown&gt;
#38 0x5629850a4c95 &lt;unknown&gt;
#39 0x5629855df73d &lt;unknown&gt;
#40 0x5629855f5a40 &lt;unknown&gt;
#41 0x5629855e1435 &lt;unknown&gt;
#42 0x5629855f6465 &lt;unknown&gt;
#43 0x5629855d4e6f &lt;unknown&gt;
#44 0x5629856112d8 &lt;unknown&gt;
#45 0x562985611458 &lt;unknown&gt;
#46 0x56298562c1fd &lt;unknown&gt;
#47 0x7fed7a1ea6ba &lt;unknown&gt;
</property>
</record>
<record>
  <date>2022-02-26T11:52:13</date>
  <millis>1645876333076</millis>
  <sequence>27</sequence>
  <level>END</level>
  <class>com.kms.katalon.core.logging.XmlKeywordLogger</class>
  <method>endKeyword</method>
  <thread>1</thread>
  <message>End action : openBrowser(&amp;quot;&amp;quot;)</message>
  <nestedLevel>1</nestedLevel>
  <escapedJava>false</escapedJava>
</record>
<record>
  <date>2022-02-26T11:52:13</date>
  <millis>1645876333077</millis>
  <sequence>30</sequence>
  <level>FAILED</level>
  <class>com.kms.katalon.core.logging.XmlKeywordLogger</class>
  <method>logMessage</method>
  <thread>1</thread>
  <message>Test Cases/LoginWithSuperAdmin/SuperAdmin-Login FAILED.
Reason:
com.kms.katalon.core.exception.StepFailedException: Unable to open browser with url: &amp;apos;&amp;apos;
	at com.kms.katalon.core.webui.keyword.internal.WebUIKeywordMain.stepFailed(WebUIKeywordMain.groovy:64)
	at com.kms.katalon.core.webui.keyword.internal.WebUIKeywordMain.runKeyword(WebUIKeywordMain.groovy:26)
	at com.kms.katalon.core.webui.keyword.builtin.OpenBrowserKeyword.openBrowser(OpenBrowserKeyword.groovy:81)
	at com.kms.katalon.core.webui.keyword.builtin.OpenBrowserKeyword.execute(OpenBrowserKeyword.groovy:67)
	at com.kms.katalon.core.keyword.internal.KeywordExecutor.executeKeywordForPlatform(KeywordExecutor.groovy:74)
	at com.kms.katalon.core.webui.keyword.WebUiBuiltInKeywords.openBrowser(WebUiBuiltInKeywords.groovy:64)
	at com.kms.katalon.core.webui.keyword.WebUiBuiltInKeywords$openBrowser.call(Unknown Source)
	at SuperAdmin-Login.run(SuperAdmin-Login:20)
	at com.kms.katalon.core.main.ScriptEngine.run(ScriptEngine.java:194)
	at com.kms.katalon.core.main.ScriptEngine.runScriptAsRawText(ScriptEngine.java:119)
	at com.kms.katalon.core.main.TestCaseExecutor.runScript(TestCaseExecutor.java:442)
	at com.kms.katalon.core.main.TestCaseExecutor.doExecute(TestCaseExecutor.java:433)
	at com.kms.katalon.core.main.TestCaseExecutor.processExecutionPhase(TestCaseExecutor.java:412)
	at com.kms.katalon.core.main.TestCaseExecutor.accessMainPhase(TestCaseExecutor.java:404)
	at com.kms.katalon.core.main.TestCaseExecutor.execute(TestCaseExecutor.java:281)
	at com.kms.katalon.core.main.TestCaseMain.runTestCase(TestCaseMain.java:142)
	at com.kms.katalon.core.keyword.builtin.CallTestCaseKeyword$_callTestCase_closure1.doCall(CallTestCaseKeyword.groovy:59)
	at com.kms.katalon.core.keyword.builtin.CallTestCaseKeyword$_callTestCase_closure1.call(CallTestCaseKeyword.groovy)
	at com.kms.katalon.core.keyword.internal.KeywordMain.runKeyword(KeywordMain.groovy:74)
	at com.kms.katalon.core.keyword.builtin.CallTestCaseKeyword.callTestCase(CallTestCaseKeyword.groovy:81)
	at com.kms.katalon.core.keyword.builtin.CallTestCaseKeyword.execute(CallTestCaseKeyword.groovy:44)
	at com.kms.katalon.core.keyword.internal.KeywordExecutor.executeKeywordForPlatform(KeywordExecutor.groovy:74)
	at com.kms.katalon.core.keyword.BuiltinKeywords.callTestCase(BuiltinKeywords.groovy:334)
	at ActivityOverview-CancelBooking-GetOrderIDAndRefund.run(ActivityOverview-CancelBooking-GetOrderIDAndRefund:26)
	at com.kms.katalon.core.main.ScriptEngine.run(ScriptEngine.java:194)
	at com.kms.katalon.core.main.ScriptEngine.runScriptAsRawText(ScriptEngine.java:119)
	at com.kms.katalon.core.main.TestCaseExecutor.runScript(TestCaseExecutor.java:442)
	at com.kms.katalon.core.main.TestCaseExecutor.doExecute(TestCaseExecutor.java:433)
	at com.kms.katalon.core.main.TestCaseExecutor.processExecutionPhase(TestCaseExecutor.java:412)
	at com.kms.katalon.core.main.TestCaseExecutor.accessMainPhase(TestCaseExecutor.java:404)
	at com.kms.katalon.core.main.TestCaseExecutor.execute(TestCaseExecutor.java:281)
	at com.kms.katalon.core.main.TestSuiteExecutor.accessTestCaseMainPhase(TestSuiteExecutor.java:202)
	at com.kms.katalon.core.main.TestSuiteExecutor.accessTestSuiteMainPhase(TestSuiteExecutor.java:164)
	at com.kms.katalon.core.main.TestSuiteExecutor.execute(TestSuiteExecutor.java:105)
	at com.kms.katalon.core.main.TestCaseMain.startTestSuite(TestCaseMain.java:185)
	at com.kms.katalon.core.main.TestCaseMain$startTestSuite$0.call(Unknown Source)
	at TempTestSuite1645876247106.run(TempTestSuite1645876247106.groovy:36)
Caused by: org.openqa.selenium.SessionNotCreatedException: session not created
from disconnected: Unable to receive message from renderer
  (Session info: chrome=97.0.4692.99)
Build info: version: &amp;apos;3.141.59&amp;apos;, revision: &amp;apos;e82be7d358&amp;apos;, time: &amp;apos;2018-11-14T08:25:53&amp;apos;
System info: host: &amp;apos;bab3ec907815&amp;apos;, ip: &amp;apos;172.17.0.2&amp;apos;, os.name: &amp;apos;Linux&amp;apos;, os.arch: &amp;apos;amd64&amp;apos;, os.version: &amp;apos;5.4.0-99-generic&amp;apos;, java.version: &amp;apos;1.8.0_292&amp;apos;
Driver info: driver.version: CChromeDriver
remote stacktrace: #0 0x5629855aff23 &amp;lt;unknown&amp;gt;
#1 0x56298507a838 &amp;lt;unknown&amp;gt;
#2 0x5629850662c1 &amp;lt;unknown&amp;gt;
#3 0x562985065003 &amp;lt;unknown&amp;gt;
#4 0x562985065353 &amp;lt;unknown&amp;gt;
#5 0x562985064981 &amp;lt;unknown&amp;gt;
#6 0x562985073f10 &amp;lt;unknown&amp;gt;
#7 0x562985064923 &amp;lt;unknown&amp;gt;
#8 0x562985065c99 &amp;lt;unknown&amp;gt;
#9 0x562985065003 &amp;lt;unknown&amp;gt;
#10 0x562985065353 &amp;lt;unknown&amp;gt;
#11 0x562985064981 &amp;lt;unknown&amp;gt;
#12 0x5629850717cd &amp;lt;unknown&amp;gt;
#13 0x562985064923 &amp;lt;unknown&amp;gt;
#14 0x562985065c99 &amp;lt;unknown&amp;gt;
#15 0x562985065003 &amp;lt;unknown&amp;gt;
#16 0x562985065353 &amp;lt;unknown&amp;gt;
#17 0x562985064981 &amp;lt;unknown&amp;gt;
#18 0x56298506d10b &amp;lt;unknown&amp;gt;
#19 0x562985064923 &amp;lt;unknown&amp;gt;
#20 0x562985065c99 &amp;lt;unknown&amp;gt;
#21 0x562985065003 &amp;lt;unknown&amp;gt;
#22 0x562985065353 &amp;lt;unknown&amp;gt;
#23 0x562985064981 &amp;lt;unknown&amp;gt;
#24 0x56298506c13a &amp;lt;unknown&amp;gt;
#25 0x562985064923 &amp;lt;unknown&amp;gt;
#26 0x562985065c99 &amp;lt;unknown&amp;gt;
#27 0x562985065003 &amp;lt;unknown&amp;gt;
#28 0x562985065353 &amp;lt;unknown&amp;gt;
#29 0x562985064981 &amp;lt;unknown&amp;gt;
#30 0x56298505f5aa &amp;lt;unknown&amp;gt;
#31 0x562985064923 &amp;lt;unknown&amp;gt;
#32 0x56298506483b &amp;lt;unknown&amp;gt;
#33 0x5629850642c0 &amp;lt;unknown&amp;gt;
#34 0x56298507bc32 &amp;lt;unknown&amp;gt;
#35 0x5629850d5354 &amp;lt;unknown&amp;gt;
#36 0x5629850ce073 &amp;lt;unknown&amp;gt;
#37 0x5629850a3bca &amp;lt;unknown&amp;gt;
#38 0x5629850a4c95 &amp;lt;unknown&amp;gt;
#39 0x5629855df73d &amp;lt;unknown&amp;gt;
#40 0x5629855f5a40 &amp;lt;unknown&amp;gt;
#41 0x5629855e1435 &amp;lt;unknown&amp;gt;
#42 0x5629855f6465 &amp;lt;unknown&amp;gt;
#43 0x5629855d4e6f &amp;lt;unknown&amp;gt;
#44 0x5629856112d8 &amp;lt;unknown&amp;gt;
#45 0x562985611458 &amp;lt;unknown&amp;gt;
#46 0x56298562c1fd &amp;lt;unknown&amp;gt;
#47 0x7fed7a1ea6ba &amp;lt;unknown&amp;gt;

	at org.openqa.selenium.remote.W3CHandshakeResponse.lambda$errorHandler$0(W3CHandshakeResponse.java:62)
	at org.openqa.selenium.remote.HandshakeResponse.lambda$getResponseFunction$0(HandshakeResponse.java:30)
	at org.openqa.selenium.remote.ProtocolHandshake.lambda$createSession$0(ProtocolHandshake.java:126)
	at org.openqa.selenium.remote.ProtocolHandshake.createSession(ProtocolHandshake.java:128)
	at org.openqa.selenium.remote.ProtocolHandshake.createSession(ProtocolHandshake.java:74)
	at org.openqa.selenium.remote.HttpCommandExecutor.execute(HttpCommandExecutor.java:136)
	at org.openqa.selenium.remote.service.DriverCommandExecutor.execute(DriverCommandExecutor.java:83)
	at org.openqa.selenium.remote.RemoteWebDriver.execute(RemoteWebDriver.java:552)
	at com.kms.katalon.selenium.driver.CChromeDriver.execute(CChromeDriver.java:19)
	at org.openqa.selenium.remote.RemoteWebDriver.startSession(RemoteWebDriver.java:213)
	at org.openqa.selenium.remote.RemoteWebDriver.&amp;lt;init&amp;gt;(RemoteWebDriver.java:131)
	at org.openqa.selenium.chrome.ChromeDriver.&amp;lt;init&amp;gt;(ChromeDriver.java:181)
	at org.openqa.selenium.chrome.ChromeDriver.&amp;lt;init&amp;gt;(ChromeDriver.java:147)
	at com.kms.katalon.selenium.driver.CChromeDriver.&amp;lt;init&amp;gt;(CChromeDriver.java:13)
	at com.kms.katalon.core.webui.driver.DriverFactory.createNewChromeDriver(DriverFactory.java:433)
	at com.kms.katalon.core.webui.driver.DriverFactory.startNewBrowser(DriverFactory.java:366)
	at com.kms.katalon.core.webui.driver.DriverFactory.openWebDriver(DriverFactory.java:253)
	at com.kms.katalon.core.webui.keyword.builtin.OpenBrowserKeyword$_openBrowser_closure1.doCall(OpenBrowserKeyword.groovy:74)
	at com.kms.katalon.core.webui.keyword.builtin.OpenBrowserKeyword$_openBrowser_closure1.call(OpenBrowserKeyword.groovy)
	at com.kms.katalon.core.webui.keyword.internal.WebUIKeywordMain.runKeyword(WebUIKeywordMain.groovy:20)
	... 35 more
</message>
  <exception>
    <message>com.kms.katalon.core.exception.StepFailedException: Unable to open browser with url: ''</message>
    <frame>
      <class>com.kms.katalon.core.webui.keyword.internal.WebUIKeywordMain</class>
      <method>stepFailed</method>
      <line>64</line>
    </frame>
    <frame>
      <class>com.kms.katalon.core.webui.keyword.internal.WebUIKeywordMain</class>
      <method>runKeyword</method>
      <line>26</line>
    </frame>
    <frame>
      <class>com.kms.katalon.core.webui.keyword.builtin.OpenBrowserKeyword</class>
      <method>openBrowser</method>
      <line>81</line>
    </frame>
    <frame>
      <class>com.kms.katalon.core.webui.keyword.builtin.OpenBrowserKeyword</class>
      <method>execute</method>
      <line>67</line>
    </frame>
    <frame>
      <class>com.kms.katalon.core.keyword.internal.KeywordExecutor</class>
      <method>executeKeywordForPlatform</method>
      <line>74</line>
    </frame>
    <frame>
      <class>com.kms.katalon.core.webui.keyword.WebUiBuiltInKeywords</class>
      <method>openBrowser</method>
      <line>64</line>
    </frame>
    <frame>
      <class>com.kms.katalon.core.webui.keyword.WebUiBuiltInKeywords$openBrowser</class>
      <method>call</method>
    </frame>
    <frame>
      <class>SuperAdmin-Login</class>
      <method>run</method>
      <line>20</line>
    </frame>
    <frame>
      <class>com.kms.katalon.core.main.ScriptEngine</class>
      <method>run</method>
      <line>194</line>
    </frame>
    <frame>
      <class>com.kms.katalon.core.main.ScriptEngine</class>
      <method>runScriptAsRawText</method>
      <line>119</line>
    </frame>
    <frame>
      <class>com.kms.katalon.core.main.TestCaseExecutor</class>
      <method>runScript</method>
      <line>442</line>
    </frame>
    <frame>
      <class>com.kms.katalon.core.main.TestCaseExecutor</class>
      <method>doExecute</method>
      <line>433</line>
    </frame>
    <frame>
      <class>com.kms.katalon.core.main.TestCaseExecutor</class>
      <method>processExecutionPhase</method>
      <line>412</line>
    </frame>
    <frame>
      <class>com.kms.katalon.core.main.TestCaseExecutor</class>
      <method>accessMainPhase</method>
      <line>404</line>
    </frame>
    <frame>
      <class>com.kms.katalon.core.main.TestCaseExecutor</class>
      <method>execute</method>
      <line>281</line>
    </frame>
    <frame>
      <class>com.kms.katalon.core.main.TestCaseMain</class>
      <method>runTestCase</method>
      <line>142</line>
    </frame>
    <frame>
      <class>com.kms.katalon.core.keyword.builtin.CallTestCaseKeyword$_callTestCase_closure1</class>
      <method>doCall</method>
      <line>59</line>
    </frame>
    <frame>
      <class>com.kms.katalon.core.keyword.builtin.CallTestCaseKeyword$_callTestCase_closure1</class>
      <method>call</method>
    </frame>
    <frame>
      <class>com.kms.katalon.core.keyword.internal.KeywordMain</class>
      <method>runKeyword</method>
      <line>74</line>
    </frame>
    <frame>
      <class>com.kms.katalon.core.keyword.builtin.CallTestCaseKeyword</class>
      <method>callTestCase</method>
      <line>81</line>
    </frame>
    <frame>
      <class>com.kms.katalon.core.keyword.builtin.CallTestCaseKeyword</class>
      <method>execute</method>
      <line>44</line>
    </frame>
    <frame>
      <class>com.kms.katalon.core.keyword.internal.KeywordExecutor</class>
      <method>executeKeywordForPlatform</method>
      <line>74</line>
    </frame>
    <frame>
      <class>com.kms.katalon.core.keyword.BuiltinKeywords</class>
      <method>callTestCase</method>
      <line>334</line>
    </frame>
    <frame>
      <class>ActivityOverview-CancelBooking-GetOrderIDAndRefund</class>
      <method>run</method>
      <line>26</line>
    </frame>
    <frame>
      <class>com.kms.katalon.core.main.ScriptEngine</class>
      <method>run</method>
      <line>194</line>
    </frame>
    <frame>
      <class>com.kms.katalon.core.main.ScriptEngine</class>
      <method>runScriptAsRawText</method>
      <line>119</line>
    </frame>
    <frame>
      <class>com.kms.katalon.core.main.TestCaseExecutor</class>
      <method>runScript</method>
      <line>442</line>
    </frame>
    <frame>
      <class>com.kms.katalon.core.main.TestCaseExecutor</class>
      <method>doExecute</method>
      <line>433</line>
    </frame>
    <frame>
      <class>com.kms.katalon.core.main.TestCaseExecutor</class>
      <method>processExecutionPhase</method>
      <line>412</line>
    </frame>
    <frame>
      <class>com.kms.katalon.core.main.TestCaseExecutor</class>
      <method>accessMainPhase</method>
      <line>404</line>
    </frame>
    <frame>
      <class>com.kms.katalon.core.main.TestCaseExecutor</class>
      <method>execute</method>
      <line>281</line>
    </frame>
    <frame>
      <class>com.kms.katalon.core.main.TestSuiteExecutor</class>
      <method>accessTestCaseMainPhase</method>
      <line>202</line>
    </frame>
    <frame>
      <class>com.kms.katalon.core.main.TestSuiteExecutor</class>
      <method>accessTestSuiteMainPhase</method>
      <line>164</line>
    </frame>
    <frame>
      <class>com.kms.katalon.core.main.TestSuiteExecutor</class>
      <method>execute</method>
      <line>105</line>
    </frame>
    <frame>
      <class>com.kms.katalon.core.main.TestCaseMain</class>
      <method>startTestSuite</method>
      <line>185</line>
    </frame>
    <frame>
      <class>com.kms.katalon.core.main.TestCaseMain$startTestSuite$0</class>
      <method>call</method>
    </frame>
    <frame>
      <class>TempTestSuite1645876247106</class>
      <method>run</method>
      <line>36</line>
    </frame>
  </exception>
  <nestedLevel>0</nestedLevel>
  <escapedJava>false</escapedJava>
  <property name="failed.exception.stacktrace">org.openqa.selenium.SessionNotCreatedException: session not created
from disconnected: Unable to receive message from renderer
  (Session info: chrome=97.0.4692.99)
Build info: version: &apos;3.141.59&apos;, revision: &apos;e82be7d358&apos;, time: &apos;2018-11-14T08:25:53&apos;
System info: host: &apos;bab3ec907815&apos;, ip: &apos;172.17.0.2&apos;, os.name: &apos;Linux&apos;, os.arch: &apos;amd64&apos;, os.version: &apos;5.4.0-99-generic&apos;, java.version: &apos;1.8.0_292&apos;
Driver info: driver.version: CChromeDriver
remote stacktrace: #0 0x5629855aff23 &lt;unknown&gt;
#1 0x56298507a838 &lt;unknown&gt;
#2 0x5629850662c1 &lt;unknown&gt;
#3 0x562985065003 &lt;unknown&gt;
#4 0x562985065353 &lt;unknown&gt;
#5 0x562985064981 &lt;unknown&gt;
#6 0x562985073f10 &lt;unknown&gt;
#7 0x562985064923 &lt;unknown&gt;
#8 0x562985065c99 &lt;unknown&gt;
#9 0x562985065003 &lt;unknown&gt;
#10 0x562985065353 &lt;unknown&gt;
#11 0x562985064981 &lt;unknown&gt;
#12 0x5629850717cd &lt;unknown&gt;
#13 0x562985064923 &lt;unknown&gt;
#14 0x562985065c99 &lt;unknown&gt;
#15 0x562985065003 &lt;unknown&gt;
#16 0x562985065353 &lt;unknown&gt;
#17 0x562985064981 &lt;unknown&gt;
#18 0x56298506d10b &lt;unknown&gt;
#19 0x562985064923 &lt;unknown&gt;
#20 0x562985065c99 &lt;unknown&gt;
#21 0x562985065003 &lt;unknown&gt;
#22 0x562985065353 &lt;unknown&gt;
#23 0x562985064981 &lt;unknown&gt;
#24 0x56298506c13a &lt;unknown&gt;
#25 0x562985064923 &lt;unknown&gt;
#26 0x562985065c99 &lt;unknown&gt;
#27 0x562985065003 &lt;unknown&gt;
#28 0x562985065353 &lt;unknown&gt;
#29 0x562985064981 &lt;unknown&gt;
#30 0x56298505f5aa &lt;unknown&gt;
#31 0x562985064923 &lt;unknown&gt;
#32 0x56298506483b &lt;unknown&gt;
#33 0x5629850642c0 &lt;unknown&gt;
#34 0x56298507bc32 &lt;unknown&gt;
#35 0x5629850d5354 &lt;unknown&gt;
#36 0x5629850ce073 &lt;unknown&gt;
#37 0x5629850a3bca &lt;unknown&gt;
#38 0x5629850a4c95 &lt;unknown&gt;
#39 0x5629855df73d &lt;unknown&gt;
#40 0x5629855f5a40 &lt;unknown&gt;
#41 0x5629855e1435 &lt;unknown&gt;
#42 0x5629855f6465 &lt;unknown&gt;
#43 0x5629855d4e6f &lt;unknown&gt;
#44 0x5629856112d8 &lt;unknown&gt;
#45 0x562985611458 &lt;unknown&gt;
#46 0x56298562c1fd &lt;unknown&gt;
#47 0x7fed7a1ea6ba &lt;unknown&gt;

	at org.openqa.selenium.remote.W3CHandshakeResponse.lambda$errorHandler$0(W3CHandshakeResponse.java:62)
	at org.openqa.selenium.remote.HandshakeResponse.lambda$getResponseFunction$0(HandshakeResponse.java:30)
	at org.openqa.selenium.remote.ProtocolHandshake.lambda$createSession$0(ProtocolHandshake.java:126)
	at org.openqa.selenium.remote.ProtocolHandshake.createSession(ProtocolHandshake.java:128)
	at org.openqa.selenium.remote.ProtocolHandshake.createSession(ProtocolHandshake.java:74)
	at org.openqa.selenium.remote.HttpCommandExecutor.execute(HttpCommandExecutor.java:136)
	at org.openqa.selenium.remote.service.DriverCommandExecutor.execute(DriverCommandExecutor.java:83)
	at org.openqa.selenium.remote.RemoteWebDriver.execute(RemoteWebDriver.java:552)
	at com.kms.katalon.selenium.driver.CChromeDriver.execute(CChromeDriver.java:19)
	at org.openqa.selenium.remote.RemoteWebDriver.startSession(RemoteWebDriver.java:213)
	at org.openqa.selenium.remote.RemoteWebDriver.&lt;init&gt;(RemoteWebDriver.java:131)
	at org.openqa.selenium.chrome.ChromeDriver.&lt;init&gt;(ChromeDriver.java:181)
	at org.openqa.selenium.chrome.ChromeDriver.&lt;init&gt;(ChromeDriver.java:147)
	at com.kms.katalon.selenium.driver.CChromeDriver.&lt;init&gt;(CChromeDriver.java:13)
	at com.kms.katalon.core.webui.driver.DriverFactory.createNewChromeDriver(DriverFactory.java:433)
	at com.kms.katalon.core.webui.driver.DriverFactory.startNewBrowser(DriverFactory.java:366)
	at com.kms.katalon.core.webui.driver.DriverFactory.openWebDriver(DriverFactory.java:253)
	at com.kms.katalon.core.webui.keyword.builtin.OpenBrowserKeyword$_openBrowser_closure1.doCall(OpenBrowserKeyword.groovy:74)
	at com.kms.katalon.core.webui.keyword.builtin.OpenBrowserKeyword$_openBrowser_closure1.call(OpenBrowserKeyword.groovy)
	at com.kms.katalon.core.webui.keyword.internal.WebUIKeywordMain.runKeyword(WebUIKeywordMain.groovy:20)
	at com.kms.katalon.core.webui.keyword.builtin.OpenBrowserKeyword.openBrowser(OpenBrowserKeyword.groovy:81)
	at com.kms.katalon.core.webui.keyword.builtin.OpenBrowserKeyword.execute(OpenBrowserKeyword.groovy:67)
	at com.kms.katalon.core.keyword.internal.KeywordExecutor.executeKeywordForPlatform(KeywordExecutor.groovy:74)
	at com.kms.katalon.core.webui.keyword.WebUiBuiltInKeywords.openBrowser(WebUiBuiltInKeywords.groovy:64)
	at com.kms.katalon.core.webui.keyword.WebUiBuiltInKeywords$openBrowser.call(Unknown Source)
	at SuperAdmin-Login.run(SuperAdmin-Login:20)
	at com.kms.katalon.core.main.ScriptEngine.run(ScriptEngine.java:194)
	at com.kms.katalon.core.main.ScriptEngine.runScriptAsRawText(ScriptEngine.java:119)
	at com.kms.katalon.core.main.TestCaseExecutor.runScript(TestCaseExecutor.java:442)
	at com.kms.katalon.core.main.TestCaseExecutor.doExecute(TestCaseExecutor.java:433)
	at com.kms.katalon.core.main.TestCaseExecutor.processExecutionPhase(TestCaseExecutor.java:412)
	at com.kms.katalon.core.main.TestCaseExecutor.accessMainPhase(TestCaseExecutor.java:404)
	at com.kms.katalon.core.main.TestCaseExecutor.execute(TestCaseExecutor.java:281)
	at com.kms.katalon.core.main.TestCaseMain.runTestCase(TestCaseMain.java:142)
	at com.kms.katalon.core.keyword.builtin.CallTestCaseKeyword$_callTestCase_closure1.doCall(CallTestCaseKeyword.groovy:59)
	at com.kms.katalon.core.keyword.builtin.CallTestCaseKeyword$_callTestCase_closure1.call(CallTestCaseKeyword.groovy)
	at com.kms.katalon.core.keyword.internal.KeywordMain.runKeyword(KeywordMain.groovy:74)
	at com.kms.katalon.core.keyword.builtin.CallTestCaseKeyword.callTestCase(CallTestCaseKeyword.groovy:81)
	at com.kms.katalon.core.keyword.builtin.CallTestCaseKeyword.execute(CallTestCaseKeyword.groovy:44)
	at com.kms.katalon.core.keyword.internal.KeywordExecutor.executeKeywordForPlatform(KeywordExecutor.groovy:74)
	at com.kms.katalon.core.keyword.BuiltinKeywords.callTestCase(BuiltinKeywords.groovy:334)
	at ActivityOverview-CancelBooking-GetOrderIDAndRefund.run(ActivityOverview-CancelBooking-GetOrderIDAndRefund:26)
	at com.kms.katalon.core.main.ScriptEngine.run(ScriptEngine.java:194)
	at com.kms.katalon.core.main.ScriptEngine.runScriptAsRawText(ScriptEngine.java:119)
	at com.kms.katalon.core.main.TestCaseExecutor.runScript(TestCaseExecutor.java:442)
	at com.kms.katalon.core.main.TestCaseExecutor.doExecute(TestCaseExecutor.java:433)
	at com.kms.katalon.core.main.TestCaseExecutor.processExecutionPhase(TestCaseExecutor.java:412)
	at com.kms.katalon.core.main.TestCaseExecutor.accessMainPhase(TestCaseExecutor.java:404)
	at com.kms.katalon.core.main.TestCaseExecutor.execute(TestCaseExecutor.java:281)
	at com.kms.katalon.core.main.TestSuiteExecutor.accessTestCaseMainPhase(TestSuiteExecutor.java:202)
	at com.kms.katalon.core.main.TestSuiteExecutor.accessTestSuiteMainPhase(TestSuiteExecutor.java:164)
	at com.kms.katalon.core.main.TestSuiteExecutor.execute(TestSuiteExecutor.java:105)
	at com.kms.katalon.core.main.TestCaseMain.startTestSuite(TestCaseMain.java:185)
	at com.kms.katalon.core.main.TestCaseMain$startTestSuite$0.call(Unknown Source)
	at TempTestSuite1645876247106.run(TempTestSuite1645876247106.groovy:36)
</property>
  <property name="failed.exception.class">org.openqa.selenium.SessionNotCreatedException</property>
  <property name="failed.exception.message">session not created
from disconnected: Unable to receive message from renderer
  (Session info: chrome=97.0.4692.99)
Build info: version: &apos;3.141.59&apos;, revision: &apos;e82be7d358&apos;, time: &apos;2018-11-14T08:25:53&apos;
System info: host: &apos;bab3ec907815&apos;, ip: &apos;172.17.0.2&apos;, os.name: &apos;Linux&apos;, os.arch: &apos;amd64&apos;, os.version: &apos;5.4.0-99-generic&apos;, java.version: &apos;1.8.0_292&apos;
Driver info: driver.version: CChromeDriver
remote stacktrace: #0 0x5629855aff23 &lt;unknown&gt;
#1 0x56298507a838 &lt;unknown&gt;
#2 0x5629850662c1 &lt;unknown&gt;
#3 0x562985065003 &lt;unknown&gt;
#4 0x562985065353 &lt;unknown&gt;
#5 0x562985064981 &lt;unknown&gt;
#6 0x562985073f10 &lt;unknown&gt;
#7 0x562985064923 &lt;unknown&gt;
#8 0x562985065c99 &lt;unknown&gt;
#9 0x562985065003 &lt;unknown&gt;
#10 0x562985065353 &lt;unknown&gt;
#11 0x562985064981 &lt;unknown&gt;
#12 0x5629850717cd &lt;unknown&gt;
#13 0x562985064923 &lt;unknown&gt;
#14 0x562985065c99 &lt;unknown&gt;
#15 0x562985065003 &lt;unknown&gt;
#16 0x562985065353 &lt;unknown&gt;
#17 0x562985064981 &lt;unknown&gt;
#18 0x56298506d10b &lt;unknown&gt;
#19 0x562985064923 &lt;unknown&gt;
#20 0x562985065c99 &lt;unknown&gt;
#21 0x562985065003 &lt;unknown&gt;
#22 0x562985065353 &lt;unknown&gt;
#23 0x562985064981 &lt;unknown&gt;
#24 0x56298506c13a &lt;unknown&gt;
#25 0x562985064923 &lt;unknown&gt;
#26 0x562985065c99 &lt;unknown&gt;
#27 0x562985065003 &lt;unknown&gt;
#28 0x562985065353 &lt;unknown&gt;
#29 0x562985064981 &lt;unknown&gt;
#30 0x56298505f5aa &lt;unknown&gt;
#31 0x562985064923 &lt;unknown&gt;
#32 0x56298506483b &lt;unknown&gt;
#33 0x5629850642c0 &lt;unknown&gt;
#34 0x56298507bc32 &lt;unknown&gt;
#35 0x5629850d5354 &lt;unknown&gt;
#36 0x5629850ce073 &lt;unknown&gt;
#37 0x5629850a3bca &lt;unknown&gt;
#38 0x5629850a4c95 &lt;unknown&gt;
#39 0x5629855df73d &lt;unknown&gt;
#40 0x5629855f5a40 &lt;unknown&gt;
#41 0x5629855e1435 &lt;unknown&gt;
#42 0x5629855f6465 &lt;unknown&gt;
#43 0x5629855d4e6f &lt;unknown&gt;
#44 0x5629856112d8 &lt;unknown&gt;
#45 0x562985611458 &lt;unknown&gt;
#46 0x56298562c1fd &lt;unknown&gt;
#47 0x7fed7a1ea6ba &lt;unknown&gt;
</property>
</record>
<record>
  <date>2022-02-26T11:52:13</date>
  <millis>1645876333083</millis>
  <sequence>32</sequence>
  <level>END</level>
  <class>com.kms.katalon.core.logging.XmlKeywordLogger</class>
  <method>endTest</method>
  <thread>1</thread>
  <message>End Test Case : Test Cases/LoginWithSuperAdmin/SuperAdmin-Login</message>
  <nestedLevel>1</nestedLevel>
  <escapedJava>false</escapedJava>
</record>
<record>
  <date>2022-02-26T11:52:13</date>
  <millis>1645876333087</millis>
  <sequence>37</sequence>
  <level>FAILED</level>
  <class>com.kms.katalon.core.logging.XmlKeywordLogger</class>
  <method>logMessage</method>
  <thread>1</thread>
  <message>Unable to call Test Case &amp;apos;Test Cases/LoginWithSuperAdmin/SuperAdmin-Login&amp;apos; (Root cause: com.kms.katalon.core.exception.StepFailedException: Call Test Case &amp;apos;Test Cases/LoginWithSuperAdmin/SuperAdmin-Login&amp;apos; failed
	at com.kms.katalon.core.keyword.builtin.CallTestCaseKeyword$_callTestCase_closure1.doCall(CallTestCaseKeyword.groovy:63)
	at com.kms.katalon.core.keyword.builtin.CallTestCaseKeyword$_callTestCase_closure1.call(CallTestCaseKeyword.groovy)
	at com.kms.katalon.core.keyword.internal.KeywordMain.runKeyword(KeywordMain.groovy:74)
	at com.kms.katalon.core.keyword.builtin.CallTestCaseKeyword.callTestCase(CallTestCaseKeyword.groovy:81)
	at com.kms.katalon.core.keyword.builtin.CallTestCaseKeyword.execute(CallTestCaseKeyword.groovy:44)
	at com.kms.katalon.core.keyword.internal.KeywordExecutor.executeKeywordForPlatform(KeywordExecutor.groovy:74)
	at com.kms.katalon.core.keyword.BuiltinKeywords.callTestCase(BuiltinKeywords.groovy:334)
	at ActivityOverview-CancelBooking-GetOrderIDAndRefund.run(ActivityOverview-CancelBooking-GetOrderIDAndRefund:26)
	at com.kms.katalon.core.main.ScriptEngine.run(ScriptEngine.java:194)
	at com.kms.katalon.core.main.ScriptEngine.runScriptAsRawText(ScriptEngine.java:119)
	at com.kms.katalon.core.main.TestCaseExecutor.runScript(TestCaseExecutor.java:442)
	at com.kms.katalon.core.main.TestCaseExecutor.doExecute(TestCaseExecutor.java:433)
	at com.kms.katalon.core.main.TestCaseExecutor.processExecutionPhase(TestCaseExecutor.java:412)
	at com.kms.katalon.core.main.TestCaseExecutor.accessMainPhase(TestCaseExecutor.java:404)
	at com.kms.katalon.core.main.TestCaseExecutor.execute(TestCaseExecutor.java:281)
	at com.kms.katalon.core.main.TestSuiteExecutor.accessTestCaseMainPhase(TestSuiteExecutor.java:202)
	at com.kms.katalon.core.main.TestSuiteExecutor.accessTestSuiteMainPhase(TestSuiteExecutor.java:164)
	at com.kms.katalon.core.main.TestSuiteExecutor.execute(TestSuiteExecutor.java:105)
	at com.kms.katalon.core.main.TestCaseMain.startTestSuite(TestCaseMain.java:185)
	at com.kms.katalon.core.main.TestCaseMain$startTestSuite$0.call(Unknown Source)
	at TempTestSuite1645876247106.run(TempTestSuite1645876247106.groovy:36)
Caused by: com.kms.katalon.core.exception.StepFailedException: Unable to open browser with url: &amp;apos;&amp;apos;
	at com.kms.katalon.core.webui.keyword.internal.WebUIKeywordMain.stepFailed(WebUIKeywordMain.groovy:64)
	at com.kms.katalon.core.webui.keyword.internal.WebUIKeywordMain.runKeyword(WebUIKeywordMain.groovy:26)
	at com.kms.katalon.core.webui.keyword.builtin.OpenBrowserKeyword.openBrowser(OpenBrowserKeyword.groovy:81)
	at com.kms.katalon.core.webui.keyword.builtin.OpenBrowserKeyword.execute(OpenBrowserKeyword.groovy:67)
	at com.kms.katalon.core.keyword.internal.KeywordExecutor.executeKeywordForPlatform(KeywordExecutor.groovy:74)
	at com.kms.katalon.core.webui.keyword.WebUiBuiltInKeywords.openBrowser(WebUiBuiltInKeywords.groovy:64)
	at com.kms.katalon.core.webui.keyword.WebUiBuiltInKeywords$openBrowser.call(Unknown Source)
	at SuperAdmin-Login.run(SuperAdmin-Login:20)
	at com.kms.katalon.core.main.ScriptEngine.run(ScriptEngine.java:194)
	at com.kms.katalon.core.main.ScriptEngine.runScriptAsRawText(ScriptEngine.java:119)
	at com.kms.katalon.core.main.TestCaseExecutor.runScript(TestCaseExecutor.java:442)
	at com.kms.katalon.core.main.TestCaseExecutor.doExecute(TestCaseExecutor.java:433)
	at com.kms.katalon.core.main.TestCaseExecutor.processExecutionPhase(TestCaseExecutor.java:412)
	at com.kms.katalon.core.main.TestCaseExecutor.accessMainPhase(TestCaseExecutor.java:404)
	at com.kms.katalon.core.main.TestCaseExecutor.execute(TestCaseExecutor.java:281)
	at com.kms.katalon.core.main.TestCaseMain.runTestCase(TestCaseMain.java:142)
	at com.kms.katalon.core.keyword.builtin.CallTestCaseKeyword$_callTestCase_closure1.doCall(CallTestCaseKeyword.groovy:59)
	... 20 more
Caused by: org.openqa.selenium.SessionNotCreatedException: session not created
from disconnected: Unable to receive message from renderer
  (Session info: chrome=97.0.4692.99)
Build info: version: &amp;apos;3.141.59&amp;apos;, revision: &amp;apos;e82be7d358&amp;apos;, time: &amp;apos;2018-11-14T08:25:53&amp;apos;
System info: host: &amp;apos;bab3ec907815&amp;apos;, ip: &amp;apos;172.17.0.2&amp;apos;, os.name: &amp;apos;Linux&amp;apos;, os.arch: &amp;apos;amd64&amp;apos;, os.version: &amp;apos;5.4.0-99-generic&amp;apos;, java.version: &amp;apos;1.8.0_292&amp;apos;
Driver info: driver.version: CChromeDriver
remote stacktrace: #0 0x5629855aff23 &amp;lt;unknown&amp;gt;
#1 0x56298507a838 &amp;lt;unknown&amp;gt;
#2 0x5629850662c1 &amp;lt;unknown&amp;gt;
#3 0x562985065003 &amp;lt;unknown&amp;gt;
#4 0x562985065353 &amp;lt;unknown&amp;gt;
#5 0x562985064981 &amp;lt;unknown&amp;gt;
#6 0x562985073f10 &amp;lt;unknown&amp;gt;
#7 0x562985064923 &amp;lt;unknown&amp;gt;
#8 0x562985065c99 &amp;lt;unknown&amp;gt;
#9 0x562985065003 &amp;lt;unknown&amp;gt;
#10 0x562985065353 &amp;lt;unknown&amp;gt;
#11 0x562985064981 &amp;lt;unknown&amp;gt;
#12 0x5629850717cd &amp;lt;unknown&amp;gt;
#13 0x562985064923 &amp;lt;unknown&amp;gt;
#14 0x562985065c99 &amp;lt;unknown&amp;gt;
#15 0x562985065003 &amp;lt;unknown&amp;gt;
#16 0x562985065353 &amp;lt;unknown&amp;gt;
#17 0x562985064981 &amp;lt;unknown&amp;gt;
#18 0x56298506d10b &amp;lt;unknown&amp;gt;
#19 0x562985064923 &amp;lt;unknown&amp;gt;
#20 0x562985065c99 &amp;lt;unknown&amp;gt;
#21 0x562985065003 &amp;lt;unknown&amp;gt;
#22 0x562985065353 &amp;lt;unknown&amp;gt;
#23 0x562985064981 &amp;lt;unknown&amp;gt;
#24 0x56298506c13a &amp;lt;unknown&amp;gt;
#25 0x562985064923 &amp;lt;unknown&amp;gt;
#26 0x562985065c99 &amp;lt;unknown&amp;gt;
#27 0x562985065003 &amp;lt;unknown&amp;gt;
#28 0x562985065353 &amp;lt;unknown&amp;gt;
#29 0x562985064981 &amp;lt;unknown&amp;gt;
#30 0x56298505f5aa &amp;lt;unknown&amp;gt;
#31 0x562985064923 &amp;lt;unknown&amp;gt;
#32 0x56298506483b &amp;lt;unknown&amp;gt;
#33 0x5629850642c0 &amp;lt;unknown&amp;gt;
#34 0x56298507bc32 &amp;lt;unknown&amp;gt;
#35 0x5629850d5354 &amp;lt;unknown&amp;gt;
#36 0x5629850ce073 &amp;lt;unknown&amp;gt;
#37 0x5629850a3bca &amp;lt;unknown&amp;gt;
#38 0x5629850a4c95 &amp;lt;unknown&amp;gt;
#39 0x5629855df73d &amp;lt;unknown&amp;gt;
#40 0x5629855f5a40 &amp;lt;unknown&amp;gt;
#41 0x5629855e1435 &amp;lt;unknown&amp;gt;
#42 0x5629855f6465 &amp;lt;unknown&amp;gt;
#43 0x5629855d4e6f &amp;lt;unknown&amp;gt;
#44 0x5629856112d8 &amp;lt;unknown&amp;gt;
#45 0x562985611458 &amp;lt;unknown&amp;gt;
#46 0x56298562c1fd &amp;lt;unknown&amp;gt;
#47 0x7fed7a1ea6ba &amp;lt;unknown&amp;gt;

	at org.openqa.selenium.remote.W3CHandshakeResponse.lambda$errorHandler$0(W3CHandshakeResponse.java:62)
	at org.openqa.selenium.remote.HandshakeResponse.lambda$getResponseFunction$0(HandshakeResponse.java:30)
	at org.openqa.selenium.remote.ProtocolHandshake.lambda$createSession$0(ProtocolHandshake.java:126)
	at org.openqa.selenium.remote.ProtocolHandshake.createSession(ProtocolHandshake.java:128)
	at org.openqa.selenium.remote.ProtocolHandshake.createSession(ProtocolHandshake.java:74)
	at org.openqa.selenium.remote.HttpCommandExecutor.execute(HttpCommandExecutor.java:136)
	at org.openqa.selenium.remote.service.DriverCommandExecutor.execute(DriverCommandExecutor.java:83)
	at org.openqa.selenium.remote.RemoteWebDriver.execute(RemoteWebDriver.java:552)
	at com.kms.katalon.selenium.driver.CChromeDriver.execute(CChromeDriver.java:19)
	at org.openqa.selenium.remote.RemoteWebDriver.startSession(RemoteWebDriver.java:213)
	at org.openqa.selenium.remote.RemoteWebDriver.&amp;lt;init&amp;gt;(RemoteWebDriver.java:131)
	at org.openqa.selenium.chrome.ChromeDriver.&amp;lt;init&amp;gt;(ChromeDriver.java:181)
	at org.openqa.selenium.chrome.ChromeDriver.&amp;lt;init&amp;gt;(ChromeDriver.java:147)
	at com.kms.katalon.selenium.driver.CChromeDriver.&amp;lt;init&amp;gt;(CChromeDriver.java:13)
	at com.kms.katalon.core.webui.driver.DriverFactory.createNewChromeDriver(DriverFactory.java:433)
	at com.kms.katalon.core.webui.driver.DriverFactory.startNewBrowser(DriverFactory.java:366)
	at com.kms.katalon.core.webui.driver.DriverFactory.openWebDriver(DriverFactory.java:253)
	at com.kms.katalon.core.webui.keyword.builtin.OpenBrowserKeyword$_openBrowser_closure1.doCall(OpenBrowserKeyword.groovy:74)
	at com.kms.katalon.core.webui.keyword.builtin.OpenBrowserKeyword$_openBrowser_closure1.call(OpenBrowserKeyword.groovy)
	at com.kms.katalon.core.webui.keyword.internal.WebUIKeywordMain.runKeyword(WebUIKeywordMain.groovy:20)
	... 35 more
)</message>
  <nestedLevel>1</nestedLevel>
  <escapedJava>false</escapedJava>
  <property name="failed.exception.class">org.openqa.selenium.SessionNotCreatedException</property>
  <property name="failed.exception.stacktrace">org.openqa.selenium.SessionNotCreatedException: session not created
from disconnected: Unable to receive message from renderer
  (Session info: chrome=97.0.4692.99)
Build info: version: &apos;3.141.59&apos;, revision: &apos;e82be7d358&apos;, time: &apos;2018-11-14T08:25:53&apos;
System info: host: &apos;bab3ec907815&apos;, ip: &apos;172.17.0.2&apos;, os.name: &apos;Linux&apos;, os.arch: &apos;amd64&apos;, os.version: &apos;5.4.0-99-generic&apos;, java.version: &apos;1.8.0_292&apos;
Driver info: driver.version: CChromeDriver
remote stacktrace: #0 0x5629855aff23 &lt;unknown&gt;
#1 0x56298507a838 &lt;unknown&gt;
#2 0x5629850662c1 &lt;unknown&gt;
#3 0x562985065003 &lt;unknown&gt;
#4 0x562985065353 &lt;unknown&gt;
#5 0x562985064981 &lt;unknown&gt;
#6 0x562985073f10 &lt;unknown&gt;
#7 0x562985064923 &lt;unknown&gt;
#8 0x562985065c99 &lt;unknown&gt;
#9 0x562985065003 &lt;unknown&gt;
#10 0x562985065353 &lt;unknown&gt;
#11 0x562985064981 &lt;unknown&gt;
#12 0x5629850717cd &lt;unknown&gt;
#13 0x562985064923 &lt;unknown&gt;
#14 0x562985065c99 &lt;unknown&gt;
#15 0x562985065003 &lt;unknown&gt;
#16 0x562985065353 &lt;unknown&gt;
#17 0x562985064981 &lt;unknown&gt;
#18 0x56298506d10b &lt;unknown&gt;
#19 0x562985064923 &lt;unknown&gt;
#20 0x562985065c99 &lt;unknown&gt;
#21 0x562985065003 &lt;unknown&gt;
#22 0x562985065353 &lt;unknown&gt;
#23 0x562985064981 &lt;unknown&gt;
#24 0x56298506c13a &lt;unknown&gt;
#25 0x562985064923 &lt;unknown&gt;
#26 0x562985065c99 &lt;unknown&gt;
#27 0x562985065003 &lt;unknown&gt;
#28 0x562985065353 &lt;unknown&gt;
#29 0x562985064981 &lt;unknown&gt;
#30 0x56298505f5aa &lt;unknown&gt;
#31 0x562985064923 &lt;unknown&gt;
#32 0x56298506483b &lt;unknown&gt;
#33 0x5629850642c0 &lt;unknown&gt;
#34 0x56298507bc32 &lt;unknown&gt;
#35 0x5629850d5354 &lt;unknown&gt;
#36 0x5629850ce073 &lt;unknown&gt;
#37 0x5629850a3bca &lt;unknown&gt;
#38 0x5629850a4c95 &lt;unknown&gt;
#39 0x5629855df73d &lt;unknown&gt;
#40 0x5629855f5a40 &lt;unknown&gt;
#41 0x5629855e1435 &lt;unknown&gt;
#42 0x5629855f6465 &lt;unknown&gt;
#43 0x5629855d4e6f &lt;unknown&gt;
#44 0x5629856112d8 &lt;unknown&gt;
#45 0x562985611458 &lt;unknown&gt;
#46 0x56298562c1fd &lt;unknown&gt;
#47 0x7fed7a1ea6ba &lt;unknown&gt;

	at org.openqa.selenium.remote.W3CHandshakeResponse.lambda$errorHandler$0(W3CHandshakeResponse.java:62)
	at org.openqa.selenium.remote.HandshakeResponse.lambda$getResponseFunction$0(HandshakeResponse.java:30)
	at org.openqa.selenium.remote.ProtocolHandshake.lambda$createSession$0(ProtocolHandshake.java:126)
	at org.openqa.selenium.remote.ProtocolHandshake.createSession(ProtocolHandshake.java:128)
	at org.openqa.selenium.remote.ProtocolHandshake.createSession(ProtocolHandshake.java:74)
	at org.openqa.selenium.remote.HttpCommandExecutor.execute(HttpCommandExecutor.java:136)
	at org.openqa.selenium.remote.service.DriverCommandExecutor.execute(DriverCommandExecutor.java:83)
	at org.openqa.selenium.remote.RemoteWebDriver.execute(RemoteWebDriver.java:552)
	at com.kms.katalon.selenium.driver.CChromeDriver.execute(CChromeDriver.java:19)
	at org.openqa.selenium.remote.RemoteWebDriver.startSession(RemoteWebDriver.java:213)
	at org.openqa.selenium.remote.RemoteWebDriver.&lt;init&gt;(RemoteWebDriver.java:131)
	at org.openqa.selenium.chrome.ChromeDriver.&lt;init&gt;(ChromeDriver.java:181)
	at org.openqa.selenium.chrome.ChromeDriver.&lt;init&gt;(ChromeDriver.java:147)
	at com.kms.katalon.selenium.driver.CChromeDriver.&lt;init&gt;(CChromeDriver.java:13)
	at com.kms.katalon.core.webui.driver.DriverFactory.createNewChromeDriver(DriverFactory.java:433)
	at com.kms.katalon.core.webui.driver.DriverFactory.startNewBrowser(DriverFactory.java:366)
	at com.kms.katalon.core.webui.driver.DriverFactory.openWebDriver(DriverFactory.java:253)
	at com.kms.katalon.core.webui.keyword.builtin.OpenBrowserKeyword$_openBrowser_closure1.doCall(OpenBrowserKeyword.groovy:74)
	at com.kms.katalon.core.webui.keyword.builtin.OpenBrowserKeyword$_openBrowser_closure1.call(OpenBrowserKeyword.groovy)
	at com.kms.katalon.core.webui.keyword.internal.WebUIKeywordMain.runKeyword(WebUIKeywordMain.groovy:20)
	at com.kms.katalon.core.webui.keyword.builtin.OpenBrowserKeyword.openBrowser(OpenBrowserKeyword.groovy:81)
	at com.kms.katalon.core.webui.keyword.builtin.OpenBrowserKeyword.execute(OpenBrowserKeyword.groovy:67)
	at com.kms.katalon.core.keyword.internal.KeywordExecutor.executeKeywordForPlatform(KeywordExecutor.groovy:74)
	at com.kms.katalon.core.webui.keyword.WebUiBuiltInKeywords.openBrowser(WebUiBuiltInKeywords.groovy:64)
	at com.kms.katalon.core.webui.keyword.WebUiBuiltInKeywords$openBrowser.call(Unknown Source)
	at SuperAdmin-Login.run(SuperAdmin-Login:20)
	at com.kms.katalon.core.main.ScriptEngine.run(ScriptEngine.java:194)
	at com.kms.katalon.core.main.ScriptEngine.runScriptAsRawText(ScriptEngine.java:119)
	at com.kms.katalon.core.main.TestCaseExecutor.runScript(TestCaseExecutor.java:442)
	at com.kms.katalon.core.main.TestCaseExecutor.doExecute(TestCaseExecutor.java:433)
	at com.kms.katalon.core.main.TestCaseExecutor.processExecutionPhase(TestCaseExecutor.java:412)
	at com.kms.katalon.core.main.TestCaseExecutor.accessMainPhase(TestCaseExecutor.java:404)
	at com.kms.katalon.core.main.TestCaseExecutor.execute(TestCaseExecutor.java:281)
	at com.kms.katalon.core.main.TestCaseMain.runTestCase(TestCaseMain.java:142)
	at com.kms.katalon.core.keyword.builtin.CallTestCaseKeyword$_callTestCase_closure1.doCall(CallTestCaseKeyword.groovy:59)
	at com.kms.katalon.core.keyword.builtin.CallTestCaseKeyword$_callTestCase_closure1.call(CallTestCaseKeyword.groovy)
	at com.kms.katalon.core.keyword.internal.KeywordMain.runKeyword(KeywordMain.groovy:74)
	at com.kms.katalon.core.keyword.builtin.CallTestCaseKeyword.callTestCase(CallTestCaseKeyword.groovy:81)
	at com.kms.katalon.core.keyword.builtin.CallTestCaseKeyword.execute(CallTestCaseKeyword.groovy:44)
	at com.kms.katalon.core.keyword.internal.KeywordExecutor.executeKeywordForPlatform(KeywordExecutor.groovy:74)
	at com.kms.katalon.core.keyword.BuiltinKeywords.callTestCase(BuiltinKeywords.groovy:334)
	at ActivityOverview-CancelBooking-GetOrderIDAndRefund.run(ActivityOverview-CancelBooking-GetOrderIDAndRefund:26)
	at com.kms.katalon.core.main.ScriptEngine.run(ScriptEngine.java:194)
	at com.kms.katalon.core.main.ScriptEngine.runScriptAsRawText(ScriptEngine.java:119)
	at com.kms.katalon.core.main.TestCaseExecutor.runScript(TestCaseExecutor.java:442)
	at com.kms.katalon.core.main.TestCaseExecutor.doExecute(TestCaseExecutor.java:433)
	at com.kms.katalon.core.main.TestCaseExecutor.processExecutionPhase(TestCaseExecutor.java:412)
	at com.kms.katalon.core.main.TestCaseExecutor.accessMainPhase(TestCaseExecutor.java:404)
	at com.kms.katalon.core.main.TestCaseExecutor.execute(TestCaseExecutor.java:281)
	at com.kms.katalon.core.main.TestSuiteExecutor.accessTestCaseMainPhase(TestSuiteExecutor.java:202)
	at com.kms.katalon.core.main.TestSuiteExecutor.accessTestSuiteMainPhase(TestSuiteExecutor.java:164)
	at com.kms.katalon.core.main.TestSuiteExecutor.execute(TestSuiteExecutor.java:105)
	at com.kms.katalon.core.main.TestCaseMain.startTestSuite(TestCaseMain.java:185)
	at com.kms.katalon.core.main.TestCaseMain$startTestSuite$0.call(Unknown Source)
	at TempTestSuite1645876247106.run(TempTestSuite1645876247106.groovy:36)
</property>
  <property name="failed.exception.message">session not created
from disconnected: Unable to receive message from renderer
  (Session info: chrome=97.0.4692.99)
Build info: version: &apos;3.141.59&apos;, revision: &apos;e82be7d358&apos;, time: &apos;2018-11-14T08:25:53&apos;
System info: host: &apos;bab3ec907815&apos;, ip: &apos;172.17.0.2&apos;, os.name: &apos;Linux&apos;, os.arch: &apos;amd64&apos;, os.version: &apos;5.4.0-99-generic&apos;, java.version: &apos;1.8.0_292&apos;
Driver info: driver.version: CChromeDriver
remote stacktrace: #0 0x5629855aff23 &lt;unknown&gt;
#1 0x56298507a838 &lt;unknown&gt;
#2 0x5629850662c1 &lt;unknown&gt;
#3 0x562985065003 &lt;unknown&gt;
#4 0x562985065353 &lt;unknown&gt;
#5 0x562985064981 &lt;unknown&gt;
#6 0x562985073f10 &lt;unknown&gt;
#7 0x562985064923 &lt;unknown&gt;
#8 0x562985065c99 &lt;unknown&gt;
#9 0x562985065003 &lt;unknown&gt;
#10 0x562985065353 &lt;unknown&gt;
#11 0x562985064981 &lt;unknown&gt;
#12 0x5629850717cd &lt;unknown&gt;
#13 0x562985064923 &lt;unknown&gt;
#14 0x562985065c99 &lt;unknown&gt;
#15 0x562985065003 &lt;unknown&gt;
#16 0x562985065353 &lt;unknown&gt;
#17 0x562985064981 &lt;unknown&gt;
#18 0x56298506d10b &lt;unknown&gt;
#19 0x562985064923 &lt;unknown&gt;
#20 0x562985065c99 &lt;unknown&gt;
#21 0x562985065003 &lt;unknown&gt;
#22 0x562985065353 &lt;unknown&gt;
#23 0x562985064981 &lt;unknown&gt;
#24 0x56298506c13a &lt;unknown&gt;
#25 0x562985064923 &lt;unknown&gt;
#26 0x562985065c99 &lt;unknown&gt;
#27 0x562985065003 &lt;unknown&gt;
#28 0x562985065353 &lt;unknown&gt;
#29 0x562985064981 &lt;unknown&gt;
#30 0x56298505f5aa &lt;unknown&gt;
#31 0x562985064923 &lt;unknown&gt;
#32 0x56298506483b &lt;unknown&gt;
#33 0x5629850642c0 &lt;unknown&gt;
#34 0x56298507bc32 &lt;unknown&gt;
#35 0x5629850d5354 &lt;unknown&gt;
#36 0x5629850ce073 &lt;unknown&gt;
#37 0x5629850a3bca &lt;unknown&gt;
#38 0x5629850a4c95 &lt;unknown&gt;
#39 0x5629855df73d &lt;unknown&gt;
#40 0x5629855f5a40 &lt;unknown&gt;
#41 0x5629855e1435 &lt;unknown&gt;
#42 0x5629855f6465 &lt;unknown&gt;
#43 0x5629855d4e6f &lt;unknown&gt;
#44 0x5629856112d8 &lt;unknown&gt;
#45 0x562985611458 &lt;unknown&gt;
#46 0x56298562c1fd &lt;unknown&gt;
#47 0x7fed7a1ea6ba &lt;unknown&gt;
</property>
</record>
<record>
  <date>2022-02-26T11:52:13</date>
  <millis>1645876333093</millis>
  <sequence>41</sequence>
  <level>END</level>
  <class>com.kms.katalon.core.logging.XmlKeywordLogger</class>
  <method>endKeyword</method>
  <thread>1</thread>
  <message>End action : callTestCase(findTestCase(&amp;quot;LoginWithSuperAdmin/SuperAdmin-Login&amp;quot;), [:], STOP_ON_FAILURE)</message>
  <nestedLevel>1</nestedLevel>
  <escapedJava>false</escapedJava>
</record>
<record>
  <date>2022-02-26T11:52:13</date>
  <millis>1645876333094</millis>
  <sequence>45</sequence>
  <level>FAILED</level>
  <class>com.kms.katalon.core.logging.XmlKeywordLogger</class>
  <method>logMessage</method>
  <thread>1</thread>
  <message>Test Cases/NewActivityOverview-LeftNavigation/ActivityOverview-CancelBooking-GetOrderIDAndRefund FAILED.
Reason:
com.kms.katalon.core.exception.StepFailedException: Call Test Case &amp;apos;Test Cases/LoginWithSuperAdmin/SuperAdmin-Login&amp;apos; failed
	at com.kms.katalon.core.keyword.builtin.CallTestCaseKeyword$_callTestCase_closure1.doCall(CallTestCaseKeyword.groovy:63)
	at com.kms.katalon.core.keyword.builtin.CallTestCaseKeyword$_callTestCase_closure1.call(CallTestCaseKeyword.groovy)
	at com.kms.katalon.core.keyword.internal.KeywordMain.runKeyword(KeywordMain.groovy:74)
	at com.kms.katalon.core.keyword.builtin.CallTestCaseKeyword.callTestCase(CallTestCaseKeyword.groovy:81)
	at com.kms.katalon.core.keyword.builtin.CallTestCaseKeyword.execute(CallTestCaseKeyword.groovy:44)
	at com.kms.katalon.core.keyword.internal.KeywordExecutor.executeKeywordForPlatform(KeywordExecutor.groovy:74)
	at com.kms.katalon.core.keyword.BuiltinKeywords.callTestCase(BuiltinKeywords.groovy:334)
	at ActivityOverview-CancelBooking-GetOrderIDAndRefund.run(ActivityOverview-CancelBooking-GetOrderIDAndRefund:26)
	at com.kms.katalon.core.main.ScriptEngine.run(ScriptEngine.java:194)
	at com.kms.katalon.core.main.ScriptEngine.runScriptAsRawText(ScriptEngine.java:119)
	at com.kms.katalon.core.main.TestCaseExecutor.runScript(TestCaseExecutor.java:442)
	at com.kms.katalon.core.main.TestCaseExecutor.doExecute(TestCaseExecutor.java:433)
	at com.kms.katalon.core.main.TestCaseExecutor.processExecutionPhase(TestCaseExecutor.java:412)
	at com.kms.katalon.core.main.TestCaseExecutor.accessMainPhase(TestCaseExecutor.java:404)
	at com.kms.katalon.core.main.TestCaseExecutor.execute(TestCaseExecutor.java:281)
	at com.kms.katalon.core.main.TestSuiteExecutor.accessTestCaseMainPhase(TestSuiteExecutor.java:202)
	at com.kms.katalon.core.main.TestSuiteExecutor.accessTestSuiteMainPhase(TestSuiteExecutor.java:164)
	at com.kms.katalon.core.main.TestSuiteExecutor.execute(TestSuiteExecutor.java:105)
	at com.kms.katalon.core.main.TestCaseMain.startTestSuite(TestCaseMain.java:185)
	at com.kms.katalon.core.main.TestCaseMain$startTestSuite$0.call(Unknown Source)
	at TempTestSuite1645876247106.run(TempTestSuite1645876247106.groovy:36)
Caused by: com.kms.katalon.core.exception.StepFailedException: Unable to open browser with url: &amp;apos;&amp;apos;
	at com.kms.katalon.core.webui.keyword.internal.WebUIKeywordMain.stepFailed(WebUIKeywordMain.groovy:64)
	at com.kms.katalon.core.webui.keyword.internal.WebUIKeywordMain.runKeyword(WebUIKeywordMain.groovy:26)
	at com.kms.katalon.core.webui.keyword.builtin.OpenBrowserKeyword.openBrowser(OpenBrowserKeyword.groovy:81)
	at com.kms.katalon.core.webui.keyword.builtin.OpenBrowserKeyword.execute(OpenBrowserKeyword.groovy:67)
	at com.kms.katalon.core.keyword.internal.KeywordExecutor.executeKeywordForPlatform(KeywordExecutor.groovy:74)
	at com.kms.katalon.core.webui.keyword.WebUiBuiltInKeywords.openBrowser(WebUiBuiltInKeywords.groovy:64)
	at com.kms.katalon.core.webui.keyword.WebUiBuiltInKeywords$openBrowser.call(Unknown Source)
	at SuperAdmin-Login.run(SuperAdmin-Login:20)
	at com.kms.katalon.core.main.ScriptEngine.run(ScriptEngine.java:194)
	at com.kms.katalon.core.main.ScriptEngine.runScriptAsRawText(ScriptEngine.java:119)
	at com.kms.katalon.core.main.TestCaseExecutor.runScript(TestCaseExecutor.java:442)
	at com.kms.katalon.core.main.TestCaseExecutor.doExecute(TestCaseExecutor.java:433)
	at com.kms.katalon.core.main.TestCaseExecutor.processExecutionPhase(TestCaseExecutor.java:412)
	at com.kms.katalon.core.main.TestCaseExecutor.accessMainPhase(TestCaseExecutor.java:404)
	at com.kms.katalon.core.main.TestCaseExecutor.execute(TestCaseExecutor.java:281)
	at com.kms.katalon.core.main.TestCaseMain.runTestCase(TestCaseMain.java:142)
	at com.kms.katalon.core.keyword.builtin.CallTestCaseKeyword$_callTestCase_closure1.doCall(CallTestCaseKeyword.groovy:59)
	... 20 more
Caused by: org.openqa.selenium.SessionNotCreatedException: session not created
from disconnected: Unable to receive message from renderer
  (Session info: chrome=97.0.4692.99)
Build info: version: &amp;apos;3.141.59&amp;apos;, revision: &amp;apos;e82be7d358&amp;apos;, time: &amp;apos;2018-11-14T08:25:53&amp;apos;
System info: host: &amp;apos;bab3ec907815&amp;apos;, ip: &amp;apos;172.17.0.2&amp;apos;, os.name: &amp;apos;Linux&amp;apos;, os.arch: &amp;apos;amd64&amp;apos;, os.version: &amp;apos;5.4.0-99-generic&amp;apos;, java.version: &amp;apos;1.8.0_292&amp;apos;
Driver info: driver.version: CChromeDriver
remote stacktrace: #0 0x5629855aff23 &amp;lt;unknown&amp;gt;
#1 0x56298507a838 &amp;lt;unknown&amp;gt;
#2 0x5629850662c1 &amp;lt;unknown&amp;gt;
#3 0x562985065003 &amp;lt;unknown&amp;gt;
#4 0x562985065353 &amp;lt;unknown&amp;gt;
#5 0x562985064981 &amp;lt;unknown&amp;gt;
#6 0x562985073f10 &amp;lt;unknown&amp;gt;
#7 0x562985064923 &amp;lt;unknown&amp;gt;
#8 0x562985065c99 &amp;lt;unknown&amp;gt;
#9 0x562985065003 &amp;lt;unknown&amp;gt;
#10 0x562985065353 &amp;lt;unknown&amp;gt;
#11 0x562985064981 &amp;lt;unknown&amp;gt;
#12 0x5629850717cd &amp;lt;unknown&amp;gt;
#13 0x562985064923 &amp;lt;unknown&amp;gt;
#14 0x562985065c99 &amp;lt;unknown&amp;gt;
#15 0x562985065003 &amp;lt;unknown&amp;gt;
#16 0x562985065353 &amp;lt;unknown&amp;gt;
#17 0x562985064981 &amp;lt;unknown&amp;gt;
#18 0x56298506d10b &amp;lt;unknown&amp;gt;
#19 0x562985064923 &amp;lt;unknown&amp;gt;
#20 0x562985065c99 &amp;lt;unknown&amp;gt;
#21 0x562985065003 &amp;lt;unknown&amp;gt;
#22 0x562985065353 &amp;lt;unknown&amp;gt;
#23 0x562985064981 &amp;lt;unknown&amp;gt;
#24 0x56298506c13a &amp;lt;unknown&amp;gt;
#25 0x562985064923 &amp;lt;unknown&amp;gt;
#26 0x562985065c99 &amp;lt;unknown&amp;gt;
#27 0x562985065003 &amp;lt;unknown&amp;gt;
#28 0x562985065353 &amp;lt;unknown&amp;gt;
#29 0x562985064981 &amp;lt;unknown&amp;gt;
#30 0x56298505f5aa &amp;lt;unknown&amp;gt;
#31 0x562985064923 &amp;lt;unknown&amp;gt;
#32 0x56298506483b &amp;lt;unknown&amp;gt;
#33 0x5629850642c0 &amp;lt;unknown&amp;gt;
#34 0x56298507bc32 &amp;lt;unknown&amp;gt;
#35 0x5629850d5354 &amp;lt;unknown&amp;gt;
#36 0x5629850ce073 &amp;lt;unknown&amp;gt;
#37 0x5629850a3bca &amp;lt;unknown&amp;gt;
#38 0x5629850a4c95 &amp;lt;unknown&amp;gt;
#39 0x5629855df73d &amp;lt;unknown&amp;gt;
#40 0x5629855f5a40 &amp;lt;unknown&amp;gt;
#41 0x5629855e1435 &amp;lt;unknown&amp;gt;
#42 0x5629855f6465 &amp;lt;unknown&amp;gt;
#43 0x5629855d4e6f &amp;lt;unknown&amp;gt;
#44 0x5629856112d8 &amp;lt;unknown&amp;gt;
#45 0x562985611458 &amp;lt;unknown&amp;gt;
#46 0x56298562c1fd &amp;lt;unknown&amp;gt;
#47 0x7fed7a1ea6ba &amp;lt;unknown&amp;gt;

	at org.openqa.selenium.remote.W3CHandshakeResponse.lambda$errorHandler$0(W3CHandshakeResponse.java:62)
	at org.openqa.selenium.remote.HandshakeResponse.lambda$getResponseFunction$0(HandshakeResponse.java:30)
	at org.openqa.selenium.remote.ProtocolHandshake.lambda$createSession$0(ProtocolHandshake.java:126)
	at org.openqa.selenium.remote.ProtocolHandshake.createSession(ProtocolHandshake.java:128)
	at org.openqa.selenium.remote.ProtocolHandshake.createSession(ProtocolHandshake.java:74)
	at org.openqa.selenium.remote.HttpCommandExecutor.execute(HttpCommandExecutor.java:136)
	at org.openqa.selenium.remote.service.DriverCommandExecutor.execute(DriverCommandExecutor.java:83)
	at org.openqa.selenium.remote.RemoteWebDriver.execute(RemoteWebDriver.java:552)
	at com.kms.katalon.selenium.driver.CChromeDriver.execute(CChromeDriver.java:19)
	at org.openqa.selenium.remote.RemoteWebDriver.startSession(RemoteWebDriver.java:213)
	at org.openqa.selenium.remote.RemoteWebDriver.&amp;lt;init&amp;gt;(RemoteWebDriver.java:131)
	at org.openqa.selenium.chrome.ChromeDriver.&amp;lt;init&amp;gt;(ChromeDriver.java:181)
	at org.openqa.selenium.chrome.ChromeDriver.&amp;lt;init&amp;gt;(ChromeDriver.java:147)
	at com.kms.katalon.selenium.driver.CChromeDriver.&amp;lt;init&amp;gt;(CChromeDriver.java:13)
	at com.kms.katalon.core.webui.driver.DriverFactory.createNewChromeDriver(DriverFactory.java:433)
	at com.kms.katalon.core.webui.driver.DriverFactory.startNewBrowser(DriverFactory.java:366)
	at com.kms.katalon.core.webui.driver.DriverFactory.openWebDriver(DriverFactory.java:253)
	at com.kms.katalon.core.webui.keyword.builtin.OpenBrowserKeyword$_openBrowser_closure1.doCall(OpenBrowserKeyword.groovy:74)
	at com.kms.katalon.core.webui.keyword.builtin.OpenBrowserKeyword$_openBrowser_closure1.call(OpenBrowserKeyword.groovy)
	at com.kms.katalon.core.webui.keyword.internal.WebUIKeywordMain.runKeyword(WebUIKeywordMain.groovy:20)
	... 35 more
</message>
  <exception>
    <message>com.kms.katalon.core.exception.StepFailedException: Call Test Case 'Test Cases/LoginWithSuperAdmin/SuperAdmin-Login' failed</message>
    <frame>
      <class>com.kms.katalon.core.keyword.builtin.CallTestCaseKeyword$_callTestCase_closure1</class>
      <method>doCall</method>
      <line>63</line>
    </frame>
    <frame>
      <class>com.kms.katalon.core.keyword.builtin.CallTestCaseKeyword$_callTestCase_closure1</class>
      <method>call</method>
    </frame>
    <frame>
      <class>com.kms.katalon.core.keyword.internal.KeywordMain</class>
      <method>runKeyword</method>
      <line>74</line>
    </frame>
    <frame>
      <class>com.kms.katalon.core.keyword.builtin.CallTestCaseKeyword</class>
      <method>callTestCase</method>
      <line>81</line>
    </frame>
    <frame>
      <class>com.kms.katalon.core.keyword.builtin.CallTestCaseKeyword</class>
      <method>execute</method>
      <line>44</line>
    </frame>
    <frame>
      <class>com.kms.katalon.core.keyword.internal.KeywordExecutor</class>
      <method>executeKeywordForPlatform</method>
      <line>74</line>
    </frame>
    <frame>
      <class>com.kms.katalon.core.keyword.BuiltinKeywords</class>
      <method>callTestCase</method>
      <line>334</line>
    </frame>
    <frame>
      <class>ActivityOverview-CancelBooking-GetOrderIDAndRefund</class>
      <method>run</method>
      <line>26</line>
    </frame>
    <frame>
      <class>com.kms.katalon.core.main.ScriptEngine</class>
      <method>run</method>
      <line>194</line>
    </frame>
    <frame>
      <class>com.kms.katalon.core.main.ScriptEngine</class>
      <method>runScriptAsRawText</method>
      <line>119</line>
    </frame>
    <frame>
      <class>com.kms.katalon.core.main.TestCaseExecutor</class>
      <method>runScript</method>
      <line>442</line>
    </frame>
    <frame>
      <class>com.kms.katalon.core.main.TestCaseExecutor</class>
      <method>doExecute</method>
      <line>433</line>
    </frame>
    <frame>
      <class>com.kms.katalon.core.main.TestCaseExecutor</class>
      <method>processExecutionPhase</method>
      <line>412</line>
    </frame>
    <frame>
      <class>com.kms.katalon.core.main.TestCaseExecutor</class>
      <method>accessMainPhase</method>
      <line>404</line>
    </frame>
    <frame>
      <class>com.kms.katalon.core.main.TestCaseExecutor</class>
      <method>execute</method>
      <line>281</line>
    </frame>
    <frame>
      <class>com.kms.katalon.core.main.TestSuiteExecutor</class>
      <method>accessTestCaseMainPhase</method>
      <line>202</line>
    </frame>
    <frame>
      <class>com.kms.katalon.core.main.TestSuiteExecutor</class>
      <method>accessTestSuiteMainPhase</method>
      <line>164</line>
    </frame>
    <frame>
      <class>com.kms.katalon.core.main.TestSuiteExecutor</class>
      <method>execute</method>
      <line>105</line>
    </frame>
    <frame>
      <class>com.kms.katalon.core.main.TestCaseMain</class>
      <method>startTestSuite</method>
      <line>185</line>
    </frame>
    <frame>
      <class>com.kms.katalon.core.main.TestCaseMain$startTestSuite$0</class>
      <method>call</method>
    </frame>
    <frame>
      <class>TempTestSuite1645876247106</class>
      <method>run</method>
      <line>36</line>
    </frame>
  </exception>
  <nestedLevel>0</nestedLevel>
  <escapedJava>false</escapedJava>
  <property name="failed.exception.stacktrace">org.openqa.selenium.SessionNotCreatedException: session not created
from disconnected: Unable to receive message from renderer
  (Session info: chrome=97.0.4692.99)
Build info: version: &apos;3.141.59&apos;, revision: &apos;e82be7d358&apos;, time: &apos;2018-11-14T08:25:53&apos;
System info: host: &apos;bab3ec907815&apos;, ip: &apos;172.17.0.2&apos;, os.name: &apos;Linux&apos;, os.arch: &apos;amd64&apos;, os.version: &apos;5.4.0-99-generic&apos;, java.version: &apos;1.8.0_292&apos;
Driver info: driver.version: CChromeDriver
remote stacktrace: #0 0x5629855aff23 &lt;unknown&gt;
#1 0x56298507a838 &lt;unknown&gt;
#2 0x5629850662c1 &lt;unknown&gt;
#3 0x562985065003 &lt;unknown&gt;
#4 0x562985065353 &lt;unknown&gt;
#5 0x562985064981 &lt;unknown&gt;
#6 0x562985073f10 &lt;unknown&gt;
#7 0x562985064923 &lt;unknown&gt;
#8 0x562985065c99 &lt;unknown&gt;
#9 0x562985065003 &lt;unknown&gt;
#10 0x562985065353 &lt;unknown&gt;
#11 0x562985064981 &lt;unknown&gt;
#12 0x5629850717cd &lt;unknown&gt;
#13 0x562985064923 &lt;unknown&gt;
#14 0x562985065c99 &lt;unknown&gt;
#15 0x562985065003 &lt;unknown&gt;
#16 0x562985065353 &lt;unknown&gt;
#17 0x562985064981 &lt;unknown&gt;
#18 0x56298506d10b &lt;unknown&gt;
#19 0x562985064923 &lt;unknown&gt;
#20 0x562985065c99 &lt;unknown&gt;
#21 0x562985065003 &lt;unknown&gt;
#22 0x562985065353 &lt;unknown&gt;
#23 0x562985064981 &lt;unknown&gt;
#24 0x56298506c13a &lt;unknown&gt;
#25 0x562985064923 &lt;unknown&gt;
#26 0x562985065c99 &lt;unknown&gt;
#27 0x562985065003 &lt;unknown&gt;
#28 0x562985065353 &lt;unknown&gt;
#29 0x562985064981 &lt;unknown&gt;
#30 0x56298505f5aa &lt;unknown&gt;
#31 0x562985064923 &lt;unknown&gt;
#32 0x56298506483b &lt;unknown&gt;
#33 0x5629850642c0 &lt;unknown&gt;
#34 0x56298507bc32 &lt;unknown&gt;
#35 0x5629850d5354 &lt;unknown&gt;
#36 0x5629850ce073 &lt;unknown&gt;
#37 0x5629850a3bca &lt;unknown&gt;
#38 0x5629850a4c95 &lt;unknown&gt;
#39 0x5629855df73d &lt;unknown&gt;
#40 0x5629855f5a40 &lt;unknown&gt;
#41 0x5629855e1435 &lt;unknown&gt;
#42 0x5629855f6465 &lt;unknown&gt;
#43 0x5629855d4e6f &lt;unknown&gt;
#44 0x5629856112d8 &lt;unknown&gt;
#45 0x562985611458 &lt;unknown&gt;
#46 0x56298562c1fd &lt;unknown&gt;
#47 0x7fed7a1ea6ba &lt;unknown&gt;

	at org.openqa.selenium.remote.W3CHandshakeResponse.lambda$errorHandler$0(W3CHandshakeResponse.java:62)
	at org.openqa.selenium.remote.HandshakeResponse.lambda$getResponseFunction$0(HandshakeResponse.java:30)
	at org.openqa.selenium.remote.ProtocolHandshake.lambda$createSession$0(ProtocolHandshake.java:126)
	at org.openqa.selenium.remote.ProtocolHandshake.createSession(ProtocolHandshake.java:128)
	at org.openqa.selenium.remote.ProtocolHandshake.createSession(ProtocolHandshake.java:74)
	at org.openqa.selenium.remote.HttpCommandExecutor.execute(HttpCommandExecutor.java:136)
	at org.openqa.selenium.remote.service.DriverCommandExecutor.execute(DriverCommandExecutor.java:83)
	at org.openqa.selenium.remote.RemoteWebDriver.execute(RemoteWebDriver.java:552)
	at com.kms.katalon.selenium.driver.CChromeDriver.execute(CChromeDriver.java:19)
	at org.openqa.selenium.remote.RemoteWebDriver.startSession(RemoteWebDriver.java:213)
	at org.openqa.selenium.remote.RemoteWebDriver.&lt;init&gt;(RemoteWebDriver.java:131)
	at org.openqa.selenium.chrome.ChromeDriver.&lt;init&gt;(ChromeDriver.java:181)
	at org.openqa.selenium.chrome.ChromeDriver.&lt;init&gt;(ChromeDriver.java:147)
	at com.kms.katalon.selenium.driver.CChromeDriver.&lt;init&gt;(CChromeDriver.java:13)
	at com.kms.katalon.core.webui.driver.DriverFactory.createNewChromeDriver(DriverFactory.java:433)
	at com.kms.katalon.core.webui.driver.DriverFactory.startNewBrowser(DriverFactory.java:366)
	at com.kms.katalon.core.webui.driver.DriverFactory.openWebDriver(DriverFactory.java:253)
	at com.kms.katalon.core.webui.keyword.builtin.OpenBrowserKeyword$_openBrowser_closure1.doCall(OpenBrowserKeyword.groovy:74)
	at com.kms.katalon.core.webui.keyword.builtin.OpenBrowserKeyword$_openBrowser_closure1.call(OpenBrowserKeyword.groovy)
	at com.kms.katalon.core.webui.keyword.internal.WebUIKeywordMain.runKeyword(WebUIKeywordMain.groovy:20)
	at com.kms.katalon.core.webui.keyword.builtin.OpenBrowserKeyword.openBrowser(OpenBrowserKeyword.groovy:81)
	at com.kms.katalon.core.webui.keyword.builtin.OpenBrowserKeyword.execute(OpenBrowserKeyword.groovy:67)
	at com.kms.katalon.core.keyword.internal.KeywordExecutor.executeKeywordForPlatform(KeywordExecutor.groovy:74)
	at com.kms.katalon.core.webui.keyword.WebUiBuiltInKeywords.openBrowser(WebUiBuiltInKeywords.groovy:64)
	at com.kms.katalon.core.webui.keyword.WebUiBuiltInKeywords$openBrowser.call(Unknown Source)
	at SuperAdmin-Login.run(SuperAdmin-Login:20)
	at com.kms.katalon.core.main.ScriptEngine.run(ScriptEngine.java:194)
	at com.kms.katalon.core.main.ScriptEngine.runScriptAsRawText(ScriptEngine.java:119)
	at com.kms.katalon.core.main.TestCaseExecutor.runScript(TestCaseExecutor.java:442)
	at com.kms.katalon.core.main.TestCaseExecutor.doExecute(TestCaseExecutor.java:433)
	at com.kms.katalon.core.main.TestCaseExecutor.processExecutionPhase(TestCaseExecutor.java:412)
	at com.kms.katalon.core.main.TestCaseExecutor.accessMainPhase(TestCaseExecutor.java:404)
	at com.kms.katalon.core.main.TestCaseExecutor.execute(TestCaseExecutor.java:281)
	at com.kms.katalon.core.main.TestCaseMain.runTestCase(TestCaseMain.java:142)
	at com.kms.katalon.core.keyword.builtin.CallTestCaseKeyword$_callTestCase_closure1.doCall(CallTestCaseKeyword.groovy:59)
	at com.kms.katalon.core.keyword.builtin.CallTestCaseKeyword$_callTestCase_closure1.call(CallTestCaseKeyword.groovy)
	at com.kms.katalon.core.keyword.internal.KeywordMain.runKeyword(KeywordMain.groovy:74)
	at com.kms.katalon.core.keyword.builtin.CallTestCaseKeyword.callTestCase(CallTestCaseKeyword.groovy:81)
	at com.kms.katalon.core.keyword.builtin.CallTestCaseKeyword.execute(CallTestCaseKeyword.groovy:44)
	at com.kms.katalon.core.keyword.internal.KeywordExecutor.executeKeywordForPlatform(KeywordExecutor.groovy:74)
	at com.kms.katalon.core.keyword.BuiltinKeywords.callTestCase(BuiltinKeywords.groovy:334)
	at ActivityOverview-CancelBooking-GetOrderIDAndRefund.run(ActivityOverview-CancelBooking-GetOrderIDAndRefund:26)
	at com.kms.katalon.core.main.ScriptEngine.run(ScriptEngine.java:194)
	at com.kms.katalon.core.main.ScriptEngine.runScriptAsRawText(ScriptEngine.java:119)
	at com.kms.katalon.core.main.TestCaseExecutor.runScript(TestCaseExecutor.java:442)
	at com.kms.katalon.core.main.TestCaseExecutor.doExecute(TestCaseExecutor.java:433)
	at com.kms.katalon.core.main.TestCaseExecutor.processExecutionPhase(TestCaseExecutor.java:412)
	at com.kms.katalon.core.main.TestCaseExecutor.accessMainPhase(TestCaseExecutor.java:404)
	at com.kms.katalon.core.main.TestCaseExecutor.execute(TestCaseExecutor.java:281)
	at com.kms.katalon.core.main.TestSuiteExecutor.accessTestCaseMainPhase(TestSuiteExecutor.java:202)
	at com.kms.katalon.core.main.TestSuiteExecutor.accessTestSuiteMainPhase(TestSuiteExecutor.java:164)
	at com.kms.katalon.core.main.TestSuiteExecutor.execute(TestSuiteExecutor.java:105)
	at com.kms.katalon.core.main.TestCaseMain.startTestSuite(TestCaseMain.java:185)
	at com.kms.katalon.core.main.TestCaseMain$startTestSuite$0.call(Unknown Source)
	at TempTestSuite1645876247106.run(TempTestSuite1645876247106.groovy:36)
</property>
  <property name="failed.exception.class">org.openqa.selenium.SessionNotCreatedException</property>
  <property name="failed.exception.message">session not created
from disconnected: Unable to receive message from renderer
  (Session info: chrome=97.0.4692.99)
Build info: version: &apos;3.141.59&apos;, revision: &apos;e82be7d358&apos;, time: &apos;2018-11-14T08:25:53&apos;
System info: host: &apos;bab3ec907815&apos;, ip: &apos;172.17.0.2&apos;, os.name: &apos;Linux&apos;, os.arch: &apos;amd64&apos;, os.version: &apos;5.4.0-99-generic&apos;, java.version: &apos;1.8.0_292&apos;
Driver info: driver.version: CChromeDriver
remote stacktrace: #0 0x5629855aff23 &lt;unknown&gt;
#1 0x56298507a838 &lt;unknown&gt;
#2 0x5629850662c1 &lt;unknown&gt;
#3 0x562985065003 &lt;unknown&gt;
#4 0x562985065353 &lt;unknown&gt;
#5 0x562985064981 &lt;unknown&gt;
#6 0x562985073f10 &lt;unknown&gt;
#7 0x562985064923 &lt;unknown&gt;
#8 0x562985065c99 &lt;unknown&gt;
#9 0x562985065003 &lt;unknown&gt;
#10 0x562985065353 &lt;unknown&gt;
#11 0x562985064981 &lt;unknown&gt;
#12 0x5629850717cd &lt;unknown&gt;
#13 0x562985064923 &lt;unknown&gt;
#14 0x562985065c99 &lt;unknown&gt;
#15 0x562985065003 &lt;unknown&gt;
#16 0x562985065353 &lt;unknown&gt;
#17 0x562985064981 &lt;unknown&gt;
#18 0x56298506d10b &lt;unknown&gt;
#19 0x562985064923 &lt;unknown&gt;
#20 0x562985065c99 &lt;unknown&gt;
#21 0x562985065003 &lt;unknown&gt;
#22 0x562985065353 &lt;unknown&gt;
#23 0x562985064981 &lt;unknown&gt;
#24 0x56298506c13a &lt;unknown&gt;
#25 0x562985064923 &lt;unknown&gt;
#26 0x562985065c99 &lt;unknown&gt;
#27 0x562985065003 &lt;unknown&gt;
#28 0x562985065353 &lt;unknown&gt;
#29 0x562985064981 &lt;unknown&gt;
#30 0x56298505f5aa &lt;unknown&gt;
#31 0x562985064923 &lt;unknown&gt;
#32 0x56298506483b &lt;unknown&gt;
#33 0x5629850642c0 &lt;unknown&gt;
#34 0x56298507bc32 &lt;unknown&gt;
#35 0x5629850d5354 &lt;unknown&gt;
#36 0x5629850ce073 &lt;unknown&gt;
#37 0x5629850a3bca &lt;unknown&gt;
#38 0x5629850a4c95 &lt;unknown&gt;
#39 0x5629855df73d &lt;unknown&gt;
#40 0x5629855f5a40 &lt;unknown&gt;
#41 0x5629855e1435 &lt;unknown&gt;
#42 0x5629855f6465 &lt;unknown&gt;
#43 0x5629855d4e6f &lt;unknown&gt;
#44 0x5629856112d8 &lt;unknown&gt;
#45 0x562985611458 &lt;unknown&gt;
#46 0x56298562c1fd &lt;unknown&gt;
#47 0x7fed7a1ea6ba &lt;unknown&gt;
</property>
</record>
<record>
  <date>2022-02-26T11:52:13</date>
  <millis>1645876333101</millis>
  <sequence>47</sequence>
  <level>END</level>
  <class>com.kms.katalon.core.logging.XmlKeywordLogger</class>
  <method>endTest</method>
  <thread>1</thread>
  <message>End Test Case : Test Cases/NewActivityOverview-LeftNavigation/ActivityOverview-CancelBooking-GetOrderIDAndRefund</message>
  <nestedLevel>0</nestedLevel>
  <escapedJava>false</escapedJava>
  <property name="executionBindingVariables">[
  {
    &quot;displayReportName&quot;: &quot;(Default) searchtext1&quot;,
    &quot;value&quot;: &quot;test&quot;,
    &quot;name&quot;: &quot;(Default) searchtext1&quot;,
    &quot;masked&quot;: false
  },
  {
    &quot;displayReportName&quot;: &quot;(Default) searchtext2&quot;,
    &quot;value&quot;: &quot;rattan&quot;,
    &quot;name&quot;: &quot;(Default) searchtext2&quot;,
    &quot;masked&quot;: false
  },
  {
    &quot;displayReportName&quot;: &quot;(Default) searchtext3&quot;,
    &quot;value&quot;: &quot;453354r&quot;,
    &quot;name&quot;: &quot;(Default) searchtext3&quot;,
    &quot;masked&quot;: false
  },
  {
    &quot;displayReportName&quot;: &quot;(Default) paginationvalue&quot;,
    &quot;value&quot;: &quot;&quot;,
    &quot;name&quot;: &quot;(Default) paginationvalue&quot;,
    &quot;masked&quot;: false
  }
]</property>
  <property name="remainingRetryCount">0</property>
  <property name="currentRetryCount">0</property>
  <property name="keywordsUsage">{
  &quot;web_ui&quot;: true,
  &quot;web_service&quot;: false,
  &quot;cucumber&quot;: false,
  &quot;builtin&quot;: true,
  &quot;mobile&quot;: false,
  &quot;windows&quot;: false,
  &quot;testng&quot;: false
}</property>
</record>
<record>
  <date>2022-02-26T11:52:13</date>
  <millis>1645876333103</millis>
  <sequence>48</sequence>
  <level>START</level>
  <class>com.kms.katalon.core.logging.XmlKeywordLogger</class>
  <method>startKeyword</method>
  <thread>1</thread>
  <message>Start listener action : exportKatalonReports</message>
  <nestedLevel>0</nestedLevel>
  <escapedJava>false</escapedJava>
</record>
<record>
  <date>2022-02-26T11:52:13</date>
  <millis>1645876333262</millis>
  <sequence>98</sequence>
  <level>INFO</level>
  <class>com.kms.katalon.core.logging.XmlKeywordLogger</class>
  <method>logMessage</method>
  <thread>1</thread>
  <message>Start generating HTML report folder at: /tmp/katalon_execute/project/Reports/20220226_115038/CancelAndRefundMultipleBookings/20220226_115047...</message>
  <nestedLevel>0</nestedLevel>
  <escapedJava>false</escapedJava>
</record>
<record>
  <date>2022-02-26T11:52:13</date>
  <millis>1645876333323</millis>
  <sequence>99</sequence>
  <level>INFO</level>
  <class>com.kms.katalon.core.logging.XmlKeywordLogger</class>
  <method>logMessage</method>
  <thread>1</thread>
  <message>HTML report generated</message>
  <nestedLevel>0</nestedLevel>
  <escapedJava>false</escapedJava>
</record>
<record>
  <date>2022-02-26T11:52:13</date>
  <millis>1645876333324</millis>
  <sequence>100</sequence>
  <level>INFO</level>
  <class>com.kms.katalon.core.logging.XmlKeywordLogger</class>
  <method>logMessage</method>
  <thread>1</thread>
  <message>Start generating PDF report folder at: /tmp/katalon_execute/project/Reports/20220226_115038/CancelAndRefundMultipleBookings/20220226_115047...</message>
  <nestedLevel>0</nestedLevel>
  <escapedJava>false</escapedJava>
</record>
<record>
  <date>2022-02-26T11:52:15</date>
  <millis>1645876335994</millis>
  <sequence>101</sequence>
  <level>INFO</level>
  <class>com.kms.katalon.core.logging.XmlKeywordLogger</class>
  <method>logMessage</method>
  <thread>1</thread>
  <message>PDF report generated</message>
  <nestedLevel>0</nestedLevel>
  <escapedJava>false</escapedJava>
</record>
<record>
  <date>2022-02-26T11:52:16</date>
  <millis>1645876336002</millis>
  <sequence>103</sequence>
  <level>END</level>
  <class>com.kms.katalon.core.logging.XmlKeywordLogger</class>
  <method>endKeyword</method>
  <thread>1</thread>
  <message>End listener action : exportKatalonReports</message>
  <nestedLevel>0</nestedLevel>
  <escapedJava>false</escapedJava>
</record>
<record>
  <date>2022-02-26T11:52:16</date>
  <millis>1645876336033</millis>
  <sequence>104</sequence>
  <level>END</level>
  <class>com.kms.katalon.core.logging.XmlKeywordLogger</class>
  <method>endSuite</method>
  <thread>1</thread>
  <message>End Test Suite : Test Suites/CancelAndRefundMultipleBookings</message>
  <nestedLevel>0</nestedLevel>
  <escapedJava>false</escapedJava>
</record>
</log>
