<?xml version="1.0" encoding="UTF-8"?>
<testsuites name="EmailDownloadPreview" time="315.119" tests="2" failures="2" errors="0">
   <testsuite name="EmailDownloadPreview" tests="2" failures="2" errors="0" time="315.119" skipped="0" timestamp="2022-02-14 15:16:47" hostname="intersoft-admin - intersoftadmin-desktop" id="Test Suites/EmailDownloadPreview">
      <properties>
         <property name="deviceName" value=""/>
         <property name="devicePlatform" value=""/>
         <property name="logFolder" value="/home/intersoft-admin/Rattan/Bash/Training/Rattan/Final_testing/New_ActivityOverview/Reports/20220214_115757/EmailDownloadPreview/20220214_115822"/>
         <property name="logFiles" value="/home/intersoft-admin/Rattan/Bash/Training/Rattan/Final_testing/New_ActivityOverview/Reports/20220214_115757/EmailDownloadPreview/20220214_115822/execution0.log"/>
         <property name="attachments" value="/home/intersoft-admin/Rattan/Bash/Training/Rattan/Final_testing/New_ActivityOverview/Reports/20220214_115757/EmailDownloadPreview/20220214_115822/1644832036712.png, /home/intersoft-admin/Rattan/Bash/Training/Rattan/Final_testing/New_ActivityOverview/Reports/20220214_115757/EmailDownloadPreview/20220214_115822/1644832050465.png, /home/intersoft-admin/Rattan/Bash/Training/Rattan/Final_testing/New_ActivityOverview/Reports/20220214_115757/EmailDownloadPreview/20220214_115822/1644832060907.png, /home/intersoft-admin/Rattan/Bash/Training/Rattan/Final_testing/New_ActivityOverview/Reports/20220214_115757/EmailDownloadPreview/20220214_115822/1644832092539.png, /home/intersoft-admin/Rattan/Bash/Training/Rattan/Final_testing/New_ActivityOverview/Reports/20220214_115757/EmailDownloadPreview/20220214_115822/1644832116001.png, /home/intersoft-admin/Rattan/Bash/Training/Rattan/Final_testing/New_ActivityOverview/Reports/20220214_115757/EmailDownloadPreview/20220214_115822/1644832116341.png, /home/intersoft-admin/Rattan/Bash/Training/Rattan/Final_testing/New_ActivityOverview/Reports/20220214_115757/EmailDownloadPreview/20220214_115822/1644832139749.png, /home/intersoft-admin/Rattan/Bash/Training/Rattan/Final_testing/New_ActivityOverview/Reports/20220214_115757/EmailDownloadPreview/20220214_115822/1644832153264.png, /home/intersoft-admin/Rattan/Bash/Training/Rattan/Final_testing/New_ActivityOverview/Reports/20220214_115757/EmailDownloadPreview/20220214_115822/1644832166547.png, /home/intersoft-admin/Rattan/Bash/Training/Rattan/Final_testing/New_ActivityOverview/Reports/20220214_115757/EmailDownloadPreview/20220214_115822/1644832179839.png, /home/intersoft-admin/Rattan/Bash/Training/Rattan/Final_testing/New_ActivityOverview/Reports/20220214_115757/EmailDownloadPreview/20220214_115822/1644832193133.png, /home/intersoft-admin/Rattan/Bash/Training/Rattan/Final_testing/New_ActivityOverview/Reports/20220214_115757/EmailDownloadPreview/20220214_115822/1644832206424.png, /home/intersoft-admin/Rattan/Bash/Training/Rattan/Final_testing/New_ActivityOverview/Reports/20220214_115757/EmailDownloadPreview/20220214_115822/1644832211722.png, /home/intersoft-admin/Rattan/Bash/Training/Rattan/Final_testing/New_ActivityOverview/Reports/20220214_115757/EmailDownloadPreview/20220214_115822/1644832220037.png, /home/intersoft-admin/Rattan/Bash/Training/Rattan/Final_testing/New_ActivityOverview/Reports/20220214_115757/EmailDownloadPreview/20220214_115822/1644832246426.png, /home/intersoft-admin/Rattan/Bash/Training/Rattan/Final_testing/New_ActivityOverview/Reports/20220214_115757/EmailDownloadPreview/20220214_115822/1644832251714.png, /home/intersoft-admin/Rattan/Bash/Training/Rattan/Final_testing/New_ActivityOverview/Reports/20220214_115757/EmailDownloadPreview/20220214_115822/1644832260025.png, /home/intersoft-admin/Rattan/Bash/Training/Rattan/Final_testing/New_ActivityOverview/Reports/20220214_115757/EmailDownloadPreview/20220214_115822/1644832278494.png, /home/intersoft-admin/Rattan/Bash/Training/Rattan/Final_testing/New_ActivityOverview/Reports/20220214_115757/EmailDownloadPreview/20220214_115822/1644832283795.png, /home/intersoft-admin/Rattan/Bash/Training/Rattan/Final_testing/New_ActivityOverview/Reports/20220214_115757/EmailDownloadPreview/20220214_115822/1644832317034.png, /home/intersoft-admin/Rattan/Bash/Training/Rattan/Final_testing/New_ActivityOverview/Reports/20220214_115757/EmailDownloadPreview/20220214_115822/1644832322408.png"/>
         <property name="hostName" value="intersoft-admin - intersoftadmin-desktop"/>
         <property name="os" value="Linux 64bit"/>
         <property name="katalonVersion" value="8.2.5.208"/>
         <property name="browser" value="Chrome 97.0.4692.99"/>
         <property name="hostAddress" value="127.0.1.1"/>
         <property name="sessionId" value="5cb82647246fe980b29d6eddbae06d33"/>
         <property name="seleniumVersion" value="3.141.59"/>
         <property name="proxyInformation" value="ProxyInformation { proxyOption=NO_PROXY, proxyServerType=HTTP, username=, password=********, proxyServerAddress=, proxyServerPort=0, executionList=&quot;&quot;, isApplyToDesiredCapabilities=true }"/>
         <property name="platform" value="Linux"/>
      </properties>
      <testcase name="Test Cases/NewActivityOverview-LeftNavigation/ActivityOverview-EmailDownloadPreview" time="309.315" classname="Test Cases/NewActivityOverview-LeftNavigation/ActivityOverview-EmailDownloadPreview" status="FAILED">
         <failure type="FAILED" message="Test Cases/NewActivityOverview-LeftNavigation/ActivityOverview-EmailDownloadPreview FAILED.
Reason:
com.kms.katalon.core.exception.StepFailedException: Unable to click on object 'Object Repository/Header/Download/ClickOnDownloadIcon'
	at com.kms.katalon.core.webui.keyword.internal.WebUIKeywordMain.stepFailed(WebUIKeywordMain.groovy:64)
	at com.kms.katalon.core.webui.keyword.internal.WebUIKeywordMain.runKeyword(WebUIKeywordMain.groovy:26)
	at com.kms.katalon.core.webui.keyword.builtin.ClickKeyword.click(ClickKeyword.groovy:74)
	at com.kms.katalon.core.webui.keyword.builtin.ClickKeyword.execute(ClickKeyword.groovy:40)
	at com.kms.katalon.core.keyword.internal.KeywordExecutor.executeKeywordForPlatform(KeywordExecutor.groovy:74)
	at com.kms.katalon.core.webui.keyword.WebUiBuiltInKeywords.click(WebUiBuiltInKeywords.groovy:620)
	at com.kms.katalon.core.webui.keyword.WebUiBuiltInKeywords$click$2.call(Unknown Source)
	at ActivityOverview-EmailDownloadPreview.run(ActivityOverview-EmailDownloadPreview:217)
	at com.kms.katalon.core.main.ScriptEngine.run(ScriptEngine.java:194)
	at com.kms.katalon.core.main.ScriptEngine.runScriptAsRawText(ScriptEngine.java:119)
	at com.kms.katalon.core.main.TestCaseExecutor.runScript(TestCaseExecutor.java:442)
	at com.kms.katalon.core.main.TestCaseExecutor.doExecute(TestCaseExecutor.java:433)
	at com.kms.katalon.core.main.TestCaseExecutor.processExecutionPhase(TestCaseExecutor.java:412)
	at com.kms.katalon.core.main.TestCaseExecutor.accessMainPhase(TestCaseExecutor.java:404)
	at com.kms.katalon.core.main.TestCaseExecutor.execute(TestCaseExecutor.java:281)
	at com.kms.katalon.core.main.TestSuiteExecutor.accessTestCaseMainPhase(TestSuiteExecutor.java:202)
	at com.kms.katalon.core.main.TestSuiteExecutor.accessTestSuiteMainPhase(TestSuiteExecutor.java:164)
	at com.kms.katalon.core.main.TestSuiteExecutor.execute(TestSuiteExecutor.java:105)
	at com.kms.katalon.core.main.TestCaseMain.startTestSuite(TestCaseMain.java:185)
	at com.kms.katalon.core.main.TestCaseMain$startTestSuite$0.call(Unknown Source)
	at TempTestSuite1644820102951.run(TempTestSuite1644820102951.groovy:36)
Caused by: com.kms.katalon.core.webui.exception.WebElementNotFoundException: Web element with id: 'Object Repository/Header/Download/ClickOnDownloadIcon' located by '//span[contains(text(),'Download')]//parent::a' not found
	at com.kms.katalon.core.webui.common.WebUiCommonHelper.findWebElement(WebUiCommonHelper.java:1370)
	at com.kms.katalon.core.webui.keyword.internal.WebUIAbstractKeyword.findWebElement(WebUIAbstractKeyword.groovy:27)
	at com.kms.katalon.core.webui.keyword.builtin.ClickKeyword$_click_closure1.doCall(ClickKeyword.groovy:65)
	at com.kms.katalon.core.webui.keyword.builtin.ClickKeyword$_click_closure1.call(ClickKeyword.groovy)
	at com.kms.katalon.core.webui.keyword.internal.WebUIKeywordMain.runKeyword(WebUIKeywordMain.groovy:20)
	... 19 more
"/>
         <system-out><![CDATA[2022-02-14 15:16:47 - [TEST_CASE][FAILED] - Test Cases/NewActivityOverview-LeftNavigation/ActivityOverview-EmailDownloadPreview: Test Cases/NewActivityOverview-LeftNavigation/ActivityOverview-EmailDownloadPreview FAILED.
Reason:
com.kms.katalon.core.exception.StepFailedException: Unable to click on object 'Object Repository/Header/Download/ClickOnDownloadIcon'
	at com.kms.katalon.core.webui.keyword.internal.WebUIKeywordMain.stepFailed(WebUIKeywordMain.groovy:64)
	at com.kms.katalon.core.webui.keyword.internal.WebUIKeywordMain.runKeyword(WebUIKeywordMain.groovy:26)
	at com.kms.katalon.core.webui.keyword.builtin.ClickKeyword.click(ClickKeyword.groovy:74)
	at com.kms.katalon.core.webui.keyword.builtin.ClickKeyword.execute(ClickKeyword.groovy:40)
	at com.kms.katalon.core.keyword.internal.KeywordExecutor.executeKeywordForPlatform(KeywordExecutor.groovy:74)
	at com.kms.katalon.core.webui.keyword.WebUiBuiltInKeywords.click(WebUiBuiltInKeywords.groovy:620)
	at com.kms.katalon.core.webui.keyword.WebUiBuiltInKeywords$click$2.call(Unknown Source)
	at ActivityOverview-EmailDownloadPreview.run(ActivityOverview-EmailDownloadPreview:217)
	at com.kms.katalon.core.main.ScriptEngine.run(ScriptEngine.java:194)
	at com.kms.katalon.core.main.ScriptEngine.runScriptAsRawText(ScriptEngine.java:119)
	at com.kms.katalon.core.main.TestCaseExecutor.runScript(TestCaseExecutor.java:442)
	at com.kms.katalon.core.main.TestCaseExecutor.doExecute(TestCaseExecutor.java:433)
	at com.kms.katalon.core.main.TestCaseExecutor.processExecutionPhase(TestCaseExecutor.java:412)
	at com.kms.katalon.core.main.TestCaseExecutor.accessMainPhase(TestCaseExecutor.java:404)
	at com.kms.katalon.core.main.TestCaseExecutor.execute(TestCaseExecutor.java:281)
	at com.kms.katalon.core.main.TestSuiteExecutor.accessTestCaseMainPhase(TestSuiteExecutor.java:202)
	at com.kms.katalon.core.main.TestSuiteExecutor.accessTestSuiteMainPhase(TestSuiteExecutor.java:164)
	at com.kms.katalon.core.main.TestSuiteExecutor.execute(TestSuiteExecutor.java:105)
	at com.kms.katalon.core.main.TestCaseMain.startTestSuite(TestCaseMain.java:185)
	at com.kms.katalon.core.main.TestCaseMain$startTestSuite$0.call(Unknown Source)
	at TempTestSuite1644820102951.run(TempTestSuite1644820102951.groovy:36)
Caused by: com.kms.katalon.core.webui.exception.WebElementNotFoundException: Web element with id: 'Object Repository/Header/Download/ClickOnDownloadIcon' located by '//span[contains(text(),'Download')]//parent::a' not found
	at com.kms.katalon.core.webui.common.WebUiCommonHelper.findWebElement(WebUiCommonHelper.java:1370)
	at com.kms.katalon.core.webui.keyword.internal.WebUIAbstractKeyword.findWebElement(WebUIAbstractKeyword.groovy:27)
	at com.kms.katalon.core.webui.keyword.builtin.ClickKeyword$_click_closure1.doCall(ClickKeyword.groovy:65)
	at com.kms.katalon.core.webui.keyword.builtin.ClickKeyword$_click_closure1.call(ClickKeyword.groovy)
	at com.kms.katalon.core.webui.keyword.internal.WebUIKeywordMain.runKeyword(WebUIKeywordMain.groovy:20)
	... 19 more


2022-02-14 15:16:48 - [TEST_STEP][PASSED] - callTestCase(findTestCase("LoginWithSuperAdmin/SuperAdmin-Login"), [:], STOP_ON_FAILURE): Call Test Case 'Test Cases/LoginWithSuperAdmin/SuperAdmin-Login' successfully

2022-02-14 15:16:48 - [TEST_CASE][PASSED] - Test Cases/LoginWithSuperAdmin/SuperAdmin-Login: Test Cases/LoginWithSuperAdmin/SuperAdmin-Login

2022-02-14 15:16:49 - [TEST_STEP][PASSED] - openBrowser(""): Browser is opened with url: ''

2022-02-14 15:16:49 - [MESSAGE][INFO] - Starting 'Chrome' driver

2022-02-14 15:16:49 - [MESSAGE][INFO] - Action delay is set to 3,000 milliseconds

2022-02-14 15:16:51 - [MESSAGE][PASSED] - Browser is opened with url: ''

2022-02-14 15:16:51 - [TEST_STEP][PASSED] - setViewPortSize(1920, 1080): Viewport is set to new size with width = 1920 and height = 1080

2022-02-14 15:16:51 - [MESSAGE][PASSED] - Viewport is set to new size with width = 1920 and height = 1080

2022-02-14 15:16:51 - [TEST_STEP][PASSED] - navigateToUrl(URL): Navigate to 'https://marketplacev1.test-prio.com' successfully

2022-02-14 15:16:56 - [MESSAGE][PASSED] - Navigate to 'https://marketplacev1.test-prio.com' successfully

2022-02-14 15:16:56 - [TEST_STEP][PASSED] - delay(3): Delayed 3 second(s)

2022-02-14 15:16:59 - [MESSAGE][PASSED] - Delayed 3 second(s)

2022-02-14 15:16:59 - [TEST_STEP][PASSED] - click(findTestObject("SuperAdmin/Login/input_Email_contact_email")): Object: 'Object Repository/SuperAdmin/Login/input_Email_contact_email' is clicked on

2022-02-14 15:17:03 - [MESSAGE][PASSED] - Object: 'Object Repository/SuperAdmin/Login/input_Email_contact_email' is clicked on

2022-02-14 15:17:03 - [TEST_STEP][PASSED] - setText(findTestObject("SuperAdmin/Login/input_Email_contact_email"), uname): Text 'superadmin@tippoint.com' is set on object 'Object Repository/SuperAdmin/Login/input_Email_contact_email'

2022-02-14 15:17:10 - [MESSAGE][PASSED] - Text 'superadmin@tippoint.com' is set on object 'Object Repository/SuperAdmin/Login/input_Email_contact_email'

2022-02-14 15:17:10 - [TEST_STEP][PASSED] - setEncryptedText(findTestObject("SuperAdmin/Login/input_Password_password"), Password): Text ****** has been set on object 'Object Repository/SuperAdmin/Login/input_Password_password'

2022-02-14 15:17:16 - [MESSAGE][PASSED] - Text ****** has been set on object 'Object Repository/SuperAdmin/Login/input_Password_password'

2022-02-14 15:17:16 - [TEST_STEP][PASSED] - takeScreenshot(): Taking screenshot successfully

2022-02-14 15:17:16 - [MESSAGE][PASSED] - Taking screenshot successfully
[[ATTACHMENT|/home/intersoft-admin/Rattan/Bash/Training/Rattan/Final_testing/New_ActivityOverview/Reports/20220214_115757/EmailDownloadPreview/20220214_115822/1644832036712.png]]

2022-02-14 15:17:16 - [TEST_STEP][PASSED] - newpackage.clickUsingJS.clickUsingJS(findTestObject("SuperAdmin/Login/button_Sign in"), 5): newpackage.clickUsingJS.clickUsingJS is PASSED

2022-02-14 15:17:17 - [MESSAGE][PASSED] - newpackage.clickUsingJS.clickUsingJS is PASSED

2022-02-14 15:17:17 - [MESSAGE][PASSED] - Call Test Case 'Test Cases/LoginWithSuperAdmin/SuperAdmin-Login' successfully

2022-02-14 15:17:17 - [TEST_STEP][PASSED] - switchToDefaultContent(): null

2022-02-14 15:17:17 - [TEST_STEP][PASSED] - click(findTestObject("SuperAdminLeftNavigation/NewActivityOverview-LeftNavigation")): Object: 'Object Repository/SuperAdminLeftNavigation/NewActivityOverview-LeftNavigation' is clicked on

2022-02-14 15:17:29 - [MESSAGE][PASSED] - Object: 'Object Repository/SuperAdminLeftNavigation/NewActivityOverview-LeftNavigation' is clicked on

2022-02-14 15:17:29 - [TEST_STEP][PASSED] - takeScreenshot(): Taking screenshot successfully

2022-02-14 15:17:30 - [MESSAGE][PASSED] - Taking screenshot successfully
[[ATTACHMENT|/home/intersoft-admin/Rattan/Bash/Training/Rattan/Final_testing/New_ActivityOverview/Reports/20220214_115757/EmailDownloadPreview/20220214_115822/1644832050465.png]]

2022-02-14 15:17:30 - [TEST_STEP][PASSED] - switchToFrame(findTestObject("Object Repository/Iframe/NewActivityOverviewIframe"), 5): null

2022-02-14 15:17:30 - [TEST_STEP][PASSED] - delay(10): Delayed 10 second(s)

2022-02-14 15:17:40 - [MESSAGE][PASSED] - Delayed 10 second(s)

2022-02-14 15:17:40 - [TEST_STEP][PASSED] - takeScreenshot(): Taking screenshot successfully

2022-02-14 15:17:41 - [MESSAGE][PASSED] - Taking screenshot successfully
[[ATTACHMENT|/home/intersoft-admin/Rattan/Bash/Training/Rattan/Final_testing/New_ActivityOverview/Reports/20220214_115757/EmailDownloadPreview/20220214_115822/1644832060907.png]]

2022-02-14 15:17:41 - [TEST_STEP][PASSED] - sizeoflisting = findWebElements(findTestObject("ListingArea/ListingContainsData"), 5).size(): null

2022-02-14 15:17:41 - [TEST_STEP][PASSED] - println(sizeoflisting): null

2022-02-14 15:17:41 - [TEST_STEP][PASSED] - logInfo(Size of Order Listing: $sizeoflisting): Size of Order Listing: 11

2022-02-14 15:17:41 - [MESSAGE][INFO] - Size of Order Listing: 11

2022-02-14 15:17:41 - [TEST_STEP][PASSED] - if (sizeoflisting > 2): null

2022-02-14 15:17:41 - [TEST_STEP][PASSED] - logInfo("Orders Exist in Listing"): Orders Exist in Listing

2022-02-14 15:17:41 - [MESSAGE][INFO] - Orders Exist in Listing

2022-02-14 15:17:41 - [TEST_STEP][PASSED] - logInfo("Orders Exist in Listing"): Orders Exist in Listing

2022-02-14 15:17:41 - [MESSAGE][INFO] - Orders Exist in Listing

2022-02-14 15:17:41 - [TEST_STEP][PASSED] - click(findTestObject("Object Repository/OrderPerPage/OrderPerPage_select")): Object: 'Object Repository/OrderPerPage/OrderPerPage_select' is clicked on

2022-02-14 15:17:44 - [MESSAGE][PASSED] - Object: 'Object Repository/OrderPerPage/OrderPerPage_select' is clicked on

2022-02-14 15:17:44 - [TEST_STEP][PASSED] - delay(5): Delayed 5 second(s)

2022-02-14 15:17:49 - [MESSAGE][PASSED] - Delayed 5 second(s)

2022-02-14 15:17:49 - [TEST_STEP][PASSED] - click(findTestObject("Object Repository/OrderPerPage/OrderPerPage-SelectOption")): Object: 'Object Repository/OrderPerPage/OrderPerPage-SelectOption' is clicked on

2022-02-14 15:17:52 - [MESSAGE][PASSED] - Object: 'Object Repository/OrderPerPage/OrderPerPage-SelectOption' is clicked on

2022-02-14 15:17:52 - [TEST_STEP][PASSED] - delay(20): Delayed 20 second(s)

2022-02-14 15:18:12 - [MESSAGE][PASSED] - Delayed 20 second(s)

2022-02-14 15:18:12 - [TEST_STEP][PASSED] - takeScreenshot(): Taking screenshot successfully

2022-02-14 15:18:12 - [MESSAGE][PASSED] - Taking screenshot successfully
[[ATTACHMENT|/home/intersoft-admin/Rattan/Bash/Training/Rattan/Final_testing/New_ActivityOverview/Reports/20220214_115757/EmailDownloadPreview/20220214_115822/1644832092539.png]]

2022-02-14 15:18:12 - [TEST_STEP][PASSED] - SizeofPagination = getText(findTestObject("Object Repository/PaginationCOunt/PaginationCount")): Text of object 'Object Repository/PaginationCOunt/PaginationCount' is: '100'

2022-02-14 15:18:12 - [MESSAGE][PASSED] - Text of object 'Object Repository/PaginationCOunt/PaginationCount' is: '100'

2022-02-14 15:18:12 - [TEST_STEP][PASSED] - println(SizeofPagination): null

2022-02-14 15:18:12 - [TEST_STEP][PASSED] - paginationmaxcount = Integer.parseInt(SizeofPagination): null

2022-02-14 15:18:12 - [TEST_STEP][PASSED] - paginationmaxcount = pagination: null

2022-02-14 15:18:12 - [TEST_STEP][PASSED] - logInfo(Size of Pagination: $paginationmaxcount): Size of Pagination: 5

2022-02-14 15:18:12 - [MESSAGE][INFO] - Size of Pagination: 5

2022-02-14 15:18:12 - [TEST_STEP][PASSED] - totalrecords = 0: null

2022-02-14 15:18:12 - [TEST_STEP][PASSED] - for ([l = 1, l <= paginationmaxcount, (l++)]): null

2022-02-14 15:18:12 - [TEST_STEP][PASSED] - if (l <= 5): null

2022-02-14 15:18:12 - [TEST_STEP][PASSED] - paginationvalue = l: null

2022-02-14 15:18:12 - [TEST_STEP][PASSED] - if (l > 5): null

2022-02-14 15:18:12 - [TEST_STEP][PASSED] - logInfo(Size of Pagination: $paginationvalue): Size of Pagination: 1

2022-02-14 15:18:12 - [MESSAGE][INFO] - Size of Pagination: 1

2022-02-14 15:18:12 - [TEST_STEP][PASSED] - click(findTestObject("Object Repository/PaginationCOunt/ClickOnPagination", ["pagination":paginationvalue])): Object: 'Object Repository/PaginationCOunt/ClickOnPagination' is clicked on

2022-02-14 15:18:15 - [MESSAGE][PASSED] - Object: 'Object Repository/PaginationCOunt/ClickOnPagination' is clicked on

2022-02-14 15:18:15 - [TEST_STEP][PASSED] - delay(20): Delayed 20 second(s)

2022-02-14 15:18:35 - [MESSAGE][PASSED] - Delayed 20 second(s)

2022-02-14 15:18:35 - [TEST_STEP][PASSED] - takeScreenshot(): Taking screenshot successfully

2022-02-14 15:18:36 - [MESSAGE][PASSED] - Taking screenshot successfully
[[ATTACHMENT|/home/intersoft-admin/Rattan/Bash/Training/Rattan/Final_testing/New_ActivityOverview/Reports/20220214_115757/EmailDownloadPreview/20220214_115822/1644832116001.png]]

2022-02-14 15:18:36 - [TEST_STEP][PASSED] - RecordsinListing = findWebElements(findTestObject("Object Repository/ListingArea/RecordsInListing"), 5).size(): null

2022-02-14 15:18:36 - [TEST_STEP][PASSED] - logInfo(Size of Active Bookings: $RecordsinListing): Size of Active Bookings: 100

2022-02-14 15:18:36 - [MESSAGE][INFO] - Size of Active Bookings: 100

2022-02-14 15:18:36 - [TEST_STEP][PASSED] - for ([refund = 1, refund < RecordsinListing, (refund++)]): null

2022-02-14 15:18:36 - [TEST_STEP][PASSED] - if (refund == 1): null

2022-02-14 15:18:36 - [TEST_STEP][PASSED] - refund = RecordsinListing: null

2022-02-14 15:18:36 - [TEST_STEP][PASSED] - refundvalue = refund: null

2022-02-14 15:18:36 - [TEST_STEP][PASSED] - logInfo(Size of refund booking: $refund): Size of refund booking: 100

2022-02-14 15:18:36 - [MESSAGE][INFO] - Size of refund booking: 100

2022-02-14 15:18:36 - [TEST_STEP][PASSED] - scrollToElement(findTestObject("Object Repository/ListingArea/ClickondetailPOp-up", ["position":refund]), 15): Scroll to object 'Object Repository/ListingArea/ClickondetailPOp-up' successfully

2022-02-14 15:18:36 - [MESSAGE][PASSED] - Scroll to object 'Object Repository/ListingArea/ClickondetailPOp-up' successfully

2022-02-14 15:18:36 - [TEST_STEP][PASSED] - takeScreenshot(): Taking screenshot successfully

2022-02-14 15:18:36 - [MESSAGE][PASSED] - Taking screenshot successfully
[[ATTACHMENT|/home/intersoft-admin/Rattan/Bash/Training/Rattan/Final_testing/New_ActivityOverview/Reports/20220214_115757/EmailDownloadPreview/20220214_115822/1644832116341.png]]

2022-02-14 15:18:36 - [TEST_STEP][PASSED] - orderId = findWebElement(findTestObject("Object Repository/GetOrderID/GetOrderID", ["position":refund])).getAttribute("data-order_id"): null

2022-02-14 15:18:36 - [TEST_STEP][PASSED] - orderId = orderId: null

2022-02-14 15:18:36 - [TEST_STEP][PASSED] - logInfo(Order ID: $orderId): Order ID: 164464182737652

2022-02-14 15:18:36 - [MESSAGE][INFO] - Order ID: 164464182737652

2022-02-14 15:18:36 - [TEST_STEP][PASSED] - click(findTestObject("Object Repository/GetOrderID/GetOrderID", ["position":refund])): Object: 'Object Repository/GetOrderID/GetOrderID' is clicked on

2022-02-14 15:18:39 - [MESSAGE][PASSED] - Object: 'Object Repository/GetOrderID/GetOrderID' is clicked on

2022-02-14 15:18:39 - [TEST_STEP][PASSED] - delay(20): Delayed 20 second(s)

2022-02-14 15:18:59 - [MESSAGE][PASSED] - Delayed 20 second(s)

2022-02-14 15:18:59 - [TEST_STEP][PASSED] - takeScreenshot(): Taking screenshot successfully

2022-02-14 15:18:59 - [MESSAGE][PASSED] - Taking screenshot successfully
[[ATTACHMENT|/home/intersoft-admin/Rattan/Bash/Training/Rattan/Final_testing/New_ActivityOverview/Reports/20220214_115757/EmailDownloadPreview/20220214_115822/1644832139749.png]]

2022-02-14 15:18:59 - [TEST_STEP][PASSED] - if (waitForElementClickable(findTestObject("Object Repository/Header/Preview/ClickOnPreviewIcon"), 15) == true): null

2022-02-14 15:19:00 - [MESSAGE][PASSED] - Object 'Object Repository/Header/Preview/ClickOnPreviewIcon' is clickable

2022-02-14 15:19:00 - [TEST_STEP][PASSED] - click(findTestObject("Object Repository/Header/Preview/ClickOnPreviewIcon")): Object: 'Object Repository/Header/Preview/ClickOnPreviewIcon' is clicked on

2022-02-14 15:19:03 - [MESSAGE][PASSED] - Object: 'Object Repository/Header/Preview/ClickOnPreviewIcon' is clicked on

2022-02-14 15:19:03 - [TEST_STEP][PASSED] - delay(10): Delayed 10 second(s)

2022-02-14 15:19:13 - [MESSAGE][PASSED] - Delayed 10 second(s)

2022-02-14 15:19:13 - [TEST_STEP][PASSED] - takeScreenshot(): Taking screenshot successfully

2022-02-14 15:19:13 - [MESSAGE][PASSED] - Taking screenshot successfully
[[ATTACHMENT|/home/intersoft-admin/Rattan/Bash/Training/Rattan/Final_testing/New_ActivityOverview/Reports/20220214_115757/EmailDownloadPreview/20220214_115822/1644832153264.png]]

2022-02-14 15:19:13 - [TEST_STEP][PASSED] - click(findTestObject("Object Repository/Header/Preview/PrintVoucher")): Object: 'Object Repository/Header/Preview/PrintVoucher' is clicked on

2022-02-14 15:19:16 - [MESSAGE][PASSED] - Object: 'Object Repository/Header/Preview/PrintVoucher' is clicked on

2022-02-14 15:19:16 - [TEST_STEP][PASSED] - delay(10): Delayed 10 second(s)

2022-02-14 15:19:26 - [MESSAGE][PASSED] - Delayed 10 second(s)

2022-02-14 15:19:26 - [TEST_STEP][PASSED] - takeScreenshot(): Taking screenshot successfully

2022-02-14 15:19:26 - [MESSAGE][PASSED] - Taking screenshot successfully
[[ATTACHMENT|/home/intersoft-admin/Rattan/Bash/Training/Rattan/Final_testing/New_ActivityOverview/Reports/20220214_115757/EmailDownloadPreview/20220214_115822/1644832166547.png]]

2022-02-14 15:19:26 - [TEST_STEP][PASSED] - click(findTestObject("Object Repository/Header/Preview/ClickOnPreviewIcon")): Object: 'Object Repository/Header/Preview/ClickOnPreviewIcon' is clicked on

2022-02-14 15:19:29 - [MESSAGE][PASSED] - Object: 'Object Repository/Header/Preview/ClickOnPreviewIcon' is clicked on

2022-02-14 15:19:29 - [TEST_STEP][PASSED] - delay(10): Delayed 10 second(s)

2022-02-14 15:19:39 - [MESSAGE][PASSED] - Delayed 10 second(s)

2022-02-14 15:19:39 - [TEST_STEP][PASSED] - takeScreenshot(): Taking screenshot successfully

2022-02-14 15:19:39 - [MESSAGE][PASSED] - Taking screenshot successfully
[[ATTACHMENT|/home/intersoft-admin/Rattan/Bash/Training/Rattan/Final_testing/New_ActivityOverview/Reports/20220214_115757/EmailDownloadPreview/20220214_115822/1644832179839.png]]

2022-02-14 15:19:39 - [TEST_STEP][PASSED] - click(findTestObject("Object Repository/Header/Preview/PrintReceipt")): Object: 'Object Repository/Header/Preview/PrintReceipt' is clicked on

2022-02-14 15:19:43 - [MESSAGE][PASSED] - Object: 'Object Repository/Header/Preview/PrintReceipt' is clicked on

2022-02-14 15:19:43 - [TEST_STEP][PASSED] - delay(10): Delayed 10 second(s)

2022-02-14 15:19:53 - [MESSAGE][PASSED] - Delayed 10 second(s)

2022-02-14 15:19:53 - [TEST_STEP][PASSED] - takeScreenshot(): Taking screenshot successfully

2022-02-14 15:19:53 - [MESSAGE][PASSED] - Taking screenshot successfully
[[ATTACHMENT|/home/intersoft-admin/Rattan/Bash/Training/Rattan/Final_testing/New_ActivityOverview/Reports/20220214_115757/EmailDownloadPreview/20220214_115822/1644832193133.png]]

2022-02-14 15:19:53 - [TEST_STEP][PASSED] - click(findTestObject("Object Repository/Header/Email/ClickOnSecndEmailButton")): Object: 'Object Repository/Header/Email/ClickOnSecndEmailButton' is clicked on

2022-02-14 15:19:56 - [MESSAGE][PASSED] - Object: 'Object Repository/Header/Email/ClickOnSecndEmailButton' is clicked on

2022-02-14 15:19:56 - [TEST_STEP][PASSED] - delay(10): Delayed 10 second(s)

2022-02-14 15:20:06 - [MESSAGE][PASSED] - Delayed 10 second(s)

2022-02-14 15:20:06 - [TEST_STEP][PASSED] - takeScreenshot(): Taking screenshot successfully

2022-02-14 15:20:06 - [MESSAGE][PASSED] - Taking screenshot successfully
[[ATTACHMENT|/home/intersoft-admin/Rattan/Bash/Training/Rattan/Final_testing/New_ActivityOverview/Reports/20220214_115757/EmailDownloadPreview/20220214_115822/1644832206424.png]]

2022-02-14 15:20:06 - [TEST_STEP][PASSED] - click(findTestObject("Object Repository/Header/Email/EmailVoucher")): Object: 'Object Repository/Header/Email/EmailVoucher' is clicked on

2022-02-14 15:20:09 - [MESSAGE][PASSED] - Object: 'Object Repository/Header/Email/EmailVoucher' is clicked on

2022-02-14 15:20:09 - [TEST_STEP][PASSED] - delay(2): Delayed 2 second(s)

2022-02-14 15:20:11 - [MESSAGE][PASSED] - Delayed 2 second(s)

2022-02-14 15:20:11 - [TEST_STEP][PASSED] - takeScreenshot(): Taking screenshot successfully

2022-02-14 15:20:11 - [MESSAGE][PASSED] - Taking screenshot successfully
[[ATTACHMENT|/home/intersoft-admin/Rattan/Bash/Training/Rattan/Final_testing/New_ActivityOverview/Reports/20220214_115757/EmailDownloadPreview/20220214_115822/1644832211722.png]]

2022-02-14 15:20:11 - [TEST_STEP][PASSED] - setText(findTestObject("Object Repository/Header/Email/InputEmails"), "rattan.intersoft@gmail.com"): Text 'rattan.intersoft@gmail.com' is set on object 'Object Repository/Header/Email/InputEmails'

2022-02-14 15:20:18 - [MESSAGE][PASSED] - Text 'rattan.intersoft@gmail.com' is set on object 'Object Repository/Header/Email/InputEmails'

2022-02-14 15:20:18 - [TEST_STEP][PASSED] - delay(2): Delayed 2 second(s)

2022-02-14 15:20:20 - [MESSAGE][PASSED] - Delayed 2 second(s)

2022-02-14 15:20:20 - [TEST_STEP][PASSED] - takeScreenshot(): Taking screenshot successfully

2022-02-14 15:20:20 - [MESSAGE][PASSED] - Taking screenshot successfully
[[ATTACHMENT|/home/intersoft-admin/Rattan/Bash/Training/Rattan/Final_testing/New_ActivityOverview/Reports/20220214_115757/EmailDownloadPreview/20220214_115822/1644832220037.png]]

2022-02-14 15:20:20 - [TEST_STEP][PASSED] - click(findTestObject("Object Repository/Header/Email/SendButton")): Object: 'Object Repository/Header/Email/SendButton' is clicked on

2022-02-14 15:20:23 - [MESSAGE][PASSED] - Object: 'Object Repository/Header/Email/SendButton' is clicked on

2022-02-14 15:20:23 - [TEST_STEP][PASSED] - delay(10): Delayed 10 second(s)

2022-02-14 15:20:33 - [MESSAGE][PASSED] - Delayed 10 second(s)

2022-02-14 15:20:33 - [TEST_STEP][PASSED] - click(findTestObject("Object Repository/Header/Email/ClickOnSecndEmailButton")): Object: 'Object Repository/Header/Email/ClickOnSecndEmailButton' is clicked on

2022-02-14 15:20:36 - [MESSAGE][PASSED] - Object: 'Object Repository/Header/Email/ClickOnSecndEmailButton' is clicked on

2022-02-14 15:20:36 - [TEST_STEP][PASSED] - delay(10): Delayed 10 second(s)

2022-02-14 15:20:46 - [MESSAGE][PASSED] - Delayed 10 second(s)

2022-02-14 15:20:46 - [TEST_STEP][PASSED] - takeScreenshot(): Taking screenshot successfully

2022-02-14 15:20:46 - [MESSAGE][PASSED] - Taking screenshot successfully
[[ATTACHMENT|/home/intersoft-admin/Rattan/Bash/Training/Rattan/Final_testing/New_ActivityOverview/Reports/20220214_115757/EmailDownloadPreview/20220214_115822/1644832246426.png]]

2022-02-14 15:20:46 - [TEST_STEP][PASSED] - click(findTestObject("Object Repository/Header/Email/EmailReceipt")): Object: 'Object Repository/Header/Email/EmailReceipt' is clicked on

2022-02-14 15:20:49 - [MESSAGE][PASSED] - Object: 'Object Repository/Header/Email/EmailReceipt' is clicked on

2022-02-14 15:20:49 - [TEST_STEP][PASSED] - delay(2): Delayed 2 second(s)

2022-02-14 15:20:51 - [MESSAGE][PASSED] - Delayed 2 second(s)

2022-02-14 15:20:51 - [TEST_STEP][PASSED] - takeScreenshot(): Taking screenshot successfully

2022-02-14 15:20:51 - [MESSAGE][PASSED] - Taking screenshot successfully
[[ATTACHMENT|/home/intersoft-admin/Rattan/Bash/Training/Rattan/Final_testing/New_ActivityOverview/Reports/20220214_115757/EmailDownloadPreview/20220214_115822/1644832251714.png]]

2022-02-14 15:20:51 - [TEST_STEP][PASSED] - setText(findTestObject("Object Repository/Header/Email/InputEmails"), "rattan.intersoft@gmail.com"): Text 'rattan.intersoft@gmail.com' is set on object 'Object Repository/Header/Email/InputEmails'

2022-02-14 15:20:58 - [MESSAGE][PASSED] - Text 'rattan.intersoft@gmail.com' is set on object 'Object Repository/Header/Email/InputEmails'

2022-02-14 15:20:58 - [TEST_STEP][PASSED] - delay(2): Delayed 2 second(s)

2022-02-14 15:21:00 - [MESSAGE][PASSED] - Delayed 2 second(s)

2022-02-14 15:21:00 - [TEST_STEP][PASSED] - takeScreenshot(): Taking screenshot successfully

2022-02-14 15:21:00 - [MESSAGE][PASSED] - Taking screenshot successfully
[[ATTACHMENT|/home/intersoft-admin/Rattan/Bash/Training/Rattan/Final_testing/New_ActivityOverview/Reports/20220214_115757/EmailDownloadPreview/20220214_115822/1644832260025.png]]

2022-02-14 15:21:00 - [TEST_STEP][PASSED] - click(findTestObject("Object Repository/Header/Email/SendButton")): Object: 'Object Repository/Header/Email/SendButton' is clicked on

2022-02-14 15:21:03 - [MESSAGE][PASSED] - Object: 'Object Repository/Header/Email/SendButton' is clicked on

2022-02-14 15:21:03 - [TEST_STEP][PASSED] - delay(10): Delayed 10 second(s)

2022-02-14 15:21:13 - [MESSAGE][PASSED] - Delayed 10 second(s)

2022-02-14 15:21:13 - [TEST_STEP][PASSED] - click(findTestObject("Object Repository/Header/Download/ClickOnDownloadIcon")): Object: 'Object Repository/Header/Download/ClickOnDownloadIcon' is clicked on

2022-02-14 15:21:16 - [MESSAGE][PASSED] - Object: 'Object Repository/Header/Download/ClickOnDownloadIcon' is clicked on

2022-02-14 15:21:16 - [TEST_STEP][PASSED] - delay(2): Delayed 2 second(s)

2022-02-14 15:21:18 - [MESSAGE][PASSED] - Delayed 2 second(s)

2022-02-14 15:21:18 - [TEST_STEP][PASSED] - takeScreenshot(): Taking screenshot successfully

2022-02-14 15:21:18 - [MESSAGE][PASSED] - Taking screenshot successfully
[[ATTACHMENT|/home/intersoft-admin/Rattan/Bash/Training/Rattan/Final_testing/New_ActivityOverview/Reports/20220214_115757/EmailDownloadPreview/20220214_115822/1644832278494.png]]

2022-02-14 15:21:18 - [TEST_STEP][PASSED] - click(findTestObject("Object Repository/Header/Download/DownloadVoucher")): Object: 'Object Repository/Header/Download/DownloadVoucher' is clicked on

2022-02-14 15:21:21 - [MESSAGE][PASSED] - Object: 'Object Repository/Header/Download/DownloadVoucher' is clicked on

2022-02-14 15:21:21 - [TEST_STEP][PASSED] - delay(2): Delayed 2 second(s)

2022-02-14 15:21:23 - [MESSAGE][PASSED] - Delayed 2 second(s)

2022-02-14 15:21:23 - [TEST_STEP][PASSED] - takeScreenshot(): Taking screenshot successfully

2022-02-14 15:21:23 - [MESSAGE][PASSED] - Taking screenshot successfully
[[ATTACHMENT|/home/intersoft-admin/Rattan/Bash/Training/Rattan/Final_testing/New_ActivityOverview/Reports/20220214_115757/EmailDownloadPreview/20220214_115822/1644832283795.png]]

2022-02-14 15:21:23 - [TEST_STEP][FAILED] - click(findTestObject("Object Repository/Header/Download/ClickOnDownloadIcon")): Unable to click on object 'Object Repository/Header/Download/ClickOnDownloadIcon' (Root cause: com.kms.katalon.core.exception.StepFailedException: Unable to click on object 'Object Repository/Header/Download/ClickOnDownloadIcon'
	at com.kms.katalon.core.webui.keyword.internal.WebUIKeywordMain.stepFailed(WebUIKeywordMain.groovy:64)
	at com.kms.katalon.core.webui.keyword.internal.WebUIKeywordMain.runKeyword(WebUIKeywordMain.groovy:26)
	at com.kms.katalon.core.webui.keyword.builtin.ClickKeyword.click(ClickKeyword.groovy:74)
	at com.kms.katalon.core.webui.keyword.builtin.ClickKeyword.execute(ClickKeyword.groovy:40)
	at com.kms.katalon.core.keyword.internal.KeywordExecutor.executeKeywordForPlatform(KeywordExecutor.groovy:74)
	at com.kms.katalon.core.webui.keyword.WebUiBuiltInKeywords.click(WebUiBuiltInKeywords.groovy:620)
	at com.kms.katalon.core.webui.keyword.WebUiBuiltInKeywords$click$2.call(Unknown Source)
	at ActivityOverview-EmailDownloadPreview.run(ActivityOverview-EmailDownloadPreview:217)
	at com.kms.katalon.core.main.ScriptEngine.run(ScriptEngine.java:194)
	at com.kms.katalon.core.main.ScriptEngine.runScriptAsRawText(ScriptEngine.java:119)
	at com.kms.katalon.core.main.TestCaseExecutor.runScript(TestCaseExecutor.java:442)
	at com.kms.katalon.core.main.TestCaseExecutor.doExecute(TestCaseExecutor.java:433)
	at com.kms.katalon.core.main.TestCaseExecutor.processExecutionPhase(TestCaseExecutor.java:412)
	at com.kms.katalon.core.main.TestCaseExecutor.accessMainPhase(TestCaseExecutor.java:404)
	at com.kms.katalon.core.main.TestCaseExecutor.execute(TestCaseExecutor.java:281)
	at com.kms.katalon.core.main.TestSuiteExecutor.accessTestCaseMainPhase(TestSuiteExecutor.java:202)
	at com.kms.katalon.core.main.TestSuiteExecutor.accessTestSuiteMainPhase(TestSuiteExecutor.java:164)
	at com.kms.katalon.core.main.TestSuiteExecutor.execute(TestSuiteExecutor.java:105)
	at com.kms.katalon.core.main.TestCaseMain.startTestSuite(TestCaseMain.java:185)
	at com.kms.katalon.core.main.TestCaseMain$startTestSuite$0.call(Unknown Source)
	at TempTestSuite1644820102951.run(TempTestSuite1644820102951.groovy:36)
Caused by: com.kms.katalon.core.webui.exception.WebElementNotFoundException: Web element with id: 'Object Repository/Header/Download/ClickOnDownloadIcon' located by '//span[contains(text(),'Download')]//parent::a' not found
	at com.kms.katalon.core.webui.common.WebUiCommonHelper.findWebElement(WebUiCommonHelper.java:1370)
	at com.kms.katalon.core.webui.keyword.internal.WebUIAbstractKeyword.findWebElement(WebUIAbstractKeyword.groovy:27)
	at com.kms.katalon.core.webui.keyword.builtin.ClickKeyword$_click_closure1.doCall(ClickKeyword.groovy:65)
	at com.kms.katalon.core.webui.keyword.builtin.ClickKeyword$_click_closure1.call(ClickKeyword.groovy)
	at com.kms.katalon.core.webui.keyword.internal.WebUIKeywordMain.runKeyword(WebUIKeywordMain.groovy:20)
	at com.kms.katalon.core.webui.keyword.builtin.ClickKeyword.click(ClickKeyword.groovy:74)
	at com.kms.katalon.core.webui.keyword.builtin.ClickKeyword.execute(ClickKeyword.groovy:40)
	at com.kms.katalon.core.keyword.internal.KeywordExecutor.executeKeywordForPlatform(KeywordExecutor.groovy:74)
	at com.kms.katalon.core.webui.keyword.WebUiBuiltInKeywords.click(WebUiBuiltInKeywords.groovy:620)
	at com.kms.katalon.core.webui.keyword.WebUiBuiltInKeywords$click$2.call(Unknown Source)
	at Script1643733927957.run(Script1643733927957.groovy:217)
	... 13 more
)

2022-02-14 15:21:54 - [MESSAGE][INFO] - Unable to find the element located by 'By.xpath: //span[contains(text(),'Download')]//parent::a'. Please recheck the objects properties to make sure the desired element is located. 

2022-02-14 15:21:54 - [MESSAGE][WARNING] - [SELF-HEALING] Failed to find element with id 'Object Repository/Header/Download/ClickOnDownloadIcon'. Try using Self-healing.

2022-02-14 15:21:56 - [MESSAGE][INFO] - [SELF-HEALING] No working XPath is found.

2022-02-14 15:21:57 - [MESSAGE][INFO] - Unable to find the element located by 'By.xpath: '. Please recheck the objects properties to make sure the desired element is located. 

2022-02-14 15:21:57 - [MESSAGE][WARNING] - [SELF-HEALING] Cannot find elements when the selector is null

2022-02-14 15:21:57 - [MESSAGE][FAILED] - Unable to click on object 'Object Repository/Header/Download/ClickOnDownloadIcon' (Root cause: com.kms.katalon.core.exception.StepFailedException: Unable to click on object 'Object Repository/Header/Download/ClickOnDownloadIcon'
	at com.kms.katalon.core.webui.keyword.internal.WebUIKeywordMain.stepFailed(WebUIKeywordMain.groovy:64)
	at com.kms.katalon.core.webui.keyword.internal.WebUIKeywordMain.runKeyword(WebUIKeywordMain.groovy:26)
	at com.kms.katalon.core.webui.keyword.builtin.ClickKeyword.click(ClickKeyword.groovy:74)
	at com.kms.katalon.core.webui.keyword.builtin.ClickKeyword.execute(ClickKeyword.groovy:40)
	at com.kms.katalon.core.keyword.internal.KeywordExecutor.executeKeywordForPlatform(KeywordExecutor.groovy:74)
	at com.kms.katalon.core.webui.keyword.WebUiBuiltInKeywords.click(WebUiBuiltInKeywords.groovy:620)
	at com.kms.katalon.core.webui.keyword.WebUiBuiltInKeywords$click$2.call(Unknown Source)
	at ActivityOverview-EmailDownloadPreview.run(ActivityOverview-EmailDownloadPreview:217)
	at com.kms.katalon.core.main.ScriptEngine.run(ScriptEngine.java:194)
	at com.kms.katalon.core.main.ScriptEngine.runScriptAsRawText(ScriptEngine.java:119)
	at com.kms.katalon.core.main.TestCaseExecutor.runScript(TestCaseExecutor.java:442)
	at com.kms.katalon.core.main.TestCaseExecutor.doExecute(TestCaseExecutor.java:433)
	at com.kms.katalon.core.main.TestCaseExecutor.processExecutionPhase(TestCaseExecutor.java:412)
	at com.kms.katalon.core.main.TestCaseExecutor.accessMainPhase(TestCaseExecutor.java:404)
	at com.kms.katalon.core.main.TestCaseExecutor.execute(TestCaseExecutor.java:281)
	at com.kms.katalon.core.main.TestSuiteExecutor.accessTestCaseMainPhase(TestSuiteExecutor.java:202)
	at com.kms.katalon.core.main.TestSuiteExecutor.accessTestSuiteMainPhase(TestSuiteExecutor.java:164)
	at com.kms.katalon.core.main.TestSuiteExecutor.execute(TestSuiteExecutor.java:105)
	at com.kms.katalon.core.main.TestCaseMain.startTestSuite(TestCaseMain.java:185)
	at com.kms.katalon.core.main.TestCaseMain$startTestSuite$0.call(Unknown Source)
	at TempTestSuite1644820102951.run(TempTestSuite1644820102951.groovy:36)
Caused by: com.kms.katalon.core.webui.exception.WebElementNotFoundException: Web element with id: 'Object Repository/Header/Download/ClickOnDownloadIcon' located by '//span[contains(text(),'Download')]//parent::a' not found
	at com.kms.katalon.core.webui.common.WebUiCommonHelper.findWebElement(WebUiCommonHelper.java:1370)
	at com.kms.katalon.core.webui.keyword.internal.WebUIAbstractKeyword.findWebElement(WebUIAbstractKeyword.groovy:27)
	at com.kms.katalon.core.webui.keyword.builtin.ClickKeyword$_click_closure1.doCall(ClickKeyword.groovy:65)
	at com.kms.katalon.core.webui.keyword.builtin.ClickKeyword$_click_closure1.call(ClickKeyword.groovy)
	at com.kms.katalon.core.webui.keyword.internal.WebUIKeywordMain.runKeyword(WebUIKeywordMain.groovy:20)
	at com.kms.katalon.core.webui.keyword.builtin.ClickKeyword.click(ClickKeyword.groovy:74)
	at com.kms.katalon.core.webui.keyword.builtin.ClickKeyword.execute(ClickKeyword.groovy:40)
	at com.kms.katalon.core.keyword.internal.KeywordExecutor.executeKeywordForPlatform(KeywordExecutor.groovy:74)
	at com.kms.katalon.core.webui.keyword.WebUiBuiltInKeywords.click(WebUiBuiltInKeywords.groovy:620)
	at com.kms.katalon.core.webui.keyword.WebUiBuiltInKeywords$click$2.call(Unknown Source)
	at Script1643733927957.run(Script1643733927957.groovy:217)
	... 13 more
)
[[ATTACHMENT|/home/intersoft-admin/Rattan/Bash/Training/Rattan/Final_testing/New_ActivityOverview/Reports/20220214_115757/EmailDownloadPreview/20220214_115822/1644832317034.png]]]]></system-out>
         <system-err><![CDATA[2022-02-14 15:16:47 - [TEST_CASE][FAILED] - Test Cases/NewActivityOverview-LeftNavigation/ActivityOverview-EmailDownloadPreview: Test Cases/NewActivityOverview-LeftNavigation/ActivityOverview-EmailDownloadPreview FAILED.
Reason:
com.kms.katalon.core.exception.StepFailedException: Unable to click on object 'Object Repository/Header/Download/ClickOnDownloadIcon'
	at com.kms.katalon.core.webui.keyword.internal.WebUIKeywordMain.stepFailed(WebUIKeywordMain.groovy:64)
	at com.kms.katalon.core.webui.keyword.internal.WebUIKeywordMain.runKeyword(WebUIKeywordMain.groovy:26)
	at com.kms.katalon.core.webui.keyword.builtin.ClickKeyword.click(ClickKeyword.groovy:74)
	at com.kms.katalon.core.webui.keyword.builtin.ClickKeyword.execute(ClickKeyword.groovy:40)
	at com.kms.katalon.core.keyword.internal.KeywordExecutor.executeKeywordForPlatform(KeywordExecutor.groovy:74)
	at com.kms.katalon.core.webui.keyword.WebUiBuiltInKeywords.click(WebUiBuiltInKeywords.groovy:620)
	at com.kms.katalon.core.webui.keyword.WebUiBuiltInKeywords$click$2.call(Unknown Source)
	at ActivityOverview-EmailDownloadPreview.run(ActivityOverview-EmailDownloadPreview:217)
	at com.kms.katalon.core.main.ScriptEngine.run(ScriptEngine.java:194)
	at com.kms.katalon.core.main.ScriptEngine.runScriptAsRawText(ScriptEngine.java:119)
	at com.kms.katalon.core.main.TestCaseExecutor.runScript(TestCaseExecutor.java:442)
	at com.kms.katalon.core.main.TestCaseExecutor.doExecute(TestCaseExecutor.java:433)
	at com.kms.katalon.core.main.TestCaseExecutor.processExecutionPhase(TestCaseExecutor.java:412)
	at com.kms.katalon.core.main.TestCaseExecutor.accessMainPhase(TestCaseExecutor.java:404)
	at com.kms.katalon.core.main.TestCaseExecutor.execute(TestCaseExecutor.java:281)
	at com.kms.katalon.core.main.TestSuiteExecutor.accessTestCaseMainPhase(TestSuiteExecutor.java:202)
	at com.kms.katalon.core.main.TestSuiteExecutor.accessTestSuiteMainPhase(TestSuiteExecutor.java:164)
	at com.kms.katalon.core.main.TestSuiteExecutor.execute(TestSuiteExecutor.java:105)
	at com.kms.katalon.core.main.TestCaseMain.startTestSuite(TestCaseMain.java:185)
	at com.kms.katalon.core.main.TestCaseMain$startTestSuite$0.call(Unknown Source)
	at TempTestSuite1644820102951.run(TempTestSuite1644820102951.groovy:36)
Caused by: com.kms.katalon.core.webui.exception.WebElementNotFoundException: Web element with id: 'Object Repository/Header/Download/ClickOnDownloadIcon' located by '//span[contains(text(),'Download')]//parent::a' not found
	at com.kms.katalon.core.webui.common.WebUiCommonHelper.findWebElement(WebUiCommonHelper.java:1370)
	at com.kms.katalon.core.webui.keyword.internal.WebUIAbstractKeyword.findWebElement(WebUIAbstractKeyword.groovy:27)
	at com.kms.katalon.core.webui.keyword.builtin.ClickKeyword$_click_closure1.doCall(ClickKeyword.groovy:65)
	at com.kms.katalon.core.webui.keyword.builtin.ClickKeyword$_click_closure1.call(ClickKeyword.groovy)
	at com.kms.katalon.core.webui.keyword.internal.WebUIKeywordMain.runKeyword(WebUIKeywordMain.groovy:20)
	... 19 more]]></system-err>
      </testcase>
      <testcase name="Test Cases/NewActivityOverview-LeftNavigation/ActivityOverview-EmailDownloadPreview-CopiedURL" time="5.381" classname="Test Cases/NewActivityOverview-LeftNavigation/ActivityOverview-EmailDownloadPreview-CopiedURL" status="FAILED">
         <failure type="FAILED" message="Test Cases/NewActivityOverview-LeftNavigation/ActivityOverview-EmailDownloadPreview-CopiedURL FAILED.
Reason:
com.kms.katalon.core.exception.StepFailedException: Unable to navigate to ''
	at com.kms.katalon.core.webui.keyword.internal.WebUIKeywordMain.stepFailed(WebUIKeywordMain.groovy:64)
	at com.kms.katalon.core.webui.keyword.internal.WebUIKeywordMain.runKeyword(WebUIKeywordMain.groovy:26)
	at com.kms.katalon.core.webui.keyword.builtin.NavigateToUrlKeyword.navigateToUrl(NavigateToUrlKeyword.groovy:83)
	at com.kms.katalon.core.webui.keyword.builtin.NavigateToUrlKeyword.execute(NavigateToUrlKeyword.groovy:67)
	at com.kms.katalon.core.keyword.internal.KeywordExecutor.executeKeywordForPlatform(KeywordExecutor.groovy:74)
	at com.kms.katalon.core.webui.keyword.WebUiBuiltInKeywords.navigateToUrl(WebUiBuiltInKeywords.groovy:187)
	at com.kms.katalon.core.webui.keyword.WebUiBuiltInKeywords$navigateToUrl$1.call(Unknown Source)
	at ActivityOverview-EmailDownloadPreview-CopiedURL.run(ActivityOverview-EmailDownloadPreview-CopiedURL:30)
	at com.kms.katalon.core.main.ScriptEngine.run(ScriptEngine.java:194)
	at com.kms.katalon.core.main.ScriptEngine.runScriptAsRawText(ScriptEngine.java:119)
	at com.kms.katalon.core.main.TestCaseExecutor.runScript(TestCaseExecutor.java:442)
	at com.kms.katalon.core.main.TestCaseExecutor.doExecute(TestCaseExecutor.java:433)
	at com.kms.katalon.core.main.TestCaseExecutor.processExecutionPhase(TestCaseExecutor.java:412)
	at com.kms.katalon.core.main.TestCaseExecutor.accessMainPhase(TestCaseExecutor.java:404)
	at com.kms.katalon.core.main.TestCaseExecutor.execute(TestCaseExecutor.java:281)
	at com.kms.katalon.core.main.TestSuiteExecutor.accessTestCaseMainPhase(TestSuiteExecutor.java:202)
	at com.kms.katalon.core.main.TestSuiteExecutor.accessTestSuiteMainPhase(TestSuiteExecutor.java:164)
	at com.kms.katalon.core.main.TestSuiteExecutor.execute(TestSuiteExecutor.java:105)
	at com.kms.katalon.core.main.TestCaseMain.startTestSuite(TestCaseMain.java:185)
	at com.kms.katalon.core.main.TestCaseMain$startTestSuite$0.call(Unknown Source)
	at TempTestSuite1644820102951.run(TempTestSuite1644820102951.groovy:36)
Caused by: java.lang.IllegalArgumentException: Url cannot be null or empty
	at com.kms.katalon.core.webui.keyword.builtin.NavigateToUrlKeyword$_navigateToUrl_closure1.doCall(NavigateToUrlKeyword.groovy:75)
	at com.kms.katalon.core.webui.keyword.builtin.NavigateToUrlKeyword$_navigateToUrl_closure1.call(NavigateToUrlKeyword.groovy)
	at com.kms.katalon.core.webui.keyword.internal.WebUIKeywordMain.runKeyword(WebUIKeywordMain.groovy:20)
	... 19 more
"/>
         <system-out><![CDATA[2022-02-14 15:21:57 - [TEST_CASE][FAILED] - Test Cases/NewActivityOverview-LeftNavigation/ActivityOverview-EmailDownloadPreview-CopiedURL: Test Cases/NewActivityOverview-LeftNavigation/ActivityOverview-EmailDownloadPreview-CopiedURL FAILED.
Reason:
com.kms.katalon.core.exception.StepFailedException: Unable to navigate to ''
	at com.kms.katalon.core.webui.keyword.internal.WebUIKeywordMain.stepFailed(WebUIKeywordMain.groovy:64)
	at com.kms.katalon.core.webui.keyword.internal.WebUIKeywordMain.runKeyword(WebUIKeywordMain.groovy:26)
	at com.kms.katalon.core.webui.keyword.builtin.NavigateToUrlKeyword.navigateToUrl(NavigateToUrlKeyword.groovy:83)
	at com.kms.katalon.core.webui.keyword.builtin.NavigateToUrlKeyword.execute(NavigateToUrlKeyword.groovy:67)
	at com.kms.katalon.core.keyword.internal.KeywordExecutor.executeKeywordForPlatform(KeywordExecutor.groovy:74)
	at com.kms.katalon.core.webui.keyword.WebUiBuiltInKeywords.navigateToUrl(WebUiBuiltInKeywords.groovy:187)
	at com.kms.katalon.core.webui.keyword.WebUiBuiltInKeywords$navigateToUrl$1.call(Unknown Source)
	at ActivityOverview-EmailDownloadPreview-CopiedURL.run(ActivityOverview-EmailDownloadPreview-CopiedURL:30)
	at com.kms.katalon.core.main.ScriptEngine.run(ScriptEngine.java:194)
	at com.kms.katalon.core.main.ScriptEngine.runScriptAsRawText(ScriptEngine.java:119)
	at com.kms.katalon.core.main.TestCaseExecutor.runScript(TestCaseExecutor.java:442)
	at com.kms.katalon.core.main.TestCaseExecutor.doExecute(TestCaseExecutor.java:433)
	at com.kms.katalon.core.main.TestCaseExecutor.processExecutionPhase(TestCaseExecutor.java:412)
	at com.kms.katalon.core.main.TestCaseExecutor.accessMainPhase(TestCaseExecutor.java:404)
	at com.kms.katalon.core.main.TestCaseExecutor.execute(TestCaseExecutor.java:281)
	at com.kms.katalon.core.main.TestSuiteExecutor.accessTestCaseMainPhase(TestSuiteExecutor.java:202)
	at com.kms.katalon.core.main.TestSuiteExecutor.accessTestSuiteMainPhase(TestSuiteExecutor.java:164)
	at com.kms.katalon.core.main.TestSuiteExecutor.execute(TestSuiteExecutor.java:105)
	at com.kms.katalon.core.main.TestCaseMain.startTestSuite(TestCaseMain.java:185)
	at com.kms.katalon.core.main.TestCaseMain$startTestSuite$0.call(Unknown Source)
	at TempTestSuite1644820102951.run(TempTestSuite1644820102951.groovy:36)
Caused by: java.lang.IllegalArgumentException: Url cannot be null or empty
	at com.kms.katalon.core.webui.keyword.builtin.NavigateToUrlKeyword$_navigateToUrl_closure1.doCall(NavigateToUrlKeyword.groovy:75)
	at com.kms.katalon.core.webui.keyword.builtin.NavigateToUrlKeyword$_navigateToUrl_closure1.call(NavigateToUrlKeyword.groovy)
	at com.kms.katalon.core.webui.keyword.internal.WebUIKeywordMain.runKeyword(WebUIKeywordMain.groovy:20)
	... 19 more


2022-02-14 15:21:57 - [TEST_STEP][PASSED] - switchToWindowIndex(1): Switched to window with index: '1'

2022-02-14 15:21:57 - [MESSAGE][PASSED] - Switched to window with index: '1'

2022-02-14 15:21:57 - [TEST_STEP][PASSED] - delay(5): Delayed 5 second(s)

2022-02-14 15:22:02 - [MESSAGE][PASSED] - Delayed 5 second(s)

2022-02-14 15:22:02 - [TEST_STEP][FAILED] - navigateToUrl(ActivityUrl): Unable to navigate to '' (Root cause: com.kms.katalon.core.exception.StepFailedException: Unable to navigate to ''
	at com.kms.katalon.core.webui.keyword.internal.WebUIKeywordMain.stepFailed(WebUIKeywordMain.groovy:64)
	at com.kms.katalon.core.webui.keyword.internal.WebUIKeywordMain.runKeyword(WebUIKeywordMain.groovy:26)
	at com.kms.katalon.core.webui.keyword.builtin.NavigateToUrlKeyword.navigateToUrl(NavigateToUrlKeyword.groovy:83)
	at com.kms.katalon.core.webui.keyword.builtin.NavigateToUrlKeyword.execute(NavigateToUrlKeyword.groovy:67)
	at com.kms.katalon.core.keyword.internal.KeywordExecutor.executeKeywordForPlatform(KeywordExecutor.groovy:74)
	at com.kms.katalon.core.webui.keyword.WebUiBuiltInKeywords.navigateToUrl(WebUiBuiltInKeywords.groovy:187)
	at com.kms.katalon.core.webui.keyword.WebUiBuiltInKeywords$navigateToUrl$1.call(Unknown Source)
	at ActivityOverview-EmailDownloadPreview-CopiedURL.run(ActivityOverview-EmailDownloadPreview-CopiedURL:30)
	at com.kms.katalon.core.main.ScriptEngine.run(ScriptEngine.java:194)
	at com.kms.katalon.core.main.ScriptEngine.runScriptAsRawText(ScriptEngine.java:119)
	at com.kms.katalon.core.main.TestCaseExecutor.runScript(TestCaseExecutor.java:442)
	at com.kms.katalon.core.main.TestCaseExecutor.doExecute(TestCaseExecutor.java:433)
	at com.kms.katalon.core.main.TestCaseExecutor.processExecutionPhase(TestCaseExecutor.java:412)
	at com.kms.katalon.core.main.TestCaseExecutor.accessMainPhase(TestCaseExecutor.java:404)
	at com.kms.katalon.core.main.TestCaseExecutor.execute(TestCaseExecutor.java:281)
	at com.kms.katalon.core.main.TestSuiteExecutor.accessTestCaseMainPhase(TestSuiteExecutor.java:202)
	at com.kms.katalon.core.main.TestSuiteExecutor.accessTestSuiteMainPhase(TestSuiteExecutor.java:164)
	at com.kms.katalon.core.main.TestSuiteExecutor.execute(TestSuiteExecutor.java:105)
	at com.kms.katalon.core.main.TestCaseMain.startTestSuite(TestCaseMain.java:185)
	at com.kms.katalon.core.main.TestCaseMain$startTestSuite$0.call(Unknown Source)
	at TempTestSuite1644820102951.run(TempTestSuite1644820102951.groovy:36)
Caused by: java.lang.IllegalArgumentException: Url cannot be null or empty
	at com.kms.katalon.core.webui.keyword.builtin.NavigateToUrlKeyword$_navigateToUrl_closure1.doCall(NavigateToUrlKeyword.groovy:75)
	at com.kms.katalon.core.webui.keyword.builtin.NavigateToUrlKeyword$_navigateToUrl_closure1.call(NavigateToUrlKeyword.groovy)
	at com.kms.katalon.core.webui.keyword.internal.WebUIKeywordMain.runKeyword(WebUIKeywordMain.groovy:20)
	at com.kms.katalon.core.webui.keyword.builtin.NavigateToUrlKeyword.navigateToUrl(NavigateToUrlKeyword.groovy:83)
	at com.kms.katalon.core.webui.keyword.builtin.NavigateToUrlKeyword.execute(NavigateToUrlKeyword.groovy:67)
	at com.kms.katalon.core.keyword.internal.KeywordExecutor.executeKeywordForPlatform(KeywordExecutor.groovy:74)
	at com.kms.katalon.core.webui.keyword.WebUiBuiltInKeywords.navigateToUrl(WebUiBuiltInKeywords.groovy:187)
	at com.kms.katalon.core.webui.keyword.WebUiBuiltInKeywords$navigateToUrl$1.call(Unknown Source)
	at Script1643787465621.run(Script1643787465621.groovy:30)
	... 13 more
)

2022-02-14 15:22:02 - [MESSAGE][FAILED] - Unable to navigate to '' (Root cause: com.kms.katalon.core.exception.StepFailedException: Unable to navigate to ''
	at com.kms.katalon.core.webui.keyword.internal.WebUIKeywordMain.stepFailed(WebUIKeywordMain.groovy:64)
	at com.kms.katalon.core.webui.keyword.internal.WebUIKeywordMain.runKeyword(WebUIKeywordMain.groovy:26)
	at com.kms.katalon.core.webui.keyword.builtin.NavigateToUrlKeyword.navigateToUrl(NavigateToUrlKeyword.groovy:83)
	at com.kms.katalon.core.webui.keyword.builtin.NavigateToUrlKeyword.execute(NavigateToUrlKeyword.groovy:67)
	at com.kms.katalon.core.keyword.internal.KeywordExecutor.executeKeywordForPlatform(KeywordExecutor.groovy:74)
	at com.kms.katalon.core.webui.keyword.WebUiBuiltInKeywords.navigateToUrl(WebUiBuiltInKeywords.groovy:187)
	at com.kms.katalon.core.webui.keyword.WebUiBuiltInKeywords$navigateToUrl$1.call(Unknown Source)
	at ActivityOverview-EmailDownloadPreview-CopiedURL.run(ActivityOverview-EmailDownloadPreview-CopiedURL:30)
	at com.kms.katalon.core.main.ScriptEngine.run(ScriptEngine.java:194)
	at com.kms.katalon.core.main.ScriptEngine.runScriptAsRawText(ScriptEngine.java:119)
	at com.kms.katalon.core.main.TestCaseExecutor.runScript(TestCaseExecutor.java:442)
	at com.kms.katalon.core.main.TestCaseExecutor.doExecute(TestCaseExecutor.java:433)
	at com.kms.katalon.core.main.TestCaseExecutor.processExecutionPhase(TestCaseExecutor.java:412)
	at com.kms.katalon.core.main.TestCaseExecutor.accessMainPhase(TestCaseExecutor.java:404)
	at com.kms.katalon.core.main.TestCaseExecutor.execute(TestCaseExecutor.java:281)
	at com.kms.katalon.core.main.TestSuiteExecutor.accessTestCaseMainPhase(TestSuiteExecutor.java:202)
	at com.kms.katalon.core.main.TestSuiteExecutor.accessTestSuiteMainPhase(TestSuiteExecutor.java:164)
	at com.kms.katalon.core.main.TestSuiteExecutor.execute(TestSuiteExecutor.java:105)
	at com.kms.katalon.core.main.TestCaseMain.startTestSuite(TestCaseMain.java:185)
	at com.kms.katalon.core.main.TestCaseMain$startTestSuite$0.call(Unknown Source)
	at TempTestSuite1644820102951.run(TempTestSuite1644820102951.groovy:36)
Caused by: java.lang.IllegalArgumentException: Url cannot be null or empty
	at com.kms.katalon.core.webui.keyword.builtin.NavigateToUrlKeyword$_navigateToUrl_closure1.doCall(NavigateToUrlKeyword.groovy:75)
	at com.kms.katalon.core.webui.keyword.builtin.NavigateToUrlKeyword$_navigateToUrl_closure1.call(NavigateToUrlKeyword.groovy)
	at com.kms.katalon.core.webui.keyword.internal.WebUIKeywordMain.runKeyword(WebUIKeywordMain.groovy:20)
	at com.kms.katalon.core.webui.keyword.builtin.NavigateToUrlKeyword.navigateToUrl(NavigateToUrlKeyword.groovy:83)
	at com.kms.katalon.core.webui.keyword.builtin.NavigateToUrlKeyword.execute(NavigateToUrlKeyword.groovy:67)
	at com.kms.katalon.core.keyword.internal.KeywordExecutor.executeKeywordForPlatform(KeywordExecutor.groovy:74)
	at com.kms.katalon.core.webui.keyword.WebUiBuiltInKeywords.navigateToUrl(WebUiBuiltInKeywords.groovy:187)
	at com.kms.katalon.core.webui.keyword.WebUiBuiltInKeywords$navigateToUrl$1.call(Unknown Source)
	at Script1643787465621.run(Script1643787465621.groovy:30)
	... 13 more
)
[[ATTACHMENT|/home/intersoft-admin/Rattan/Bash/Training/Rattan/Final_testing/New_ActivityOverview/Reports/20220214_115757/EmailDownloadPreview/20220214_115822/1644832322408.png]]]]></system-out>
         <system-err><![CDATA[2022-02-14 15:21:57 - [TEST_CASE][FAILED] - Test Cases/NewActivityOverview-LeftNavigation/ActivityOverview-EmailDownloadPreview-CopiedURL: Test Cases/NewActivityOverview-LeftNavigation/ActivityOverview-EmailDownloadPreview-CopiedURL FAILED.
Reason:
com.kms.katalon.core.exception.StepFailedException: Unable to navigate to ''
	at com.kms.katalon.core.webui.keyword.internal.WebUIKeywordMain.stepFailed(WebUIKeywordMain.groovy:64)
	at com.kms.katalon.core.webui.keyword.internal.WebUIKeywordMain.runKeyword(WebUIKeywordMain.groovy:26)
	at com.kms.katalon.core.webui.keyword.builtin.NavigateToUrlKeyword.navigateToUrl(NavigateToUrlKeyword.groovy:83)
	at com.kms.katalon.core.webui.keyword.builtin.NavigateToUrlKeyword.execute(NavigateToUrlKeyword.groovy:67)
	at com.kms.katalon.core.keyword.internal.KeywordExecutor.executeKeywordForPlatform(KeywordExecutor.groovy:74)
	at com.kms.katalon.core.webui.keyword.WebUiBuiltInKeywords.navigateToUrl(WebUiBuiltInKeywords.groovy:187)
	at com.kms.katalon.core.webui.keyword.WebUiBuiltInKeywords$navigateToUrl$1.call(Unknown Source)
	at ActivityOverview-EmailDownloadPreview-CopiedURL.run(ActivityOverview-EmailDownloadPreview-CopiedURL:30)
	at com.kms.katalon.core.main.ScriptEngine.run(ScriptEngine.java:194)
	at com.kms.katalon.core.main.ScriptEngine.runScriptAsRawText(ScriptEngine.java:119)
	at com.kms.katalon.core.main.TestCaseExecutor.runScript(TestCaseExecutor.java:442)
	at com.kms.katalon.core.main.TestCaseExecutor.doExecute(TestCaseExecutor.java:433)
	at com.kms.katalon.core.main.TestCaseExecutor.processExecutionPhase(TestCaseExecutor.java:412)
	at com.kms.katalon.core.main.TestCaseExecutor.accessMainPhase(TestCaseExecutor.java:404)
	at com.kms.katalon.core.main.TestCaseExecutor.execute(TestCaseExecutor.java:281)
	at com.kms.katalon.core.main.TestSuiteExecutor.accessTestCaseMainPhase(TestSuiteExecutor.java:202)
	at com.kms.katalon.core.main.TestSuiteExecutor.accessTestSuiteMainPhase(TestSuiteExecutor.java:164)
	at com.kms.katalon.core.main.TestSuiteExecutor.execute(TestSuiteExecutor.java:105)
	at com.kms.katalon.core.main.TestCaseMain.startTestSuite(TestCaseMain.java:185)
	at com.kms.katalon.core.main.TestCaseMain$startTestSuite$0.call(Unknown Source)
	at TempTestSuite1644820102951.run(TempTestSuite1644820102951.groovy:36)
Caused by: java.lang.IllegalArgumentException: Url cannot be null or empty
	at com.kms.katalon.core.webui.keyword.builtin.NavigateToUrlKeyword$_navigateToUrl_closure1.doCall(NavigateToUrlKeyword.groovy:75)
	at com.kms.katalon.core.webui.keyword.builtin.NavigateToUrlKeyword$_navigateToUrl_closure1.call(NavigateToUrlKeyword.groovy)
	at com.kms.katalon.core.webui.keyword.internal.WebUIKeywordMain.runKeyword(WebUIKeywordMain.groovy:20)
	... 19 more]]></system-err>
      </testcase>
      <system-out><![CDATA[2022-02-14 15:16:47 - [TEST_SUITE][FAILED] - EmailDownloadPreview: Test Cases/NewActivityOverview-LeftNavigation/ActivityOverview-EmailDownloadPreview FAILED.
Reason:
com.kms.katalon.core.exception.StepFailedException: Unable to click on object 'Object Repository/Header/Download/ClickOnDownloadIcon'
	at com.kms.katalon.core.webui.keyword.internal.WebUIKeywordMain.stepFailed(WebUIKeywordMain.groovy:64)
	at com.kms.katalon.core.webui.keyword.internal.WebUIKeywordMain.runKeyword(WebUIKeywordMain.groovy:26)
	at com.kms.katalon.core.webui.keyword.builtin.ClickKeyword.click(ClickKeyword.groovy:74)
	at com.kms.katalon.core.webui.keyword.builtin.ClickKeyword.execute(ClickKeyword.groovy:40)
	at com.kms.katalon.core.keyword.internal.KeywordExecutor.executeKeywordForPlatform(KeywordExecutor.groovy:74)
	at com.kms.katalon.core.webui.keyword.WebUiBuiltInKeywords.click(WebUiBuiltInKeywords.groovy:620)
	at com.kms.katalon.core.webui.keyword.WebUiBuiltInKeywords$click$2.call(Unknown Source)
	at ActivityOverview-EmailDownloadPreview.run(ActivityOverview-EmailDownloadPreview:217)
	at com.kms.katalon.core.main.ScriptEngine.run(ScriptEngine.java:194)
	at com.kms.katalon.core.main.ScriptEngine.runScriptAsRawText(ScriptEngine.java:119)
	at com.kms.katalon.core.main.TestCaseExecutor.runScript(TestCaseExecutor.java:442)
	at com.kms.katalon.core.main.TestCaseExecutor.doExecute(TestCaseExecutor.java:433)
	at com.kms.katalon.core.main.TestCaseExecutor.processExecutionPhase(TestCaseExecutor.java:412)
	at com.kms.katalon.core.main.TestCaseExecutor.accessMainPhase(TestCaseExecutor.java:404)
	at com.kms.katalon.core.main.TestCaseExecutor.execute(TestCaseExecutor.java:281)
	at com.kms.katalon.core.main.TestSuiteExecutor.accessTestCaseMainPhase(TestSuiteExecutor.java:202)
	at com.kms.katalon.core.main.TestSuiteExecutor.accessTestSuiteMainPhase(TestSuiteExecutor.java:164)
	at com.kms.katalon.core.main.TestSuiteExecutor.execute(TestSuiteExecutor.java:105)
	at com.kms.katalon.core.main.TestCaseMain.startTestSuite(TestCaseMain.java:185)
	at com.kms.katalon.core.main.TestCaseMain$startTestSuite$0.call(Unknown Source)
	at TempTestSuite1644820102951.run(TempTestSuite1644820102951.groovy:36)
Caused by: com.kms.katalon.core.webui.exception.WebElementNotFoundException: Web element with id: 'Object Repository/Header/Download/ClickOnDownloadIcon' located by '//span[contains(text(),'Download')]//parent::a' not found
	at com.kms.katalon.core.webui.common.WebUiCommonHelper.findWebElement(WebUiCommonHelper.java:1370)
	at com.kms.katalon.core.webui.keyword.internal.WebUIAbstractKeyword.findWebElement(WebUIAbstractKeyword.groovy:27)
	at com.kms.katalon.core.webui.keyword.builtin.ClickKeyword$_click_closure1.doCall(ClickKeyword.groovy:65)
	at com.kms.katalon.core.webui.keyword.builtin.ClickKeyword$_click_closure1.call(ClickKeyword.groovy)
	at com.kms.katalon.core.webui.keyword.internal.WebUIKeywordMain.runKeyword(WebUIKeywordMain.groovy:20)
	... 19 more]]></system-out>
      <system-err><![CDATA[2022-02-14 15:16:47 - [TEST_SUITE][FAILED] - EmailDownloadPreview: Test Cases/NewActivityOverview-LeftNavigation/ActivityOverview-EmailDownloadPreview FAILED.
Reason:
com.kms.katalon.core.exception.StepFailedException: Unable to click on object 'Object Repository/Header/Download/ClickOnDownloadIcon'
	at com.kms.katalon.core.webui.keyword.internal.WebUIKeywordMain.stepFailed(WebUIKeywordMain.groovy:64)
	at com.kms.katalon.core.webui.keyword.internal.WebUIKeywordMain.runKeyword(WebUIKeywordMain.groovy:26)
	at com.kms.katalon.core.webui.keyword.builtin.ClickKeyword.click(ClickKeyword.groovy:74)
	at com.kms.katalon.core.webui.keyword.builtin.ClickKeyword.execute(ClickKeyword.groovy:40)
	at com.kms.katalon.core.keyword.internal.KeywordExecutor.executeKeywordForPlatform(KeywordExecutor.groovy:74)
	at com.kms.katalon.core.webui.keyword.WebUiBuiltInKeywords.click(WebUiBuiltInKeywords.groovy:620)
	at com.kms.katalon.core.webui.keyword.WebUiBuiltInKeywords$click$2.call(Unknown Source)
	at ActivityOverview-EmailDownloadPreview.run(ActivityOverview-EmailDownloadPreview:217)
	at com.kms.katalon.core.main.ScriptEngine.run(ScriptEngine.java:194)
	at com.kms.katalon.core.main.ScriptEngine.runScriptAsRawText(ScriptEngine.java:119)
	at com.kms.katalon.core.main.TestCaseExecutor.runScript(TestCaseExecutor.java:442)
	at com.kms.katalon.core.main.TestCaseExecutor.doExecute(TestCaseExecutor.java:433)
	at com.kms.katalon.core.main.TestCaseExecutor.processExecutionPhase(TestCaseExecutor.java:412)
	at com.kms.katalon.core.main.TestCaseExecutor.accessMainPhase(TestCaseExecutor.java:404)
	at com.kms.katalon.core.main.TestCaseExecutor.execute(TestCaseExecutor.java:281)
	at com.kms.katalon.core.main.TestSuiteExecutor.accessTestCaseMainPhase(TestSuiteExecutor.java:202)
	at com.kms.katalon.core.main.TestSuiteExecutor.accessTestSuiteMainPhase(TestSuiteExecutor.java:164)
	at com.kms.katalon.core.main.TestSuiteExecutor.execute(TestSuiteExecutor.java:105)
	at com.kms.katalon.core.main.TestCaseMain.startTestSuite(TestCaseMain.java:185)
	at com.kms.katalon.core.main.TestCaseMain$startTestSuite$0.call(Unknown Source)
	at TempTestSuite1644820102951.run(TempTestSuite1644820102951.groovy:36)
Caused by: com.kms.katalon.core.webui.exception.WebElementNotFoundException: Web element with id: 'Object Repository/Header/Download/ClickOnDownloadIcon' located by '//span[contains(text(),'Download')]//parent::a' not found
	at com.kms.katalon.core.webui.common.WebUiCommonHelper.findWebElement(WebUiCommonHelper.java:1370)
	at com.kms.katalon.core.webui.keyword.internal.WebUIAbstractKeyword.findWebElement(WebUIAbstractKeyword.groovy:27)
	at com.kms.katalon.core.webui.keyword.builtin.ClickKeyword$_click_closure1.doCall(ClickKeyword.groovy:65)
	at com.kms.katalon.core.webui.keyword.builtin.ClickKeyword$_click_closure1.call(ClickKeyword.groovy)
	at com.kms.katalon.core.webui.keyword.internal.WebUIKeywordMain.runKeyword(WebUIKeywordMain.groovy:20)
	... 19 more]]></system-err>
   </testsuite>
</testsuites>
