<?xml version="1.0" encoding="UTF-8"?>
<testsuites name="CancelAndRefundMultipleBookings-CopiedURL" time="961.498" tests="1" failures="0" errors="0">
   <testsuite name="CancelAndRefundMultipleBookings-CopiedURL" tests="1" failures="0" errors="0" time="961.498" skipped="0" timestamp="2022-02-11 22:18:41" hostname="intersoft-admin - DESKTOP-ANQSRIJ" id="Test Suites/CancelAndRefundMultipleBookings-CopiedURL">
      <properties>
         <property name="deviceName" value=""/>
         <property name="devicePlatform" value=""/>
         <property name="logFolder" value="D:\\xampp\\htdocs\\training\\Training\\Rattan\\Final_testing\\New_ActivityOverview\\Reports\\20220211_221705\\CancelAndRefundMultipleBookings-CopiedURL\\20220211_221713"/>
         <property name="logFiles" value="D:\\xampp\\htdocs\\training\\Training\\Rattan\\Final_testing\\New_ActivityOverview\\Reports\\20220211_221705\\CancelAndRefundMultipleBookings-CopiedURL\\20220211_221713\\execution0.log"/>
         <property name="attachments" value="D:\\xampp\\htdocs\\training\\Training\\Rattan\\Final_testing\\New_ActivityOverview\\Reports\\20220211_221705\\CancelAndRefundMultipleBookings-CopiedURL\\20220211_221713\\1644598189411.png, D:\\xampp\\htdocs\\training\\Training\\Rattan\\Final_testing\\New_ActivityOverview\\Reports\\20220211_221705\\CancelAndRefundMultipleBookings-CopiedURL\\20220211_221713\\1644598217762.png, D:\\xampp\\htdocs\\training\\Training\\Rattan\\Final_testing\\New_ActivityOverview\\Reports\\20220211_221705\\CancelAndRefundMultipleBookings-CopiedURL\\20220211_221713\\1644598251556.png, D:\\xampp\\htdocs\\training\\Training\\Rattan\\Final_testing\\New_ActivityOverview\\Reports\\20220211_221705\\CancelAndRefundMultipleBookings-CopiedURL\\20220211_221713\\1644598288320.png, D:\\xampp\\htdocs\\training\\Training\\Rattan\\Final_testing\\New_ActivityOverview\\Reports\\20220211_221705\\CancelAndRefundMultipleBookings-CopiedURL\\20220211_221713\\1644598312328.png, D:\\xampp\\htdocs\\training\\Training\\Rattan\\Final_testing\\New_ActivityOverview\\Reports\\20220211_221705\\CancelAndRefundMultipleBookings-CopiedURL\\20220211_221713\\1644598313200.png, D:\\xampp\\htdocs\\training\\Training\\Rattan\\Final_testing\\New_ActivityOverview\\Reports\\20220211_221705\\CancelAndRefundMultipleBookings-CopiedURL\\20220211_221713\\1644598337007.png, D:\\xampp\\htdocs\\training\\Training\\Rattan\\Final_testing\\New_ActivityOverview\\Reports\\20220211_221705\\CancelAndRefundMultipleBookings-CopiedURL\\20220211_221713\\1644598387010.png, D:\\xampp\\htdocs\\training\\Training\\Rattan\\Final_testing\\New_ActivityOverview\\Reports\\20220211_221705\\CancelAndRefundMultipleBookings-CopiedURL\\20220211_221713\\1644598450084.png, D:\\xampp\\htdocs\\training\\Training\\Rattan\\Final_testing\\New_ActivityOverview\\Reports\\20220211_221705\\CancelAndRefundMultipleBookings-CopiedURL\\20220211_221713\\1644598451888.png, D:\\xampp\\htdocs\\training\\Training\\Rattan\\Final_testing\\New_ActivityOverview\\Reports\\20220211_221705\\CancelAndRefundMultipleBookings-CopiedURL\\20220211_221713\\1644598476319.png, D:\\xampp\\htdocs\\training\\Training\\Rattan\\Final_testing\\New_ActivityOverview\\Reports\\20220211_221705\\CancelAndRefundMultipleBookings-CopiedURL\\20220211_221713\\1644598483137.png, D:\\xampp\\htdocs\\training\\Training\\Rattan\\Final_testing\\New_ActivityOverview\\Reports\\20220211_221705\\CancelAndRefundMultipleBookings-CopiedURL\\20220211_221713\\1644598497194.png, D:\\xampp\\htdocs\\training\\Training\\Rattan\\Final_testing\\New_ActivityOverview\\Reports\\20220211_221705\\CancelAndRefundMultipleBookings-CopiedURL\\20220211_221713\\1644598511238.png, D:\\xampp\\htdocs\\training\\Training\\Rattan\\Final_testing\\New_ActivityOverview\\Reports\\20220211_221705\\CancelAndRefundMultipleBookings-CopiedURL\\20220211_221713\\1644598522515.png, D:\\xampp\\htdocs\\training\\Training\\Rattan\\Final_testing\\New_ActivityOverview\\Reports\\20220211_221705\\CancelAndRefundMultipleBookings-CopiedURL\\20220211_221713\\1644598530205.png, D:\\xampp\\htdocs\\training\\Training\\Rattan\\Final_testing\\New_ActivityOverview\\Reports\\20220211_221705\\CancelAndRefundMultipleBookings-CopiedURL\\20220211_221713\\1644598540596.png, D:\\xampp\\htdocs\\training\\Training\\Rattan\\Final_testing\\New_ActivityOverview\\Reports\\20220211_221705\\CancelAndRefundMultipleBookings-CopiedURL\\20220211_221713\\1644598549348.png, D:\\xampp\\htdocs\\training\\Training\\Rattan\\Final_testing\\New_ActivityOverview\\Reports\\20220211_221705\\CancelAndRefundMultipleBookings-CopiedURL\\20220211_221713\\1644598561245.png, D:\\xampp\\htdocs\\training\\Training\\Rattan\\Final_testing\\New_ActivityOverview\\Reports\\20220211_221705\\CancelAndRefundMultipleBookings-CopiedURL\\20220211_221713\\1644598575512.png, D:\\xampp\\htdocs\\training\\Training\\Rattan\\Final_testing\\New_ActivityOverview\\Reports\\20220211_221705\\CancelAndRefundMultipleBookings-CopiedURL\\20220211_221713\\1644598651120.png, D:\\xampp\\htdocs\\training\\Training\\Rattan\\Final_testing\\New_ActivityOverview\\Reports\\20220211_221705\\CancelAndRefundMultipleBookings-CopiedURL\\20220211_221713\\1644598667581.png, D:\\xampp\\htdocs\\training\\Training\\Rattan\\Final_testing\\New_ActivityOverview\\Reports\\20220211_221705\\CancelAndRefundMultipleBookings-CopiedURL\\20220211_221713\\1644598684711.png, D:\\xampp\\htdocs\\training\\Training\\Rattan\\Final_testing\\New_ActivityOverview\\Reports\\20220211_221705\\CancelAndRefundMultipleBookings-CopiedURL\\20220211_221713\\1644598716664.png, D:\\xampp\\htdocs\\training\\Training\\Rattan\\Final_testing\\New_ActivityOverview\\Reports\\20220211_221705\\CancelAndRefundMultipleBookings-CopiedURL\\20220211_221713\\1644598740233.png, D:\\xampp\\htdocs\\training\\Training\\Rattan\\Final_testing\\New_ActivityOverview\\Reports\\20220211_221705\\CancelAndRefundMultipleBookings-CopiedURL\\20220211_221713\\1644598740765.png, D:\\xampp\\htdocs\\training\\Training\\Rattan\\Final_testing\\New_ActivityOverview\\Reports\\20220211_221705\\CancelAndRefundMultipleBookings-CopiedURL\\20220211_221713\\1644598764343.png, D:\\xampp\\htdocs\\training\\Training\\Rattan\\Final_testing\\New_ActivityOverview\\Reports\\20220211_221705\\CancelAndRefundMultipleBookings-CopiedURL\\20220211_221713\\1644598771003.png, D:\\xampp\\htdocs\\training\\Training\\Rattan\\Final_testing\\New_ActivityOverview\\Reports\\20220211_221705\\CancelAndRefundMultipleBookings-CopiedURL\\20220211_221713\\1644598785821.png, D:\\xampp\\htdocs\\training\\Training\\Rattan\\Final_testing\\New_ActivityOverview\\Reports\\20220211_221705\\CancelAndRefundMultipleBookings-CopiedURL\\20220211_221713\\1644598799554.png, D:\\xampp\\htdocs\\training\\Training\\Rattan\\Final_testing\\New_ActivityOverview\\Reports\\20220211_221705\\CancelAndRefundMultipleBookings-CopiedURL\\20220211_221713\\1644598810214.png, D:\\xampp\\htdocs\\training\\Training\\Rattan\\Final_testing\\New_ActivityOverview\\Reports\\20220211_221705\\CancelAndRefundMultipleBookings-CopiedURL\\20220211_221713\\1644598821193.png, D:\\xampp\\htdocs\\training\\Training\\Rattan\\Final_testing\\New_ActivityOverview\\Reports\\20220211_221705\\CancelAndRefundMultipleBookings-CopiedURL\\20220211_221713\\1644598829672.png, D:\\xampp\\htdocs\\training\\Training\\Rattan\\Final_testing\\New_ActivityOverview\\Reports\\20220211_221705\\CancelAndRefundMultipleBookings-CopiedURL\\20220211_221713\\1644598837835.png, D:\\xampp\\htdocs\\training\\Training\\Rattan\\Final_testing\\New_ActivityOverview\\Reports\\20220211_221705\\CancelAndRefundMultipleBookings-CopiedURL\\20220211_221713\\1644598848782.png, D:\\xampp\\htdocs\\training\\Training\\Rattan\\Final_testing\\New_ActivityOverview\\Reports\\20220211_221705\\CancelAndRefundMultipleBookings-CopiedURL\\20220211_221713\\1644598862627.png, D:\\xampp\\htdocs\\training\\Training\\Rattan\\Final_testing\\New_ActivityOverview\\Reports\\20220211_221705\\CancelAndRefundMultipleBookings-CopiedURL\\20220211_221713\\1644598916286.png, D:\\xampp\\htdocs\\training\\Training\\Rattan\\Final_testing\\New_ActivityOverview\\Reports\\20220211_221705\\CancelAndRefundMultipleBookings-CopiedURL\\20220211_221713\\1644598916764.png, D:\\xampp\\htdocs\\training\\Training\\Rattan\\Final_testing\\New_ActivityOverview\\Reports\\20220211_221705\\CancelAndRefundMultipleBookings-CopiedURL\\20220211_221713\\1644598940344.png, D:\\xampp\\htdocs\\training\\Training\\Rattan\\Final_testing\\New_ActivityOverview\\Reports\\20220211_221705\\CancelAndRefundMultipleBookings-CopiedURL\\20220211_221713\\1644598946897.png, D:\\xampp\\htdocs\\training\\Training\\Rattan\\Final_testing\\New_ActivityOverview\\Reports\\20220211_221705\\CancelAndRefundMultipleBookings-CopiedURL\\20220211_221713\\1644598960548.png, D:\\xampp\\htdocs\\training\\Training\\Rattan\\Final_testing\\New_ActivityOverview\\Reports\\20220211_221705\\CancelAndRefundMultipleBookings-CopiedURL\\20220211_221713\\1644598974201.png, D:\\xampp\\htdocs\\training\\Training\\Rattan\\Final_testing\\New_ActivityOverview\\Reports\\20220211_221705\\CancelAndRefundMultipleBookings-CopiedURL\\20220211_221713\\1644598984658.png, D:\\xampp\\htdocs\\training\\Training\\Rattan\\Final_testing\\New_ActivityOverview\\Reports\\20220211_221705\\CancelAndRefundMultipleBookings-CopiedURL\\20220211_221713\\1644598994599.png, D:\\xampp\\htdocs\\training\\Training\\Rattan\\Final_testing\\New_ActivityOverview\\Reports\\20220211_221705\\CancelAndRefundMultipleBookings-CopiedURL\\20220211_221713\\1644599008727.png, D:\\xampp\\htdocs\\training\\Training\\Rattan\\Final_testing\\New_ActivityOverview\\Reports\\20220211_221705\\CancelAndRefundMultipleBookings-CopiedURL\\20220211_221713\\1644599016613.png, D:\\xampp\\htdocs\\training\\Training\\Rattan\\Final_testing\\New_ActivityOverview\\Reports\\20220211_221705\\CancelAndRefundMultipleBookings-CopiedURL\\20220211_221713\\1644599049676.png"/>
         <property name="hostName" value="intersoft-admin - DESKTOP-ANQSRIJ"/>
         <property name="os" value="Windows 10 64bit"/>
         <property name="katalonVersion" value="8.2.5.208"/>
         <property name="browser" value="Chrome 98.0.4758.82"/>
         <property name="hostAddress" value="192.168.1.59"/>
         <property name="sessionId" value="50e29d7083f8c4feb84c783f27c9be8a"/>
         <property name="seleniumVersion" value="3.141.59"/>
         <property name="proxyInformation" value="ProxyInformation { proxyOption=NO_PROXY, proxyServerType=HTTP, username=, password=********, proxyServerAddress=, proxyServerPort=0, executionList=&quot;&quot;, isApplyToDesiredCapabilities=true }"/>
         <property name="platform" value="Windows 10"/>
      </properties>
      <testcase name="Test Cases/NewActivityOverview-LeftNavigation/ActivityOverview-CancelBooking-GetOrderIDAndRefund - CopiedURL" time="477.454" classname="Test Cases/NewActivityOverview-LeftNavigation/ActivityOverview-CancelBooking-GetOrderIDAndRefund - CopiedURL" status="PASSED">
         <system-out><![CDATA[2022-02-11 22:26:45 - [TEST_CASE][PASSED] - Test Cases/NewActivityOverview-LeftNavigation/ActivityOverview-CancelBooking-GetOrderIDAndRefund - CopiedURL: Test Cases/NewActivityOverview-LeftNavigation/ActivityOverview-CancelBooking-GetOrderIDAndRefund - CopiedURL

2022-02-11 22:26:46 - [TEST_STEP][PASSED] - callTestCase(findTestCase("LoginWithSuperAdmin/SuperAdmin-Login"), [:], STOP_ON_FAILURE): Call Test Case 'Test Cases/LoginWithSuperAdmin/SuperAdmin-Login' successfully

2022-02-11 22:26:46 - [TEST_CASE][PASSED] - Test Cases/LoginWithSuperAdmin/SuperAdmin-Login: Test Cases/LoginWithSuperAdmin/SuperAdmin-Login

2022-02-11 22:26:46 - [TEST_STEP][PASSED] - openBrowser(""): Browser is opened with url: ''

2022-02-11 22:26:46 - [MESSAGE][WARNING] - A browser is already opened. Closing browser and opening a new one

2022-02-11 22:26:47 - [MESSAGE][INFO] - Starting 'Chrome' driver

2022-02-11 22:26:47 - [MESSAGE][INFO] - Action delay is set to 3,000 milliseconds

2022-02-11 22:26:50 - [MESSAGE][PASSED] - Browser is opened with url: ''

2022-02-11 22:26:50 - [TEST_STEP][PASSED] - setViewPortSize(1920, 1080): Viewport is set to new size with width = 1920 and height = 1080

2022-02-11 22:26:50 - [MESSAGE][PASSED] - Viewport is set to new size with width = 1920 and height = 1080

2022-02-11 22:26:50 - [TEST_STEP][PASSED] - navigateToUrl(URL): Navigate to 'https://marketplacev1.test-prio.com' successfully

2022-02-11 22:26:55 - [MESSAGE][PASSED] - Navigate to 'https://marketplacev1.test-prio.com' successfully

2022-02-11 22:26:55 - [TEST_STEP][PASSED] - delay(3): Delayed 3 second(s)

2022-02-11 22:26:58 - [MESSAGE][PASSED] - Delayed 3 second(s)

2022-02-11 22:26:58 - [TEST_STEP][PASSED] - click(findTestObject("SuperAdmin/Login/input_Email_contact_email")): Object: 'Object Repository/SuperAdmin/Login/input_Email_contact_email' is clicked on

2022-02-11 22:27:17 - [MESSAGE][PASSED] - Object: 'Object Repository/SuperAdmin/Login/input_Email_contact_email' is clicked on

2022-02-11 22:27:17 - [TEST_STEP][PASSED] - setText(findTestObject("SuperAdmin/Login/input_Email_contact_email"), uname): Text 'superadmin@tippoint.com' is set on object 'Object Repository/SuperAdmin/Login/input_Email_contact_email'

2022-02-11 22:27:24 - [MESSAGE][PASSED] - Text 'superadmin@tippoint.com' is set on object 'Object Repository/SuperAdmin/Login/input_Email_contact_email'

2022-02-11 22:27:24 - [TEST_STEP][PASSED] - setEncryptedText(findTestObject("SuperAdmin/Login/input_Password_password"), Password): Text ****** has been set on object 'Object Repository/SuperAdmin/Login/input_Password_password'

2022-02-11 22:27:30 - [MESSAGE][PASSED] - Text ****** has been set on object 'Object Repository/SuperAdmin/Login/input_Password_password'

2022-02-11 22:27:30 - [TEST_STEP][PASSED] - takeScreenshot(): Taking screenshot successfully

2022-02-11 22:27:32 - [MESSAGE][PASSED] - Taking screenshot successfully
[[ATTACHMENT|D:\\xampp\\htdocs\\training\\Training\\Rattan\\Final_testing\\New_ActivityOverview\\Reports\\20220211_221705\\CancelAndRefundMultipleBookings-CopiedURL\\20220211_221713\\1644598651120.png]]

2022-02-11 22:27:32 - [TEST_STEP][PASSED] - newpackage.clickUsingJS.clickUsingJS(findTestObject("SuperAdmin/Login/button_Sign in"), 5): newpackage.clickUsingJS.clickUsingJS is PASSED

2022-02-11 22:27:32 - [MESSAGE][PASSED] - newpackage.clickUsingJS.clickUsingJS is PASSED

2022-02-11 22:27:32 - [MESSAGE][PASSED] - Call Test Case 'Test Cases/LoginWithSuperAdmin/SuperAdmin-Login' successfully

2022-02-11 22:27:32 - [TEST_STEP][PASSED] - switchToDefaultContent(): null

2022-02-11 22:27:32 - [TEST_STEP][PASSED] - click(findTestObject("SuperAdminLeftNavigation/NewActivityOverview-LeftNavigation")): Object: 'Object Repository/SuperAdminLeftNavigation/NewActivityOverview-LeftNavigation' is clicked on

2022-02-11 22:27:46 - [MESSAGE][PASSED] - Object: 'Object Repository/SuperAdminLeftNavigation/NewActivityOverview-LeftNavigation' is clicked on

2022-02-11 22:27:46 - [TEST_STEP][PASSED] - takeScreenshot(): Taking screenshot successfully

2022-02-11 22:27:54 - [MESSAGE][PASSED] - Taking screenshot successfully
[[ATTACHMENT|D:\\xampp\\htdocs\\training\\Training\\Rattan\\Final_testing\\New_ActivityOverview\\Reports\\20220211_221705\\CancelAndRefundMultipleBookings-CopiedURL\\20220211_221713\\1644598667581.png]]

2022-02-11 22:27:54 - [TEST_STEP][PASSED] - switchToFrame(findTestObject("Object Repository/Iframe/NewActivityOverviewIframe"), 5): null

2022-02-11 22:27:54 - [TEST_STEP][PASSED] - delay(10): Delayed 10 second(s)

2022-02-11 22:28:04 - [MESSAGE][PASSED] - Delayed 10 second(s)

2022-02-11 22:28:04 - [TEST_STEP][PASSED] - takeScreenshot(): Taking screenshot successfully

2022-02-11 22:28:04 - [MESSAGE][PASSED] - Taking screenshot successfully
[[ATTACHMENT|D:\\xampp\\htdocs\\training\\Training\\Rattan\\Final_testing\\New_ActivityOverview\\Reports\\20220211_221705\\CancelAndRefundMultipleBookings-CopiedURL\\20220211_221713\\1644598684711.png]]

2022-02-11 22:28:04 - [TEST_STEP][PASSED] - sizeoflisting = findWebElements(findTestObject("ListingArea/ListingContainsData"), 5).size(): null

2022-02-11 22:28:05 - [TEST_STEP][PASSED] - println(sizeoflisting): null

2022-02-11 22:28:05 - [TEST_STEP][PASSED] - logInfo(Size of Order Listing: $sizeoflisting): Size of Order Listing: 11

2022-02-11 22:28:05 - [MESSAGE][INFO] - Size of Order Listing: 11

2022-02-11 22:28:05 - [TEST_STEP][PASSED] - if (sizeoflisting > 2): Delayed 13 second(s)

2022-02-11 22:28:05 - [TEST_STEP][PASSED] - logInfo("Orders Exist in Listing"): Orders Exist in Listing

2022-02-11 22:28:05 - [MESSAGE][INFO] - Orders Exist in Listing

2022-02-11 22:28:05 - [TEST_STEP][PASSED] - click(findTestObject("Object Repository/OrderPerPage/OrderPerPage_select")): Object: 'Object Repository/OrderPerPage/OrderPerPage_select' is clicked on

2022-02-11 22:28:08 - [MESSAGE][PASSED] - Object: 'Object Repository/OrderPerPage/OrderPerPage_select' is clicked on

2022-02-11 22:28:08 - [TEST_STEP][PASSED] - delay(5): Delayed 5 second(s)

2022-02-11 22:28:13 - [MESSAGE][PASSED] - Delayed 5 second(s)

2022-02-11 22:28:13 - [TEST_STEP][PASSED] - click(findTestObject("Object Repository/OrderPerPage/OrderPerPage-SelectOption")): Object: 'Object Repository/OrderPerPage/OrderPerPage-SelectOption' is clicked on

2022-02-11 22:28:16 - [MESSAGE][PASSED] - Object: 'Object Repository/OrderPerPage/OrderPerPage-SelectOption' is clicked on

2022-02-11 22:28:16 - [TEST_STEP][PASSED] - delay(20): Delayed 20 second(s)

2022-02-11 22:28:36 - [MESSAGE][PASSED] - Delayed 20 second(s)

2022-02-11 22:28:36 - [TEST_STEP][PASSED] - takeScreenshot(): Taking screenshot successfully

2022-02-11 22:28:36 - [MESSAGE][PASSED] - Taking screenshot successfully
[[ATTACHMENT|D:\\xampp\\htdocs\\training\\Training\\Rattan\\Final_testing\\New_ActivityOverview\\Reports\\20220211_221705\\CancelAndRefundMultipleBookings-CopiedURL\\20220211_221713\\1644598716664.png]]

2022-02-11 22:28:36 - [TEST_STEP][PASSED] - SizeofPagination = getText(findTestObject("Object Repository/PaginationCOunt/PaginationCount")): Text of object 'Object Repository/PaginationCOunt/PaginationCount' is: '100'

2022-02-11 22:28:36 - [MESSAGE][PASSED] - Text of object 'Object Repository/PaginationCOunt/PaginationCount' is: '100'

2022-02-11 22:28:36 - [TEST_STEP][PASSED] - println(SizeofPagination): null

2022-02-11 22:28:36 - [TEST_STEP][PASSED] - paginationmaxcount = Integer.parseInt(SizeofPagination): null

2022-02-11 22:28:36 - [TEST_STEP][PASSED] - paginationmaxcount = 2: null

2022-02-11 22:28:36 - [TEST_STEP][PASSED] - logInfo(Size of Pagination: $paginationmaxcount): Size of Pagination: 2

2022-02-11 22:28:36 - [MESSAGE][INFO] - Size of Pagination: 2

2022-02-11 22:28:36 - [TEST_STEP][PASSED] - totalrecords = 0: null

2022-02-11 22:28:36 - [TEST_STEP][PASSED] - for ([l = 1, l <= paginationmaxcount, (l++)]): Delayed 13 second(s)

2022-02-11 22:28:36 - [TEST_STEP][PASSED] - if (l <= 5): null

2022-02-11 22:28:36 - [TEST_STEP][PASSED] - paginationvalue = l: null

2022-02-11 22:28:36 - [TEST_STEP][PASSED] - if (l > 5): null

2022-02-11 22:28:36 - [TEST_STEP][PASSED] - logInfo(Size of Pagination: $paginationvalue): Size of Pagination: 1

2022-02-11 22:28:36 - [MESSAGE][INFO] - Size of Pagination: 1

2022-02-11 22:28:36 - [TEST_STEP][PASSED] - click(findTestObject("Object Repository/PaginationCOunt/ClickOnPagination", ["pagination":paginationvalue])): Object: 'Object Repository/PaginationCOunt/ClickOnPagination' is clicked on

2022-02-11 22:28:40 - [MESSAGE][PASSED] - Object: 'Object Repository/PaginationCOunt/ClickOnPagination' is clicked on

2022-02-11 22:28:40 - [TEST_STEP][PASSED] - delay(20): Delayed 20 second(s)

2022-02-11 22:29:00 - [MESSAGE][PASSED] - Delayed 20 second(s)

2022-02-11 22:29:00 - [TEST_STEP][PASSED] - takeScreenshot(): Taking screenshot successfully

2022-02-11 22:29:00 - [MESSAGE][PASSED] - Taking screenshot successfully
[[ATTACHMENT|D:\\xampp\\htdocs\\training\\Training\\Rattan\\Final_testing\\New_ActivityOverview\\Reports\\20220211_221705\\CancelAndRefundMultipleBookings-CopiedURL\\20220211_221713\\1644598740233.png]]

2022-02-11 22:29:00 - [TEST_STEP][PASSED] - SizeofActiveBookings = findWebElements(findTestObject("Object Repository/CancelAndRefund/OrderListWithoutRefundedStatus"), 5).size(): null

2022-02-11 22:29:00 - [TEST_STEP][PASSED] - logInfo(Size of Active Bookings: $SizeofActiveBookings): Size of Active Bookings: 84

2022-02-11 22:29:00 - [MESSAGE][INFO] - Size of Active Bookings: 84

2022-02-11 22:29:00 - [TEST_STEP][PASSED] - for ([refund = 1, refund < SizeofActiveBookings, (refund++)]): Call Test Case 'Test Cases/StepToReUse/ActivityOverview-CancelBooking' successfully

2022-02-11 22:29:00 - [TEST_STEP][PASSED] - if (refund == 1): null

2022-02-11 22:29:00 - [TEST_STEP][PASSED] - refund = SizeofActiveBookings: null

2022-02-11 22:29:00 - [TEST_STEP][PASSED] - refundvalue = refund: null

2022-02-11 22:29:00 - [TEST_STEP][PASSED] - logInfo(Size of refund booking: $refund): Size of refund booking: 84

2022-02-11 22:29:00 - [MESSAGE][INFO] - Size of refund booking: 84

2022-02-11 22:29:00 - [TEST_STEP][PASSED] - scrollToElement(findTestObject("Object Repository/CancelAndRefund/OrderListWithoutRefundedStatus - Click", ["position":refund]), 15): Scroll to object 'Object Repository/CancelAndRefund/OrderListWithoutRefundedStatus - Click' successfully

2022-02-11 22:29:00 - [MESSAGE][PASSED] - Scroll to object 'Object Repository/CancelAndRefund/OrderListWithoutRefundedStatus - Click' successfully

2022-02-11 22:29:00 - [TEST_STEP][PASSED] - takeScreenshot(): Taking screenshot successfully

2022-02-11 22:29:00 - [MESSAGE][PASSED] - Taking screenshot successfully
[[ATTACHMENT|D:\\xampp\\htdocs\\training\\Training\\Rattan\\Final_testing\\New_ActivityOverview\\Reports\\20220211_221705\\CancelAndRefundMultipleBookings-CopiedURL\\20220211_221713\\1644598740765.png]]

2022-02-11 22:29:00 - [TEST_STEP][PASSED] - orderId = findWebElement(findTestObject("Object Repository/GetOrderID/GetOrderID", ["position":refund])).getAttribute("data-order_id"): null

2022-02-11 22:29:01 - [TEST_STEP][PASSED] - orderId = orderId: null

2022-02-11 22:29:01 - [TEST_STEP][PASSED] - logInfo(Order ID: $orderId): Order ID: 164449792376653

2022-02-11 22:29:01 - [MESSAGE][INFO] - Order ID: 164449792376653

2022-02-11 22:29:01 - [TEST_STEP][PASSED] - click(findTestObject("Object Repository/GetOrderID/GetOrderID", ["position":refund])): Object: 'Object Repository/GetOrderID/GetOrderID' is clicked on

2022-02-11 22:29:04 - [MESSAGE][PASSED] - Object: 'Object Repository/GetOrderID/GetOrderID' is clicked on

2022-02-11 22:29:04 - [TEST_STEP][PASSED] - delay(20): Delayed 20 second(s)

2022-02-11 22:29:24 - [MESSAGE][PASSED] - Delayed 20 second(s)

2022-02-11 22:29:24 - [TEST_STEP][PASSED] - takeScreenshot(): Taking screenshot successfully

2022-02-11 22:29:24 - [MESSAGE][PASSED] - Taking screenshot successfully
[[ATTACHMENT|D:\\xampp\\htdocs\\training\\Training\\Rattan\\Final_testing\\New_ActivityOverview\\Reports\\20220211_221705\\CancelAndRefundMultipleBookings-CopiedURL\\20220211_221713\\1644598764343.png]]

2022-02-11 22:29:24 - [TEST_STEP][PASSED] - if (waitForElementPresent(findTestObject("Object Repository/DetailPop-up/ExpanSection/ProductInformationExpandedSection-Exist"), 10)): null

2022-02-11 22:29:24 - [MESSAGE][PASSED] - Object 'Object Repository/DetailPop-up/ExpanSection/ProductInformationExpandedSection-Exist' is present

2022-02-11 22:29:24 - [TEST_STEP][PASSED] - logInfo("Product Expanded Section Exist"): Product Expanded Section Exist

2022-02-11 22:29:24 - [MESSAGE][INFO] - Product Expanded Section Exist

2022-02-11 22:29:24 - [TEST_STEP][PASSED] - click(findTestObject("DetailPop-up/ExpanSection/ProductInformationExpandedSection -Exist- ClickOnExpandedView")): Object: 'Object Repository/DetailPop-up/ExpanSection/ProductInformationExpandedSection -Exist- ClickOnExpandedView' is clicked on

2022-02-11 22:29:27 - [MESSAGE][PASSED] - Object: 'Object Repository/DetailPop-up/ExpanSection/ProductInformationExpandedSection -Exist- ClickOnExpandedView' is clicked on

2022-02-11 22:29:27 - [TEST_STEP][PASSED] - delay(3): Delayed 3 second(s)

2022-02-11 22:29:30 - [MESSAGE][PASSED] - Delayed 3 second(s)

2022-02-11 22:29:30 - [TEST_STEP][PASSED] - takeScreenshot(): Taking screenshot successfully

2022-02-11 22:29:32 - [MESSAGE][PASSED] - Taking screenshot successfully
[[ATTACHMENT|D:\\xampp\\htdocs\\training\\Training\\Rattan\\Final_testing\\New_ActivityOverview\\Reports\\20220211_221705\\CancelAndRefundMultipleBookings-CopiedURL\\20220211_221713\\1644598771003.png]]

2022-02-11 22:29:32 - [TEST_STEP][PASSED] - callTestCase(findTestCase("Test Cases/StepToReUse/StepTOCopyURLAndAddAnotherTab"), [:], CONTINUE_ON_FAILURE): Call Test Case 'Test Cases/StepToReUse/StepTOCopyURLAndAddAnotherTab' successfully

2022-02-11 22:29:32 - [TEST_CASE][PASSED] - Test Cases/StepToReUse/StepTOCopyURLAndAddAnotherTab: Test Cases/StepToReUse/StepTOCopyURLAndAddAnotherTab

2022-02-11 22:29:32 - [TEST_STEP][PASSED] - click(findTestObject("Object Repository/Header/Preview/ClickOnPreviewIcon")): Object: 'Object Repository/Header/Preview/ClickOnPreviewIcon' is clicked on

2022-02-11 22:29:35 - [MESSAGE][PASSED] - Object: 'Object Repository/Header/Preview/ClickOnPreviewIcon' is clicked on

2022-02-11 22:29:35 - [TEST_STEP][PASSED] - delay(10): Delayed 10 second(s)

2022-02-11 22:29:45 - [MESSAGE][PASSED] - Delayed 10 second(s)

2022-02-11 22:29:45 - [TEST_STEP][PASSED] - takeScreenshot(): Taking screenshot successfully

2022-02-11 22:29:46 - [MESSAGE][PASSED] - Taking screenshot successfully
[[ATTACHMENT|D:\\xampp\\htdocs\\training\\Training\\Rattan\\Final_testing\\New_ActivityOverview\\Reports\\20220211_221705\\CancelAndRefundMultipleBookings-CopiedURL\\20220211_221713\\1644598785821.png]]

2022-02-11 22:29:46 - [TEST_STEP][PASSED] - click(findTestObject("Object Repository/Header/Preview/PrintVoucher")): Object: 'Object Repository/Header/Preview/PrintVoucher' is clicked on

2022-02-11 22:29:49 - [MESSAGE][PASSED] - Object: 'Object Repository/Header/Preview/PrintVoucher' is clicked on

2022-02-11 22:29:49 - [TEST_STEP][PASSED] - delay(10): Delayed 10 second(s)

2022-02-11 22:29:59 - [MESSAGE][PASSED] - Delayed 10 second(s)

2022-02-11 22:29:59 - [TEST_STEP][PASSED] - takeScreenshot(): Taking screenshot successfully

2022-02-11 22:29:59 - [MESSAGE][PASSED] - Taking screenshot successfully
[[ATTACHMENT|D:\\xampp\\htdocs\\training\\Training\\Rattan\\Final_testing\\New_ActivityOverview\\Reports\\20220211_221705\\CancelAndRefundMultipleBookings-CopiedURL\\20220211_221713\\1644598799554.png]]

2022-02-11 22:29:59 - [TEST_STEP][PASSED] - UrlToClick = findWebElement(findTestObject("Object Repository/Header/CopyUrl/CopyUrl")).getAttribute("data-href_url"): null

2022-02-11 22:29:59 - [TEST_STEP][PASSED] - println(UrlToClick): null

2022-02-11 22:29:59 - [TEST_STEP][PASSED] - ActivityUrl = UrlToClick: null

2022-02-11 22:29:59 - [TEST_STEP][PASSED] - switchToWindowIndex(1): Switched to window with index: '1'

2022-02-11 22:30:00 - [MESSAGE][PASSED] - Switched to window with index: '1'

2022-02-11 22:30:00 - [TEST_STEP][PASSED] - delay(5): Delayed 5 second(s)

2022-02-11 22:30:05 - [MESSAGE][PASSED] - Delayed 5 second(s)

2022-02-11 22:30:05 - [TEST_STEP][PASSED] - navigateToUrl(ActivityUrl): Navigate to 'https://activity.test-prio.com/orders/164449792376653' successfully

2022-02-11 22:30:09 - [MESSAGE][PASSED] - Navigate to 'https://activity.test-prio.com/orders/164449792376653' successfully

2022-02-11 22:30:09 - [TEST_STEP][PASSED] - takeScreenshot(): Taking screenshot successfully

2022-02-11 22:30:13 - [MESSAGE][PASSED] - Taking screenshot successfully
[[ATTACHMENT|D:\\xampp\\htdocs\\training\\Training\\Rattan\\Final_testing\\New_ActivityOverview\\Reports\\20220211_221705\\CancelAndRefundMultipleBookings-CopiedURL\\20220211_221713\\1644598810214.png]]

2022-02-11 22:30:13 - [TEST_STEP][PASSED] - switchToDefaultContent(): null

2022-02-11 22:30:13 - [MESSAGE][PASSED] - Call Test Case 'Test Cases/StepToReUse/StepTOCopyURLAndAddAnotherTab' successfully

2022-02-11 22:30:13 - [TEST_STEP][PASSED] - bookingsize = findWebElements(findTestObject("Object Repository/DetailPop-up/ExpanSection/ProductSectionLength"), 5).size(): null

2022-02-11 22:30:14 - [TEST_STEP][PASSED] - logInfo(Size of Bookings on Product detail Pop-up: $bookingsize): Size of Bookings on Product detail Pop-up: 1

2022-02-11 22:30:14 - [MESSAGE][INFO] - Size of Bookings on Product detail Pop-up: 1

2022-02-11 22:30:14 - [TEST_STEP][PASSED] - for ([looping = 1, looping <= bookingsize, (looping++)]): Call Test Case 'Test Cases/StepToReUse/ActivityOverview-CancelBooking' successfully

2022-02-11 22:30:14 - [TEST_STEP][PASSED] - click(findTestObject("Object Repository/DetailPop-up/ExpanSection/ExpandProductSection", ["position":looping])): Object: 'Object Repository/DetailPop-up/ExpanSection/ExpandProductSection' is clicked on

2022-02-11 22:30:17 - [MESSAGE][PASSED] - Object: 'Object Repository/DetailPop-up/ExpanSection/ExpandProductSection' is clicked on

2022-02-11 22:30:17 - [TEST_STEP][PASSED] - delay(3): Delayed 3 second(s)

2022-02-11 22:30:20 - [MESSAGE][PASSED] - Delayed 3 second(s)

2022-02-11 22:30:20 - [TEST_STEP][PASSED] - takeScreenshot(): Taking screenshot successfully

2022-02-11 22:30:21 - [MESSAGE][PASSED] - Taking screenshot successfully
[[ATTACHMENT|D:\\xampp\\htdocs\\training\\Training\\Rattan\\Final_testing\\New_ActivityOverview\\Reports\\20220211_221705\\CancelAndRefundMultipleBookings-CopiedURL\\20220211_221713\\1644598821193.png]]

2022-02-11 22:30:21 - [TEST_STEP][PASSED] - callTestCase(findTestCase("Test Cases/StepToReUse/ActivityOverview-CancelBooking"), [:], CONTINUE_ON_FAILURE): Call Test Case 'Test Cases/StepToReUse/ActivityOverview-CancelBooking' successfully

2022-02-11 22:30:21 - [TEST_CASE][PASSED] - Test Cases/StepToReUse/ActivityOverview-CancelBooking: Test Cases/StepToReUse/ActivityOverview-CancelBooking

2022-02-11 22:30:21 - [TEST_STEP][PASSED] - logInfo(Refund Value: $GlobalVariable.refundvalue): Refund Value: 84

2022-02-11 22:30:21 - [MESSAGE][INFO] - Refund Value: 84

2022-02-11 22:30:21 - [TEST_STEP][PASSED] - cancelButtonSize = findWebElements(findTestObject("Object Repository/CancelAndRefund/CancelBookingButton"), 5).size(): null

2022-02-11 22:30:22 - [TEST_STEP][PASSED] - logInfo(Cancel Button Size: $cancelButtonSize): Cancel Button Size: 1

2022-02-11 22:30:22 - [MESSAGE][INFO] - Cancel Button Size: 1

2022-02-11 22:30:22 - [TEST_STEP][PASSED] - if (cancelButtonSize == 1): null

2022-02-11 22:30:22 - [TEST_STEP][PASSED] - if (waitForElementClickable(findTestObject("Object Repository/CancelAndRefund/CancelBookingButton"), 15) == true): null

2022-02-11 22:30:22 - [MESSAGE][PASSED] - Object 'Object Repository/CancelAndRefund/CancelBookingButton' is clickable

2022-02-11 22:30:22 - [TEST_STEP][PASSED] - scrollToElement(findTestObject("Object Repository/CancelAndRefund/CancelBookingButton"), 15): Scroll to object 'Object Repository/CancelAndRefund/CancelBookingButton' successfully

2022-02-11 22:30:22 - [MESSAGE][PASSED] - Scroll to object 'Object Repository/CancelAndRefund/CancelBookingButton' successfully

2022-02-11 22:30:22 - [TEST_STEP][PASSED] - click(findTestObject("Object Repository/CancelAndRefund/CancelBookingButton")): Object: 'Object Repository/CancelAndRefund/CancelBookingButton' is clicked on

2022-02-11 22:30:26 - [MESSAGE][PASSED] - Object: 'Object Repository/CancelAndRefund/CancelBookingButton' is clicked on

2022-02-11 22:30:26 - [TEST_STEP][PASSED] - delay(3): Delayed 3 second(s)

2022-02-11 22:30:29 - [MESSAGE][PASSED] - Delayed 3 second(s)

2022-02-11 22:30:29 - [TEST_STEP][PASSED] - takeScreenshot(): Taking screenshot successfully

2022-02-11 22:30:30 - [MESSAGE][PASSED] - Taking screenshot successfully
[[ATTACHMENT|D:\\xampp\\htdocs\\training\\Training\\Rattan\\Final_testing\\New_ActivityOverview\\Reports\\20220211_221705\\CancelAndRefundMultipleBookings-CopiedURL\\20220211_221713\\1644598829672.png]]

2022-02-11 22:30:30 - [TEST_STEP][PASSED] - if (waitForElementClickable(findTestObject("Object Repository/CancelAndRefund/CancelButton - OnRefundPop-up"), 15) == true): null

2022-02-11 22:30:31 - [MESSAGE][PASSED] - Object 'Object Repository/CancelAndRefund/CancelButton - OnRefundPop-up' is clickable

2022-02-11 22:30:31 - [TEST_STEP][PASSED] - click(findTestObject("Object Repository/CancelAndRefund/CancelButton - OnRefundPop-up")): Object: 'Object Repository/CancelAndRefund/CancelButton - OnRefundPop-up' is clicked on

2022-02-11 22:30:34 - [MESSAGE][PASSED] - Object: 'Object Repository/CancelAndRefund/CancelButton - OnRefundPop-up' is clicked on

2022-02-11 22:30:34 - [TEST_STEP][PASSED] - delay(3): Delayed 3 second(s)

2022-02-11 22:30:37 - [MESSAGE][PASSED] - Delayed 3 second(s)

2022-02-11 22:30:37 - [TEST_STEP][PASSED] - takeScreenshot(): Taking screenshot successfully

2022-02-11 22:30:38 - [MESSAGE][PASSED] - Taking screenshot successfully
[[ATTACHMENT|D:\\xampp\\htdocs\\training\\Training\\Rattan\\Final_testing\\New_ActivityOverview\\Reports\\20220211_221705\\CancelAndRefundMultipleBookings-CopiedURL\\20220211_221713\\1644598837835.png]]

2022-02-11 22:30:38 - [TEST_STEP][PASSED] - click(findTestObject("Object Repository/CancelAndRefund/CancelBookingButton")): Object: 'Object Repository/CancelAndRefund/CancelBookingButton' is clicked on

2022-02-11 22:30:41 - [MESSAGE][PASSED] - Object: 'Object Repository/CancelAndRefund/CancelBookingButton' is clicked on

2022-02-11 22:30:41 - [TEST_STEP][PASSED] - if (refundvalue < 4): null

2022-02-11 22:30:41 - [TEST_STEP][PASSED] - if (refundvalue <= 6 && refundvalue >= 4): null

2022-02-11 22:30:41 - [TEST_STEP][PASSED] - if (refundvalue > 6): null

2022-02-11 22:30:41 - [TEST_STEP][PASSED] - if (waitForElementVisible(findTestObject("Object Repository/CancelAndRefund/RefundOptionRadio"), 15) == true): null

2022-02-11 22:30:42 - [MESSAGE][PASSED] - Object 'Object Repository/CancelAndRefund/RefundOptionRadio' is visible

2022-02-11 22:30:42 - [TEST_STEP][PASSED] - click(findTestObject("Object Repository/CancelAndRefund/RefundOptionRadio")): Object: 'Object Repository/CancelAndRefund/RefundOptionRadio' is clicked on

2022-02-11 22:30:45 - [MESSAGE][PASSED] - Object: 'Object Repository/CancelAndRefund/RefundOptionRadio' is clicked on

2022-02-11 22:30:45 - [TEST_STEP][PASSED] - delay(3): Delayed 3 second(s)

2022-02-11 22:30:48 - [MESSAGE][PASSED] - Delayed 3 second(s)

2022-02-11 22:30:48 - [TEST_STEP][PASSED] - takeScreenshot(): Taking screenshot successfully

2022-02-11 22:30:48 - [MESSAGE][PASSED] - Taking screenshot successfully
[[ATTACHMENT|D:\\xampp\\htdocs\\training\\Training\\Rattan\\Final_testing\\New_ActivityOverview\\Reports\\20220211_221705\\CancelAndRefundMultipleBookings-CopiedURL\\20220211_221713\\1644598848782.png]]

2022-02-11 22:30:48 - [TEST_STEP][PASSED] - setText(findTestObject("Object Repository/CancelAndRefund/ReasonForCancellation"), CancellationReason): Text 'Order Refunded to Test Automation Testing Under Katalon' is set on object 'Object Repository/CancelAndRefund/ReasonForCancellation'

2022-02-11 22:30:55 - [MESSAGE][PASSED] - Text 'Order Refunded to Test Automation Testing Under Katalon' is set on object 'Object Repository/CancelAndRefund/ReasonForCancellation'

2022-02-11 22:30:55 - [TEST_STEP][PASSED] - click(findTestObject("Object Repository/CancelAndRefund/ConfirmCancellationButton")): Object: 'Object Repository/CancelAndRefund/ConfirmCancellationButton' is clicked on

2022-02-11 22:30:59 - [MESSAGE][PASSED] - Object: 'Object Repository/CancelAndRefund/ConfirmCancellationButton' is clicked on

2022-02-11 22:30:59 - [TEST_STEP][PASSED] - delay(3): Delayed 3 second(s)

2022-02-11 22:31:02 - [MESSAGE][PASSED] - Delayed 3 second(s)

2022-02-11 22:31:02 - [TEST_STEP][PASSED] - takeScreenshot(): Taking screenshot successfully

2022-02-11 22:31:02 - [MESSAGE][PASSED] - Taking screenshot successfully
[[ATTACHMENT|D:\\xampp\\htdocs\\training\\Training\\Rattan\\Final_testing\\New_ActivityOverview\\Reports\\20220211_221705\\CancelAndRefundMultipleBookings-CopiedURL\\20220211_221713\\1644598862627.png]]

2022-02-11 22:31:02 - [TEST_STEP][PASSED] - if (cancelButtonSize > 1): null

2022-02-11 22:31:02 - [MESSAGE][PASSED] - Call Test Case 'Test Cases/StepToReUse/ActivityOverview-CancelBooking' successfully

2022-02-11 22:31:02 - [TEST_STEP][PASSED] - switchToWindowIndex(0): Switched to window with index: '0'

2022-02-11 22:31:02 - [MESSAGE][PASSED] - Switched to window with index: '0'

2022-02-11 22:31:02 - [TEST_STEP][PASSED] - delay(13): Delayed 13 second(s)

2022-02-11 22:31:15 - [MESSAGE][PASSED] - Delayed 13 second(s)

2022-02-11 22:31:15 - [TEST_STEP][PASSED] - switchToFrame(findTestObject("Object Repository/Iframe/NewActivityOverviewIframe"), 5): null

2022-02-11 22:31:16 - [TEST_STEP][PASSED] - click(findTestObject("Object Repository/DetailPop-up/Backbutton/BackButtonToListing")): Object: 'Object Repository/DetailPop-up/Backbutton/BackButtonToListing' is clicked on

2022-02-11 22:31:20 - [MESSAGE][PASSED] - Object: 'Object Repository/DetailPop-up/Backbutton/BackButtonToListing' is clicked on

2022-02-11 22:31:20 - [TEST_STEP][PASSED] - delay(13): Delayed 13 second(s)

2022-02-11 22:31:33 - [MESSAGE][PASSED] - Delayed 13 second(s)

2022-02-11 22:31:33 - [TEST_STEP][PASSED] - if (l <= 5): null

2022-02-11 22:31:33 - [TEST_STEP][PASSED] - paginationvalue = l: null

2022-02-11 22:31:33 - [TEST_STEP][PASSED] - if (l > 5): null

2022-02-11 22:31:33 - [TEST_STEP][PASSED] - logInfo(Size of Pagination: $paginationvalue): Size of Pagination: 2

2022-02-11 22:31:33 - [MESSAGE][INFO] - Size of Pagination: 2

2022-02-11 22:31:33 - [TEST_STEP][PASSED] - click(findTestObject("Object Repository/PaginationCOunt/ClickOnPagination", ["pagination":paginationvalue])): Object: 'Object Repository/PaginationCOunt/ClickOnPagination' is clicked on

2022-02-11 22:31:36 - [MESSAGE][PASSED] - Object: 'Object Repository/PaginationCOunt/ClickOnPagination' is clicked on

2022-02-11 22:31:36 - [TEST_STEP][PASSED] - delay(20): Delayed 20 second(s)

2022-02-11 22:31:56 - [MESSAGE][PASSED] - Delayed 20 second(s)

2022-02-11 22:31:56 - [TEST_STEP][PASSED] - takeScreenshot(): Taking screenshot successfully

2022-02-11 22:31:56 - [MESSAGE][PASSED] - Taking screenshot successfully
[[ATTACHMENT|D:\\xampp\\htdocs\\training\\Training\\Rattan\\Final_testing\\New_ActivityOverview\\Reports\\20220211_221705\\CancelAndRefundMultipleBookings-CopiedURL\\20220211_221713\\1644598916286.png]]

2022-02-11 22:31:56 - [TEST_STEP][PASSED] - SizeofActiveBookings = findWebElements(findTestObject("Object Repository/CancelAndRefund/OrderListWithoutRefundedStatus"), 5).size(): null

2022-02-11 22:31:56 - [TEST_STEP][PASSED] - logInfo(Size of Active Bookings: $SizeofActiveBookings): Size of Active Bookings: 79

2022-02-11 22:31:56 - [MESSAGE][INFO] - Size of Active Bookings: 79

2022-02-11 22:31:56 - [TEST_STEP][PASSED] - for ([refund = 1, refund < SizeofActiveBookings, (refund++)]): Call Test Case 'Test Cases/StepToReUse/ActivityOverview-CancelBooking' successfully

2022-02-11 22:31:56 - [TEST_STEP][PASSED] - if (refund == 1): null

2022-02-11 22:31:56 - [TEST_STEP][PASSED] - refund = SizeofActiveBookings: null

2022-02-11 22:31:56 - [TEST_STEP][PASSED] - refundvalue = refund: null

2022-02-11 22:31:56 - [TEST_STEP][PASSED] - logInfo(Size of refund booking: $refund): Size of refund booking: 79

2022-02-11 22:31:56 - [MESSAGE][INFO] - Size of refund booking: 79

2022-02-11 22:31:56 - [TEST_STEP][PASSED] - scrollToElement(findTestObject("Object Repository/CancelAndRefund/OrderListWithoutRefundedStatus - Click", ["position":refund]), 15): Scroll to object 'Object Repository/CancelAndRefund/OrderListWithoutRefundedStatus - Click' successfully

2022-02-11 22:31:56 - [MESSAGE][PASSED] - Scroll to object 'Object Repository/CancelAndRefund/OrderListWithoutRefundedStatus - Click' successfully

2022-02-11 22:31:56 - [TEST_STEP][PASSED] - takeScreenshot(): Taking screenshot successfully

2022-02-11 22:31:56 - [MESSAGE][PASSED] - Taking screenshot successfully
[[ATTACHMENT|D:\\xampp\\htdocs\\training\\Training\\Rattan\\Final_testing\\New_ActivityOverview\\Reports\\20220211_221705\\CancelAndRefundMultipleBookings-CopiedURL\\20220211_221713\\1644598916764.png]]

2022-02-11 22:31:56 - [TEST_STEP][PASSED] - orderId = findWebElement(findTestObject("Object Repository/GetOrderID/GetOrderID", ["position":refund])).getAttribute("data-order_id"): null

2022-02-11 22:31:57 - [TEST_STEP][PASSED] - orderId = orderId: null

2022-02-11 22:31:57 - [TEST_STEP][PASSED] - logInfo(Order ID: $orderId): Order ID: 164440489862832

2022-02-11 22:31:57 - [MESSAGE][INFO] - Order ID: 164440489862832

2022-02-11 22:31:57 - [TEST_STEP][PASSED] - click(findTestObject("Object Repository/GetOrderID/GetOrderID", ["position":refund])): Object: 'Object Repository/GetOrderID/GetOrderID' is clicked on

2022-02-11 22:32:00 - [MESSAGE][PASSED] - Object: 'Object Repository/GetOrderID/GetOrderID' is clicked on

2022-02-11 22:32:00 - [TEST_STEP][PASSED] - delay(20): Delayed 20 second(s)

2022-02-11 22:32:20 - [MESSAGE][PASSED] - Delayed 20 second(s)

2022-02-11 22:32:20 - [TEST_STEP][PASSED] - takeScreenshot(): Taking screenshot successfully

2022-02-11 22:32:20 - [MESSAGE][PASSED] - Taking screenshot successfully
[[ATTACHMENT|D:\\xampp\\htdocs\\training\\Training\\Rattan\\Final_testing\\New_ActivityOverview\\Reports\\20220211_221705\\CancelAndRefundMultipleBookings-CopiedURL\\20220211_221713\\1644598940344.png]]

2022-02-11 22:32:20 - [TEST_STEP][PASSED] - if (waitForElementPresent(findTestObject("Object Repository/DetailPop-up/ExpanSection/ProductInformationExpandedSection-Exist"), 10)): null

2022-02-11 22:32:20 - [MESSAGE][PASSED] - Object 'Object Repository/DetailPop-up/ExpanSection/ProductInformationExpandedSection-Exist' is present

2022-02-11 22:32:20 - [TEST_STEP][PASSED] - logInfo("Product Expanded Section Exist"): Product Expanded Section Exist

2022-02-11 22:32:20 - [MESSAGE][INFO] - Product Expanded Section Exist

2022-02-11 22:32:20 - [TEST_STEP][PASSED] - click(findTestObject("DetailPop-up/ExpanSection/ProductInformationExpandedSection -Exist- ClickOnExpandedView")): Object: 'Object Repository/DetailPop-up/ExpanSection/ProductInformationExpandedSection -Exist- ClickOnExpandedView' is clicked on

2022-02-11 22:32:23 - [MESSAGE][PASSED] - Object: 'Object Repository/DetailPop-up/ExpanSection/ProductInformationExpandedSection -Exist- ClickOnExpandedView' is clicked on

2022-02-11 22:32:23 - [TEST_STEP][PASSED] - delay(3): Delayed 3 second(s)

2022-02-11 22:32:26 - [MESSAGE][PASSED] - Delayed 3 second(s)

2022-02-11 22:32:26 - [TEST_STEP][PASSED] - takeScreenshot(): Taking screenshot successfully

2022-02-11 22:32:27 - [MESSAGE][PASSED] - Taking screenshot successfully
[[ATTACHMENT|D:\\xampp\\htdocs\\training\\Training\\Rattan\\Final_testing\\New_ActivityOverview\\Reports\\20220211_221705\\CancelAndRefundMultipleBookings-CopiedURL\\20220211_221713\\1644598946897.png]]

2022-02-11 22:32:27 - [TEST_STEP][PASSED] - callTestCase(findTestCase("Test Cases/StepToReUse/StepTOCopyURLAndAddAnotherTab"), [:], CONTINUE_ON_FAILURE): Call Test Case 'Test Cases/StepToReUse/StepTOCopyURLAndAddAnotherTab' successfully

2022-02-11 22:32:27 - [TEST_CASE][PASSED] - Test Cases/StepToReUse/StepTOCopyURLAndAddAnotherTab: Test Cases/StepToReUse/StepTOCopyURLAndAddAnotherTab

2022-02-11 22:32:27 - [TEST_STEP][PASSED] - click(findTestObject("Object Repository/Header/Preview/ClickOnPreviewIcon")): Object: 'Object Repository/Header/Preview/ClickOnPreviewIcon' is clicked on

2022-02-11 22:32:30 - [MESSAGE][PASSED] - Object: 'Object Repository/Header/Preview/ClickOnPreviewIcon' is clicked on

2022-02-11 22:32:30 - [TEST_STEP][PASSED] - delay(10): Delayed 10 second(s)

2022-02-11 22:32:40 - [MESSAGE][PASSED] - Delayed 10 second(s)

2022-02-11 22:32:40 - [TEST_STEP][PASSED] - takeScreenshot(): Taking screenshot successfully

2022-02-11 22:32:40 - [MESSAGE][PASSED] - Taking screenshot successfully
[[ATTACHMENT|D:\\xampp\\htdocs\\training\\Training\\Rattan\\Final_testing\\New_ActivityOverview\\Reports\\20220211_221705\\CancelAndRefundMultipleBookings-CopiedURL\\20220211_221713\\1644598960548.png]]

2022-02-11 22:32:40 - [TEST_STEP][PASSED] - click(findTestObject("Object Repository/Header/Preview/PrintVoucher")): Object: 'Object Repository/Header/Preview/PrintVoucher' is clicked on

2022-02-11 22:32:44 - [MESSAGE][PASSED] - Object: 'Object Repository/Header/Preview/PrintVoucher' is clicked on

2022-02-11 22:32:44 - [TEST_STEP][PASSED] - delay(10): Delayed 10 second(s)

2022-02-11 22:32:54 - [MESSAGE][PASSED] - Delayed 10 second(s)

2022-02-11 22:32:54 - [TEST_STEP][PASSED] - takeScreenshot(): Taking screenshot successfully

2022-02-11 22:32:54 - [MESSAGE][PASSED] - Taking screenshot successfully
[[ATTACHMENT|D:\\xampp\\htdocs\\training\\Training\\Rattan\\Final_testing\\New_ActivityOverview\\Reports\\20220211_221705\\CancelAndRefundMultipleBookings-CopiedURL\\20220211_221713\\1644598974201.png]]

2022-02-11 22:32:54 - [TEST_STEP][PASSED] - UrlToClick = findWebElement(findTestObject("Object Repository/Header/CopyUrl/CopyUrl")).getAttribute("data-href_url"): null

2022-02-11 22:32:54 - [TEST_STEP][PASSED] - println(UrlToClick): null

2022-02-11 22:32:54 - [TEST_STEP][PASSED] - ActivityUrl = UrlToClick: null

2022-02-11 22:32:54 - [TEST_STEP][PASSED] - switchToWindowIndex(1): Switched to window with index: '1'

2022-02-11 22:32:54 - [MESSAGE][PASSED] - Switched to window with index: '1'

2022-02-11 22:32:54 - [TEST_STEP][PASSED] - delay(5): Delayed 5 second(s)

2022-02-11 22:32:59 - [MESSAGE][PASSED] - Delayed 5 second(s)

2022-02-11 22:32:59 - [TEST_STEP][PASSED] - navigateToUrl(ActivityUrl): Navigate to 'https://activity.test-prio.com/orders/164440489862832' successfully

2022-02-11 22:33:04 - [MESSAGE][PASSED] - Navigate to 'https://activity.test-prio.com/orders/164440489862832' successfully

2022-02-11 22:33:04 - [TEST_STEP][PASSED] - takeScreenshot(): Taking screenshot successfully

2022-02-11 22:33:04 - [MESSAGE][PASSED] - Taking screenshot successfully
[[ATTACHMENT|D:\\xampp\\htdocs\\training\\Training\\Rattan\\Final_testing\\New_ActivityOverview\\Reports\\20220211_221705\\CancelAndRefundMultipleBookings-CopiedURL\\20220211_221713\\1644598984658.png]]

2022-02-11 22:33:04 - [TEST_STEP][PASSED] - switchToDefaultContent(): null

2022-02-11 22:33:05 - [MESSAGE][PASSED] - Call Test Case 'Test Cases/StepToReUse/StepTOCopyURLAndAddAnotherTab' successfully

2022-02-11 22:33:05 - [TEST_STEP][PASSED] - bookingsize = findWebElements(findTestObject("Object Repository/DetailPop-up/ExpanSection/ProductSectionLength"), 5).size(): null

2022-02-11 22:33:05 - [TEST_STEP][PASSED] - logInfo(Size of Bookings on Product detail Pop-up: $bookingsize): Size of Bookings on Product detail Pop-up: 1

2022-02-11 22:33:05 - [MESSAGE][INFO] - Size of Bookings on Product detail Pop-up: 1

2022-02-11 22:33:05 - [TEST_STEP][PASSED] - for ([looping = 1, looping <= bookingsize, (looping++)]): Call Test Case 'Test Cases/StepToReUse/ActivityOverview-CancelBooking' successfully

2022-02-11 22:33:05 - [TEST_STEP][PASSED] - click(findTestObject("Object Repository/DetailPop-up/ExpanSection/ExpandProductSection", ["position":looping])): Object: 'Object Repository/DetailPop-up/ExpanSection/ExpandProductSection' is clicked on

2022-02-11 22:33:09 - [MESSAGE][PASSED] - Object: 'Object Repository/DetailPop-up/ExpanSection/ExpandProductSection' is clicked on

2022-02-11 22:33:09 - [TEST_STEP][PASSED] - delay(3): Delayed 3 second(s)

2022-02-11 22:33:12 - [MESSAGE][PASSED] - Delayed 3 second(s)

2022-02-11 22:33:12 - [TEST_STEP][PASSED] - takeScreenshot(): Taking screenshot successfully

2022-02-11 22:33:18 - [MESSAGE][PASSED] - Taking screenshot successfully
[[ATTACHMENT|D:\\xampp\\htdocs\\training\\Training\\Rattan\\Final_testing\\New_ActivityOverview\\Reports\\20220211_221705\\CancelAndRefundMultipleBookings-CopiedURL\\20220211_221713\\1644598994599.png]]

2022-02-11 22:33:18 - [TEST_STEP][PASSED] - callTestCase(findTestCase("Test Cases/StepToReUse/ActivityOverview-CancelBooking"), [:], CONTINUE_ON_FAILURE): Call Test Case 'Test Cases/StepToReUse/ActivityOverview-CancelBooking' successfully

2022-02-11 22:33:18 - [TEST_CASE][PASSED] - Test Cases/StepToReUse/ActivityOverview-CancelBooking: Test Cases/StepToReUse/ActivityOverview-CancelBooking

2022-02-11 22:33:19 - [TEST_STEP][PASSED] - logInfo(Refund Value: $GlobalVariable.refundvalue): Refund Value: 79

2022-02-11 22:33:19 - [MESSAGE][INFO] - Refund Value: 79

2022-02-11 22:33:19 - [TEST_STEP][PASSED] - cancelButtonSize = findWebElements(findTestObject("Object Repository/CancelAndRefund/CancelBookingButton"), 5).size(): null

2022-02-11 22:33:20 - [TEST_STEP][PASSED] - logInfo(Cancel Button Size: $cancelButtonSize): Cancel Button Size: 1

2022-02-11 22:33:20 - [MESSAGE][INFO] - Cancel Button Size: 1

2022-02-11 22:33:20 - [TEST_STEP][PASSED] - if (cancelButtonSize == 1): null

2022-02-11 22:33:20 - [TEST_STEP][PASSED] - if (waitForElementClickable(findTestObject("Object Repository/CancelAndRefund/CancelBookingButton"), 15) == true): null

2022-02-11 22:33:21 - [MESSAGE][PASSED] - Object 'Object Repository/CancelAndRefund/CancelBookingButton' is clickable

2022-02-11 22:33:21 - [TEST_STEP][PASSED] - scrollToElement(findTestObject("Object Repository/CancelAndRefund/CancelBookingButton"), 15): Scroll to object 'Object Repository/CancelAndRefund/CancelBookingButton' successfully

2022-02-11 22:33:21 - [MESSAGE][PASSED] - Scroll to object 'Object Repository/CancelAndRefund/CancelBookingButton' successfully

2022-02-11 22:33:21 - [TEST_STEP][PASSED] - click(findTestObject("Object Repository/CancelAndRefund/CancelBookingButton")): Object: 'Object Repository/CancelAndRefund/CancelBookingButton' is clicked on

2022-02-11 22:33:25 - [MESSAGE][PASSED] - Object: 'Object Repository/CancelAndRefund/CancelBookingButton' is clicked on

2022-02-11 22:33:25 - [TEST_STEP][PASSED] - delay(3): Delayed 3 second(s)

2022-02-11 22:33:28 - [MESSAGE][PASSED] - Delayed 3 second(s)

2022-02-11 22:33:28 - [TEST_STEP][PASSED] - takeScreenshot(): Taking screenshot successfully

2022-02-11 22:33:29 - [MESSAGE][PASSED] - Taking screenshot successfully
[[ATTACHMENT|D:\\xampp\\htdocs\\training\\Training\\Rattan\\Final_testing\\New_ActivityOverview\\Reports\\20220211_221705\\CancelAndRefundMultipleBookings-CopiedURL\\20220211_221713\\1644599008727.png]]

2022-02-11 22:33:29 - [TEST_STEP][PASSED] - if (waitForElementClickable(findTestObject("Object Repository/CancelAndRefund/CancelButton - OnRefundPop-up"), 15) == true): null

2022-02-11 22:33:29 - [MESSAGE][PASSED] - Object 'Object Repository/CancelAndRefund/CancelButton - OnRefundPop-up' is clickable

2022-02-11 22:33:29 - [TEST_STEP][PASSED] - click(findTestObject("Object Repository/CancelAndRefund/CancelButton - OnRefundPop-up")): Object: 'Object Repository/CancelAndRefund/CancelButton - OnRefundPop-up' is clicked on

2022-02-11 22:33:33 - [MESSAGE][PASSED] - Object: 'Object Repository/CancelAndRefund/CancelButton - OnRefundPop-up' is clicked on

2022-02-11 22:33:33 - [TEST_STEP][PASSED] - delay(3): Delayed 3 second(s)

2022-02-11 22:33:36 - [MESSAGE][PASSED] - Delayed 3 second(s)

2022-02-11 22:33:36 - [TEST_STEP][PASSED] - takeScreenshot(): Taking screenshot successfully

2022-02-11 22:33:36 - [MESSAGE][PASSED] - Taking screenshot successfully
[[ATTACHMENT|D:\\xampp\\htdocs\\training\\Training\\Rattan\\Final_testing\\New_ActivityOverview\\Reports\\20220211_221705\\CancelAndRefundMultipleBookings-CopiedURL\\20220211_221713\\1644599016613.png]]

2022-02-11 22:33:36 - [TEST_STEP][PASSED] - click(findTestObject("Object Repository/CancelAndRefund/CancelBookingButton")): Object: 'Object Repository/CancelAndRefund/CancelBookingButton' is clicked on

2022-02-11 22:33:40 - [MESSAGE][PASSED] - Object: 'Object Repository/CancelAndRefund/CancelBookingButton' is clicked on

2022-02-11 22:33:40 - [TEST_STEP][PASSED] - if (refundvalue < 4): null

2022-02-11 22:33:40 - [TEST_STEP][PASSED] - if (refundvalue <= 6 && refundvalue >= 4): null

2022-02-11 22:33:40 - [TEST_STEP][PASSED] - if (refundvalue > 6): Object 'Object Repository/CancelAndRefund/RefundOptionRadio' is not visible after 15 second(s)

2022-02-11 22:33:40 - [TEST_STEP][PASSED] - if (waitForElementVisible(findTestObject("Object Repository/CancelAndRefund/RefundOptionRadio"), 15) == true): Object 'Object Repository/CancelAndRefund/RefundOptionRadio' is not visible after 15 second(s)

2022-02-11 22:33:56 - [MESSAGE][WARNING] - Object 'Object Repository/CancelAndRefund/RefundOptionRadio' is not visible after 15 second(s)

2022-02-11 22:33:56 - [TEST_STEP][PASSED] - setText(findTestObject("Object Repository/CancelAndRefund/ReasonForCancellation"), CancellationReason): Text 'Order Refunded to Test Automation Testing Under Katalon' is set on object 'Object Repository/CancelAndRefund/ReasonForCancellation'

2022-02-11 22:34:02 - [MESSAGE][PASSED] - Text 'Order Refunded to Test Automation Testing Under Katalon' is set on object 'Object Repository/CancelAndRefund/ReasonForCancellation'

2022-02-11 22:34:02 - [TEST_STEP][PASSED] - click(findTestObject("Object Repository/CancelAndRefund/ConfirmCancellationButton")): Object: 'Object Repository/CancelAndRefund/ConfirmCancellationButton' is clicked on

2022-02-11 22:34:06 - [MESSAGE][PASSED] - Object: 'Object Repository/CancelAndRefund/ConfirmCancellationButton' is clicked on

2022-02-11 22:34:06 - [TEST_STEP][PASSED] - delay(3): Delayed 3 second(s)

2022-02-11 22:34:09 - [MESSAGE][PASSED] - Delayed 3 second(s)

2022-02-11 22:34:09 - [TEST_STEP][PASSED] - takeScreenshot(): Taking screenshot successfully

2022-02-11 22:34:13 - [MESSAGE][PASSED] - Taking screenshot successfully
[[ATTACHMENT|D:\\xampp\\htdocs\\training\\Training\\Rattan\\Final_testing\\New_ActivityOverview\\Reports\\20220211_221705\\CancelAndRefundMultipleBookings-CopiedURL\\20220211_221713\\1644599049676.png]]

2022-02-11 22:34:13 - [TEST_STEP][PASSED] - if (cancelButtonSize > 1): null

2022-02-11 22:34:13 - [MESSAGE][PASSED] - Call Test Case 'Test Cases/StepToReUse/ActivityOverview-CancelBooking' successfully

2022-02-11 22:34:13 - [TEST_STEP][PASSED] - switchToWindowIndex(0): Switched to window with index: '0'

2022-02-11 22:34:13 - [MESSAGE][PASSED] - Switched to window with index: '0'

2022-02-11 22:34:13 - [TEST_STEP][PASSED] - delay(13): Delayed 13 second(s)

2022-02-11 22:34:26 - [MESSAGE][PASSED] - Delayed 13 second(s)

2022-02-11 22:34:26 - [TEST_STEP][PASSED] - switchToFrame(findTestObject("Object Repository/Iframe/NewActivityOverviewIframe"), 5): null

2022-02-11 22:34:26 - [TEST_STEP][PASSED] - click(findTestObject("Object Repository/DetailPop-up/Backbutton/BackButtonToListing")): Object: 'Object Repository/DetailPop-up/Backbutton/BackButtonToListing' is clicked on

2022-02-11 22:34:30 - [MESSAGE][PASSED] - Object: 'Object Repository/DetailPop-up/Backbutton/BackButtonToListing' is clicked on

2022-02-11 22:34:30 - [TEST_STEP][PASSED] - delay(13): Delayed 13 second(s)

2022-02-11 22:34:43 - [MESSAGE][PASSED] - Delayed 13 second(s)]]></system-out>
         <system-err><![CDATA[]]></system-err>
      </testcase>
      <system-out><![CDATA[2022-02-11 22:18:41 - [TEST_SUITE][FAILED] - CancelAndRefundMultipleBookings-CopiedURL: Test Cases/NewActivityOverview-LeftNavigation/ActivityOverview-CancelBooking-GetOrderIDAndRefund - CopiedURL FAILED.
Reason:
com.kms.katalon.core.exception.StepFailedException: Unable to call Test Case 'Test Cases/StepToReUse/StepTOCopyURLAndAddAnotherTab' (Root cause: com.kms.katalon.core.exception.StepFailedException: Call Test Case 'Test Cases/StepToReUse/StepTOCopyURLAndAddAnotherTab' failed
	at com.kms.katalon.core.keyword.builtin.CallTestCaseKeyword$_callTestCase_closure1.doCall(CallTestCaseKeyword.groovy:63)
	at com.kms.katalon.core.keyword.builtin.CallTestCaseKeyword$_callTestCase_closure1.call(CallTestCaseKeyword.groovy)
	at com.kms.katalon.core.keyword.internal.KeywordMain.runKeyword(KeywordMain.groovy:74)
	at com.kms.katalon.core.keyword.builtin.CallTestCaseKeyword.callTestCase(CallTestCaseKeyword.groovy:81)
	at com.kms.katalon.core.keyword.builtin.CallTestCaseKeyword.execute(CallTestCaseKeyword.groovy:44)
	at com.kms.katalon.core.keyword.internal.KeywordExecutor.executeKeywordForPlatform(KeywordExecutor.groovy:74)
	at com.kms.katalon.core.keyword.BuiltinKeywords.callTestCase(BuiltinKeywords.groovy:334)
	at ActivityOverview-CancelBooking-GetOrderIDAndRefund - CopiedURL.run(ActivityOverview-CancelBooking-GetOrderIDAndRefund - CopiedURL:142)
	at com.kms.katalon.core.main.ScriptEngine.run(ScriptEngine.java:194)
	at com.kms.katalon.core.main.ScriptEngine.runScriptAsRawText(ScriptEngine.java:119)
	at com.kms.katalon.core.main.TestCaseExecutor.runScript(TestCaseExecutor.java:442)
	at com.kms.katalon.core.main.TestCaseExecutor.doExecute(TestCaseExecutor.java:433)
	at com.kms.katalon.core.main.TestCaseExecutor.processExecutionPhase(TestCaseExecutor.java:412)
	at com.kms.katalon.core.main.TestCaseExecutor.accessMainPhase(TestCaseExecutor.java:404)
	at com.kms.katalon.core.main.TestCaseExecutor.execute(TestCaseExecutor.java:281)
	at com.kms.katalon.core.main.TestSuiteExecutor.accessTestCaseMainPhase(TestSuiteExecutor.java:202)
	at com.kms.katalon.core.main.TestSuiteExecutor.accessTestSuiteMainPhase(TestSuiteExecutor.java:164)
	at com.kms.katalon.core.main.TestSuiteExecutor.execute(TestSuiteExecutor.java:105)
	at com.kms.katalon.core.main.TestCaseMain.startTestSuite(TestCaseMain.java:185)
	at com.kms.katalon.core.main.TestCaseMain$startTestSuite$0.call(Unknown Source)
	at TempTestSuite1644598033412.run(TempTestSuite1644598033412.groovy:36)
Caused by: com.kms.katalon.core.exception.StepFailedException: Unable to click on object 'Object Repository/Header/Preview/ClickOnPreviewIcon'
	at com.kms.katalon.core.webui.keyword.internal.WebUIKeywordMain.stepFailed(WebUIKeywordMain.groovy:64)
	at com.kms.katalon.core.webui.keyword.internal.WebUIKeywordMain.runKeyword(WebUIKeywordMain.groovy:26)
	at com.kms.katalon.core.webui.keyword.builtin.ClickKeyword.click(ClickKeyword.groovy:74)
	at com.kms.katalon.core.webui.keyword.builtin.ClickKeyword.execute(ClickKeyword.groovy:40)
	at com.kms.katalon.core.keyword.internal.KeywordExecutor.executeKeywordForPlatform(KeywordExecutor.groovy:74)
	at com.kms.katalon.core.webui.keyword.WebUiBuiltInKeywords.click(WebUiBuiltInKeywords.groovy:620)
	at com.kms.katalon.core.webui.keyword.WebUiBuiltInKeywords$click$2.call(Unknown Source)
	at StepTOCopyURLAndAddAnotherTab.run(StepTOCopyURLAndAddAnotherTab:29)
	at com.kms.katalon.core.main.ScriptEngine.run(ScriptEngine.java:194)
	at com.kms.katalon.core.main.ScriptEngine.runScriptAsRawText(ScriptEngine.java:119)
	at com.kms.katalon.core.main.TestCaseExecutor.runScript(TestCaseExecutor.java:442)
	at com.kms.katalon.core.main.TestCaseExecutor.doExecute(TestCaseExecutor.java:433)
	at com.kms.katalon.core.main.TestCaseExecutor.processExecutionPhase(TestCaseExecutor.java:412)
	at com.kms.katalon.core.main.TestCaseExecutor.accessMainPhase(TestCaseExecutor.java:404)
	at com.kms.katalon.core.main.TestCaseExecutor.execute(TestCaseExecutor.java:281)
	at com.kms.katalon.core.main.TestCaseMain.runTestCase(TestCaseMain.java:142)
	at com.kms.katalon.core.keyword.builtin.CallTestCaseKeyword$_callTestCase_closure1.doCall(CallTestCaseKeyword.groovy:59)
	... 20 more
Caused by: com.kms.katalon.core.webui.exception.WebElementNotFoundException: Web element with id: 'Object Repository/Header/Preview/ClickOnPreviewIcon' located by '//span[contains(text(),'Preview')]//parent::a' not found
	at com.kms.katalon.core.webui.common.WebUiCommonHelper.findWebElement(WebUiCommonHelper.java:1370)
	at com.kms.katalon.core.webui.keyword.internal.WebUIAbstractKeyword.findWebElement(WebUIAbstractKeyword.groovy:27)
	at com.kms.katalon.core.webui.keyword.builtin.ClickKeyword$_click_closure1.doCall(ClickKeyword.groovy:65)
	at com.kms.katalon.core.webui.keyword.builtin.ClickKeyword$_click_closure1.call(ClickKeyword.groovy)
	at com.kms.katalon.core.webui.keyword.internal.WebUIKeywordMain.runKeyword(WebUIKeywordMain.groovy:20)
	... 35 more
)
	at com.kms.katalon.core.keyword.internal.KeywordMain.stepFailed(KeywordMain.groovy:39)
	at com.kms.katalon.core.keyword.internal.KeywordMain.stepFailed(KeywordMain.groovy)
	at com.kms.katalon.core.keyword.internal.KeywordMain.runKeyword(KeywordMain.groovy:76)
	at com.kms.katalon.core.keyword.builtin.CallTestCaseKeyword.callTestCase(CallTestCaseKeyword.groovy:81)
	at com.kms.katalon.core.keyword.builtin.CallTestCaseKeyword.execute(CallTestCaseKeyword.groovy:44)
	at com.kms.katalon.core.keyword.internal.KeywordExecutor.executeKeywordForPlatform(KeywordExecutor.groovy:74)
	at com.kms.katalon.core.keyword.BuiltinKeywords.callTestCase(BuiltinKeywords.groovy:334)
	at ActivityOverview-CancelBooking-GetOrderIDAndRefund - CopiedURL.run(ActivityOverview-CancelBooking-GetOrderIDAndRefund - CopiedURL:142)
	at com.kms.katalon.core.main.ScriptEngine.run(ScriptEngine.java:194)
	at com.kms.katalon.core.main.ScriptEngine.runScriptAsRawText(ScriptEngine.java:119)
	at com.kms.katalon.core.main.TestCaseExecutor.runScript(TestCaseExecutor.java:442)
	at com.kms.katalon.core.main.TestCaseExecutor.doExecute(TestCaseExecutor.java:433)
	at com.kms.katalon.core.main.TestCaseExecutor.processExecutionPhase(TestCaseExecutor.java:412)
	at com.kms.katalon.core.main.TestCaseExecutor.accessMainPhase(TestCaseExecutor.java:404)
	at com.kms.katalon.core.main.TestCaseExecutor.execute(TestCaseExecutor.java:281)
	at com.kms.katalon.core.main.TestSuiteExecutor.accessTestCaseMainPhase(TestSuiteExecutor.java:202)
	at com.kms.katalon.core.main.TestSuiteExecutor.accessTestSuiteMainPhase(TestSuiteExecutor.java:164)
	at com.kms.katalon.core.main.TestSuiteExecutor.execute(TestSuiteExecutor.java:105)
	at com.kms.katalon.core.main.TestCaseMain.startTestSuite(TestCaseMain.java:185)
	at com.kms.katalon.core.main.TestCaseMain$startTestSuite$0.call(Unknown Source)
	at TempTestSuite1644598033412.run(TempTestSuite1644598033412.groovy:36)
Caused by: com.kms.katalon.core.exception.StepFailedException: Call Test Case 'Test Cases/StepToReUse/StepTOCopyURLAndAddAnotherTab' failed
	at com.kms.katalon.core.keyword.builtin.CallTestCaseKeyword$_callTestCase_closure1.doCall(CallTestCaseKeyword.groovy:63)
	at com.kms.katalon.core.keyword.builtin.CallTestCaseKeyword$_callTestCase_closure1.call(CallTestCaseKeyword.groovy)
	at com.kms.katalon.core.keyword.internal.KeywordMain.runKeyword(KeywordMain.groovy:74)
	... 18 more
Caused by: com.kms.katalon.core.exception.StepFailedException: Unable to click on object 'Object Repository/Header/Preview/ClickOnPreviewIcon'
	at com.kms.katalon.core.webui.keyword.internal.WebUIKeywordMain.stepFailed(WebUIKeywordMain.groovy:64)
	at com.kms.katalon.core.webui.keyword.internal.WebUIKeywordMain.runKeyword(WebUIKeywordMain.groovy:26)
	at com.kms.katalon.core.webui.keyword.builtin.ClickKeyword.click(ClickKeyword.groovy:74)
	at com.kms.katalon.core.webui.keyword.builtin.ClickKeyword.execute(ClickKeyword.groovy:40)
	at com.kms.katalon.core.keyword.internal.KeywordExecutor.executeKeywordForPlatform(KeywordExecutor.groovy:74)
	at com.kms.katalon.core.webui.keyword.WebUiBuiltInKeywords.click(WebUiBuiltInKeywords.groovy:620)
	at com.kms.katalon.core.webui.keyword.WebUiBuiltInKeywords$click$2.call(Unknown Source)
	at StepTOCopyURLAndAddAnotherTab.run(StepTOCopyURLAndAddAnotherTab:29)
	at com.kms.katalon.core.main.ScriptEngine.run(ScriptEngine.java:194)
	at com.kms.katalon.core.main.ScriptEngine.runScriptAsRawText(ScriptEngine.java:119)
	at com.kms.katalon.core.main.TestCaseExecutor.runScript(TestCaseExecutor.java:442)
	at com.kms.katalon.core.main.TestCaseExecutor.doExecute(TestCaseExecutor.java:433)
	at com.kms.katalon.core.main.TestCaseExecutor.processExecutionPhase(TestCaseExecutor.java:412)
	at com.kms.katalon.core.main.TestCaseExecutor.accessMainPhase(TestCaseExecutor.java:404)
	at com.kms.katalon.core.main.TestCaseExecutor.execute(TestCaseExecutor.java:281)
	at com.kms.katalon.core.main.TestCaseMain.runTestCase(TestCaseMain.java:142)
	at com.kms.katalon.core.keyword.builtin.CallTestCaseKeyword$_callTestCase_closure1.doCall(CallTestCaseKeyword.groovy:59)
	... 20 more
Caused by: com.kms.katalon.core.webui.exception.WebElementNotFoundException: Web element with id: 'Object Repository/Header/Preview/ClickOnPreviewIcon' located by '//span[contains(text(),'Preview')]//parent::a' not found
	at com.kms.katalon.core.webui.common.WebUiCommonHelper.findWebElement(WebUiCommonHelper.java:1370)
	at com.kms.katalon.core.webui.keyword.internal.WebUIAbstractKeyword.findWebElement(WebUIAbstractKeyword.groovy:27)
	at com.kms.katalon.core.webui.keyword.builtin.ClickKeyword$_click_closure1.doCall(ClickKeyword.groovy:65)
	at com.kms.katalon.core.webui.keyword.builtin.ClickKeyword$_click_closure1.call(ClickKeyword.groovy)
	at com.kms.katalon.core.webui.keyword.internal.WebUIKeywordMain.runKeyword(WebUIKeywordMain.groovy:20)
	... 35 more]]></system-out>
      <system-err><![CDATA[2022-02-11 22:18:41 - [TEST_SUITE][FAILED] - CancelAndRefundMultipleBookings-CopiedURL: Test Cases/NewActivityOverview-LeftNavigation/ActivityOverview-CancelBooking-GetOrderIDAndRefund - CopiedURL FAILED.
Reason:
com.kms.katalon.core.exception.StepFailedException: Unable to call Test Case 'Test Cases/StepToReUse/StepTOCopyURLAndAddAnotherTab' (Root cause: com.kms.katalon.core.exception.StepFailedException: Call Test Case 'Test Cases/StepToReUse/StepTOCopyURLAndAddAnotherTab' failed
	at com.kms.katalon.core.keyword.builtin.CallTestCaseKeyword$_callTestCase_closure1.doCall(CallTestCaseKeyword.groovy:63)
	at com.kms.katalon.core.keyword.builtin.CallTestCaseKeyword$_callTestCase_closure1.call(CallTestCaseKeyword.groovy)
	at com.kms.katalon.core.keyword.internal.KeywordMain.runKeyword(KeywordMain.groovy:74)
	at com.kms.katalon.core.keyword.builtin.CallTestCaseKeyword.callTestCase(CallTestCaseKeyword.groovy:81)
	at com.kms.katalon.core.keyword.builtin.CallTestCaseKeyword.execute(CallTestCaseKeyword.groovy:44)
	at com.kms.katalon.core.keyword.internal.KeywordExecutor.executeKeywordForPlatform(KeywordExecutor.groovy:74)
	at com.kms.katalon.core.keyword.BuiltinKeywords.callTestCase(BuiltinKeywords.groovy:334)
	at ActivityOverview-CancelBooking-GetOrderIDAndRefund - CopiedURL.run(ActivityOverview-CancelBooking-GetOrderIDAndRefund - CopiedURL:142)
	at com.kms.katalon.core.main.ScriptEngine.run(ScriptEngine.java:194)
	at com.kms.katalon.core.main.ScriptEngine.runScriptAsRawText(ScriptEngine.java:119)
	at com.kms.katalon.core.main.TestCaseExecutor.runScript(TestCaseExecutor.java:442)
	at com.kms.katalon.core.main.TestCaseExecutor.doExecute(TestCaseExecutor.java:433)
	at com.kms.katalon.core.main.TestCaseExecutor.processExecutionPhase(TestCaseExecutor.java:412)
	at com.kms.katalon.core.main.TestCaseExecutor.accessMainPhase(TestCaseExecutor.java:404)
	at com.kms.katalon.core.main.TestCaseExecutor.execute(TestCaseExecutor.java:281)
	at com.kms.katalon.core.main.TestSuiteExecutor.accessTestCaseMainPhase(TestSuiteExecutor.java:202)
	at com.kms.katalon.core.main.TestSuiteExecutor.accessTestSuiteMainPhase(TestSuiteExecutor.java:164)
	at com.kms.katalon.core.main.TestSuiteExecutor.execute(TestSuiteExecutor.java:105)
	at com.kms.katalon.core.main.TestCaseMain.startTestSuite(TestCaseMain.java:185)
	at com.kms.katalon.core.main.TestCaseMain$startTestSuite$0.call(Unknown Source)
	at TempTestSuite1644598033412.run(TempTestSuite1644598033412.groovy:36)
Caused by: com.kms.katalon.core.exception.StepFailedException: Unable to click on object 'Object Repository/Header/Preview/ClickOnPreviewIcon'
	at com.kms.katalon.core.webui.keyword.internal.WebUIKeywordMain.stepFailed(WebUIKeywordMain.groovy:64)
	at com.kms.katalon.core.webui.keyword.internal.WebUIKeywordMain.runKeyword(WebUIKeywordMain.groovy:26)
	at com.kms.katalon.core.webui.keyword.builtin.ClickKeyword.click(ClickKeyword.groovy:74)
	at com.kms.katalon.core.webui.keyword.builtin.ClickKeyword.execute(ClickKeyword.groovy:40)
	at com.kms.katalon.core.keyword.internal.KeywordExecutor.executeKeywordForPlatform(KeywordExecutor.groovy:74)
	at com.kms.katalon.core.webui.keyword.WebUiBuiltInKeywords.click(WebUiBuiltInKeywords.groovy:620)
	at com.kms.katalon.core.webui.keyword.WebUiBuiltInKeywords$click$2.call(Unknown Source)
	at StepTOCopyURLAndAddAnotherTab.run(StepTOCopyURLAndAddAnotherTab:29)
	at com.kms.katalon.core.main.ScriptEngine.run(ScriptEngine.java:194)
	at com.kms.katalon.core.main.ScriptEngine.runScriptAsRawText(ScriptEngine.java:119)
	at com.kms.katalon.core.main.TestCaseExecutor.runScript(TestCaseExecutor.java:442)
	at com.kms.katalon.core.main.TestCaseExecutor.doExecute(TestCaseExecutor.java:433)
	at com.kms.katalon.core.main.TestCaseExecutor.processExecutionPhase(TestCaseExecutor.java:412)
	at com.kms.katalon.core.main.TestCaseExecutor.accessMainPhase(TestCaseExecutor.java:404)
	at com.kms.katalon.core.main.TestCaseExecutor.execute(TestCaseExecutor.java:281)
	at com.kms.katalon.core.main.TestCaseMain.runTestCase(TestCaseMain.java:142)
	at com.kms.katalon.core.keyword.builtin.CallTestCaseKeyword$_callTestCase_closure1.doCall(CallTestCaseKeyword.groovy:59)
	... 20 more
Caused by: com.kms.katalon.core.webui.exception.WebElementNotFoundException: Web element with id: 'Object Repository/Header/Preview/ClickOnPreviewIcon' located by '//span[contains(text(),'Preview')]//parent::a' not found
	at com.kms.katalon.core.webui.common.WebUiCommonHelper.findWebElement(WebUiCommonHelper.java:1370)
	at com.kms.katalon.core.webui.keyword.internal.WebUIAbstractKeyword.findWebElement(WebUIAbstractKeyword.groovy:27)
	at com.kms.katalon.core.webui.keyword.builtin.ClickKeyword$_click_closure1.doCall(ClickKeyword.groovy:65)
	at com.kms.katalon.core.webui.keyword.builtin.ClickKeyword$_click_closure1.call(ClickKeyword.groovy)
	at com.kms.katalon.core.webui.keyword.internal.WebUIKeywordMain.runKeyword(WebUIKeywordMain.groovy:20)
	... 35 more
)
	at com.kms.katalon.core.keyword.internal.KeywordMain.stepFailed(KeywordMain.groovy:39)
	at com.kms.katalon.core.keyword.internal.KeywordMain.stepFailed(KeywordMain.groovy)
	at com.kms.katalon.core.keyword.internal.KeywordMain.runKeyword(KeywordMain.groovy:76)
	at com.kms.katalon.core.keyword.builtin.CallTestCaseKeyword.callTestCase(CallTestCaseKeyword.groovy:81)
	at com.kms.katalon.core.keyword.builtin.CallTestCaseKeyword.execute(CallTestCaseKeyword.groovy:44)
	at com.kms.katalon.core.keyword.internal.KeywordExecutor.executeKeywordForPlatform(KeywordExecutor.groovy:74)
	at com.kms.katalon.core.keyword.BuiltinKeywords.callTestCase(BuiltinKeywords.groovy:334)
	at ActivityOverview-CancelBooking-GetOrderIDAndRefund - CopiedURL.run(ActivityOverview-CancelBooking-GetOrderIDAndRefund - CopiedURL:142)
	at com.kms.katalon.core.main.ScriptEngine.run(ScriptEngine.java:194)
	at com.kms.katalon.core.main.ScriptEngine.runScriptAsRawText(ScriptEngine.java:119)
	at com.kms.katalon.core.main.TestCaseExecutor.runScript(TestCaseExecutor.java:442)
	at com.kms.katalon.core.main.TestCaseExecutor.doExecute(TestCaseExecutor.java:433)
	at com.kms.katalon.core.main.TestCaseExecutor.processExecutionPhase(TestCaseExecutor.java:412)
	at com.kms.katalon.core.main.TestCaseExecutor.accessMainPhase(TestCaseExecutor.java:404)
	at com.kms.katalon.core.main.TestCaseExecutor.execute(TestCaseExecutor.java:281)
	at com.kms.katalon.core.main.TestSuiteExecutor.accessTestCaseMainPhase(TestSuiteExecutor.java:202)
	at com.kms.katalon.core.main.TestSuiteExecutor.accessTestSuiteMainPhase(TestSuiteExecutor.java:164)
	at com.kms.katalon.core.main.TestSuiteExecutor.execute(TestSuiteExecutor.java:105)
	at com.kms.katalon.core.main.TestCaseMain.startTestSuite(TestCaseMain.java:185)
	at com.kms.katalon.core.main.TestCaseMain$startTestSuite$0.call(Unknown Source)
	at TempTestSuite1644598033412.run(TempTestSuite1644598033412.groovy:36)
Caused by: com.kms.katalon.core.exception.StepFailedException: Call Test Case 'Test Cases/StepToReUse/StepTOCopyURLAndAddAnotherTab' failed
	at com.kms.katalon.core.keyword.builtin.CallTestCaseKeyword$_callTestCase_closure1.doCall(CallTestCaseKeyword.groovy:63)
	at com.kms.katalon.core.keyword.builtin.CallTestCaseKeyword$_callTestCase_closure1.call(CallTestCaseKeyword.groovy)
	at com.kms.katalon.core.keyword.internal.KeywordMain.runKeyword(KeywordMain.groovy:74)
	... 18 more
Caused by: com.kms.katalon.core.exception.StepFailedException: Unable to click on object 'Object Repository/Header/Preview/ClickOnPreviewIcon'
	at com.kms.katalon.core.webui.keyword.internal.WebUIKeywordMain.stepFailed(WebUIKeywordMain.groovy:64)
	at com.kms.katalon.core.webui.keyword.internal.WebUIKeywordMain.runKeyword(WebUIKeywordMain.groovy:26)
	at com.kms.katalon.core.webui.keyword.builtin.ClickKeyword.click(ClickKeyword.groovy:74)
	at com.kms.katalon.core.webui.keyword.builtin.ClickKeyword.execute(ClickKeyword.groovy:40)
	at com.kms.katalon.core.keyword.internal.KeywordExecutor.executeKeywordForPlatform(KeywordExecutor.groovy:74)
	at com.kms.katalon.core.webui.keyword.WebUiBuiltInKeywords.click(WebUiBuiltInKeywords.groovy:620)
	at com.kms.katalon.core.webui.keyword.WebUiBuiltInKeywords$click$2.call(Unknown Source)
	at StepTOCopyURLAndAddAnotherTab.run(StepTOCopyURLAndAddAnotherTab:29)
	at com.kms.katalon.core.main.ScriptEngine.run(ScriptEngine.java:194)
	at com.kms.katalon.core.main.ScriptEngine.runScriptAsRawText(ScriptEngine.java:119)
	at com.kms.katalon.core.main.TestCaseExecutor.runScript(TestCaseExecutor.java:442)
	at com.kms.katalon.core.main.TestCaseExecutor.doExecute(TestCaseExecutor.java:433)
	at com.kms.katalon.core.main.TestCaseExecutor.processExecutionPhase(TestCaseExecutor.java:412)
	at com.kms.katalon.core.main.TestCaseExecutor.accessMainPhase(TestCaseExecutor.java:404)
	at com.kms.katalon.core.main.TestCaseExecutor.execute(TestCaseExecutor.java:281)
	at com.kms.katalon.core.main.TestCaseMain.runTestCase(TestCaseMain.java:142)
	at com.kms.katalon.core.keyword.builtin.CallTestCaseKeyword$_callTestCase_closure1.doCall(CallTestCaseKeyword.groovy:59)
	... 20 more
Caused by: com.kms.katalon.core.webui.exception.WebElementNotFoundException: Web element with id: 'Object Repository/Header/Preview/ClickOnPreviewIcon' located by '//span[contains(text(),'Preview')]//parent::a' not found
	at com.kms.katalon.core.webui.common.WebUiCommonHelper.findWebElement(WebUiCommonHelper.java:1370)
	at com.kms.katalon.core.webui.keyword.internal.WebUIAbstractKeyword.findWebElement(WebUIAbstractKeyword.groovy:27)
	at com.kms.katalon.core.webui.keyword.builtin.ClickKeyword$_click_closure1.doCall(ClickKeyword.groovy:65)
	at com.kms.katalon.core.webui.keyword.builtin.ClickKeyword$_click_closure1.call(ClickKeyword.groovy)
	at com.kms.katalon.core.webui.keyword.internal.WebUIKeywordMain.runKeyword(WebUIKeywordMain.groovy:20)
	... 35 more]]></system-err>
   </testsuite>
</testsuites>
