<?xml version="1.0" encoding="UTF-8"?>
<testsuites name="Pagination" time="2096.397" tests="1" failures="1" errors="0">
   <testsuite name="Pagination" tests="1" failures="1" errors="0" time="2096.397" skipped="0" timestamp="2022-02-14 13:25:43" hostname="intersoft-admin - intersoftadmin-desktop" id="Test Suites/Pagination">
      <properties>
         <property name="deviceName" value=""/>
         <property name="devicePlatform" value=""/>
         <property name="logFolder" value="/home/intersoft-admin/Rattan/Bash/Training/Rattan/Final_testing/New_ActivityOverview/Reports/20220214_115757/Pagination/20220214_115812"/>
         <property name="logFiles" value="/home/intersoft-admin/Rattan/Bash/Training/Rattan/Final_testing/New_ActivityOverview/Reports/20220214_115757/Pagination/20220214_115812/execution0.log"/>
         <property name="attachments" value="/home/intersoft-admin/Rattan/Bash/Training/Rattan/Final_testing/New_ActivityOverview/Reports/20220214_115757/Pagination/20220214_115812/1644825371054.png, /home/intersoft-admin/Rattan/Bash/Training/Rattan/Final_testing/New_ActivityOverview/Reports/20220214_115757/Pagination/20220214_115812/1644825383920.png, /home/intersoft-admin/Rattan/Bash/Training/Rattan/Final_testing/New_ActivityOverview/Reports/20220214_115757/Pagination/20220214_115812/1644825404343.png, /home/intersoft-admin/Rattan/Bash/Training/Rattan/Final_testing/New_ActivityOverview/Reports/20220214_115757/Pagination/20220214_115812/1644825435876.png, /home/intersoft-admin/Rattan/Bash/Training/Rattan/Final_testing/New_ActivityOverview/Reports/20220214_115757/Pagination/20220214_115812/1644825459248.png, /home/intersoft-admin/Rattan/Bash/Training/Rattan/Final_testing/New_ActivityOverview/Reports/20220214_115757/Pagination/20220214_115812/1644825482620.png, /home/intersoft-admin/Rattan/Bash/Training/Rattan/Final_testing/New_ActivityOverview/Reports/20220214_115757/Pagination/20220214_115812/1644825505975.png, /home/intersoft-admin/Rattan/Bash/Training/Rattan/Final_testing/New_ActivityOverview/Reports/20220214_115757/Pagination/20220214_115812/1644825529338.png, /home/intersoft-admin/Rattan/Bash/Training/Rattan/Final_testing/New_ActivityOverview/Reports/20220214_115757/Pagination/20220214_115812/1644825552681.png, /home/intersoft-admin/Rattan/Bash/Training/Rattan/Final_testing/New_ActivityOverview/Reports/20220214_115757/Pagination/20220214_115812/1644825576028.png, /home/intersoft-admin/Rattan/Bash/Training/Rattan/Final_testing/New_ActivityOverview/Reports/20220214_115757/Pagination/20220214_115812/1644825599362.png, /home/intersoft-admin/Rattan/Bash/Training/Rattan/Final_testing/New_ActivityOverview/Reports/20220214_115757/Pagination/20220214_115812/1644825622715.png, /home/intersoft-admin/Rattan/Bash/Training/Rattan/Final_testing/New_ActivityOverview/Reports/20220214_115757/Pagination/20220214_115812/1644825646067.png, /home/intersoft-admin/Rattan/Bash/Training/Rattan/Final_testing/New_ActivityOverview/Reports/20220214_115757/Pagination/20220214_115812/1644825669569.png, /home/intersoft-admin/Rattan/Bash/Training/Rattan/Final_testing/New_ActivityOverview/Reports/20220214_115757/Pagination/20220214_115812/1644825692941.png, /home/intersoft-admin/Rattan/Bash/Training/Rattan/Final_testing/New_ActivityOverview/Reports/20220214_115757/Pagination/20220214_115812/1644825716298.png, /home/intersoft-admin/Rattan/Bash/Training/Rattan/Final_testing/New_ActivityOverview/Reports/20220214_115757/Pagination/20220214_115812/1644825739672.png, /home/intersoft-admin/Rattan/Bash/Training/Rattan/Final_testing/New_ActivityOverview/Reports/20220214_115757/Pagination/20220214_115812/1644825763030.png, /home/intersoft-admin/Rattan/Bash/Training/Rattan/Final_testing/New_ActivityOverview/Reports/20220214_115757/Pagination/20220214_115812/1644825786358.png, /home/intersoft-admin/Rattan/Bash/Training/Rattan/Final_testing/New_ActivityOverview/Reports/20220214_115757/Pagination/20220214_115812/1644825809705.png, /home/intersoft-admin/Rattan/Bash/Training/Rattan/Final_testing/New_ActivityOverview/Reports/20220214_115757/Pagination/20220214_115812/1644825833053.png, /home/intersoft-admin/Rattan/Bash/Training/Rattan/Final_testing/New_ActivityOverview/Reports/20220214_115757/Pagination/20220214_115812/1644825867635.png, /home/intersoft-admin/Rattan/Bash/Training/Rattan/Final_testing/New_ActivityOverview/Reports/20220214_115757/Pagination/20220214_115812/1644825893258.png, /home/intersoft-admin/Rattan/Bash/Training/Rattan/Final_testing/New_ActivityOverview/Reports/20220214_115757/Pagination/20220214_115812/1644825908346.png, /home/intersoft-admin/Rattan/Bash/Training/Rattan/Final_testing/New_ActivityOverview/Reports/20220214_115757/Pagination/20220214_115812/1644825928771.png, /home/intersoft-admin/Rattan/Bash/Training/Rattan/Final_testing/New_ActivityOverview/Reports/20220214_115757/Pagination/20220214_115812/1644825960232.png, /home/intersoft-admin/Rattan/Bash/Training/Rattan/Final_testing/New_ActivityOverview/Reports/20220214_115757/Pagination/20220214_115812/1644825983548.png, /home/intersoft-admin/Rattan/Bash/Training/Rattan/Final_testing/New_ActivityOverview/Reports/20220214_115757/Pagination/20220214_115812/1644826006999.png, /home/intersoft-admin/Rattan/Bash/Training/Rattan/Final_testing/New_ActivityOverview/Reports/20220214_115757/Pagination/20220214_115812/1644826030332.png, /home/intersoft-admin/Rattan/Bash/Training/Rattan/Final_testing/New_ActivityOverview/Reports/20220214_115757/Pagination/20220214_115812/1644826053708.png, /home/intersoft-admin/Rattan/Bash/Training/Rattan/Final_testing/New_ActivityOverview/Reports/20220214_115757/Pagination/20220214_115812/1644826077063.png, /home/intersoft-admin/Rattan/Bash/Training/Rattan/Final_testing/New_ActivityOverview/Reports/20220214_115757/Pagination/20220214_115812/1644826100473.png, /home/intersoft-admin/Rattan/Bash/Training/Rattan/Final_testing/New_ActivityOverview/Reports/20220214_115757/Pagination/20220214_115812/1644826123804.png, /home/intersoft-admin/Rattan/Bash/Training/Rattan/Final_testing/New_ActivityOverview/Reports/20220214_115757/Pagination/20220214_115812/1644826147157.png, /home/intersoft-admin/Rattan/Bash/Training/Rattan/Final_testing/New_ActivityOverview/Reports/20220214_115757/Pagination/20220214_115812/1644826170485.png, /home/intersoft-admin/Rattan/Bash/Training/Rattan/Final_testing/New_ActivityOverview/Reports/20220214_115757/Pagination/20220214_115812/1644826193838.png, /home/intersoft-admin/Rattan/Bash/Training/Rattan/Final_testing/New_ActivityOverview/Reports/20220214_115757/Pagination/20220214_115812/1644826217196.png, /home/intersoft-admin/Rattan/Bash/Training/Rattan/Final_testing/New_ActivityOverview/Reports/20220214_115757/Pagination/20220214_115812/1644826240546.png, /home/intersoft-admin/Rattan/Bash/Training/Rattan/Final_testing/New_ActivityOverview/Reports/20220214_115757/Pagination/20220214_115812/1644826263893.png, /home/intersoft-admin/Rattan/Bash/Training/Rattan/Final_testing/New_ActivityOverview/Reports/20220214_115757/Pagination/20220214_115812/1644826287235.png, /home/intersoft-admin/Rattan/Bash/Training/Rattan/Final_testing/New_ActivityOverview/Reports/20220214_115757/Pagination/20220214_115812/1644826310574.png, /home/intersoft-admin/Rattan/Bash/Training/Rattan/Final_testing/New_ActivityOverview/Reports/20220214_115757/Pagination/20220214_115812/1644826333906.png, /home/intersoft-admin/Rattan/Bash/Training/Rattan/Final_testing/New_ActivityOverview/Reports/20220214_115757/Pagination/20220214_115812/1644826357256.png, /home/intersoft-admin/Rattan/Bash/Training/Rattan/Final_testing/New_ActivityOverview/Reports/20220214_115757/Pagination/20220214_115812/1644826391826.png, /home/intersoft-admin/Rattan/Bash/Training/Rattan/Final_testing/New_ActivityOverview/Reports/20220214_115757/Pagination/20220214_115812/1644826417191.png, /home/intersoft-admin/Rattan/Bash/Training/Rattan/Final_testing/New_ActivityOverview/Reports/20220214_115757/Pagination/20220214_115812/1644826433000.png, /home/intersoft-admin/Rattan/Bash/Training/Rattan/Final_testing/New_ActivityOverview/Reports/20220214_115757/Pagination/20220214_115812/1644826453412.png, /home/intersoft-admin/Rattan/Bash/Training/Rattan/Final_testing/New_ActivityOverview/Reports/20220214_115757/Pagination/20220214_115812/1644826484876.png, /home/intersoft-admin/Rattan/Bash/Training/Rattan/Final_testing/New_ActivityOverview/Reports/20220214_115757/Pagination/20220214_115812/1644826508196.png, /home/intersoft-admin/Rattan/Bash/Training/Rattan/Final_testing/New_ActivityOverview/Reports/20220214_115757/Pagination/20220214_115812/1644826531541.png, /home/intersoft-admin/Rattan/Bash/Training/Rattan/Final_testing/New_ActivityOverview/Reports/20220214_115757/Pagination/20220214_115812/1644826554865.png, /home/intersoft-admin/Rattan/Bash/Training/Rattan/Final_testing/New_ActivityOverview/Reports/20220214_115757/Pagination/20220214_115812/1644826578194.png, /home/intersoft-admin/Rattan/Bash/Training/Rattan/Final_testing/New_ActivityOverview/Reports/20220214_115757/Pagination/20220214_115812/1644826601533.png, /home/intersoft-admin/Rattan/Bash/Training/Rattan/Final_testing/New_ActivityOverview/Reports/20220214_115757/Pagination/20220214_115812/1644826624879.png, /home/intersoft-admin/Rattan/Bash/Training/Rattan/Final_testing/New_ActivityOverview/Reports/20220214_115757/Pagination/20220214_115812/1644826648220.png, /home/intersoft-admin/Rattan/Bash/Training/Rattan/Final_testing/New_ActivityOverview/Reports/20220214_115757/Pagination/20220214_115812/1644826671559.png, /home/intersoft-admin/Rattan/Bash/Training/Rattan/Final_testing/New_ActivityOverview/Reports/20220214_115757/Pagination/20220214_115812/1644826694893.png, /home/intersoft-admin/Rattan/Bash/Training/Rattan/Final_testing/New_ActivityOverview/Reports/20220214_115757/Pagination/20220214_115812/1644826718229.png, /home/intersoft-admin/Rattan/Bash/Training/Rattan/Final_testing/New_ActivityOverview/Reports/20220214_115757/Pagination/20220214_115812/1644826741561.png, /home/intersoft-admin/Rattan/Bash/Training/Rattan/Final_testing/New_ActivityOverview/Reports/20220214_115757/Pagination/20220214_115812/1644826764909.png, /home/intersoft-admin/Rattan/Bash/Training/Rattan/Final_testing/New_ActivityOverview/Reports/20220214_115757/Pagination/20220214_115812/1644826788258.png, /home/intersoft-admin/Rattan/Bash/Training/Rattan/Final_testing/New_ActivityOverview/Reports/20220214_115757/Pagination/20220214_115812/1644826811598.png, /home/intersoft-admin/Rattan/Bash/Training/Rattan/Final_testing/New_ActivityOverview/Reports/20220214_115757/Pagination/20220214_115812/1644826834936.png, /home/intersoft-admin/Rattan/Bash/Training/Rattan/Final_testing/New_ActivityOverview/Reports/20220214_115757/Pagination/20220214_115812/1644826858269.png, /home/intersoft-admin/Rattan/Bash/Training/Rattan/Final_testing/New_ActivityOverview/Reports/20220214_115757/Pagination/20220214_115812/1644826881641.png, /home/intersoft-admin/Rattan/Bash/Training/Rattan/Final_testing/New_ActivityOverview/Reports/20220214_115757/Pagination/20220214_115812/1644826916221.png, /home/intersoft-admin/Rattan/Bash/Training/Rattan/Final_testing/New_ActivityOverview/Reports/20220214_115757/Pagination/20220214_115812/1644826941563.png, /home/intersoft-admin/Rattan/Bash/Training/Rattan/Final_testing/New_ActivityOverview/Reports/20220214_115757/Pagination/20220214_115812/1644826956632.png, /home/intersoft-admin/Rattan/Bash/Training/Rattan/Final_testing/New_ActivityOverview/Reports/20220214_115757/Pagination/20220214_115812/1644826977039.png, /home/intersoft-admin/Rattan/Bash/Training/Rattan/Final_testing/New_ActivityOverview/Reports/20220214_115757/Pagination/20220214_115812/1644827008527.png, /home/intersoft-admin/Rattan/Bash/Training/Rattan/Final_testing/New_ActivityOverview/Reports/20220214_115757/Pagination/20220214_115812/1644827031843.png, /home/intersoft-admin/Rattan/Bash/Training/Rattan/Final_testing/New_ActivityOverview/Reports/20220214_115757/Pagination/20220214_115812/1644827055194.png, /home/intersoft-admin/Rattan/Bash/Training/Rattan/Final_testing/New_ActivityOverview/Reports/20220214_115757/Pagination/20220214_115812/1644827078525.png, /home/intersoft-admin/Rattan/Bash/Training/Rattan/Final_testing/New_ActivityOverview/Reports/20220214_115757/Pagination/20220214_115812/1644827101853.png, /home/intersoft-admin/Rattan/Bash/Training/Rattan/Final_testing/New_ActivityOverview/Reports/20220214_115757/Pagination/20220214_115812/1644827125190.png, /home/intersoft-admin/Rattan/Bash/Training/Rattan/Final_testing/New_ActivityOverview/Reports/20220214_115757/Pagination/20220214_115812/1644827148563.png, /home/intersoft-admin/Rattan/Bash/Training/Rattan/Final_testing/New_ActivityOverview/Reports/20220214_115757/Pagination/20220214_115812/1644827171898.png, /home/intersoft-admin/Rattan/Bash/Training/Rattan/Final_testing/New_ActivityOverview/Reports/20220214_115757/Pagination/20220214_115812/1644827195216.png, /home/intersoft-admin/Rattan/Bash/Training/Rattan/Final_testing/New_ActivityOverview/Reports/20220214_115757/Pagination/20220214_115812/1644827218541.png, /home/intersoft-admin/Rattan/Bash/Training/Rattan/Final_testing/New_ActivityOverview/Reports/20220214_115757/Pagination/20220214_115812/1644827241888.png, /home/intersoft-admin/Rattan/Bash/Training/Rattan/Final_testing/New_ActivityOverview/Reports/20220214_115757/Pagination/20220214_115812/1644827265215.png, /home/intersoft-admin/Rattan/Bash/Training/Rattan/Final_testing/New_ActivityOverview/Reports/20220214_115757/Pagination/20220214_115812/1644827288557.png, /home/intersoft-admin/Rattan/Bash/Training/Rattan/Final_testing/New_ActivityOverview/Reports/20220214_115757/Pagination/20220214_115812/1644827311890.png, /home/intersoft-admin/Rattan/Bash/Training/Rattan/Final_testing/New_ActivityOverview/Reports/20220214_115757/Pagination/20220214_115812/1644827335229.png, /home/intersoft-admin/Rattan/Bash/Training/Rattan/Final_testing/New_ActivityOverview/Reports/20220214_115757/Pagination/20220214_115812/1644827358574.png, /home/intersoft-admin/Rattan/Bash/Training/Rattan/Final_testing/New_ActivityOverview/Reports/20220214_115757/Pagination/20220214_115812/1644827381908.png, /home/intersoft-admin/Rattan/Bash/Training/Rattan/Final_testing/New_ActivityOverview/Reports/20220214_115757/Pagination/20220214_115812/1644827405267.png, /home/intersoft-admin/Rattan/Bash/Training/Rattan/Final_testing/New_ActivityOverview/Reports/20220214_115757/Pagination/20220214_115812/1644827439827.png"/>
         <property name="hostName" value="intersoft-admin - intersoftadmin-desktop"/>
         <property name="os" value="Linux 64bit"/>
         <property name="katalonVersion" value="8.2.5.208"/>
         <property name="browser" value="Chrome 97.0.4692.99"/>
         <property name="hostAddress" value="127.0.1.1"/>
         <property name="sessionId" value="a817830395755abe5d07cf5d2c230688"/>
         <property name="seleniumVersion" value="3.141.59"/>
         <property name="proxyInformation" value="ProxyInformation { proxyOption=NO_PROXY, proxyServerType=HTTP, username=, password=********, proxyServerAddress=, proxyServerPort=0, executionList=&quot;&quot;, isApplyToDesiredCapabilities=true }"/>
         <property name="platform" value="Linux"/>
      </properties>
      <testcase name="Test Cases/NewActivityOverview-LeftNavigation/ActivityOverview-Pagination" time="523.615" classname="Test Cases/NewActivityOverview-LeftNavigation/ActivityOverview-Pagination" status="FAILED">
         <failure type="FAILED" message="Test Cases/NewActivityOverview-LeftNavigation/ActivityOverview-Pagination FAILED.
Reason:
com.kms.katalon.core.exception.StepFailedException: Unable to click on object 'Object Repository/PaginationCOunt/ClickOnPagination'
	at com.kms.katalon.core.webui.keyword.internal.WebUIKeywordMain.stepFailed(WebUIKeywordMain.groovy:64)
	at com.kms.katalon.core.webui.keyword.internal.WebUIKeywordMain.runKeyword(WebUIKeywordMain.groovy:26)
	at com.kms.katalon.core.webui.keyword.builtin.ClickKeyword.click(ClickKeyword.groovy:74)
	at com.kms.katalon.core.webui.keyword.builtin.ClickKeyword.execute(ClickKeyword.groovy:40)
	at com.kms.katalon.core.keyword.internal.KeywordExecutor.executeKeywordForPlatform(KeywordExecutor.groovy:74)
	at com.kms.katalon.core.webui.keyword.WebUiBuiltInKeywords.click(WebUiBuiltInKeywords.groovy:620)
	at com.kms.katalon.core.webui.keyword.WebUiBuiltInKeywords$click$2.call(Unknown Source)
	at ActivityOverview-Pagination.run(ActivityOverview-Pagination:86)
	at com.kms.katalon.core.main.ScriptEngine.run(ScriptEngine.java:194)
	at com.kms.katalon.core.main.ScriptEngine.runScriptAsRawText(ScriptEngine.java:119)
	at com.kms.katalon.core.main.TestCaseExecutor.runScript(TestCaseExecutor.java:442)
	at com.kms.katalon.core.main.TestCaseExecutor.doExecute(TestCaseExecutor.java:433)
	at com.kms.katalon.core.main.TestCaseExecutor.processExecutionPhase(TestCaseExecutor.java:412)
	at com.kms.katalon.core.main.TestCaseExecutor.accessMainPhase(TestCaseExecutor.java:404)
	at com.kms.katalon.core.main.TestCaseExecutor.execute(TestCaseExecutor.java:281)
	at com.kms.katalon.core.main.TestCaseExecutor.execute(TestCaseExecutor.java:363)
	at com.kms.katalon.core.main.TestCaseExecutor.execute(TestCaseExecutor.java:363)
	at com.kms.katalon.core.main.TestCaseExecutor.execute(TestCaseExecutor.java:363)
	at com.kms.katalon.core.main.TestSuiteExecutor.accessTestCaseMainPhase(TestSuiteExecutor.java:202)
	at com.kms.katalon.core.main.TestSuiteExecutor.accessTestSuiteMainPhase(TestSuiteExecutor.java:164)
	at com.kms.katalon.core.main.TestSuiteExecutor.execute(TestSuiteExecutor.java:105)
	at com.kms.katalon.core.main.TestCaseMain.startTestSuite(TestCaseMain.java:185)
	at com.kms.katalon.core.main.TestCaseMain$startTestSuite$0.call(Unknown Source)
	at TempTestSuite1644820092096.run(TempTestSuite1644820092096.groovy:36)
Caused by: org.openqa.selenium.ElementClickInterceptedException: element click intercepted: Element &lt;a class=&quot;paginate_button &quot; aria-controls=&quot;main-table&quot; data-dt-idx=&quot;4&quot; tabindex=&quot;0&quot;>...&lt;/a> is not clickable at point (703, 660). Other element would receive the click: &lt;div class=&quot;loader-overlay&quot;>&lt;/div>
  (Session info: chrome=97.0.4692.99)
Build info: version: '3.141.59', revision: 'e82be7d358', time: '2018-11-14T08:25:53'
System info: host: 'intersoftadmin-desktop', ip: '127.0.1.1', os.name: 'Linux', os.arch: 'amd64', os.version: '5.4.0-99-generic', java.version: '1.8.0_312'
Driver info: com.kms.katalon.selenium.driver.CChromeDriver
Capabilities {acceptInsecureCerts: false, browserName: chrome, browserVersion: 97.0.4692.99, chrome: {chromedriverVersion: 97.0.4692.36 (747e0a0f19c13..., userDataDir: /tmp/.com.google.Chrome.i3alsz}, goog:chromeOptions: {debuggerAddress: localhost:44409}, javascriptEnabled: true, networkConnectionEnabled: false, pageLoadStrategy: normal, platform: LINUX, platformName: LINUX, proxy: Proxy(), setWindowRect: true, strictFileInteractability: false, timeouts: {implicit: 0, pageLoad: 300000, script: 30000}, unhandledPromptBehavior: dismiss and notify, webauthn:extension:credBlob: true, webauthn:extension:largeBlob: true, webauthn:virtualAuthenticators: true}
Session ID: a817830395755abe5d07cf5d2c230688
	at org.openqa.selenium.remote.http.W3CHttpResponseCodec.createException(W3CHttpResponseCodec.java:187)
	at org.openqa.selenium.remote.http.W3CHttpResponseCodec.decode(W3CHttpResponseCodec.java:122)
	at org.openqa.selenium.remote.http.W3CHttpResponseCodec.decode(W3CHttpResponseCodec.java:49)
	at org.openqa.selenium.remote.HttpCommandExecutor.execute(HttpCommandExecutor.java:158)
	at org.openqa.selenium.remote.service.DriverCommandExecutor.execute(DriverCommandExecutor.java:83)
	at org.openqa.selenium.remote.RemoteWebDriver.execute(RemoteWebDriver.java:552)
	at com.kms.katalon.selenium.driver.CChromeDriver.execute(CChromeDriver.java:19)
	at org.openqa.selenium.remote.RemoteWebElement.execute(RemoteWebElement.java:285)
	at org.openqa.selenium.remote.RemoteWebElement.click(RemoteWebElement.java:84)
	at org.openqa.selenium.support.events.EventFiringWebDriver$EventFiringWebElement.lambda$new$0(EventFiringWebDriver.java:404)
	at com.sun.proxy.$Proxy11.click(Unknown Source)
	at org.openqa.selenium.support.events.EventFiringWebDriver$EventFiringWebElement.click(EventFiringWebDriver.java:417)
	at org.openqa.selenium.WebElement$click.call(Unknown Source)
	at com.kms.katalon.core.webui.keyword.builtin.ClickKeyword.clickUntilSuccessWithTimeout(ClickKeyword.groovy:81)
	at com.kms.katalon.core.webui.keyword.builtin.ClickKeyword.clickUntilSuccessWithTimeout(ClickKeyword.groovy)
	at com.kms.katalon.core.webui.keyword.builtin.ClickKeyword$_click_closure1.doCall(ClickKeyword.groovy:67)
	at com.kms.katalon.core.webui.keyword.builtin.ClickKeyword$_click_closure1.call(ClickKeyword.groovy)
	at com.kms.katalon.core.webui.keyword.internal.WebUIKeywordMain.runKeyword(WebUIKeywordMain.groovy:20)
	... 22 more
"/>
         <system-out><![CDATA[2022-02-14 13:51:56 - [TEST_CASE][FAILED] - Test Cases/NewActivityOverview-LeftNavigation/ActivityOverview-Pagination: Test Cases/NewActivityOverview-LeftNavigation/ActivityOverview-Pagination FAILED.
Reason:
com.kms.katalon.core.exception.StepFailedException: Unable to click on object 'Object Repository/PaginationCOunt/ClickOnPagination'
	at com.kms.katalon.core.webui.keyword.internal.WebUIKeywordMain.stepFailed(WebUIKeywordMain.groovy:64)
	at com.kms.katalon.core.webui.keyword.internal.WebUIKeywordMain.runKeyword(WebUIKeywordMain.groovy:26)
	at com.kms.katalon.core.webui.keyword.builtin.ClickKeyword.click(ClickKeyword.groovy:74)
	at com.kms.katalon.core.webui.keyword.builtin.ClickKeyword.execute(ClickKeyword.groovy:40)
	at com.kms.katalon.core.keyword.internal.KeywordExecutor.executeKeywordForPlatform(KeywordExecutor.groovy:74)
	at com.kms.katalon.core.webui.keyword.WebUiBuiltInKeywords.click(WebUiBuiltInKeywords.groovy:620)
	at com.kms.katalon.core.webui.keyword.WebUiBuiltInKeywords$click$2.call(Unknown Source)
	at ActivityOverview-Pagination.run(ActivityOverview-Pagination:86)
	at com.kms.katalon.core.main.ScriptEngine.run(ScriptEngine.java:194)
	at com.kms.katalon.core.main.ScriptEngine.runScriptAsRawText(ScriptEngine.java:119)
	at com.kms.katalon.core.main.TestCaseExecutor.runScript(TestCaseExecutor.java:442)
	at com.kms.katalon.core.main.TestCaseExecutor.doExecute(TestCaseExecutor.java:433)
	at com.kms.katalon.core.main.TestCaseExecutor.processExecutionPhase(TestCaseExecutor.java:412)
	at com.kms.katalon.core.main.TestCaseExecutor.accessMainPhase(TestCaseExecutor.java:404)
	at com.kms.katalon.core.main.TestCaseExecutor.execute(TestCaseExecutor.java:281)
	at com.kms.katalon.core.main.TestCaseExecutor.execute(TestCaseExecutor.java:363)
	at com.kms.katalon.core.main.TestCaseExecutor.execute(TestCaseExecutor.java:363)
	at com.kms.katalon.core.main.TestCaseExecutor.execute(TestCaseExecutor.java:363)
	at com.kms.katalon.core.main.TestSuiteExecutor.accessTestCaseMainPhase(TestSuiteExecutor.java:202)
	at com.kms.katalon.core.main.TestSuiteExecutor.accessTestSuiteMainPhase(TestSuiteExecutor.java:164)
	at com.kms.katalon.core.main.TestSuiteExecutor.execute(TestSuiteExecutor.java:105)
	at com.kms.katalon.core.main.TestCaseMain.startTestSuite(TestCaseMain.java:185)
	at com.kms.katalon.core.main.TestCaseMain$startTestSuite$0.call(Unknown Source)
	at TempTestSuite1644820092096.run(TempTestSuite1644820092096.groovy:36)
Caused by: org.openqa.selenium.ElementClickInterceptedException: element click intercepted: Element <a class="paginate_button " aria-controls="main-table" data-dt-idx="4" tabindex="0">...</a> is not clickable at point (703, 660). Other element would receive the click: <div class="loader-overlay"></div>
  (Session info: chrome=97.0.4692.99)
Build info: version: '3.141.59', revision: 'e82be7d358', time: '2018-11-14T08:25:53'
System info: host: 'intersoftadmin-desktop', ip: '127.0.1.1', os.name: 'Linux', os.arch: 'amd64', os.version: '5.4.0-99-generic', java.version: '1.8.0_312'
Driver info: com.kms.katalon.selenium.driver.CChromeDriver
Capabilities {acceptInsecureCerts: false, browserName: chrome, browserVersion: 97.0.4692.99, chrome: {chromedriverVersion: 97.0.4692.36 (747e0a0f19c13..., userDataDir: /tmp/.com.google.Chrome.i3alsz}, goog:chromeOptions: {debuggerAddress: localhost:44409}, javascriptEnabled: true, networkConnectionEnabled: false, pageLoadStrategy: normal, platform: LINUX, platformName: LINUX, proxy: Proxy(), setWindowRect: true, strictFileInteractability: false, timeouts: {implicit: 0, pageLoad: 300000, script: 30000}, unhandledPromptBehavior: dismiss and notify, webauthn:extension:credBlob: true, webauthn:extension:largeBlob: true, webauthn:virtualAuthenticators: true}
Session ID: a817830395755abe5d07cf5d2c230688
	at org.openqa.selenium.remote.http.W3CHttpResponseCodec.createException(W3CHttpResponseCodec.java:187)
	at org.openqa.selenium.remote.http.W3CHttpResponseCodec.decode(W3CHttpResponseCodec.java:122)
	at org.openqa.selenium.remote.http.W3CHttpResponseCodec.decode(W3CHttpResponseCodec.java:49)
	at org.openqa.selenium.remote.HttpCommandExecutor.execute(HttpCommandExecutor.java:158)
	at org.openqa.selenium.remote.service.DriverCommandExecutor.execute(DriverCommandExecutor.java:83)
	at org.openqa.selenium.remote.RemoteWebDriver.execute(RemoteWebDriver.java:552)
	at com.kms.katalon.selenium.driver.CChromeDriver.execute(CChromeDriver.java:19)
	at org.openqa.selenium.remote.RemoteWebElement.execute(RemoteWebElement.java:285)
	at org.openqa.selenium.remote.RemoteWebElement.click(RemoteWebElement.java:84)
	at org.openqa.selenium.support.events.EventFiringWebDriver$EventFiringWebElement.lambda$new$0(EventFiringWebDriver.java:404)
	at com.sun.proxy.$Proxy11.click(Unknown Source)
	at org.openqa.selenium.support.events.EventFiringWebDriver$EventFiringWebElement.click(EventFiringWebDriver.java:417)
	at org.openqa.selenium.WebElement$click.call(Unknown Source)
	at com.kms.katalon.core.webui.keyword.builtin.ClickKeyword.clickUntilSuccessWithTimeout(ClickKeyword.groovy:81)
	at com.kms.katalon.core.webui.keyword.builtin.ClickKeyword.clickUntilSuccessWithTimeout(ClickKeyword.groovy)
	at com.kms.katalon.core.webui.keyword.builtin.ClickKeyword$_click_closure1.doCall(ClickKeyword.groovy:67)
	at com.kms.katalon.core.webui.keyword.builtin.ClickKeyword$_click_closure1.call(ClickKeyword.groovy)
	at com.kms.katalon.core.webui.keyword.internal.WebUIKeywordMain.runKeyword(WebUIKeywordMain.groovy:20)
	... 22 more


2022-02-14 13:51:56 - [TEST_STEP][PASSED] - callTestCase(findTestCase("LoginWithSuperAdmin/SuperAdmin-Login"), [:], STOP_ON_FAILURE): Call Test Case 'Test Cases/LoginWithSuperAdmin/SuperAdmin-Login' successfully

2022-02-14 13:51:56 - [TEST_CASE][PASSED] - Test Cases/LoginWithSuperAdmin/SuperAdmin-Login: Test Cases/LoginWithSuperAdmin/SuperAdmin-Login

2022-02-14 13:51:56 - [TEST_STEP][PASSED] - openBrowser(""): Browser is opened with url: ''

2022-02-14 13:51:56 - [MESSAGE][WARNING] - A browser is already opened. Closing browser and opening a new one

2022-02-14 13:51:56 - [MESSAGE][INFO] - Starting 'Chrome' driver

2022-02-14 13:51:56 - [MESSAGE][INFO] - Action delay is set to 3,000 milliseconds

2022-02-14 13:51:56 - [MESSAGE][PASSED] - Browser is opened with url: ''

2022-02-14 13:51:56 - [TEST_STEP][PASSED] - setViewPortSize(1920, 1080): Viewport is set to new size with width = 1920 and height = 1080

2022-02-14 13:51:57 - [MESSAGE][PASSED] - Viewport is set to new size with width = 1920 and height = 1080

2022-02-14 13:51:57 - [TEST_STEP][PASSED] - navigateToUrl(URL): Navigate to 'https://marketplacev1.test-prio.com' successfully

2022-02-14 13:52:02 - [MESSAGE][PASSED] - Navigate to 'https://marketplacev1.test-prio.com' successfully

2022-02-14 13:52:02 - [TEST_STEP][PASSED] - delay(3): Delayed 3 second(s)

2022-02-14 13:52:05 - [MESSAGE][PASSED] - Delayed 3 second(s)

2022-02-14 13:52:05 - [TEST_STEP][PASSED] - click(findTestObject("SuperAdmin/Login/input_Email_contact_email")): Object: 'Object Repository/SuperAdmin/Login/input_Email_contact_email' is clicked on

2022-02-14 13:52:08 - [MESSAGE][PASSED] - Object: 'Object Repository/SuperAdmin/Login/input_Email_contact_email' is clicked on

2022-02-14 13:52:08 - [TEST_STEP][PASSED] - setText(findTestObject("SuperAdmin/Login/input_Email_contact_email"), uname): Text 'superadmin@tippoint.com' is set on object 'Object Repository/SuperAdmin/Login/input_Email_contact_email'

2022-02-14 13:52:15 - [MESSAGE][PASSED] - Text 'superadmin@tippoint.com' is set on object 'Object Repository/SuperAdmin/Login/input_Email_contact_email'

2022-02-14 13:52:15 - [TEST_STEP][PASSED] - setEncryptedText(findTestObject("SuperAdmin/Login/input_Password_password"), Password): Text ****** has been set on object 'Object Repository/SuperAdmin/Login/input_Password_password'

2022-02-14 13:52:21 - [MESSAGE][PASSED] - Text ****** has been set on object 'Object Repository/SuperAdmin/Login/input_Password_password'

2022-02-14 13:52:21 - [TEST_STEP][PASSED] - takeScreenshot(): Taking screenshot successfully

2022-02-14 13:52:21 - [MESSAGE][PASSED] - Taking screenshot successfully
[[ATTACHMENT|/home/intersoft-admin/Rattan/Bash/Training/Rattan/Final_testing/New_ActivityOverview/Reports/20220214_115757/Pagination/20220214_115812/1644826941563.png]]

2022-02-14 13:52:21 - [TEST_STEP][PASSED] - newpackage.clickUsingJS.clickUsingJS(findTestObject("SuperAdmin/Login/button_Sign in"), 5): newpackage.clickUsingJS.clickUsingJS is PASSED

2022-02-14 13:52:21 - [MESSAGE][PASSED] - newpackage.clickUsingJS.clickUsingJS is PASSED

2022-02-14 13:52:21 - [MESSAGE][PASSED] - Call Test Case 'Test Cases/LoginWithSuperAdmin/SuperAdmin-Login' successfully

2022-02-14 13:52:21 - [TEST_STEP][PASSED] - switchToDefaultContent(): null

2022-02-14 13:52:21 - [TEST_STEP][PASSED] - click(findTestObject("SuperAdminLeftNavigation/NewActivityOverview-LeftNavigation")): Object: 'Object Repository/SuperAdminLeftNavigation/NewActivityOverview-LeftNavigation' is clicked on

2022-02-14 13:52:35 - [MESSAGE][PASSED] - Object: 'Object Repository/SuperAdminLeftNavigation/NewActivityOverview-LeftNavigation' is clicked on

2022-02-14 13:52:35 - [TEST_STEP][PASSED] - takeScreenshot(): Taking screenshot successfully

2022-02-14 13:52:36 - [MESSAGE][PASSED] - Taking screenshot successfully
[[ATTACHMENT|/home/intersoft-admin/Rattan/Bash/Training/Rattan/Final_testing/New_ActivityOverview/Reports/20220214_115757/Pagination/20220214_115812/1644826956632.png]]

2022-02-14 13:52:36 - [TEST_STEP][PASSED] - switchToFrame(findTestObject("Object Repository/Iframe/NewActivityOverviewIframe"), 5): null

2022-02-14 13:52:37 - [TEST_STEP][PASSED] - delay(20): Delayed 20 second(s)

2022-02-14 13:52:57 - [MESSAGE][PASSED] - Delayed 20 second(s)

2022-02-14 13:52:57 - [TEST_STEP][PASSED] - takeScreenshot(): Taking screenshot successfully

2022-02-14 13:52:57 - [MESSAGE][PASSED] - Taking screenshot successfully
[[ATTACHMENT|/home/intersoft-admin/Rattan/Bash/Training/Rattan/Final_testing/New_ActivityOverview/Reports/20220214_115757/Pagination/20220214_115812/1644826977039.png]]

2022-02-14 13:52:57 - [TEST_STEP][PASSED] - sizeoflisting = findWebElements(findTestObject("ListingArea/ListingContainsData"), 5).size(): null

2022-02-14 13:52:57 - [TEST_STEP][PASSED] - println(sizeoflisting): null

2022-02-14 13:52:57 - [TEST_STEP][PASSED] - logInfo(Size of Order Listing: $sizeoflisting): Size of Order Listing: 11

2022-02-14 13:52:57 - [MESSAGE][INFO] - Size of Order Listing: 11

2022-02-14 13:52:57 - [TEST_STEP][FAILED] - if (sizeoflisting > 2): Unable to click on object 'Object Repository/PaginationCOunt/ClickOnPagination' (Root cause: com.kms.katalon.core.exception.StepFailedException: Unable to click on object 'Object Repository/PaginationCOunt/ClickOnPagination'
	at com.kms.katalon.core.webui.keyword.internal.WebUIKeywordMain.stepFailed(WebUIKeywordMain.groovy:64)
	at com.kms.katalon.core.webui.keyword.internal.WebUIKeywordMain.runKeyword(WebUIKeywordMain.groovy:26)
	at com.kms.katalon.core.webui.keyword.builtin.ClickKeyword.click(ClickKeyword.groovy:74)
	at com.kms.katalon.core.webui.keyword.builtin.ClickKeyword.execute(ClickKeyword.groovy:40)
	at com.kms.katalon.core.keyword.internal.KeywordExecutor.executeKeywordForPlatform(KeywordExecutor.groovy:74)
	at com.kms.katalon.core.webui.keyword.WebUiBuiltInKeywords.click(WebUiBuiltInKeywords.groovy:620)
	at com.kms.katalon.core.webui.keyword.WebUiBuiltInKeywords$click$2.call(Unknown Source)
	at ActivityOverview-Pagination.run(ActivityOverview-Pagination:86)
	at com.kms.katalon.core.main.ScriptEngine.run(ScriptEngine.java:194)
	at com.kms.katalon.core.main.ScriptEngine.runScriptAsRawText(ScriptEngine.java:119)
	at com.kms.katalon.core.main.TestCaseExecutor.runScript(TestCaseExecutor.java:442)
	at com.kms.katalon.core.main.TestCaseExecutor.doExecute(TestCaseExecutor.java:433)
	at com.kms.katalon.core.main.TestCaseExecutor.processExecutionPhase(TestCaseExecutor.java:412)
	at com.kms.katalon.core.main.TestCaseExecutor.accessMainPhase(TestCaseExecutor.java:404)
	at com.kms.katalon.core.main.TestCaseExecutor.execute(TestCaseExecutor.java:281)
	at com.kms.katalon.core.main.TestCaseExecutor.execute(TestCaseExecutor.java:363)
	at com.kms.katalon.core.main.TestCaseExecutor.execute(TestCaseExecutor.java:363)
	at com.kms.katalon.core.main.TestCaseExecutor.execute(TestCaseExecutor.java:363)
	at com.kms.katalon.core.main.TestSuiteExecutor.accessTestCaseMainPhase(TestSuiteExecutor.java:202)
	at com.kms.katalon.core.main.TestSuiteExecutor.accessTestSuiteMainPhase(TestSuiteExecutor.java:164)
	at com.kms.katalon.core.main.TestSuiteExecutor.execute(TestSuiteExecutor.java:105)
	at com.kms.katalon.core.main.TestCaseMain.startTestSuite(TestCaseMain.java:185)
	at com.kms.katalon.core.main.TestCaseMain$startTestSuite$0.call(Unknown Source)
	at TempTestSuite1644820092096.run(TempTestSuite1644820092096.groovy:36)
Caused by: org.openqa.selenium.ElementClickInterceptedException: element click intercepted: Element <a class="paginate_button " aria-controls="main-table" data-dt-idx="4" tabindex="0">...</a> is not clickable at point (703, 660). Other element would receive the click: <div class="loader-overlay"></div>
  (Session info: chrome=97.0.4692.99)
Build info: version: '3.141.59', revision: 'e82be7d358', time: '2018-11-14T08:25:53'
System info: host: 'intersoftadmin-desktop', ip: '127.0.1.1', os.name: 'Linux', os.arch: 'amd64', os.version: '5.4.0-99-generic', java.version: '1.8.0_312'
Driver info: com.kms.katalon.selenium.driver.CChromeDriver
Capabilities {acceptInsecureCerts: false, browserName: chrome, browserVersion: 97.0.4692.99, chrome: {chromedriverVersion: 97.0.4692.36 (747e0a0f19c13..., userDataDir: /tmp/.com.google.Chrome.i3alsz}, goog:chromeOptions: {debuggerAddress: localhost:44409}, javascriptEnabled: true, networkConnectionEnabled: false, pageLoadStrategy: normal, platform: LINUX, platformName: LINUX, proxy: Proxy(), setWindowRect: true, strictFileInteractability: false, timeouts: {implicit: 0, pageLoad: 300000, script: 30000}, unhandledPromptBehavior: dismiss and notify, webauthn:extension:credBlob: true, webauthn:extension:largeBlob: true, webauthn:virtualAuthenticators: true}
Session ID: a817830395755abe5d07cf5d2c230688
	at org.openqa.selenium.remote.http.W3CHttpResponseCodec.createException(W3CHttpResponseCodec.java:187)
	at org.openqa.selenium.remote.http.W3CHttpResponseCodec.decode(W3CHttpResponseCodec.java:122)
	at org.openqa.selenium.remote.http.W3CHttpResponseCodec.decode(W3CHttpResponseCodec.java:49)
	at org.openqa.selenium.remote.HttpCommandExecutor.execute(HttpCommandExecutor.java:158)
	at org.openqa.selenium.remote.service.DriverCommandExecutor.execute(DriverCommandExecutor.java:83)
	at org.openqa.selenium.remote.RemoteWebDriver.execute(RemoteWebDriver.java:552)
	at com.kms.katalon.selenium.driver.CChromeDriver.execute(CChromeDriver.java:19)
	at org.openqa.selenium.remote.RemoteWebElement.execute(RemoteWebElement.java:285)
	at org.openqa.selenium.remote.RemoteWebElement.click(RemoteWebElement.java:84)
	at org.openqa.selenium.support.events.EventFiringWebDriver$EventFiringWebElement.lambda$new$0(EventFiringWebDriver.java:404)
	at com.sun.proxy.$Proxy11.click(Unknown Source)
	at org.openqa.selenium.support.events.EventFiringWebDriver$EventFiringWebElement.click(EventFiringWebDriver.java:417)
	at org.openqa.selenium.WebElement$click.call(Unknown Source)
	at com.kms.katalon.core.webui.keyword.builtin.ClickKeyword.clickUntilSuccessWithTimeout(ClickKeyword.groovy:81)
	at com.kms.katalon.core.webui.keyword.builtin.ClickKeyword.clickUntilSuccessWithTimeout(ClickKeyword.groovy)
	at com.kms.katalon.core.webui.keyword.builtin.ClickKeyword$_click_closure1.doCall(ClickKeyword.groovy:67)
	at com.kms.katalon.core.webui.keyword.builtin.ClickKeyword$_click_closure1.call(ClickKeyword.groovy)
	at com.kms.katalon.core.webui.keyword.internal.WebUIKeywordMain.runKeyword(WebUIKeywordMain.groovy:20)
	at com.kms.katalon.core.webui.keyword.builtin.ClickKeyword.click(ClickKeyword.groovy:74)
	at com.kms.katalon.core.webui.keyword.builtin.ClickKeyword.execute(ClickKeyword.groovy:40)
	at com.kms.katalon.core.keyword.internal.KeywordExecutor.executeKeywordForPlatform(KeywordExecutor.groovy:74)
	at com.kms.katalon.core.webui.keyword.WebUiBuiltInKeywords.click(WebUiBuiltInKeywords.groovy:620)
	at com.kms.katalon.core.webui.keyword.WebUiBuiltInKeywords$click$2.call(Unknown Source)
	at Script1643628703989.run(Script1643628703989.groovy:86)
	... 16 more
)

2022-02-14 13:52:57 - [TEST_STEP][PASSED] - logInfo("Orders Exist in Listing"): Orders Exist in Listing

2022-02-14 13:52:57 - [MESSAGE][INFO] - Orders Exist in Listing

2022-02-14 13:52:57 - [TEST_STEP][PASSED] - click(findTestObject("Object Repository/OrderPerPage/OrderPerPage_select")): Object: 'Object Repository/OrderPerPage/OrderPerPage_select' is clicked on

2022-02-14 13:53:00 - [MESSAGE][PASSED] - Object: 'Object Repository/OrderPerPage/OrderPerPage_select' is clicked on

2022-02-14 13:53:00 - [TEST_STEP][PASSED] - delay(5): Delayed 5 second(s)

2022-02-14 13:53:05 - [MESSAGE][PASSED] - Delayed 5 second(s)

2022-02-14 13:53:05 - [TEST_STEP][PASSED] - click(findTestObject("Object Repository/OrderPerPage/OrderPerPage-SelectOption")): Object: 'Object Repository/OrderPerPage/OrderPerPage-SelectOption' is clicked on

2022-02-14 13:53:08 - [MESSAGE][PASSED] - Object: 'Object Repository/OrderPerPage/OrderPerPage-SelectOption' is clicked on

2022-02-14 13:53:08 - [TEST_STEP][PASSED] - delay(20): Delayed 20 second(s)

2022-02-14 13:53:28 - [MESSAGE][PASSED] - Delayed 20 second(s)

2022-02-14 13:53:28 - [TEST_STEP][PASSED] - takeScreenshot(): Taking screenshot successfully

2022-02-14 13:53:28 - [MESSAGE][PASSED] - Taking screenshot successfully
[[ATTACHMENT|/home/intersoft-admin/Rattan/Bash/Training/Rattan/Final_testing/New_ActivityOverview/Reports/20220214_115757/Pagination/20220214_115812/1644827008527.png]]

2022-02-14 13:53:28 - [TEST_STEP][PASSED] - SizeofPagination = getText(findTestObject("Object Repository/PaginationCOunt/PaginationCount")): Text of object 'Object Repository/PaginationCOunt/PaginationCount' is: '100'

2022-02-14 13:53:28 - [MESSAGE][PASSED] - Text of object 'Object Repository/PaginationCOunt/PaginationCount' is: '100'

2022-02-14 13:53:28 - [TEST_STEP][PASSED] - println(SizeofPagination): null

2022-02-14 13:53:28 - [TEST_STEP][PASSED] - paginationmaxcount = Integer.parseInt(SizeofPagination): null

2022-02-14 13:53:28 - [TEST_STEP][PASSED] - logInfo(Size of Pagination: $paginationmaxcount): Size of Pagination: 100

2022-02-14 13:53:28 - [MESSAGE][INFO] - Size of Pagination: 100

2022-02-14 13:53:28 - [TEST_STEP][PASSED] - totalrecords = 0: null

2022-02-14 13:53:28 - [TEST_STEP][FAILED] - for ([l = 1, l <= paginationmaxcount, (l++)]): Unable to click on object 'Object Repository/PaginationCOunt/ClickOnPagination' (Root cause: com.kms.katalon.core.exception.StepFailedException: Unable to click on object 'Object Repository/PaginationCOunt/ClickOnPagination'
	at com.kms.katalon.core.webui.keyword.internal.WebUIKeywordMain.stepFailed(WebUIKeywordMain.groovy:64)
	at com.kms.katalon.core.webui.keyword.internal.WebUIKeywordMain.runKeyword(WebUIKeywordMain.groovy:26)
	at com.kms.katalon.core.webui.keyword.builtin.ClickKeyword.click(ClickKeyword.groovy:74)
	at com.kms.katalon.core.webui.keyword.builtin.ClickKeyword.execute(ClickKeyword.groovy:40)
	at com.kms.katalon.core.keyword.internal.KeywordExecutor.executeKeywordForPlatform(KeywordExecutor.groovy:74)
	at com.kms.katalon.core.webui.keyword.WebUiBuiltInKeywords.click(WebUiBuiltInKeywords.groovy:620)
	at com.kms.katalon.core.webui.keyword.WebUiBuiltInKeywords$click$2.call(Unknown Source)
	at ActivityOverview-Pagination.run(ActivityOverview-Pagination:86)
	at com.kms.katalon.core.main.ScriptEngine.run(ScriptEngine.java:194)
	at com.kms.katalon.core.main.ScriptEngine.runScriptAsRawText(ScriptEngine.java:119)
	at com.kms.katalon.core.main.TestCaseExecutor.runScript(TestCaseExecutor.java:442)
	at com.kms.katalon.core.main.TestCaseExecutor.doExecute(TestCaseExecutor.java:433)
	at com.kms.katalon.core.main.TestCaseExecutor.processExecutionPhase(TestCaseExecutor.java:412)
	at com.kms.katalon.core.main.TestCaseExecutor.accessMainPhase(TestCaseExecutor.java:404)
	at com.kms.katalon.core.main.TestCaseExecutor.execute(TestCaseExecutor.java:281)
	at com.kms.katalon.core.main.TestCaseExecutor.execute(TestCaseExecutor.java:363)
	at com.kms.katalon.core.main.TestCaseExecutor.execute(TestCaseExecutor.java:363)
	at com.kms.katalon.core.main.TestCaseExecutor.execute(TestCaseExecutor.java:363)
	at com.kms.katalon.core.main.TestSuiteExecutor.accessTestCaseMainPhase(TestSuiteExecutor.java:202)
	at com.kms.katalon.core.main.TestSuiteExecutor.accessTestSuiteMainPhase(TestSuiteExecutor.java:164)
	at com.kms.katalon.core.main.TestSuiteExecutor.execute(TestSuiteExecutor.java:105)
	at com.kms.katalon.core.main.TestCaseMain.startTestSuite(TestCaseMain.java:185)
	at com.kms.katalon.core.main.TestCaseMain$startTestSuite$0.call(Unknown Source)
	at TempTestSuite1644820092096.run(TempTestSuite1644820092096.groovy:36)
Caused by: org.openqa.selenium.ElementClickInterceptedException: element click intercepted: Element <a class="paginate_button " aria-controls="main-table" data-dt-idx="4" tabindex="0">...</a> is not clickable at point (703, 660). Other element would receive the click: <div class="loader-overlay"></div>
  (Session info: chrome=97.0.4692.99)
Build info: version: '3.141.59', revision: 'e82be7d358', time: '2018-11-14T08:25:53'
System info: host: 'intersoftadmin-desktop', ip: '127.0.1.1', os.name: 'Linux', os.arch: 'amd64', os.version: '5.4.0-99-generic', java.version: '1.8.0_312'
Driver info: com.kms.katalon.selenium.driver.CChromeDriver
Capabilities {acceptInsecureCerts: false, browserName: chrome, browserVersion: 97.0.4692.99, chrome: {chromedriverVersion: 97.0.4692.36 (747e0a0f19c13..., userDataDir: /tmp/.com.google.Chrome.i3alsz}, goog:chromeOptions: {debuggerAddress: localhost:44409}, javascriptEnabled: true, networkConnectionEnabled: false, pageLoadStrategy: normal, platform: LINUX, platformName: LINUX, proxy: Proxy(), setWindowRect: true, strictFileInteractability: false, timeouts: {implicit: 0, pageLoad: 300000, script: 30000}, unhandledPromptBehavior: dismiss and notify, webauthn:extension:credBlob: true, webauthn:extension:largeBlob: true, webauthn:virtualAuthenticators: true}
Session ID: a817830395755abe5d07cf5d2c230688
	at org.openqa.selenium.remote.http.W3CHttpResponseCodec.createException(W3CHttpResponseCodec.java:187)
	at org.openqa.selenium.remote.http.W3CHttpResponseCodec.decode(W3CHttpResponseCodec.java:122)
	at org.openqa.selenium.remote.http.W3CHttpResponseCodec.decode(W3CHttpResponseCodec.java:49)
	at org.openqa.selenium.remote.HttpCommandExecutor.execute(HttpCommandExecutor.java:158)
	at org.openqa.selenium.remote.service.DriverCommandExecutor.execute(DriverCommandExecutor.java:83)
	at org.openqa.selenium.remote.RemoteWebDriver.execute(RemoteWebDriver.java:552)
	at com.kms.katalon.selenium.driver.CChromeDriver.execute(CChromeDriver.java:19)
	at org.openqa.selenium.remote.RemoteWebElement.execute(RemoteWebElement.java:285)
	at org.openqa.selenium.remote.RemoteWebElement.click(RemoteWebElement.java:84)
	at org.openqa.selenium.support.events.EventFiringWebDriver$EventFiringWebElement.lambda$new$0(EventFiringWebDriver.java:404)
	at com.sun.proxy.$Proxy11.click(Unknown Source)
	at org.openqa.selenium.support.events.EventFiringWebDriver$EventFiringWebElement.click(EventFiringWebDriver.java:417)
	at org.openqa.selenium.WebElement$click.call(Unknown Source)
	at com.kms.katalon.core.webui.keyword.builtin.ClickKeyword.clickUntilSuccessWithTimeout(ClickKeyword.groovy:81)
	at com.kms.katalon.core.webui.keyword.builtin.ClickKeyword.clickUntilSuccessWithTimeout(ClickKeyword.groovy)
	at com.kms.katalon.core.webui.keyword.builtin.ClickKeyword$_click_closure1.doCall(ClickKeyword.groovy:67)
	at com.kms.katalon.core.webui.keyword.builtin.ClickKeyword$_click_closure1.call(ClickKeyword.groovy)
	at com.kms.katalon.core.webui.keyword.internal.WebUIKeywordMain.runKeyword(WebUIKeywordMain.groovy:20)
	at com.kms.katalon.core.webui.keyword.builtin.ClickKeyword.click(ClickKeyword.groovy:74)
	at com.kms.katalon.core.webui.keyword.builtin.ClickKeyword.execute(ClickKeyword.groovy:40)
	at com.kms.katalon.core.keyword.internal.KeywordExecutor.executeKeywordForPlatform(KeywordExecutor.groovy:74)
	at com.kms.katalon.core.webui.keyword.WebUiBuiltInKeywords.click(WebUiBuiltInKeywords.groovy:620)
	at com.kms.katalon.core.webui.keyword.WebUiBuiltInKeywords$click$2.call(Unknown Source)
	at Script1643628703989.run(Script1643628703989.groovy:86)
	... 16 more
)

2022-02-14 13:53:28 - [TEST_STEP][PASSED] - if (l <= 5): null

2022-02-14 13:53:28 - [TEST_STEP][PASSED] - paginationvalue = l: null

2022-02-14 13:53:28 - [TEST_STEP][PASSED] - if (l > 5): null

2022-02-14 13:53:28 - [TEST_STEP][PASSED] - logInfo(Size of Pagination: $paginationvalue): Size of Pagination: 1

2022-02-14 13:53:28 - [MESSAGE][INFO] - Size of Pagination: 1

2022-02-14 13:53:28 - [TEST_STEP][PASSED] - click(findTestObject("Object Repository/PaginationCOunt/ClickOnPagination", ["pagination":paginationvalue])): Object: 'Object Repository/PaginationCOunt/ClickOnPagination' is clicked on

2022-02-14 13:53:31 - [MESSAGE][PASSED] - Object: 'Object Repository/PaginationCOunt/ClickOnPagination' is clicked on

2022-02-14 13:53:31 - [TEST_STEP][PASSED] - delay(20): Delayed 20 second(s)

2022-02-14 13:53:51 - [MESSAGE][PASSED] - Delayed 20 second(s)

2022-02-14 13:53:51 - [TEST_STEP][PASSED] - takeScreenshot(): Taking screenshot successfully

2022-02-14 13:53:51 - [MESSAGE][PASSED] - Taking screenshot successfully
[[ATTACHMENT|/home/intersoft-admin/Rattan/Bash/Training/Rattan/Final_testing/New_ActivityOverview/Reports/20220214_115757/Pagination/20220214_115812/1644827031843.png]]

2022-02-14 13:53:51 - [TEST_STEP][PASSED] - orderListing = findWebElements(findTestObject("Object Repository/ListingArea/RecordsInListing"), 5).size(): null

2022-02-14 13:53:52 - [TEST_STEP][PASSED] - totalrecords = totalrecords + orderListing: null

2022-02-14 13:53:52 - [TEST_STEP][PASSED] - logInfo(Total Records: $totalrecords): Total Records: 100

2022-02-14 13:53:52 - [MESSAGE][INFO] - Total Records: 100

2022-02-14 13:53:52 - [TEST_STEP][PASSED] - if (l <= 5): null

2022-02-14 13:53:52 - [TEST_STEP][PASSED] - paginationvalue = l: null

2022-02-14 13:53:52 - [TEST_STEP][PASSED] - if (l > 5): null

2022-02-14 13:53:52 - [TEST_STEP][PASSED] - logInfo(Size of Pagination: $paginationvalue): Size of Pagination: 2

2022-02-14 13:53:52 - [MESSAGE][INFO] - Size of Pagination: 2

2022-02-14 13:53:52 - [TEST_STEP][PASSED] - click(findTestObject("Object Repository/PaginationCOunt/ClickOnPagination", ["pagination":paginationvalue])): Object: 'Object Repository/PaginationCOunt/ClickOnPagination' is clicked on

2022-02-14 13:53:55 - [MESSAGE][PASSED] - Object: 'Object Repository/PaginationCOunt/ClickOnPagination' is clicked on

2022-02-14 13:53:55 - [TEST_STEP][PASSED] - delay(20): Delayed 20 second(s)

2022-02-14 13:54:15 - [MESSAGE][PASSED] - Delayed 20 second(s)

2022-02-14 13:54:15 - [TEST_STEP][PASSED] - takeScreenshot(): Taking screenshot successfully

2022-02-14 13:54:15 - [MESSAGE][PASSED] - Taking screenshot successfully
[[ATTACHMENT|/home/intersoft-admin/Rattan/Bash/Training/Rattan/Final_testing/New_ActivityOverview/Reports/20220214_115757/Pagination/20220214_115812/1644827055194.png]]

2022-02-14 13:54:15 - [TEST_STEP][PASSED] - orderListing = findWebElements(findTestObject("Object Repository/ListingArea/RecordsInListing"), 5).size(): null

2022-02-14 13:54:15 - [TEST_STEP][PASSED] - totalrecords = totalrecords + orderListing: null

2022-02-14 13:54:15 - [TEST_STEP][PASSED] - logInfo(Total Records: $totalrecords): Total Records: 200

2022-02-14 13:54:15 - [MESSAGE][INFO] - Total Records: 200

2022-02-14 13:54:15 - [TEST_STEP][PASSED] - if (l <= 5): null

2022-02-14 13:54:15 - [TEST_STEP][PASSED] - paginationvalue = l: null

2022-02-14 13:54:15 - [TEST_STEP][PASSED] - if (l > 5): null

2022-02-14 13:54:15 - [TEST_STEP][PASSED] - logInfo(Size of Pagination: $paginationvalue): Size of Pagination: 3

2022-02-14 13:54:15 - [MESSAGE][INFO] - Size of Pagination: 3

2022-02-14 13:54:15 - [TEST_STEP][PASSED] - click(findTestObject("Object Repository/PaginationCOunt/ClickOnPagination", ["pagination":paginationvalue])): Object: 'Object Repository/PaginationCOunt/ClickOnPagination' is clicked on

2022-02-14 13:54:18 - [MESSAGE][PASSED] - Object: 'Object Repository/PaginationCOunt/ClickOnPagination' is clicked on

2022-02-14 13:54:18 - [TEST_STEP][PASSED] - delay(20): Delayed 20 second(s)

2022-02-14 13:54:38 - [MESSAGE][PASSED] - Delayed 20 second(s)

2022-02-14 13:54:38 - [TEST_STEP][PASSED] - takeScreenshot(): Taking screenshot successfully

2022-02-14 13:54:38 - [MESSAGE][PASSED] - Taking screenshot successfully
[[ATTACHMENT|/home/intersoft-admin/Rattan/Bash/Training/Rattan/Final_testing/New_ActivityOverview/Reports/20220214_115757/Pagination/20220214_115812/1644827078525.png]]

2022-02-14 13:54:38 - [TEST_STEP][PASSED] - orderListing = findWebElements(findTestObject("Object Repository/ListingArea/RecordsInListing"), 5).size(): null

2022-02-14 13:54:38 - [TEST_STEP][PASSED] - totalrecords = totalrecords + orderListing: null

2022-02-14 13:54:38 - [TEST_STEP][PASSED] - logInfo(Total Records: $totalrecords): Total Records: 300

2022-02-14 13:54:38 - [MESSAGE][INFO] - Total Records: 300

2022-02-14 13:54:38 - [TEST_STEP][PASSED] - if (l <= 5): null

2022-02-14 13:54:38 - [TEST_STEP][PASSED] - paginationvalue = l: null

2022-02-14 13:54:38 - [TEST_STEP][PASSED] - if (l > 5): null

2022-02-14 13:54:38 - [TEST_STEP][PASSED] - logInfo(Size of Pagination: $paginationvalue): Size of Pagination: 4

2022-02-14 13:54:38 - [MESSAGE][INFO] - Size of Pagination: 4

2022-02-14 13:54:38 - [TEST_STEP][PASSED] - click(findTestObject("Object Repository/PaginationCOunt/ClickOnPagination", ["pagination":paginationvalue])): Object: 'Object Repository/PaginationCOunt/ClickOnPagination' is clicked on

2022-02-14 13:54:41 - [MESSAGE][PASSED] - Object: 'Object Repository/PaginationCOunt/ClickOnPagination' is clicked on

2022-02-14 13:54:41 - [TEST_STEP][PASSED] - delay(20): Delayed 20 second(s)

2022-02-14 13:55:01 - [MESSAGE][PASSED] - Delayed 20 second(s)

2022-02-14 13:55:01 - [TEST_STEP][PASSED] - takeScreenshot(): Taking screenshot successfully

2022-02-14 13:55:01 - [MESSAGE][PASSED] - Taking screenshot successfully
[[ATTACHMENT|/home/intersoft-admin/Rattan/Bash/Training/Rattan/Final_testing/New_ActivityOverview/Reports/20220214_115757/Pagination/20220214_115812/1644827101853.png]]

2022-02-14 13:55:01 - [TEST_STEP][PASSED] - orderListing = findWebElements(findTestObject("Object Repository/ListingArea/RecordsInListing"), 5).size(): null

2022-02-14 13:55:02 - [TEST_STEP][PASSED] - totalrecords = totalrecords + orderListing: null

2022-02-14 13:55:02 - [TEST_STEP][PASSED] - logInfo(Total Records: $totalrecords): Total Records: 400

2022-02-14 13:55:02 - [MESSAGE][INFO] - Total Records: 400

2022-02-14 13:55:02 - [TEST_STEP][PASSED] - if (l <= 5): null

2022-02-14 13:55:02 - [TEST_STEP][PASSED] - paginationvalue = l: null

2022-02-14 13:55:02 - [TEST_STEP][PASSED] - if (l > 5): null

2022-02-14 13:55:02 - [TEST_STEP][PASSED] - logInfo(Size of Pagination: $paginationvalue): Size of Pagination: 5

2022-02-14 13:55:02 - [MESSAGE][INFO] - Size of Pagination: 5

2022-02-14 13:55:02 - [TEST_STEP][PASSED] - click(findTestObject("Object Repository/PaginationCOunt/ClickOnPagination", ["pagination":paginationvalue])): Object: 'Object Repository/PaginationCOunt/ClickOnPagination' is clicked on

2022-02-14 13:55:05 - [MESSAGE][PASSED] - Object: 'Object Repository/PaginationCOunt/ClickOnPagination' is clicked on

2022-02-14 13:55:05 - [TEST_STEP][PASSED] - delay(20): Delayed 20 second(s)

2022-02-14 13:55:25 - [MESSAGE][PASSED] - Delayed 20 second(s)

2022-02-14 13:55:25 - [TEST_STEP][PASSED] - takeScreenshot(): Taking screenshot successfully

2022-02-14 13:55:25 - [MESSAGE][PASSED] - Taking screenshot successfully
[[ATTACHMENT|/home/intersoft-admin/Rattan/Bash/Training/Rattan/Final_testing/New_ActivityOverview/Reports/20220214_115757/Pagination/20220214_115812/1644827125190.png]]

2022-02-14 13:55:25 - [TEST_STEP][PASSED] - orderListing = findWebElements(findTestObject("Object Repository/ListingArea/RecordsInListing"), 5).size(): null

2022-02-14 13:55:25 - [TEST_STEP][PASSED] - totalrecords = totalrecords + orderListing: null

2022-02-14 13:55:25 - [TEST_STEP][PASSED] - logInfo(Total Records: $totalrecords): Total Records: 500

2022-02-14 13:55:25 - [MESSAGE][INFO] - Total Records: 500

2022-02-14 13:55:25 - [TEST_STEP][PASSED] - if (l <= 5): null

2022-02-14 13:55:25 - [TEST_STEP][PASSED] - if (l > 5): null

2022-02-14 13:55:25 - [TEST_STEP][PASSED] - paginationvalue = "4": null

2022-02-14 13:55:25 - [TEST_STEP][PASSED] - logInfo(Size of Pagination: $paginationvalue): Size of Pagination: 4

2022-02-14 13:55:25 - [MESSAGE][INFO] - Size of Pagination: 4

2022-02-14 13:55:25 - [TEST_STEP][PASSED] - click(findTestObject("Object Repository/PaginationCOunt/ClickOnPagination", ["pagination":paginationvalue])): Object: 'Object Repository/PaginationCOunt/ClickOnPagination' is clicked on

2022-02-14 13:55:28 - [MESSAGE][PASSED] - Object: 'Object Repository/PaginationCOunt/ClickOnPagination' is clicked on

2022-02-14 13:55:28 - [TEST_STEP][PASSED] - delay(20): Delayed 20 second(s)

2022-02-14 13:55:48 - [MESSAGE][PASSED] - Delayed 20 second(s)

2022-02-14 13:55:48 - [TEST_STEP][PASSED] - takeScreenshot(): Taking screenshot successfully

2022-02-14 13:55:48 - [MESSAGE][PASSED] - Taking screenshot successfully
[[ATTACHMENT|/home/intersoft-admin/Rattan/Bash/Training/Rattan/Final_testing/New_ActivityOverview/Reports/20220214_115757/Pagination/20220214_115812/1644827148563.png]]

2022-02-14 13:55:48 - [TEST_STEP][PASSED] - orderListing = findWebElements(findTestObject("Object Repository/ListingArea/RecordsInListing"), 5).size(): null

2022-02-14 13:55:48 - [TEST_STEP][PASSED] - totalrecords = totalrecords + orderListing: null

2022-02-14 13:55:48 - [TEST_STEP][PASSED] - logInfo(Total Records: $totalrecords): Total Records: 600

2022-02-14 13:55:48 - [MESSAGE][INFO] - Total Records: 600

2022-02-14 13:55:48 - [TEST_STEP][PASSED] - if (l <= 5): null

2022-02-14 13:55:48 - [TEST_STEP][PASSED] - if (l > 5): null

2022-02-14 13:55:48 - [TEST_STEP][PASSED] - paginationvalue = "4": null

2022-02-14 13:55:48 - [TEST_STEP][PASSED] - logInfo(Size of Pagination: $paginationvalue): Size of Pagination: 4

2022-02-14 13:55:48 - [MESSAGE][INFO] - Size of Pagination: 4

2022-02-14 13:55:48 - [TEST_STEP][PASSED] - click(findTestObject("Object Repository/PaginationCOunt/ClickOnPagination", ["pagination":paginationvalue])): Object: 'Object Repository/PaginationCOunt/ClickOnPagination' is clicked on

2022-02-14 13:55:51 - [MESSAGE][PASSED] - Object: 'Object Repository/PaginationCOunt/ClickOnPagination' is clicked on

2022-02-14 13:55:51 - [TEST_STEP][PASSED] - delay(20): Delayed 20 second(s)

2022-02-14 13:56:11 - [MESSAGE][PASSED] - Delayed 20 second(s)

2022-02-14 13:56:11 - [TEST_STEP][PASSED] - takeScreenshot(): Taking screenshot successfully

2022-02-14 13:56:12 - [MESSAGE][PASSED] - Taking screenshot successfully
[[ATTACHMENT|/home/intersoft-admin/Rattan/Bash/Training/Rattan/Final_testing/New_ActivityOverview/Reports/20220214_115757/Pagination/20220214_115812/1644827171898.png]]

2022-02-14 13:56:12 - [TEST_STEP][PASSED] - orderListing = findWebElements(findTestObject("Object Repository/ListingArea/RecordsInListing"), 5).size(): null

2022-02-14 13:56:12 - [TEST_STEP][PASSED] - totalrecords = totalrecords + orderListing: null

2022-02-14 13:56:12 - [TEST_STEP][PASSED] - logInfo(Total Records: $totalrecords): Total Records: 700

2022-02-14 13:56:12 - [MESSAGE][INFO] - Total Records: 700

2022-02-14 13:56:12 - [TEST_STEP][PASSED] - if (l <= 5): null

2022-02-14 13:56:12 - [TEST_STEP][PASSED] - if (l > 5): null

2022-02-14 13:56:12 - [TEST_STEP][PASSED] - paginationvalue = "4": null

2022-02-14 13:56:12 - [TEST_STEP][PASSED] - logInfo(Size of Pagination: $paginationvalue): Size of Pagination: 4

2022-02-14 13:56:12 - [MESSAGE][INFO] - Size of Pagination: 4

2022-02-14 13:56:12 - [TEST_STEP][PASSED] - click(findTestObject("Object Repository/PaginationCOunt/ClickOnPagination", ["pagination":paginationvalue])): Object: 'Object Repository/PaginationCOunt/ClickOnPagination' is clicked on

2022-02-14 13:56:15 - [MESSAGE][PASSED] - Object: 'Object Repository/PaginationCOunt/ClickOnPagination' is clicked on

2022-02-14 13:56:15 - [TEST_STEP][PASSED] - delay(20): Delayed 20 second(s)

2022-02-14 13:56:35 - [MESSAGE][PASSED] - Delayed 20 second(s)

2022-02-14 13:56:35 - [TEST_STEP][PASSED] - takeScreenshot(): Taking screenshot successfully

2022-02-14 13:56:35 - [MESSAGE][PASSED] - Taking screenshot successfully
[[ATTACHMENT|/home/intersoft-admin/Rattan/Bash/Training/Rattan/Final_testing/New_ActivityOverview/Reports/20220214_115757/Pagination/20220214_115812/1644827195216.png]]

2022-02-14 13:56:35 - [TEST_STEP][PASSED] - orderListing = findWebElements(findTestObject("Object Repository/ListingArea/RecordsInListing"), 5).size(): null

2022-02-14 13:56:35 - [TEST_STEP][PASSED] - totalrecords = totalrecords + orderListing: null

2022-02-14 13:56:35 - [TEST_STEP][PASSED] - logInfo(Total Records: $totalrecords): Total Records: 800

2022-02-14 13:56:35 - [MESSAGE][INFO] - Total Records: 800

2022-02-14 13:56:35 - [TEST_STEP][PASSED] - if (l <= 5): null

2022-02-14 13:56:35 - [TEST_STEP][PASSED] - if (l > 5): null

2022-02-14 13:56:35 - [TEST_STEP][PASSED] - paginationvalue = "4": null

2022-02-14 13:56:35 - [TEST_STEP][PASSED] - logInfo(Size of Pagination: $paginationvalue): Size of Pagination: 4

2022-02-14 13:56:35 - [MESSAGE][INFO] - Size of Pagination: 4

2022-02-14 13:56:35 - [TEST_STEP][PASSED] - click(findTestObject("Object Repository/PaginationCOunt/ClickOnPagination", ["pagination":paginationvalue])): Object: 'Object Repository/PaginationCOunt/ClickOnPagination' is clicked on

2022-02-14 13:56:38 - [MESSAGE][PASSED] - Object: 'Object Repository/PaginationCOunt/ClickOnPagination' is clicked on

2022-02-14 13:56:38 - [TEST_STEP][PASSED] - delay(20): Delayed 20 second(s)

2022-02-14 13:56:58 - [MESSAGE][PASSED] - Delayed 20 second(s)

2022-02-14 13:56:58 - [TEST_STEP][PASSED] - takeScreenshot(): Taking screenshot successfully

2022-02-14 13:56:58 - [MESSAGE][PASSED] - Taking screenshot successfully
[[ATTACHMENT|/home/intersoft-admin/Rattan/Bash/Training/Rattan/Final_testing/New_ActivityOverview/Reports/20220214_115757/Pagination/20220214_115812/1644827218541.png]]

2022-02-14 13:56:58 - [TEST_STEP][PASSED] - orderListing = findWebElements(findTestObject("Object Repository/ListingArea/RecordsInListing"), 5).size(): null

2022-02-14 13:56:58 - [TEST_STEP][PASSED] - totalrecords = totalrecords + orderListing: null

2022-02-14 13:56:58 - [TEST_STEP][PASSED] - logInfo(Total Records: $totalrecords): Total Records: 900

2022-02-14 13:56:58 - [MESSAGE][INFO] - Total Records: 900

2022-02-14 13:56:58 - [TEST_STEP][PASSED] - if (l <= 5): null

2022-02-14 13:56:58 - [TEST_STEP][PASSED] - if (l > 5): null

2022-02-14 13:56:58 - [TEST_STEP][PASSED] - paginationvalue = "4": null

2022-02-14 13:56:58 - [TEST_STEP][PASSED] - logInfo(Size of Pagination: $paginationvalue): Size of Pagination: 4

2022-02-14 13:56:58 - [MESSAGE][INFO] - Size of Pagination: 4

2022-02-14 13:56:58 - [TEST_STEP][PASSED] - click(findTestObject("Object Repository/PaginationCOunt/ClickOnPagination", ["pagination":paginationvalue])): Object: 'Object Repository/PaginationCOunt/ClickOnPagination' is clicked on

2022-02-14 13:57:01 - [MESSAGE][PASSED] - Object: 'Object Repository/PaginationCOunt/ClickOnPagination' is clicked on

2022-02-14 13:57:01 - [TEST_STEP][PASSED] - delay(20): Delayed 20 second(s)

2022-02-14 13:57:21 - [MESSAGE][PASSED] - Delayed 20 second(s)

2022-02-14 13:57:21 - [TEST_STEP][PASSED] - takeScreenshot(): Taking screenshot successfully

2022-02-14 13:57:22 - [MESSAGE][PASSED] - Taking screenshot successfully
[[ATTACHMENT|/home/intersoft-admin/Rattan/Bash/Training/Rattan/Final_testing/New_ActivityOverview/Reports/20220214_115757/Pagination/20220214_115812/1644827241888.png]]

2022-02-14 13:57:22 - [TEST_STEP][PASSED] - orderListing = findWebElements(findTestObject("Object Repository/ListingArea/RecordsInListing"), 5).size(): null

2022-02-14 13:57:22 - [TEST_STEP][PASSED] - totalrecords = totalrecords + orderListing: null

2022-02-14 13:57:22 - [TEST_STEP][PASSED] - logInfo(Total Records: $totalrecords): Total Records: 1000

2022-02-14 13:57:22 - [MESSAGE][INFO] - Total Records: 1000

2022-02-14 13:57:22 - [TEST_STEP][PASSED] - if (l <= 5): null

2022-02-14 13:57:22 - [TEST_STEP][PASSED] - if (l > 5): null

2022-02-14 13:57:22 - [TEST_STEP][PASSED] - paginationvalue = "4": null

2022-02-14 13:57:22 - [TEST_STEP][PASSED] - logInfo(Size of Pagination: $paginationvalue): Size of Pagination: 4

2022-02-14 13:57:22 - [MESSAGE][INFO] - Size of Pagination: 4

2022-02-14 13:57:22 - [TEST_STEP][PASSED] - click(findTestObject("Object Repository/PaginationCOunt/ClickOnPagination", ["pagination":paginationvalue])): Object: 'Object Repository/PaginationCOunt/ClickOnPagination' is clicked on

2022-02-14 13:57:25 - [MESSAGE][PASSED] - Object: 'Object Repository/PaginationCOunt/ClickOnPagination' is clicked on

2022-02-14 13:57:25 - [TEST_STEP][PASSED] - delay(20): Delayed 20 second(s)

2022-02-14 13:57:45 - [MESSAGE][PASSED] - Delayed 20 second(s)

2022-02-14 13:57:45 - [TEST_STEP][PASSED] - takeScreenshot(): Taking screenshot successfully

2022-02-14 13:57:45 - [MESSAGE][PASSED] - Taking screenshot successfully
[[ATTACHMENT|/home/intersoft-admin/Rattan/Bash/Training/Rattan/Final_testing/New_ActivityOverview/Reports/20220214_115757/Pagination/20220214_115812/1644827265215.png]]

2022-02-14 13:57:45 - [TEST_STEP][PASSED] - orderListing = findWebElements(findTestObject("Object Repository/ListingArea/RecordsInListing"), 5).size(): null

2022-02-14 13:57:45 - [TEST_STEP][PASSED] - totalrecords = totalrecords + orderListing: null

2022-02-14 13:57:45 - [TEST_STEP][PASSED] - logInfo(Total Records: $totalrecords): Total Records: 1100

2022-02-14 13:57:45 - [MESSAGE][INFO] - Total Records: 1100

2022-02-14 13:57:45 - [TEST_STEP][PASSED] - if (l <= 5): null

2022-02-14 13:57:45 - [TEST_STEP][PASSED] - if (l > 5): null

2022-02-14 13:57:45 - [TEST_STEP][PASSED] - paginationvalue = "4": null

2022-02-14 13:57:45 - [TEST_STEP][PASSED] - logInfo(Size of Pagination: $paginationvalue): Size of Pagination: 4

2022-02-14 13:57:45 - [MESSAGE][INFO] - Size of Pagination: 4

2022-02-14 13:57:45 - [TEST_STEP][PASSED] - click(findTestObject("Object Repository/PaginationCOunt/ClickOnPagination", ["pagination":paginationvalue])): Object: 'Object Repository/PaginationCOunt/ClickOnPagination' is clicked on

2022-02-14 13:57:48 - [MESSAGE][PASSED] - Object: 'Object Repository/PaginationCOunt/ClickOnPagination' is clicked on

2022-02-14 13:57:48 - [TEST_STEP][PASSED] - delay(20): Delayed 20 second(s)

2022-02-14 13:58:08 - [MESSAGE][PASSED] - Delayed 20 second(s)

2022-02-14 13:58:08 - [TEST_STEP][PASSED] - takeScreenshot(): Taking screenshot successfully

2022-02-14 13:58:08 - [MESSAGE][PASSED] - Taking screenshot successfully
[[ATTACHMENT|/home/intersoft-admin/Rattan/Bash/Training/Rattan/Final_testing/New_ActivityOverview/Reports/20220214_115757/Pagination/20220214_115812/1644827288557.png]]

2022-02-14 13:58:08 - [TEST_STEP][PASSED] - orderListing = findWebElements(findTestObject("Object Repository/ListingArea/RecordsInListing"), 5).size(): null

2022-02-14 13:58:08 - [TEST_STEP][PASSED] - totalrecords = totalrecords + orderListing: null

2022-02-14 13:58:08 - [TEST_STEP][PASSED] - logInfo(Total Records: $totalrecords): Total Records: 1200

2022-02-14 13:58:08 - [MESSAGE][INFO] - Total Records: 1200

2022-02-14 13:58:08 - [TEST_STEP][PASSED] - if (l <= 5): null

2022-02-14 13:58:08 - [TEST_STEP][PASSED] - if (l > 5): null

2022-02-14 13:58:08 - [TEST_STEP][PASSED] - paginationvalue = "4": null

2022-02-14 13:58:08 - [TEST_STEP][PASSED] - logInfo(Size of Pagination: $paginationvalue): Size of Pagination: 4

2022-02-14 13:58:08 - [MESSAGE][INFO] - Size of Pagination: 4

2022-02-14 13:58:08 - [TEST_STEP][PASSED] - click(findTestObject("Object Repository/PaginationCOunt/ClickOnPagination", ["pagination":paginationvalue])): Object: 'Object Repository/PaginationCOunt/ClickOnPagination' is clicked on

2022-02-14 13:58:11 - [MESSAGE][PASSED] - Object: 'Object Repository/PaginationCOunt/ClickOnPagination' is clicked on

2022-02-14 13:58:11 - [TEST_STEP][PASSED] - delay(20): Delayed 20 second(s)

2022-02-14 13:58:31 - [MESSAGE][PASSED] - Delayed 20 second(s)

2022-02-14 13:58:31 - [TEST_STEP][PASSED] - takeScreenshot(): Taking screenshot successfully

2022-02-14 13:58:32 - [MESSAGE][PASSED] - Taking screenshot successfully
[[ATTACHMENT|/home/intersoft-admin/Rattan/Bash/Training/Rattan/Final_testing/New_ActivityOverview/Reports/20220214_115757/Pagination/20220214_115812/1644827311890.png]]

2022-02-14 13:58:32 - [TEST_STEP][PASSED] - orderListing = findWebElements(findTestObject("Object Repository/ListingArea/RecordsInListing"), 5).size(): null

2022-02-14 13:58:32 - [TEST_STEP][PASSED] - totalrecords = totalrecords + orderListing: null

2022-02-14 13:58:32 - [TEST_STEP][PASSED] - logInfo(Total Records: $totalrecords): Total Records: 1300

2022-02-14 13:58:32 - [MESSAGE][INFO] - Total Records: 1300

2022-02-14 13:58:32 - [TEST_STEP][PASSED] - if (l <= 5): null

2022-02-14 13:58:32 - [TEST_STEP][PASSED] - if (l > 5): null

2022-02-14 13:58:32 - [TEST_STEP][PASSED] - paginationvalue = "4": null

2022-02-14 13:58:32 - [TEST_STEP][PASSED] - logInfo(Size of Pagination: $paginationvalue): Size of Pagination: 4

2022-02-14 13:58:32 - [MESSAGE][INFO] - Size of Pagination: 4

2022-02-14 13:58:32 - [TEST_STEP][PASSED] - click(findTestObject("Object Repository/PaginationCOunt/ClickOnPagination", ["pagination":paginationvalue])): Object: 'Object Repository/PaginationCOunt/ClickOnPagination' is clicked on

2022-02-14 13:58:35 - [MESSAGE][PASSED] - Object: 'Object Repository/PaginationCOunt/ClickOnPagination' is clicked on

2022-02-14 13:58:35 - [TEST_STEP][PASSED] - delay(20): Delayed 20 second(s)

2022-02-14 13:58:55 - [MESSAGE][PASSED] - Delayed 20 second(s)

2022-02-14 13:58:55 - [TEST_STEP][PASSED] - takeScreenshot(): Taking screenshot successfully

2022-02-14 13:58:55 - [MESSAGE][PASSED] - Taking screenshot successfully
[[ATTACHMENT|/home/intersoft-admin/Rattan/Bash/Training/Rattan/Final_testing/New_ActivityOverview/Reports/20220214_115757/Pagination/20220214_115812/1644827335229.png]]

2022-02-14 13:58:55 - [TEST_STEP][PASSED] - orderListing = findWebElements(findTestObject("Object Repository/ListingArea/RecordsInListing"), 5).size(): null

2022-02-14 13:58:55 - [TEST_STEP][PASSED] - totalrecords = totalrecords + orderListing: null

2022-02-14 13:58:55 - [TEST_STEP][PASSED] - logInfo(Total Records: $totalrecords): Total Records: 1400

2022-02-14 13:58:55 - [MESSAGE][INFO] - Total Records: 1400

2022-02-14 13:58:55 - [TEST_STEP][PASSED] - if (l <= 5): null

2022-02-14 13:58:55 - [TEST_STEP][PASSED] - if (l > 5): null

2022-02-14 13:58:55 - [TEST_STEP][PASSED] - paginationvalue = "4": null

2022-02-14 13:58:55 - [TEST_STEP][PASSED] - logInfo(Size of Pagination: $paginationvalue): Size of Pagination: 4

2022-02-14 13:58:55 - [MESSAGE][INFO] - Size of Pagination: 4

2022-02-14 13:58:55 - [TEST_STEP][PASSED] - click(findTestObject("Object Repository/PaginationCOunt/ClickOnPagination", ["pagination":paginationvalue])): Object: 'Object Repository/PaginationCOunt/ClickOnPagination' is clicked on

2022-02-14 13:58:58 - [MESSAGE][PASSED] - Object: 'Object Repository/PaginationCOunt/ClickOnPagination' is clicked on

2022-02-14 13:58:58 - [TEST_STEP][PASSED] - delay(20): Delayed 20 second(s)

2022-02-14 13:59:18 - [MESSAGE][PASSED] - Delayed 20 second(s)

2022-02-14 13:59:18 - [TEST_STEP][PASSED] - takeScreenshot(): Taking screenshot successfully

2022-02-14 13:59:18 - [MESSAGE][PASSED] - Taking screenshot successfully
[[ATTACHMENT|/home/intersoft-admin/Rattan/Bash/Training/Rattan/Final_testing/New_ActivityOverview/Reports/20220214_115757/Pagination/20220214_115812/1644827358574.png]]

2022-02-14 13:59:18 - [TEST_STEP][PASSED] - orderListing = findWebElements(findTestObject("Object Repository/ListingArea/RecordsInListing"), 5).size(): null

2022-02-14 13:59:18 - [TEST_STEP][PASSED] - totalrecords = totalrecords + orderListing: null

2022-02-14 13:59:18 - [TEST_STEP][PASSED] - logInfo(Total Records: $totalrecords): Total Records: 1500

2022-02-14 13:59:18 - [MESSAGE][INFO] - Total Records: 1500

2022-02-14 13:59:18 - [TEST_STEP][PASSED] - if (l <= 5): null

2022-02-14 13:59:18 - [TEST_STEP][PASSED] - if (l > 5): null

2022-02-14 13:59:18 - [TEST_STEP][PASSED] - paginationvalue = "4": null

2022-02-14 13:59:18 - [TEST_STEP][PASSED] - logInfo(Size of Pagination: $paginationvalue): Size of Pagination: 4

2022-02-14 13:59:18 - [MESSAGE][INFO] - Size of Pagination: 4

2022-02-14 13:59:18 - [TEST_STEP][PASSED] - click(findTestObject("Object Repository/PaginationCOunt/ClickOnPagination", ["pagination":paginationvalue])): Object: 'Object Repository/PaginationCOunt/ClickOnPagination' is clicked on

2022-02-14 13:59:21 - [MESSAGE][PASSED] - Object: 'Object Repository/PaginationCOunt/ClickOnPagination' is clicked on

2022-02-14 13:59:21 - [TEST_STEP][PASSED] - delay(20): Delayed 20 second(s)

2022-02-14 13:59:41 - [MESSAGE][PASSED] - Delayed 20 second(s)

2022-02-14 13:59:41 - [TEST_STEP][PASSED] - takeScreenshot(): Taking screenshot successfully

2022-02-14 13:59:42 - [MESSAGE][PASSED] - Taking screenshot successfully
[[ATTACHMENT|/home/intersoft-admin/Rattan/Bash/Training/Rattan/Final_testing/New_ActivityOverview/Reports/20220214_115757/Pagination/20220214_115812/1644827381908.png]]

2022-02-14 13:59:42 - [TEST_STEP][PASSED] - orderListing = findWebElements(findTestObject("Object Repository/ListingArea/RecordsInListing"), 5).size(): null

2022-02-14 13:59:42 - [TEST_STEP][PASSED] - totalrecords = totalrecords + orderListing: null

2022-02-14 13:59:42 - [TEST_STEP][PASSED] - logInfo(Total Records: $totalrecords): Total Records: 1600

2022-02-14 13:59:42 - [MESSAGE][INFO] - Total Records: 1600

2022-02-14 13:59:42 - [TEST_STEP][PASSED] - if (l <= 5): null

2022-02-14 13:59:42 - [TEST_STEP][PASSED] - if (l > 5): null

2022-02-14 13:59:42 - [TEST_STEP][PASSED] - paginationvalue = "4": null

2022-02-14 13:59:42 - [TEST_STEP][PASSED] - logInfo(Size of Pagination: $paginationvalue): Size of Pagination: 4

2022-02-14 13:59:42 - [MESSAGE][INFO] - Size of Pagination: 4

2022-02-14 13:59:42 - [TEST_STEP][PASSED] - click(findTestObject("Object Repository/PaginationCOunt/ClickOnPagination", ["pagination":paginationvalue])): Object: 'Object Repository/PaginationCOunt/ClickOnPagination' is clicked on

2022-02-14 13:59:45 - [MESSAGE][PASSED] - Object: 'Object Repository/PaginationCOunt/ClickOnPagination' is clicked on

2022-02-14 13:59:45 - [TEST_STEP][PASSED] - delay(20): Delayed 20 second(s)

2022-02-14 14:00:05 - [MESSAGE][PASSED] - Delayed 20 second(s)

2022-02-14 14:00:05 - [TEST_STEP][PASSED] - takeScreenshot(): Taking screenshot successfully

2022-02-14 14:00:05 - [MESSAGE][PASSED] - Taking screenshot successfully
[[ATTACHMENT|/home/intersoft-admin/Rattan/Bash/Training/Rattan/Final_testing/New_ActivityOverview/Reports/20220214_115757/Pagination/20220214_115812/1644827405267.png]]

2022-02-14 14:00:05 - [TEST_STEP][PASSED] - orderListing = findWebElements(findTestObject("Object Repository/ListingArea/RecordsInListing"), 5).size(): null

2022-02-14 14:00:05 - [TEST_STEP][PASSED] - totalrecords = totalrecords + orderListing: null

2022-02-14 14:00:05 - [TEST_STEP][PASSED] - logInfo(Total Records: $totalrecords): Total Records: 1700

2022-02-14 14:00:05 - [MESSAGE][INFO] - Total Records: 1700

2022-02-14 14:00:05 - [TEST_STEP][PASSED] - if (l <= 5): null

2022-02-14 14:00:05 - [TEST_STEP][PASSED] - if (l > 5): null

2022-02-14 14:00:05 - [TEST_STEP][PASSED] - paginationvalue = "4": null

2022-02-14 14:00:05 - [TEST_STEP][PASSED] - logInfo(Size of Pagination: $paginationvalue): Size of Pagination: 4

2022-02-14 14:00:05 - [MESSAGE][INFO] - Size of Pagination: 4

2022-02-14 14:00:05 - [TEST_STEP][FAILED] - click(findTestObject("Object Repository/PaginationCOunt/ClickOnPagination", ["pagination":paginationvalue])): Unable to click on object 'Object Repository/PaginationCOunt/ClickOnPagination' (Root cause: com.kms.katalon.core.exception.StepFailedException: Unable to click on object 'Object Repository/PaginationCOunt/ClickOnPagination'
	at com.kms.katalon.core.webui.keyword.internal.WebUIKeywordMain.stepFailed(WebUIKeywordMain.groovy:64)
	at com.kms.katalon.core.webui.keyword.internal.WebUIKeywordMain.runKeyword(WebUIKeywordMain.groovy:26)
	at com.kms.katalon.core.webui.keyword.builtin.ClickKeyword.click(ClickKeyword.groovy:74)
	at com.kms.katalon.core.webui.keyword.builtin.ClickKeyword.execute(ClickKeyword.groovy:40)
	at com.kms.katalon.core.keyword.internal.KeywordExecutor.executeKeywordForPlatform(KeywordExecutor.groovy:74)
	at com.kms.katalon.core.webui.keyword.WebUiBuiltInKeywords.click(WebUiBuiltInKeywords.groovy:620)
	at com.kms.katalon.core.webui.keyword.WebUiBuiltInKeywords$click$2.call(Unknown Source)
	at ActivityOverview-Pagination.run(ActivityOverview-Pagination:86)
	at com.kms.katalon.core.main.ScriptEngine.run(ScriptEngine.java:194)
	at com.kms.katalon.core.main.ScriptEngine.runScriptAsRawText(ScriptEngine.java:119)
	at com.kms.katalon.core.main.TestCaseExecutor.runScript(TestCaseExecutor.java:442)
	at com.kms.katalon.core.main.TestCaseExecutor.doExecute(TestCaseExecutor.java:433)
	at com.kms.katalon.core.main.TestCaseExecutor.processExecutionPhase(TestCaseExecutor.java:412)
	at com.kms.katalon.core.main.TestCaseExecutor.accessMainPhase(TestCaseExecutor.java:404)
	at com.kms.katalon.core.main.TestCaseExecutor.execute(TestCaseExecutor.java:281)
	at com.kms.katalon.core.main.TestCaseExecutor.execute(TestCaseExecutor.java:363)
	at com.kms.katalon.core.main.TestCaseExecutor.execute(TestCaseExecutor.java:363)
	at com.kms.katalon.core.main.TestCaseExecutor.execute(TestCaseExecutor.java:363)
	at com.kms.katalon.core.main.TestSuiteExecutor.accessTestCaseMainPhase(TestSuiteExecutor.java:202)
	at com.kms.katalon.core.main.TestSuiteExecutor.accessTestSuiteMainPhase(TestSuiteExecutor.java:164)
	at com.kms.katalon.core.main.TestSuiteExecutor.execute(TestSuiteExecutor.java:105)
	at com.kms.katalon.core.main.TestCaseMain.startTestSuite(TestCaseMain.java:185)
	at com.kms.katalon.core.main.TestCaseMain$startTestSuite$0.call(Unknown Source)
	at TempTestSuite1644820092096.run(TempTestSuite1644820092096.groovy:36)
Caused by: org.openqa.selenium.ElementClickInterceptedException: element click intercepted: Element <a class="paginate_button " aria-controls="main-table" data-dt-idx="4" tabindex="0">...</a> is not clickable at point (703, 660). Other element would receive the click: <div class="loader-overlay"></div>
  (Session info: chrome=97.0.4692.99)
Build info: version: '3.141.59', revision: 'e82be7d358', time: '2018-11-14T08:25:53'
System info: host: 'intersoftadmin-desktop', ip: '127.0.1.1', os.name: 'Linux', os.arch: 'amd64', os.version: '5.4.0-99-generic', java.version: '1.8.0_312'
Driver info: com.kms.katalon.selenium.driver.CChromeDriver
Capabilities {acceptInsecureCerts: false, browserName: chrome, browserVersion: 97.0.4692.99, chrome: {chromedriverVersion: 97.0.4692.36 (747e0a0f19c13..., userDataDir: /tmp/.com.google.Chrome.i3alsz}, goog:chromeOptions: {debuggerAddress: localhost:44409}, javascriptEnabled: true, networkConnectionEnabled: false, pageLoadStrategy: normal, platform: LINUX, platformName: LINUX, proxy: Proxy(), setWindowRect: true, strictFileInteractability: false, timeouts: {implicit: 0, pageLoad: 300000, script: 30000}, unhandledPromptBehavior: dismiss and notify, webauthn:extension:credBlob: true, webauthn:extension:largeBlob: true, webauthn:virtualAuthenticators: true}
Session ID: a817830395755abe5d07cf5d2c230688
	at org.openqa.selenium.remote.http.W3CHttpResponseCodec.createException(W3CHttpResponseCodec.java:187)
	at org.openqa.selenium.remote.http.W3CHttpResponseCodec.decode(W3CHttpResponseCodec.java:122)
	at org.openqa.selenium.remote.http.W3CHttpResponseCodec.decode(W3CHttpResponseCodec.java:49)
	at org.openqa.selenium.remote.HttpCommandExecutor.execute(HttpCommandExecutor.java:158)
	at org.openqa.selenium.remote.service.DriverCommandExecutor.execute(DriverCommandExecutor.java:83)
	at org.openqa.selenium.remote.RemoteWebDriver.execute(RemoteWebDriver.java:552)
	at com.kms.katalon.selenium.driver.CChromeDriver.execute(CChromeDriver.java:19)
	at org.openqa.selenium.remote.RemoteWebElement.execute(RemoteWebElement.java:285)
	at org.openqa.selenium.remote.RemoteWebElement.click(RemoteWebElement.java:84)
	at org.openqa.selenium.support.events.EventFiringWebDriver$EventFiringWebElement.lambda$new$0(EventFiringWebDriver.java:404)
	at com.sun.proxy.$Proxy11.click(Unknown Source)
	at org.openqa.selenium.support.events.EventFiringWebDriver$EventFiringWebElement.click(EventFiringWebDriver.java:417)
	at org.openqa.selenium.WebElement$click.call(Unknown Source)
	at com.kms.katalon.core.webui.keyword.builtin.ClickKeyword.clickUntilSuccessWithTimeout(ClickKeyword.groovy:81)
	at com.kms.katalon.core.webui.keyword.builtin.ClickKeyword.clickUntilSuccessWithTimeout(ClickKeyword.groovy)
	at com.kms.katalon.core.webui.keyword.builtin.ClickKeyword$_click_closure1.doCall(ClickKeyword.groovy:67)
	at com.kms.katalon.core.webui.keyword.builtin.ClickKeyword$_click_closure1.call(ClickKeyword.groovy)
	at com.kms.katalon.core.webui.keyword.internal.WebUIKeywordMain.runKeyword(WebUIKeywordMain.groovy:20)
	at com.kms.katalon.core.webui.keyword.builtin.ClickKeyword.click(ClickKeyword.groovy:74)
	at com.kms.katalon.core.webui.keyword.builtin.ClickKeyword.execute(ClickKeyword.groovy:40)
	at com.kms.katalon.core.keyword.internal.KeywordExecutor.executeKeywordForPlatform(KeywordExecutor.groovy:74)
	at com.kms.katalon.core.webui.keyword.WebUiBuiltInKeywords.click(WebUiBuiltInKeywords.groovy:620)
	at com.kms.katalon.core.webui.keyword.WebUiBuiltInKeywords$click$2.call(Unknown Source)
	at Script1643628703989.run(Script1643628703989.groovy:86)
	... 16 more
)

2022-02-14 14:00:39 - [MESSAGE][FAILED] - Unable to click on object 'Object Repository/PaginationCOunt/ClickOnPagination' (Root cause: com.kms.katalon.core.exception.StepFailedException: Unable to click on object 'Object Repository/PaginationCOunt/ClickOnPagination'
	at com.kms.katalon.core.webui.keyword.internal.WebUIKeywordMain.stepFailed(WebUIKeywordMain.groovy:64)
	at com.kms.katalon.core.webui.keyword.internal.WebUIKeywordMain.runKeyword(WebUIKeywordMain.groovy:26)
	at com.kms.katalon.core.webui.keyword.builtin.ClickKeyword.click(ClickKeyword.groovy:74)
	at com.kms.katalon.core.webui.keyword.builtin.ClickKeyword.execute(ClickKeyword.groovy:40)
	at com.kms.katalon.core.keyword.internal.KeywordExecutor.executeKeywordForPlatform(KeywordExecutor.groovy:74)
	at com.kms.katalon.core.webui.keyword.WebUiBuiltInKeywords.click(WebUiBuiltInKeywords.groovy:620)
	at com.kms.katalon.core.webui.keyword.WebUiBuiltInKeywords$click$2.call(Unknown Source)
	at ActivityOverview-Pagination.run(ActivityOverview-Pagination:86)
	at com.kms.katalon.core.main.ScriptEngine.run(ScriptEngine.java:194)
	at com.kms.katalon.core.main.ScriptEngine.runScriptAsRawText(ScriptEngine.java:119)
	at com.kms.katalon.core.main.TestCaseExecutor.runScript(TestCaseExecutor.java:442)
	at com.kms.katalon.core.main.TestCaseExecutor.doExecute(TestCaseExecutor.java:433)
	at com.kms.katalon.core.main.TestCaseExecutor.processExecutionPhase(TestCaseExecutor.java:412)
	at com.kms.katalon.core.main.TestCaseExecutor.accessMainPhase(TestCaseExecutor.java:404)
	at com.kms.katalon.core.main.TestCaseExecutor.execute(TestCaseExecutor.java:281)
	at com.kms.katalon.core.main.TestCaseExecutor.execute(TestCaseExecutor.java:363)
	at com.kms.katalon.core.main.TestCaseExecutor.execute(TestCaseExecutor.java:363)
	at com.kms.katalon.core.main.TestCaseExecutor.execute(TestCaseExecutor.java:363)
	at com.kms.katalon.core.main.TestSuiteExecutor.accessTestCaseMainPhase(TestSuiteExecutor.java:202)
	at com.kms.katalon.core.main.TestSuiteExecutor.accessTestSuiteMainPhase(TestSuiteExecutor.java:164)
	at com.kms.katalon.core.main.TestSuiteExecutor.execute(TestSuiteExecutor.java:105)
	at com.kms.katalon.core.main.TestCaseMain.startTestSuite(TestCaseMain.java:185)
	at com.kms.katalon.core.main.TestCaseMain$startTestSuite$0.call(Unknown Source)
	at TempTestSuite1644820092096.run(TempTestSuite1644820092096.groovy:36)
Caused by: org.openqa.selenium.ElementClickInterceptedException: element click intercepted: Element <a class="paginate_button " aria-controls="main-table" data-dt-idx="4" tabindex="0">...</a> is not clickable at point (703, 660). Other element would receive the click: <div class="loader-overlay"></div>
  (Session info: chrome=97.0.4692.99)
Build info: version: '3.141.59', revision: 'e82be7d358', time: '2018-11-14T08:25:53'
System info: host: 'intersoftadmin-desktop', ip: '127.0.1.1', os.name: 'Linux', os.arch: 'amd64', os.version: '5.4.0-99-generic', java.version: '1.8.0_312'
Driver info: com.kms.katalon.selenium.driver.CChromeDriver
Capabilities {acceptInsecureCerts: false, browserName: chrome, browserVersion: 97.0.4692.99, chrome: {chromedriverVersion: 97.0.4692.36 (747e0a0f19c13..., userDataDir: /tmp/.com.google.Chrome.i3alsz}, goog:chromeOptions: {debuggerAddress: localhost:44409}, javascriptEnabled: true, networkConnectionEnabled: false, pageLoadStrategy: normal, platform: LINUX, platformName: LINUX, proxy: Proxy(), setWindowRect: true, strictFileInteractability: false, timeouts: {implicit: 0, pageLoad: 300000, script: 30000}, unhandledPromptBehavior: dismiss and notify, webauthn:extension:credBlob: true, webauthn:extension:largeBlob: true, webauthn:virtualAuthenticators: true}
Session ID: a817830395755abe5d07cf5d2c230688
	at org.openqa.selenium.remote.http.W3CHttpResponseCodec.createException(W3CHttpResponseCodec.java:187)
	at org.openqa.selenium.remote.http.W3CHttpResponseCodec.decode(W3CHttpResponseCodec.java:122)
	at org.openqa.selenium.remote.http.W3CHttpResponseCodec.decode(W3CHttpResponseCodec.java:49)
	at org.openqa.selenium.remote.HttpCommandExecutor.execute(HttpCommandExecutor.java:158)
	at org.openqa.selenium.remote.service.DriverCommandExecutor.execute(DriverCommandExecutor.java:83)
	at org.openqa.selenium.remote.RemoteWebDriver.execute(RemoteWebDriver.java:552)
	at com.kms.katalon.selenium.driver.CChromeDriver.execute(CChromeDriver.java:19)
	at org.openqa.selenium.remote.RemoteWebElement.execute(RemoteWebElement.java:285)
	at org.openqa.selenium.remote.RemoteWebElement.click(RemoteWebElement.java:84)
	at org.openqa.selenium.support.events.EventFiringWebDriver$EventFiringWebElement.lambda$new$0(EventFiringWebDriver.java:404)
	at com.sun.proxy.$Proxy11.click(Unknown Source)
	at org.openqa.selenium.support.events.EventFiringWebDriver$EventFiringWebElement.click(EventFiringWebDriver.java:417)
	at org.openqa.selenium.WebElement$click.call(Unknown Source)
	at com.kms.katalon.core.webui.keyword.builtin.ClickKeyword.clickUntilSuccessWithTimeout(ClickKeyword.groovy:81)
	at com.kms.katalon.core.webui.keyword.builtin.ClickKeyword.clickUntilSuccessWithTimeout(ClickKeyword.groovy)
	at com.kms.katalon.core.webui.keyword.builtin.ClickKeyword$_click_closure1.doCall(ClickKeyword.groovy:67)
	at com.kms.katalon.core.webui.keyword.builtin.ClickKeyword$_click_closure1.call(ClickKeyword.groovy)
	at com.kms.katalon.core.webui.keyword.internal.WebUIKeywordMain.runKeyword(WebUIKeywordMain.groovy:20)
	at com.kms.katalon.core.webui.keyword.builtin.ClickKeyword.click(ClickKeyword.groovy:74)
	at com.kms.katalon.core.webui.keyword.builtin.ClickKeyword.execute(ClickKeyword.groovy:40)
	at com.kms.katalon.core.keyword.internal.KeywordExecutor.executeKeywordForPlatform(KeywordExecutor.groovy:74)
	at com.kms.katalon.core.webui.keyword.WebUiBuiltInKeywords.click(WebUiBuiltInKeywords.groovy:620)
	at com.kms.katalon.core.webui.keyword.WebUiBuiltInKeywords$click$2.call(Unknown Source)
	at Script1643628703989.run(Script1643628703989.groovy:86)
	... 16 more
)
[[ATTACHMENT|/home/intersoft-admin/Rattan/Bash/Training/Rattan/Final_testing/New_ActivityOverview/Reports/20220214_115757/Pagination/20220214_115812/1644827439827.png]]]]></system-out>
         <system-err><![CDATA[2022-02-14 13:51:56 - [TEST_CASE][FAILED] - Test Cases/NewActivityOverview-LeftNavigation/ActivityOverview-Pagination: Test Cases/NewActivityOverview-LeftNavigation/ActivityOverview-Pagination FAILED.
Reason:
com.kms.katalon.core.exception.StepFailedException: Unable to click on object 'Object Repository/PaginationCOunt/ClickOnPagination'
	at com.kms.katalon.core.webui.keyword.internal.WebUIKeywordMain.stepFailed(WebUIKeywordMain.groovy:64)
	at com.kms.katalon.core.webui.keyword.internal.WebUIKeywordMain.runKeyword(WebUIKeywordMain.groovy:26)
	at com.kms.katalon.core.webui.keyword.builtin.ClickKeyword.click(ClickKeyword.groovy:74)
	at com.kms.katalon.core.webui.keyword.builtin.ClickKeyword.execute(ClickKeyword.groovy:40)
	at com.kms.katalon.core.keyword.internal.KeywordExecutor.executeKeywordForPlatform(KeywordExecutor.groovy:74)
	at com.kms.katalon.core.webui.keyword.WebUiBuiltInKeywords.click(WebUiBuiltInKeywords.groovy:620)
	at com.kms.katalon.core.webui.keyword.WebUiBuiltInKeywords$click$2.call(Unknown Source)
	at ActivityOverview-Pagination.run(ActivityOverview-Pagination:86)
	at com.kms.katalon.core.main.ScriptEngine.run(ScriptEngine.java:194)
	at com.kms.katalon.core.main.ScriptEngine.runScriptAsRawText(ScriptEngine.java:119)
	at com.kms.katalon.core.main.TestCaseExecutor.runScript(TestCaseExecutor.java:442)
	at com.kms.katalon.core.main.TestCaseExecutor.doExecute(TestCaseExecutor.java:433)
	at com.kms.katalon.core.main.TestCaseExecutor.processExecutionPhase(TestCaseExecutor.java:412)
	at com.kms.katalon.core.main.TestCaseExecutor.accessMainPhase(TestCaseExecutor.java:404)
	at com.kms.katalon.core.main.TestCaseExecutor.execute(TestCaseExecutor.java:281)
	at com.kms.katalon.core.main.TestCaseExecutor.execute(TestCaseExecutor.java:363)
	at com.kms.katalon.core.main.TestCaseExecutor.execute(TestCaseExecutor.java:363)
	at com.kms.katalon.core.main.TestCaseExecutor.execute(TestCaseExecutor.java:363)
	at com.kms.katalon.core.main.TestSuiteExecutor.accessTestCaseMainPhase(TestSuiteExecutor.java:202)
	at com.kms.katalon.core.main.TestSuiteExecutor.accessTestSuiteMainPhase(TestSuiteExecutor.java:164)
	at com.kms.katalon.core.main.TestSuiteExecutor.execute(TestSuiteExecutor.java:105)
	at com.kms.katalon.core.main.TestCaseMain.startTestSuite(TestCaseMain.java:185)
	at com.kms.katalon.core.main.TestCaseMain$startTestSuite$0.call(Unknown Source)
	at TempTestSuite1644820092096.run(TempTestSuite1644820092096.groovy:36)
Caused by: org.openqa.selenium.ElementClickInterceptedException: element click intercepted: Element <a class="paginate_button " aria-controls="main-table" data-dt-idx="4" tabindex="0">...</a> is not clickable at point (703, 660). Other element would receive the click: <div class="loader-overlay"></div>
  (Session info: chrome=97.0.4692.99)
Build info: version: '3.141.59', revision: 'e82be7d358', time: '2018-11-14T08:25:53'
System info: host: 'intersoftadmin-desktop', ip: '127.0.1.1', os.name: 'Linux', os.arch: 'amd64', os.version: '5.4.0-99-generic', java.version: '1.8.0_312'
Driver info: com.kms.katalon.selenium.driver.CChromeDriver
Capabilities {acceptInsecureCerts: false, browserName: chrome, browserVersion: 97.0.4692.99, chrome: {chromedriverVersion: 97.0.4692.36 (747e0a0f19c13..., userDataDir: /tmp/.com.google.Chrome.i3alsz}, goog:chromeOptions: {debuggerAddress: localhost:44409}, javascriptEnabled: true, networkConnectionEnabled: false, pageLoadStrategy: normal, platform: LINUX, platformName: LINUX, proxy: Proxy(), setWindowRect: true, strictFileInteractability: false, timeouts: {implicit: 0, pageLoad: 300000, script: 30000}, unhandledPromptBehavior: dismiss and notify, webauthn:extension:credBlob: true, webauthn:extension:largeBlob: true, webauthn:virtualAuthenticators: true}
Session ID: a817830395755abe5d07cf5d2c230688
	at org.openqa.selenium.remote.http.W3CHttpResponseCodec.createException(W3CHttpResponseCodec.java:187)
	at org.openqa.selenium.remote.http.W3CHttpResponseCodec.decode(W3CHttpResponseCodec.java:122)
	at org.openqa.selenium.remote.http.W3CHttpResponseCodec.decode(W3CHttpResponseCodec.java:49)
	at org.openqa.selenium.remote.HttpCommandExecutor.execute(HttpCommandExecutor.java:158)
	at org.openqa.selenium.remote.service.DriverCommandExecutor.execute(DriverCommandExecutor.java:83)
	at org.openqa.selenium.remote.RemoteWebDriver.execute(RemoteWebDriver.java:552)
	at com.kms.katalon.selenium.driver.CChromeDriver.execute(CChromeDriver.java:19)
	at org.openqa.selenium.remote.RemoteWebElement.execute(RemoteWebElement.java:285)
	at org.openqa.selenium.remote.RemoteWebElement.click(RemoteWebElement.java:84)
	at org.openqa.selenium.support.events.EventFiringWebDriver$EventFiringWebElement.lambda$new$0(EventFiringWebDriver.java:404)
	at com.sun.proxy.$Proxy11.click(Unknown Source)
	at org.openqa.selenium.support.events.EventFiringWebDriver$EventFiringWebElement.click(EventFiringWebDriver.java:417)
	at org.openqa.selenium.WebElement$click.call(Unknown Source)
	at com.kms.katalon.core.webui.keyword.builtin.ClickKeyword.clickUntilSuccessWithTimeout(ClickKeyword.groovy:81)
	at com.kms.katalon.core.webui.keyword.builtin.ClickKeyword.clickUntilSuccessWithTimeout(ClickKeyword.groovy)
	at com.kms.katalon.core.webui.keyword.builtin.ClickKeyword$_click_closure1.doCall(ClickKeyword.groovy:67)
	at com.kms.katalon.core.webui.keyword.builtin.ClickKeyword$_click_closure1.call(ClickKeyword.groovy)
	at com.kms.katalon.core.webui.keyword.internal.WebUIKeywordMain.runKeyword(WebUIKeywordMain.groovy:20)
	... 22 more]]></system-err>
      </testcase>
      <system-out><![CDATA[2022-02-14 13:25:43 - [TEST_SUITE][FAILED] - Pagination: Test Cases/NewActivityOverview-LeftNavigation/ActivityOverview-Pagination FAILED.
Reason:
com.kms.katalon.core.exception.StepFailedException: Unable to click on object 'Object Repository/PaginationCOunt/ClickOnPagination'
	at com.kms.katalon.core.webui.keyword.internal.WebUIKeywordMain.stepFailed(WebUIKeywordMain.groovy:64)
	at com.kms.katalon.core.webui.keyword.internal.WebUIKeywordMain.runKeyword(WebUIKeywordMain.groovy:26)
	at com.kms.katalon.core.webui.keyword.builtin.ClickKeyword.click(ClickKeyword.groovy:74)
	at com.kms.katalon.core.webui.keyword.builtin.ClickKeyword.execute(ClickKeyword.groovy:40)
	at com.kms.katalon.core.keyword.internal.KeywordExecutor.executeKeywordForPlatform(KeywordExecutor.groovy:74)
	at com.kms.katalon.core.webui.keyword.WebUiBuiltInKeywords.click(WebUiBuiltInKeywords.groovy:620)
	at com.kms.katalon.core.webui.keyword.WebUiBuiltInKeywords$click$2.call(Unknown Source)
	at ActivityOverview-Pagination.run(ActivityOverview-Pagination:86)
	at com.kms.katalon.core.main.ScriptEngine.run(ScriptEngine.java:194)
	at com.kms.katalon.core.main.ScriptEngine.runScriptAsRawText(ScriptEngine.java:119)
	at com.kms.katalon.core.main.TestCaseExecutor.runScript(TestCaseExecutor.java:442)
	at com.kms.katalon.core.main.TestCaseExecutor.doExecute(TestCaseExecutor.java:433)
	at com.kms.katalon.core.main.TestCaseExecutor.processExecutionPhase(TestCaseExecutor.java:412)
	at com.kms.katalon.core.main.TestCaseExecutor.accessMainPhase(TestCaseExecutor.java:404)
	at com.kms.katalon.core.main.TestCaseExecutor.execute(TestCaseExecutor.java:281)
	at com.kms.katalon.core.main.TestSuiteExecutor.accessTestCaseMainPhase(TestSuiteExecutor.java:202)
	at com.kms.katalon.core.main.TestSuiteExecutor.accessTestSuiteMainPhase(TestSuiteExecutor.java:164)
	at com.kms.katalon.core.main.TestSuiteExecutor.execute(TestSuiteExecutor.java:105)
	at com.kms.katalon.core.main.TestCaseMain.startTestSuite(TestCaseMain.java:185)
	at com.kms.katalon.core.main.TestCaseMain$startTestSuite$0.call(Unknown Source)
	at TempTestSuite1644820092096.run(TempTestSuite1644820092096.groovy:36)
Caused by: org.openqa.selenium.ElementClickInterceptedException: element click intercepted: Element <a class="paginate_button " aria-controls="main-table" data-dt-idx="4" tabindex="0">...</a> is not clickable at point (703, 660). Other element would receive the click: <div class="loader-overlay"></div>
  (Session info: chrome=97.0.4692.99)
Build info: version: '3.141.59', revision: 'e82be7d358', time: '2018-11-14T08:25:53'
System info: host: 'intersoftadmin-desktop', ip: '127.0.1.1', os.name: 'Linux', os.arch: 'amd64', os.version: '5.4.0-99-generic', java.version: '1.8.0_312'
Driver info: com.kms.katalon.selenium.driver.CChromeDriver
Capabilities {acceptInsecureCerts: false, browserName: chrome, browserVersion: 97.0.4692.99, chrome: {chromedriverVersion: 97.0.4692.36 (747e0a0f19c13..., userDataDir: /tmp/.com.google.Chrome.wkS7jT}, goog:chromeOptions: {debuggerAddress: localhost:46219}, javascriptEnabled: true, networkConnectionEnabled: false, pageLoadStrategy: normal, platform: LINUX, platformName: LINUX, proxy: Proxy(), setWindowRect: true, strictFileInteractability: false, timeouts: {implicit: 0, pageLoad: 300000, script: 30000}, unhandledPromptBehavior: dismiss and notify, webauthn:extension:credBlob: true, webauthn:extension:largeBlob: true, webauthn:virtualAuthenticators: true}
Session ID: f58b0b3b2b5b19721701e7488232ef6a
	at org.openqa.selenium.remote.http.W3CHttpResponseCodec.createException(W3CHttpResponseCodec.java:187)
	at org.openqa.selenium.remote.http.W3CHttpResponseCodec.decode(W3CHttpResponseCodec.java:122)
	at org.openqa.selenium.remote.http.W3CHttpResponseCodec.decode(W3CHttpResponseCodec.java:49)
	at org.openqa.selenium.remote.HttpCommandExecutor.execute(HttpCommandExecutor.java:158)
	at org.openqa.selenium.remote.service.DriverCommandExecutor.execute(DriverCommandExecutor.java:83)
	at org.openqa.selenium.remote.RemoteWebDriver.execute(RemoteWebDriver.java:552)
	at com.kms.katalon.selenium.driver.CChromeDriver.execute(CChromeDriver.java:19)
	at org.openqa.selenium.remote.RemoteWebElement.execute(RemoteWebElement.java:285)
	at org.openqa.selenium.remote.RemoteWebElement.click(RemoteWebElement.java:84)
	at org.openqa.selenium.support.events.EventFiringWebDriver$EventFiringWebElement.lambda$new$0(EventFiringWebDriver.java:404)
	at com.sun.proxy.$Proxy11.click(Unknown Source)
	at org.openqa.selenium.support.events.EventFiringWebDriver$EventFiringWebElement.click(EventFiringWebDriver.java:417)
	at org.openqa.selenium.WebElement$click.call(Unknown Source)
	at com.kms.katalon.core.webui.keyword.builtin.ClickKeyword.clickUntilSuccessWithTimeout(ClickKeyword.groovy:81)
	at com.kms.katalon.core.webui.keyword.builtin.ClickKeyword.clickUntilSuccessWithTimeout(ClickKeyword.groovy)
	at com.kms.katalon.core.webui.keyword.builtin.ClickKeyword$_click_closure1.doCall(ClickKeyword.groovy:67)
	at com.kms.katalon.core.webui.keyword.builtin.ClickKeyword$_click_closure1.call(ClickKeyword.groovy)
	at com.kms.katalon.core.webui.keyword.internal.WebUIKeywordMain.runKeyword(WebUIKeywordMain.groovy:20)
	... 19 more]]></system-out>
      <system-err><![CDATA[2022-02-14 13:25:43 - [TEST_SUITE][FAILED] - Pagination: Test Cases/NewActivityOverview-LeftNavigation/ActivityOverview-Pagination FAILED.
Reason:
com.kms.katalon.core.exception.StepFailedException: Unable to click on object 'Object Repository/PaginationCOunt/ClickOnPagination'
	at com.kms.katalon.core.webui.keyword.internal.WebUIKeywordMain.stepFailed(WebUIKeywordMain.groovy:64)
	at com.kms.katalon.core.webui.keyword.internal.WebUIKeywordMain.runKeyword(WebUIKeywordMain.groovy:26)
	at com.kms.katalon.core.webui.keyword.builtin.ClickKeyword.click(ClickKeyword.groovy:74)
	at com.kms.katalon.core.webui.keyword.builtin.ClickKeyword.execute(ClickKeyword.groovy:40)
	at com.kms.katalon.core.keyword.internal.KeywordExecutor.executeKeywordForPlatform(KeywordExecutor.groovy:74)
	at com.kms.katalon.core.webui.keyword.WebUiBuiltInKeywords.click(WebUiBuiltInKeywords.groovy:620)
	at com.kms.katalon.core.webui.keyword.WebUiBuiltInKeywords$click$2.call(Unknown Source)
	at ActivityOverview-Pagination.run(ActivityOverview-Pagination:86)
	at com.kms.katalon.core.main.ScriptEngine.run(ScriptEngine.java:194)
	at com.kms.katalon.core.main.ScriptEngine.runScriptAsRawText(ScriptEngine.java:119)
	at com.kms.katalon.core.main.TestCaseExecutor.runScript(TestCaseExecutor.java:442)
	at com.kms.katalon.core.main.TestCaseExecutor.doExecute(TestCaseExecutor.java:433)
	at com.kms.katalon.core.main.TestCaseExecutor.processExecutionPhase(TestCaseExecutor.java:412)
	at com.kms.katalon.core.main.TestCaseExecutor.accessMainPhase(TestCaseExecutor.java:404)
	at com.kms.katalon.core.main.TestCaseExecutor.execute(TestCaseExecutor.java:281)
	at com.kms.katalon.core.main.TestSuiteExecutor.accessTestCaseMainPhase(TestSuiteExecutor.java:202)
	at com.kms.katalon.core.main.TestSuiteExecutor.accessTestSuiteMainPhase(TestSuiteExecutor.java:164)
	at com.kms.katalon.core.main.TestSuiteExecutor.execute(TestSuiteExecutor.java:105)
	at com.kms.katalon.core.main.TestCaseMain.startTestSuite(TestCaseMain.java:185)
	at com.kms.katalon.core.main.TestCaseMain$startTestSuite$0.call(Unknown Source)
	at TempTestSuite1644820092096.run(TempTestSuite1644820092096.groovy:36)
Caused by: org.openqa.selenium.ElementClickInterceptedException: element click intercepted: Element <a class="paginate_button " aria-controls="main-table" data-dt-idx="4" tabindex="0">...</a> is not clickable at point (703, 660). Other element would receive the click: <div class="loader-overlay"></div>
  (Session info: chrome=97.0.4692.99)
Build info: version: '3.141.59', revision: 'e82be7d358', time: '2018-11-14T08:25:53'
System info: host: 'intersoftadmin-desktop', ip: '127.0.1.1', os.name: 'Linux', os.arch: 'amd64', os.version: '5.4.0-99-generic', java.version: '1.8.0_312'
Driver info: com.kms.katalon.selenium.driver.CChromeDriver
Capabilities {acceptInsecureCerts: false, browserName: chrome, browserVersion: 97.0.4692.99, chrome: {chromedriverVersion: 97.0.4692.36 (747e0a0f19c13..., userDataDir: /tmp/.com.google.Chrome.wkS7jT}, goog:chromeOptions: {debuggerAddress: localhost:46219}, javascriptEnabled: true, networkConnectionEnabled: false, pageLoadStrategy: normal, platform: LINUX, platformName: LINUX, proxy: Proxy(), setWindowRect: true, strictFileInteractability: false, timeouts: {implicit: 0, pageLoad: 300000, script: 30000}, unhandledPromptBehavior: dismiss and notify, webauthn:extension:credBlob: true, webauthn:extension:largeBlob: true, webauthn:virtualAuthenticators: true}
Session ID: f58b0b3b2b5b19721701e7488232ef6a
	at org.openqa.selenium.remote.http.W3CHttpResponseCodec.createException(W3CHttpResponseCodec.java:187)
	at org.openqa.selenium.remote.http.W3CHttpResponseCodec.decode(W3CHttpResponseCodec.java:122)
	at org.openqa.selenium.remote.http.W3CHttpResponseCodec.decode(W3CHttpResponseCodec.java:49)
	at org.openqa.selenium.remote.HttpCommandExecutor.execute(HttpCommandExecutor.java:158)
	at org.openqa.selenium.remote.service.DriverCommandExecutor.execute(DriverCommandExecutor.java:83)
	at org.openqa.selenium.remote.RemoteWebDriver.execute(RemoteWebDriver.java:552)
	at com.kms.katalon.selenium.driver.CChromeDriver.execute(CChromeDriver.java:19)
	at org.openqa.selenium.remote.RemoteWebElement.execute(RemoteWebElement.java:285)
	at org.openqa.selenium.remote.RemoteWebElement.click(RemoteWebElement.java:84)
	at org.openqa.selenium.support.events.EventFiringWebDriver$EventFiringWebElement.lambda$new$0(EventFiringWebDriver.java:404)
	at com.sun.proxy.$Proxy11.click(Unknown Source)
	at org.openqa.selenium.support.events.EventFiringWebDriver$EventFiringWebElement.click(EventFiringWebDriver.java:417)
	at org.openqa.selenium.WebElement$click.call(Unknown Source)
	at com.kms.katalon.core.webui.keyword.builtin.ClickKeyword.clickUntilSuccessWithTimeout(ClickKeyword.groovy:81)
	at com.kms.katalon.core.webui.keyword.builtin.ClickKeyword.clickUntilSuccessWithTimeout(ClickKeyword.groovy)
	at com.kms.katalon.core.webui.keyword.builtin.ClickKeyword$_click_closure1.doCall(ClickKeyword.groovy:67)
	at com.kms.katalon.core.webui.keyword.builtin.ClickKeyword$_click_closure1.call(ClickKeyword.groovy)
	at com.kms.katalon.core.webui.keyword.internal.WebUIKeywordMain.runKeyword(WebUIKeywordMain.groovy:20)
	... 19 more]]></system-err>
   </testsuite>
</testsuites>
